-------------------------------------------------------------------------------
Test set: com.docencia.colecciones.ejercicio2.AgendaEventosTest
-------------------------------------------------------------------------------
Tests run: 10, Failures: 0, Errors: 8, Skipped: 0, Time elapsed: 0.025 s <<< FAILURE! -- in com.docencia.colecciones.ejercicio2.AgendaEventosTest
com.docencia.colecciones.ejercicio2.AgendaEventosTest.nombresUnicosDebeContenerNombreDePrivado -- Time elapsed: 0.001 s <<< ERROR!
java.lang.UnsupportedOperationException: TODO
	at com.docencia.colecciones.ejercicio2.Evento.getNombre(Evento.java:14)
	at com.docencia.colecciones.ejercicio2.AgendaEventos.nombresUnicos(AgendaEventos.java:17)
	at com.docencia.colecciones.ejercicio2.AgendaEventosTest.nombresUnicosDebeContenerNombreDePrivado(AgendaEventosTest.java:81)
	at java.base/java.lang.reflect.Method.invoke(Method.java:569)
	at java.base/java.util.ArrayList.forEach(ArrayList.java:1511)
	at java.base/java.util.ArrayList.forEach(ArrayList.java:1511)

com.docencia.colecciones.ejercicio2.AgendaEventosTest.agregarSiNoExisteDebeRechazarDuplicadoMismoTipo -- Time elapsed: 0 s <<< ERROR!
java.lang.UnsupportedOperationException: TODO
	at com.docencia.colecciones.ejercicio2.Evento.hashCode(Evento.java:28)
	at java.base/java.util.HashMap.hash(HashMap.java:338)
	at java.base/java.util.HashMap.put(HashMap.java:610)
	at java.base/java.util.HashSet.add(HashSet.java:221)
	at com.docencia.colecciones.ejercicio2.AgendaEventosTest.agregarSiNoExisteDebeRechazarDuplicadoMismoTipo(AgendaEventosTest.java:22)
	at java.base/java.lang.reflect.Method.invoke(Method.java:569)
	at java.base/java.util.ArrayList.forEach(ArrayList.java:1511)
	at java.base/java.util.ArrayList.forEach(ArrayList.java:1511)

com.docencia.colecciones.ejercicio2.AgendaEventosTest.nombresUnicosDebeEliminarDuplicadosPorNombre -- Time elapsed: 0.002 s <<< ERROR!
java.lang.UnsupportedOperationException: TODO
	at com.docencia.colecciones.ejercicio2.Evento.hashCode(Evento.java:28)
	at java.base/java.util.HashMap.hash(HashMap.java:338)
	at java.base/java.util.HashMap.put(HashMap.java:610)
	at java.base/java.util.HashSet.add(HashSet.java:221)
	at com.docencia.colecciones.ejercicio2.AgendaEventosTest.nombresUnicosDebeEliminarDuplicadosPorNombre(AgendaEventosTest.java:60)
	at java.base/java.lang.reflect.Method.invoke(Method.java:569)
	at java.base/java.util.ArrayList.forEach(ArrayList.java:1511)
	at java.base/java.util.ArrayList.forEach(ArrayList.java:1511)

com.docencia.colecciones.ejercicio2.AgendaEventosTest.agregarSiNoExisteDebeSerFalseConEventoNulo -- Time elapsed: 0 s <<< ERROR!
java.lang.UnsupportedOperationException: TODO
	at com.docencia.colecciones.ejercicio2.AgendaEventos.agregarSiNoExiste(AgendaEventos.java:10)
	at com.docencia.colecciones.ejercicio2.AgendaEventosTest.agregarSiNoExisteDebeSerFalseConEventoNulo(AgendaEventosTest.java:44)
	at java.base/java.lang.reflect.Method.invoke(Method.java:569)
	at java.base/java.util.ArrayList.forEach(ArrayList.java:1511)
	at java.base/java.util.ArrayList.forEach(ArrayList.java:1511)

com.docencia.colecciones.ejercicio2.AgendaEventosTest.nombresUnicosDebeDevolverConjuntoEnMinusculas -- Time elapsed: 0.001 s <<< ERROR!
java.lang.UnsupportedOperationException: TODO
	at com.docencia.colecciones.ejercicio2.Evento.equals(Evento.java:22)
	at java.base/java.util.ImmutableCollections$Set12.<init>(ImmutableCollections.java:790)
	at java.base/java.util.Set.of(Set.java:487)
	at com.docencia.colecciones.ejercicio2.AgendaEventosTest.nombresUnicosDebeDevolverConjuntoEnMinusculas(AgendaEventosTest.java:51)
	at java.base/java.lang.reflect.Method.invoke(Method.java:569)
	at java.base/java.util.ArrayList.forEach(ArrayList.java:1511)
	at java.base/java.util.ArrayList.forEach(ArrayList.java:1511)

com.docencia.colecciones.ejercicio2.AgendaEventosTest.agregarSiNoExisteDebeSerFalseConSetNulo -- Time elapsed: 0.001 s <<< ERROR!
java.lang.UnsupportedOperationException: TODO
	at com.docencia.colecciones.ejercicio2.AgendaEventos.agregarSiNoExiste(AgendaEventos.java:10)
	at com.docencia.colecciones.ejercicio2.AgendaEventosTest.agregarSiNoExisteDebeSerFalseConSetNulo(AgendaEventosTest.java:38)
	at java.base/java.lang.reflect.Method.invoke(Method.java:569)
	at java.base/java.util.ArrayList.forEach(ArrayList.java:1511)
	at java.base/java.util.ArrayList.forEach(ArrayList.java:1511)

com.docencia.colecciones.ejercicio2.AgendaEventosTest.agregarSiNoExisteDebePermitirMismoNombreDistintoTipo -- Time elapsed: 0.001 s <<< ERROR!
java.lang.UnsupportedOperationException: TODO
	at com.docencia.colecciones.ejercicio2.Evento.hashCode(Evento.java:28)
	at java.base/java.util.HashMap.hash(HashMap.java:338)
	at java.base/java.util.HashMap.put(HashMap.java:610)
	at java.base/java.util.HashSet.add(HashSet.java:221)
	at com.docencia.colecciones.ejercicio2.AgendaEventosTest.agregarSiNoExisteDebePermitirMismoNombreDistintoTipo(AgendaEventosTest.java:30)
	at java.base/java.lang.reflect.Method.invoke(Method.java:569)
	at java.base/java.util.ArrayList.forEach(ArrayList.java:1511)
	at java.base/java.util.ArrayList.forEach(ArrayList.java:1511)

com.docencia.colecciones.ejercicio2.AgendaEventosTest.agregarSiNoExisteDebeAgregarNuevo -- Time elapsed: 0.001 s <<< ERROR!
java.lang.UnsupportedOperationException: TODO
	at com.docencia.colecciones.ejercicio2.AgendaEventos.agregarSiNoExiste(AgendaEventos.java:10)
	at com.docencia.colecciones.ejercicio2.AgendaEventosTest.agregarSiNoExisteDebeAgregarNuevo(AgendaEventosTest.java:15)
	at java.base/java.lang.reflect.Method.invoke(Method.java:569)
	at java.base/java.util.ArrayList.forEach(ArrayList.java:1511)
	at java.base/java.util.ArrayList.forEach(ArrayList.java:1511)

