-------------------------------------------------------------------------------
Test set: com.docencia.expresionesregulares.ejercicio14.RegexHashtagsTest
-------------------------------------------------------------------------------
Tests run: 5, Failures: 0, Errors: 3, Skipped: 0, Time elapsed: 0.018 s <<< FAILURE! -- in com.docencia.expresionesregulares.ejercicio14.RegexHashtagsTest
com.docencia.expresionesregulares.ejercicio14.RegexHashtagsTest.contieneDebeSerFalseSiNoExiste -- Time elapsed: 0.001 s <<< ERROR!
java.lang.UnsupportedOperationException: TODO
	at com.docencia.expresionesregulares.ejercicio14.RegexHashtags.contiene(RegexHashtags.java:26)
	at com.docencia.expresionesregulares.ejercicio14.RegexHashtagsTest.contieneDebeSerFalseSiNoExiste(RegexHashtagsTest.java:33)
	at java.base/java.lang.reflect.Method.invoke(Method.java:569)
	at java.base/java.util.ArrayList.forEach(ArrayList.java:1511)
	at java.base/java.util.ArrayList.forEach(ArrayList.java:1511)

com.docencia.expresionesregulares.ejercicio14.RegexHashtagsTest.contieneDebeSerTrueParaTag -- Time elapsed: 0.003 s <<< ERROR!
java.lang.UnsupportedOperationException: TODO
	at com.docencia.expresionesregulares.ejercicio14.RegexHashtags.contiene(RegexHashtags.java:26)
	at com.docencia.expresionesregulares.ejercicio14.RegexHashtagsTest.contieneDebeSerTrueParaTag(RegexHashtagsTest.java:28)
	at java.base/java.lang.reflect.Method.invoke(Method.java:569)
	at java.base/java.util.ArrayList.forEach(ArrayList.java:1511)
	at java.base/java.util.ArrayList.forEach(ArrayList.java:1511)

com.docencia.expresionesregulares.ejercicio14.RegexHashtagsTest.patronNoDebeSerNulo -- Time elapsed: 0.005 s <<< ERROR!
java.lang.UnsupportedOperationException: TODO
	at com.docencia.expresionesregulares.ejercicio14.RegexHashtags.patron(RegexHashtags.java:31)
	at com.docencia.expresionesregulares.ejercicio14.RegexHashtagsTest.patronNoDebeSerNulo(RegexHashtagsTest.java:11)
	at java.base/java.lang.reflect.Method.invoke(Method.java:569)
	at java.base/java.util.ArrayList.forEach(ArrayList.java:1511)
	at java.base/java.util.ArrayList.forEach(ArrayList.java:1511)

