-------------------------------------------------------------------------------
Test set: com.docencia.expresionesregulares.ejercicio5.RegexEmailSimpleTest
-------------------------------------------------------------------------------
Tests run: 4, Failures: 0, Errors: 4, Skipped: 0, Time elapsed: 0.007 s <<< FAILURE! -- in com.docencia.expresionesregulares.ejercicio5.RegexEmailSimpleTest
com.docencia.expresionesregulares.ejercicio5.RegexEmailSimpleTest.debeAceptarEmail -- Time elapsed: 0.001 s <<< ERROR!
java.lang.UnsupportedOperationException: TODO
	at com.docencia.expresionesregulares.ejercicio5.RegexEmailSimple.esValido(RegexEmailSimple.java:16)
	at com.docencia.expresionesregulares.ejercicio5.RegexEmailSimpleTest.debeAceptarEmail(RegexEmailSimpleTest.java:16)
	at java.base/java.lang.reflect.Method.invoke(Method.java:569)
	at java.base/java.util.ArrayList.forEach(ArrayList.java:1511)
	at java.base/java.util.ArrayList.forEach(ArrayList.java:1511)

com.docencia.expresionesregulares.ejercicio5.RegexEmailSimpleTest.patronNoDebeSerNulo -- Time elapsed: 0.001 s <<< ERROR!
java.lang.UnsupportedOperationException: TODO
	at com.docencia.expresionesregulares.ejercicio5.RegexEmailSimple.patron(RegexEmailSimple.java:21)
	at com.docencia.expresionesregulares.ejercicio5.RegexEmailSimpleTest.patronNoDebeSerNulo(RegexEmailSimpleTest.java:10)
	at java.base/java.lang.reflect.Method.invoke(Method.java:569)
	at java.base/java.util.ArrayList.forEach(ArrayList.java:1511)
	at java.base/java.util.ArrayList.forEach(ArrayList.java:1511)

com.docencia.expresionesregulares.ejercicio5.RegexEmailSimpleTest.debeRechazarSinArroba -- Time elapsed: 0.001 s <<< ERROR!
java.lang.UnsupportedOperationException: TODO
	at com.docencia.expresionesregulares.ejercicio5.RegexEmailSimple.esValido(RegexEmailSimple.java:16)
	at com.docencia.expresionesregulares.ejercicio5.RegexEmailSimpleTest.debeRechazarSinArroba(RegexEmailSimpleTest.java:21)
	at java.base/java.lang.reflect.Method.invoke(Method.java:569)
	at java.base/java.util.ArrayList.forEach(ArrayList.java:1511)
	at java.base/java.util.ArrayList.forEach(ArrayList.java:1511)

com.docencia.expresionesregulares.ejercicio5.RegexEmailSimpleTest.debeRechazarTldCorta -- Time elapsed: 0.001 s <<< ERROR!
java.lang.UnsupportedOperationException: TODO
	at com.docencia.expresionesregulares.ejercicio5.RegexEmailSimple.esValido(RegexEmailSimple.java:16)
	at com.docencia.expresionesregulares.ejercicio5.RegexEmailSimpleTest.debeRechazarTldCorta(RegexEmailSimpleTest.java:26)
	at java.base/java.lang.reflect.Method.invoke(Method.java:569)
	at java.base/java.util.ArrayList.forEach(ArrayList.java:1511)
	at java.base/java.util.ArrayList.forEach(ArrayList.java:1511)

