-------------------------------------------------------------------------------
Test set: com.docencia.expresionesregulares.ejercicio11.RegexUrlHttpTest
-------------------------------------------------------------------------------
Tests run: 4, Failures: 0, Errors: 4, Skipped: 0, Time elapsed: 0.009 s <<< FAILURE! -- in com.docencia.expresionesregulares.ejercicio11.RegexUrlHttpTest
com.docencia.expresionesregulares.ejercicio11.RegexUrlHttpTest.debeAceptarHttps -- Time elapsed: 0.002 s <<< ERROR!
java.lang.UnsupportedOperationException: TODO
	at com.docencia.expresionesregulares.ejercicio11.RegexUrlHttp.esValido(RegexUrlHttp.java:16)
	at com.docencia.expresionesregulares.ejercicio11.RegexUrlHttpTest.debeAceptarHttps(RegexUrlHttpTest.java:16)
	at java.base/java.lang.reflect.Method.invoke(Method.java:569)
	at java.base/java.util.ArrayList.forEach(ArrayList.java:1511)
	at java.base/java.util.ArrayList.forEach(ArrayList.java:1511)

com.docencia.expresionesregulares.ejercicio11.RegexUrlHttpTest.patronNoDebeSerNulo -- Time elapsed: 0.001 s <<< ERROR!
java.lang.UnsupportedOperationException: TODO
	at com.docencia.expresionesregulares.ejercicio11.RegexUrlHttp.patron(RegexUrlHttp.java:21)
	at com.docencia.expresionesregulares.ejercicio11.RegexUrlHttpTest.patronNoDebeSerNulo(RegexUrlHttpTest.java:10)
	at java.base/java.lang.reflect.Method.invoke(Method.java:569)
	at java.base/java.util.ArrayList.forEach(ArrayList.java:1511)
	at java.base/java.util.ArrayList.forEach(ArrayList.java:1511)

com.docencia.expresionesregulares.ejercicio11.RegexUrlHttpTest.debeAceptarConPuerto -- Time elapsed: 0.001 s <<< ERROR!
java.lang.UnsupportedOperationException: TODO
	at com.docencia.expresionesregulares.ejercicio11.RegexUrlHttp.esValido(RegexUrlHttp.java:16)
	at com.docencia.expresionesregulares.ejercicio11.RegexUrlHttpTest.debeAceptarConPuerto(RegexUrlHttpTest.java:21)
	at java.base/java.lang.reflect.Method.invoke(Method.java:569)
	at java.base/java.util.ArrayList.forEach(ArrayList.java:1511)
	at java.base/java.util.ArrayList.forEach(ArrayList.java:1511)

com.docencia.expresionesregulares.ejercicio11.RegexUrlHttpTest.debeRechazarSinProtocolo -- Time elapsed: 0.003 s <<< ERROR!
java.lang.UnsupportedOperationException: TODO
	at com.docencia.expresionesregulares.ejercicio11.RegexUrlHttp.esValido(RegexUrlHttp.java:16)
	at com.docencia.expresionesregulares.ejercicio11.RegexUrlHttpTest.debeRechazarSinProtocolo(RegexUrlHttpTest.java:26)
	at java.base/java.lang.reflect.Method.invoke(Method.java:569)
	at java.base/java.util.ArrayList.forEach(ArrayList.java:1511)
	at java.base/java.util.ArrayList.forEach(ArrayList.java:1511)

