-------------------------------------------------------------------------------
Test set: com.docencia.expresionesregulares.ejercicio12.RegexPasswordFuerteTest
-------------------------------------------------------------------------------
Tests run: 4, Failures: 0, Errors: 4, Skipped: 0, Time elapsed: 0.009 s <<< FAILURE! -- in com.docencia.expresionesregulares.ejercicio12.RegexPasswordFuerteTest
com.docencia.expresionesregulares.ejercicio12.RegexPasswordFuerteTest.debeRechazarSinMayuscula -- Time elapsed: 0.002 s <<< ERROR!
java.lang.UnsupportedOperationException: TODO
	at com.docencia.expresionesregulares.ejercicio12.RegexPasswordFuerte.esValido(RegexPasswordFuerte.java:16)
	at com.docencia.expresionesregulares.ejercicio12.RegexPasswordFuerteTest.debeRechazarSinMayuscula(RegexPasswordFuerteTest.java:21)
	at java.base/java.lang.reflect.Method.invoke(Method.java:569)
	at java.base/java.util.ArrayList.forEach(ArrayList.java:1511)
	at java.base/java.util.ArrayList.forEach(ArrayList.java:1511)

com.docencia.expresionesregulares.ejercicio12.RegexPasswordFuerteTest.debeRechazarCorta -- Time elapsed: 0.001 s <<< ERROR!
java.lang.UnsupportedOperationException: TODO
	at com.docencia.expresionesregulares.ejercicio12.RegexPasswordFuerte.esValido(RegexPasswordFuerte.java:16)
	at com.docencia.expresionesregulares.ejercicio12.RegexPasswordFuerteTest.debeRechazarCorta(RegexPasswordFuerteTest.java:26)
	at java.base/java.lang.reflect.Method.invoke(Method.java:569)
	at java.base/java.util.ArrayList.forEach(ArrayList.java:1511)
	at java.base/java.util.ArrayList.forEach(ArrayList.java:1511)

com.docencia.expresionesregulares.ejercicio12.RegexPasswordFuerteTest.patronNoDebeSerNulo -- Time elapsed: 0.001 s <<< ERROR!
java.lang.UnsupportedOperationException: TODO
	at com.docencia.expresionesregulares.ejercicio12.RegexPasswordFuerte.patron(RegexPasswordFuerte.java:21)
	at com.docencia.expresionesregulares.ejercicio12.RegexPasswordFuerteTest.patronNoDebeSerNulo(RegexPasswordFuerteTest.java:10)
	at java.base/java.lang.reflect.Method.invoke(Method.java:569)
	at java.base/java.util.ArrayList.forEach(ArrayList.java:1511)
	at java.base/java.util.ArrayList.forEach(ArrayList.java:1511)

com.docencia.expresionesregulares.ejercicio12.RegexPasswordFuerteTest.debeAceptarPasswordFuerte -- Time elapsed: 0.001 s <<< ERROR!
java.lang.UnsupportedOperationException: TODO
	at com.docencia.expresionesregulares.ejercicio12.RegexPasswordFuerte.esValido(RegexPasswordFuerte.java:16)
	at com.docencia.expresionesregulares.ejercicio12.RegexPasswordFuerteTest.debeAceptarPasswordFuerte(RegexPasswordFuerteTest.java:16)
	at java.base/java.lang.reflect.Method.invoke(Method.java:569)
	at java.base/java.util.ArrayList.forEach(ArrayList.java:1511)
	at java.base/java.util.ArrayList.forEach(ArrayList.java:1511)

