-------------------------------------------------------------------------------
Test set: com.docencia.expresionesregulares.ejercicio4.RegexFechaBasicaTest
-------------------------------------------------------------------------------
Tests run: 4, Failures: 0, Errors: 4, Skipped: 0, Time elapsed: 0.015 s <<< FAILURE! -- in com.docencia.expresionesregulares.ejercicio4.RegexFechaBasicaTest
com.docencia.expresionesregulares.ejercicio4.RegexFechaBasicaTest.debeRechazarMes13 -- Time elapsed: 0.006 s <<< ERROR!
java.lang.UnsupportedOperationException: TODO
	at com.docencia.expresionesregulares.ejercicio4.RegexFechaBasica.esValido(RegexFechaBasica.java:16)
	at com.docencia.expresionesregulares.ejercicio4.RegexFechaBasicaTest.debeRechazarMes13(RegexFechaBasicaTest.java:26)
	at java.base/java.lang.reflect.Method.invoke(Method.java:569)
	at java.base/java.util.ArrayList.forEach(ArrayList.java:1511)
	at java.base/java.util.ArrayList.forEach(ArrayList.java:1511)

com.docencia.expresionesregulares.ejercicio4.RegexFechaBasicaTest.debeAceptarFecha -- Time elapsed: 0.001 s <<< ERROR!
java.lang.UnsupportedOperationException: TODO
	at com.docencia.expresionesregulares.ejercicio4.RegexFechaBasica.esValido(RegexFechaBasica.java:16)
	at com.docencia.expresionesregulares.ejercicio4.RegexFechaBasicaTest.debeAceptarFecha(RegexFechaBasicaTest.java:16)
	at java.base/java.lang.reflect.Method.invoke(Method.java:569)
	at java.base/java.util.ArrayList.forEach(ArrayList.java:1511)
	at java.base/java.util.ArrayList.forEach(ArrayList.java:1511)

com.docencia.expresionesregulares.ejercicio4.RegexFechaBasicaTest.patronNoDebeSerNulo -- Time elapsed: 0.001 s <<< ERROR!
java.lang.UnsupportedOperationException: TODO
	at com.docencia.expresionesregulares.ejercicio4.RegexFechaBasica.patron(RegexFechaBasica.java:21)
	at com.docencia.expresionesregulares.ejercicio4.RegexFechaBasicaTest.patronNoDebeSerNulo(RegexFechaBasicaTest.java:10)
	at java.base/java.lang.reflect.Method.invoke(Method.java:569)
	at java.base/java.util.ArrayList.forEach(ArrayList.java:1511)
	at java.base/java.util.ArrayList.forEach(ArrayList.java:1511)

com.docencia.expresionesregulares.ejercicio4.RegexFechaBasicaTest.debeRechazarDiaCero -- Time elapsed: 0 s <<< ERROR!
java.lang.UnsupportedOperationException: TODO
	at com.docencia.expresionesregulares.ejercicio4.RegexFechaBasica.esValido(RegexFechaBasica.java:16)
	at com.docencia.expresionesregulares.ejercicio4.RegexFechaBasicaTest.debeRechazarDiaCero(RegexFechaBasicaTest.java:21)
	at java.base/java.lang.reflect.Method.invoke(Method.java:569)
	at java.base/java.util.ArrayList.forEach(ArrayList.java:1511)
	at java.base/java.util.ArrayList.forEach(ArrayList.java:1511)

