-------------------------------------------------------------------------------
Test set: com.docencia.expresionesregulares.ejercicio3.RegexCodigoProductoTest
-------------------------------------------------------------------------------
Tests run: 4, Failures: 0, Errors: 4, Skipped: 0, Time elapsed: 0.015 s <<< FAILURE! -- in com.docencia.expresionesregulares.ejercicio3.RegexCodigoProductoTest
com.docencia.expresionesregulares.ejercicio3.RegexCodigoProductoTest.debeRechazarLetrasMinusculas -- Time elapsed: 0.005 s <<< ERROR!
java.lang.UnsupportedOperationException: TODO
	at com.docencia.expresionesregulares.ejercicio3.RegexCodigoProducto.esValido(RegexCodigoProducto.java:16)
	at com.docencia.expresionesregulares.ejercicio3.RegexCodigoProductoTest.debeRechazarLetrasMinusculas(RegexCodigoProductoTest.java:26)
	at java.base/java.lang.reflect.Method.invoke(Method.java:569)
	at java.base/java.util.ArrayList.forEach(ArrayList.java:1511)
	at java.base/java.util.ArrayList.forEach(ArrayList.java:1511)

com.docencia.expresionesregulares.ejercicio3.RegexCodigoProductoTest.debeAceptarFormato -- Time elapsed: 0.005 s <<< ERROR!
java.lang.UnsupportedOperationException: TODO
	at com.docencia.expresionesregulares.ejercicio3.RegexCodigoProducto.esValido(RegexCodigoProducto.java:16)
	at com.docencia.expresionesregulares.ejercicio3.RegexCodigoProductoTest.debeAceptarFormato(RegexCodigoProductoTest.java:16)
	at java.base/java.lang.reflect.Method.invoke(Method.java:569)
	at java.base/java.util.ArrayList.forEach(ArrayList.java:1511)
	at java.base/java.util.ArrayList.forEach(ArrayList.java:1511)

com.docencia.expresionesregulares.ejercicio3.RegexCodigoProductoTest.patronNoDebeSerNulo -- Time elapsed: 0 s <<< ERROR!
java.lang.UnsupportedOperationException: TODO
	at com.docencia.expresionesregulares.ejercicio3.RegexCodigoProducto.patron(RegexCodigoProducto.java:21)
	at com.docencia.expresionesregulares.ejercicio3.RegexCodigoProductoTest.patronNoDebeSerNulo(RegexCodigoProductoTest.java:10)
	at java.base/java.lang.reflect.Method.invoke(Method.java:569)
	at java.base/java.util.ArrayList.forEach(ArrayList.java:1511)
	at java.base/java.util.ArrayList.forEach(ArrayList.java:1511)

com.docencia.expresionesregulares.ejercicio3.RegexCodigoProductoTest.debeRechazarSinGuion -- Time elapsed: 0 s <<< ERROR!
java.lang.UnsupportedOperationException: TODO
	at com.docencia.expresionesregulares.ejercicio3.RegexCodigoProducto.esValido(RegexCodigoProducto.java:16)
	at com.docencia.expresionesregulares.ejercicio3.RegexCodigoProductoTest.debeRechazarSinGuion(RegexCodigoProductoTest.java:21)
	at java.base/java.lang.reflect.Method.invoke(Method.java:569)
	at java.base/java.util.ArrayList.forEach(ArrayList.java:1511)
	at java.base/java.util.ArrayList.forEach(ArrayList.java:1511)

