<?xml version="1.0" encoding="UTF-8"?>
<testsuite xmlns:xsi="http://www.w3.org/2001/XMLSchema-instance" xsi:noNamespaceSchemaLocation="https://maven.apache.org/surefire/maven-surefire-plugin/xsd/surefire-test-report-3.0.xsd" version="3.0" name="com.docencia.expresionesregulares.ejercicio1.RegexSoloDigitosTest" time="0.139" tests="4" errors="1" skipped="0" failures="1">
  <properties>
[...]
</properties>
  <testcase name="debeRechazarVacio" classname="com.docencia.expresionesregulares.ejercicio1.RegexSoloDigitosTest" time="0.051"/>
  <testcase name="debeRechazarLetras" classname="com.docencia.expresionesregulares.ejercicio1.RegexSoloDigitosTest" time="0.001"/>
  <testcase name="patronNoDebeSerNulo" classname="com.docencia.expresionesregulares.ejercicio1.RegexSoloDigitosTest" time="0.005">
    <error message="TODO" type="java.lang.UnsupportedOperationException"><![CDATA[java.lang.UnsupportedOperationException: TODO
	at com.docencia.expresionesregulares.ejercicio1.RegexSoloDigitos.patron(RegexSoloDigitos.java:21)
	at com.docencia.expresionesregulares.ejercicio1.RegexSoloDigitosTest.patronNoDebeSerNulo(RegexSoloDigitosTest.java:10)
	at java.base/java.lang.reflect.Method.invoke(Method.java:580)
	at java.base/java.util.ArrayList.forEach(ArrayList.java:1596)
	at java.base/java.util.ArrayList.forEach(ArrayList.java:1596)
]]></error>
  </testcase>
  <testcase name="debeAceptarDigitos" classname="com.docencia.expresionesregulares.ejercicio1.RegexSoloDigitosTest" time="0.01">
    <failure message="Error: &apos;12345&apos; debe ser valido ==&gt; expected: &lt;true&gt; but was: &lt;false&gt;" type="org.opentest4j.AssertionFailedError"><![CDATA[org.opentest4j.AssertionFailedError: Error: '12345' debe ser valido ==> expected: <true> but was: <false>
	at org.junit.jupiter.api.AssertionFailureBuilder.build(AssertionFailureBuilder.java:151)
	at org.junit.jupiter.api.AssertionFailureBuilder.buildAndThrow(AssertionFailureBuilder.java:132)
	at org.junit.jupiter.api.AssertTrue.failNotTrue(AssertTrue.java:63)
	at org.junit.jupiter.api.AssertTrue.assertTrue(AssertTrue.java:36)
	at org.junit.jupiter.api.Assertions.assertTrue(Assertions.java:214)
	at com.docencia.expresionesregulares.ejercicio1.RegexSoloDigitosTest.debeAceptarDigitos(RegexSoloDigitosTest.java:16)
	at java.base/java.lang.reflect.Method.invoke(Method.java:580)
	at java.base/java.util.ArrayList.forEach(ArrayList.java:1596)
	at java.base/java.util.ArrayList.forEach(ArrayList.java:1596)
]]></failure>
  </testcase>
</testsuite>