<?xml version="1.0" encoding="UTF-8"?>
<testsuite xmlns:xsi="http://www.w3.org/2001/XMLSchema-instance" xsi:noNamespaceSchemaLocation="https://maven.apache.org/surefire/maven-surefire-plugin/xsd/surefire-test-report-3.0.xsd" version="3.0" name="com.docencia.colecciones.ejercicio2.AgendaEventosTest" time="0.025" tests="10" errors="8" skipped="0" failures="0">
  <properties>
[...]
</properties>
  <testcase name="nombresUnicosDebeSoportarSetNulo" classname="com.docencia.colecciones.ejercicio2.AgendaEventosTest" time="0.002"/>
  <testcase name="nombresUnicosDebeContenerNombreDePrivado" classname="com.docencia.colecciones.ejercicio2.AgendaEventosTest" time="0.001">
    <error message="TODO" type="java.lang.UnsupportedOperationException"><![CDATA[java.lang.UnsupportedOperationException: TODO
	at com.docencia.colecciones.ejercicio2.Evento.getNombre(Evento.java:14)
	at com.docencia.colecciones.ejercicio2.AgendaEventos.nombresUnicos(AgendaEventos.java:17)
	at com.docencia.colecciones.ejercicio2.AgendaEventosTest.nombresUnicosDebeContenerNombreDePrivado(AgendaEventosTest.java:81)
	at java.base/java.lang.reflect.Method.invoke(Method.java:569)
	at java.base/java.util.ArrayList.forEach(ArrayList.java:1511)
	at java.base/java.util.ArrayList.forEach(ArrayList.java:1511)
]]></error>
  </testcase>
  <testcase name="agregarSiNoExisteDebeRechazarDuplicadoMismoTipo" classname="com.docencia.colecciones.ejercicio2.AgendaEventosTest" time="0.0">
    <error message="TODO" type="java.lang.UnsupportedOperationException"><![CDATA[java.lang.UnsupportedOperationException: TODO
	at com.docencia.colecciones.ejercicio2.Evento.hashCode(Evento.java:28)
	at java.base/java.util.HashMap.hash(HashMap.java:338)
	at java.base/java.util.HashMap.put(HashMap.java:610)
	at java.base/java.util.HashSet.add(HashSet.java:221)
	at com.docencia.colecciones.ejercicio2.AgendaEventosTest.agregarSiNoExisteDebeRechazarDuplicadoMismoTipo(AgendaEventosTest.java:22)
	at java.base/java.lang.reflect.Method.invoke(Method.java:569)
	at java.base/java.util.ArrayList.forEach(ArrayList.java:1511)
	at java.base/java.util.ArrayList.forEach(ArrayList.java:1511)
]]></error>
  </testcase>
  <testcase name="nombresUnicosDebeSoportarSetVacio" classname="com.docencia.colecciones.ejercicio2.AgendaEventosTest" time="0.001"/>
  <testcase name="nombresUnicosDebeEliminarDuplicadosPorNombre" classname="com.docencia.colecciones.ejercicio2.AgendaEventosTest" time="0.002">
    <error message="TODO" type="java.lang.UnsupportedOperationException"><![CDATA[java.lang.UnsupportedOperationException: TODO
	at com.docencia.colecciones.ejercicio2.Evento.hashCode(Evento.java:28)
	at java.base/java.util.HashMap.hash(HashMap.java:338)
	at java.base/java.util.HashMap.put(HashMap.java:610)
	at java.base/java.util.HashSet.add(HashSet.java:221)
	at com.docencia.colecciones.ejercicio2.AgendaEventosTest.nombresUnicosDebeEliminarDuplicadosPorNombre(AgendaEventosTest.java:60)
	at java.base/java.lang.reflect.Method.invoke(Method.java:569)
	at java.base/java.util.ArrayList.forEach(ArrayList.java:1511)
	at java.base/java.util.ArrayList.forEach(ArrayList.java:1511)
]]></error>
  </testcase>
  <testcase name="agregarSiNoExisteDebeSerFalseConEventoNulo" classname="com.docencia.colecciones.ejercicio2.AgendaEventosTest" time="0.0">
    <error message="TODO" type="java.lang.UnsupportedOperationException"><![CDATA[java.lang.UnsupportedOperationException: TODO
	at com.docencia.colecciones.ejercicio2.AgendaEventos.agregarSiNoExiste(AgendaEventos.java:10)
	at com.docencia.colecciones.ejercicio2.AgendaEventosTest.agregarSiNoExisteDebeSerFalseConEventoNulo(AgendaEventosTest.java:44)
	at java.base/java.lang.reflect.Method.invoke(Method.java:569)
	at java.base/java.util.ArrayList.forEach(ArrayList.java:1511)
	at java.base/java.util.ArrayList.forEach(ArrayList.java:1511)
]]></error>
  </testcase>
  <testcase name="nombresUnicosDebeDevolverConjuntoEnMinusculas" classname="com.docencia.colecciones.ejercicio2.AgendaEventosTest" time="0.001">
    <error message="TODO" type="java.lang.UnsupportedOperationException"><![CDATA[java.lang.UnsupportedOperationException: TODO
	at com.docencia.colecciones.ejercicio2.Evento.equals(Evento.java:22)
	at java.base/java.util.ImmutableCollections$Set12.<init>(ImmutableCollections.java:790)
	at java.base/java.util.Set.of(Set.java:487)
	at com.docencia.colecciones.ejercicio2.AgendaEventosTest.nombresUnicosDebeDevolverConjuntoEnMinusculas(AgendaEventosTest.java:51)
	at java.base/java.lang.reflect.Method.invoke(Method.java:569)
	at java.base/java.util.ArrayList.forEach(ArrayList.java:1511)
	at java.base/java.util.ArrayList.forEach(ArrayList.java:1511)
]]></error>
  </testcase>
  <testcase name="agregarSiNoExisteDebeSerFalseConSetNulo" classname="com.docencia.colecciones.ejercicio2.AgendaEventosTest" time="0.001">
    <error message="TODO" type="java.lang.UnsupportedOperationException"><![CDATA[java.lang.UnsupportedOperationException: TODO
	at com.docencia.colecciones.ejercicio2.AgendaEventos.agregarSiNoExiste(AgendaEventos.java:10)
	at com.docencia.colecciones.ejercicio2.AgendaEventosTest.agregarSiNoExisteDebeSerFalseConSetNulo(AgendaEventosTest.java:38)
	at java.base/java.lang.reflect.Method.invoke(Method.java:569)
	at java.base/java.util.ArrayList.forEach(ArrayList.java:1511)
	at java.base/java.util.ArrayList.forEach(ArrayList.java:1511)
]]></error>
  </testcase>
  <testcase name="agregarSiNoExisteDebePermitirMismoNombreDistintoTipo" classname="com.docencia.colecciones.ejercicio2.AgendaEventosTest" time="0.001">
    <error message="TODO" type="java.lang.UnsupportedOperationException"><![CDATA[java.lang.UnsupportedOperationException: TODO
	at com.docencia.colecciones.ejercicio2.Evento.hashCode(Evento.java:28)
	at java.base/java.util.HashMap.hash(HashMap.java:338)
	at java.base/java.util.HashMap.put(HashMap.java:610)
	at java.base/java.util.HashSet.add(HashSet.java:221)
	at com.docencia.colecciones.ejercicio2.AgendaEventosTest.agregarSiNoExisteDebePermitirMismoNombreDistintoTipo(AgendaEventosTest.java:30)
	at java.base/java.lang.reflect.Method.invoke(Method.java:569)
	at java.base/java.util.ArrayList.forEach(ArrayList.java:1511)
	at java.base/java.util.ArrayList.forEach(ArrayList.java:1511)
]]></error>
  </testcase>
  <testcase name="agregarSiNoExisteDebeAgregarNuevo" classname="com.docencia.colecciones.ejercicio2.AgendaEventosTest" time="0.001">
    <error message="TODO" type="java.lang.UnsupportedOperationException"><![CDATA[java.lang.UnsupportedOperationException: TODO
	at com.docencia.colecciones.ejercicio2.AgendaEventos.agregarSiNoExiste(AgendaEventos.java:10)
	at com.docencia.colecciones.ejercicio2.AgendaEventosTest.agregarSiNoExisteDebeAgregarNuevo(AgendaEventosTest.java:15)
	at java.base/java.lang.reflect.Method.invoke(Method.java:569)
	at java.base/java.util.ArrayList.forEach(ArrayList.java:1511)
	at java.base/java.util.ArrayList.forEach(ArrayList.java:1511)
]]></error>
  </testcase>
</testsuite>