<?xml version="1.0" encoding="UTF-8"?>
<testsuite xmlns:xsi="http://www.w3.org/2001/XMLSchema-instance" xsi:noNamespaceSchemaLocation="https://maven.apache.org/surefire/maven-surefire-plugin/xsd/surefire-test-report-3.0.xsd" version="3.0" name="com.ejemplo.service.PropietarioServiceSqliteTest" time="0.311" tests="22" errors="22" skipped="0" failures="0">
  <properties>
[...]
</properties>
  <testcase name="noPermiteCrearPropietarioConDniVacio" classname="com.ejemplo.service.PropietarioServiceSqliteTest" time="0.006">
    <error message="Unimplemented method &apos;crear&apos;" type="java.lang.UnsupportedOperationException"><![CDATA[java.lang.UnsupportedOperationException: Unimplemented method 'crear'
	at com.ejemplo.service.PropietarioService.crear(PropietarioService.java:20)
	at com.ejemplo.service.PropietarioServiceSqliteTest.noPermiteCrearPropietarioConDniVacio(PropietarioServiceSqliteTest.java:59)
	at java.base/java.lang.reflect.Method.invoke(Method.java:569)
	at java.base/java.util.ArrayList.forEach(ArrayList.java:1511)
	at java.base/java.util.ArrayList.forEach(ArrayList.java:1511)
]]></error>
  </testcase>
  <testcase name="noPermiteCrearPropietarioConNombreVacio" classname="com.ejemplo.service.PropietarioServiceSqliteTest" time="0.006">
    <error message="Unimplemented method &apos;crear&apos;" type="java.lang.UnsupportedOperationException"><![CDATA[java.lang.UnsupportedOperationException: Unimplemented method 'crear'
	at com.ejemplo.service.PropietarioService.crear(PropietarioService.java:20)
	at com.ejemplo.service.PropietarioServiceSqliteTest.noPermiteCrearPropietarioConNombreVacio(PropietarioServiceSqliteTest.java:73)
	at java.base/java.lang.reflect.Method.invoke(Method.java:569)
	at java.base/java.util.ArrayList.forEach(ArrayList.java:1511)
	at java.base/java.util.ArrayList.forEach(ArrayList.java:1511)
]]></error>
  </testcase>
  <testcase name="eliminarPropietarioInexistenteDevuelveFalse" classname="com.ejemplo.service.PropietarioServiceSqliteTest" time="0.005">
    <error message="Unimplemented method &apos;eliminar&apos;" type="java.lang.UnsupportedOperationException"><![CDATA[java.lang.UnsupportedOperationException: Unimplemented method 'eliminar'
	at com.ejemplo.service.PropietarioService.eliminar(PropietarioService.java:44)
	at com.ejemplo.service.PropietarioServiceSqliteTest.eliminarPropietarioInexistenteDevuelveFalse(PropietarioServiceSqliteTest.java:130)
	at java.base/java.lang.reflect.Method.invoke(Method.java:569)
	at java.base/java.util.ArrayList.forEach(ArrayList.java:1511)
	at java.base/java.util.ArrayList.forEach(ArrayList.java:1511)
]]></error>
  </testcase>
  <testcase name="buscarPorCiudadSinCoincidenciasDevuelveVacio" classname="com.ejemplo.service.PropietarioServiceSqliteTest" time="0.006">
    <error message="Unimplemented method &apos;crear&apos;" type="java.lang.UnsupportedOperationException"><![CDATA[java.lang.UnsupportedOperationException: Unimplemented method 'crear'
	at com.ejemplo.service.PropietarioService.crear(PropietarioService.java:20)
	at com.ejemplo.service.PropietarioServiceSqliteTest.buscarPorCiudadSinCoincidenciasDevuelveVacio(PropietarioServiceSqliteTest.java:164)
	at java.base/java.lang.reflect.Method.invoke(Method.java:569)
	at java.base/java.util.ArrayList.forEach(ArrayList.java:1511)
	at java.base/java.util.ArrayList.forEach(ArrayList.java:1511)
]]></error>
  </testcase>
  <testcase name="contarActivosFunciona" classname="com.ejemplo.service.PropietarioServiceSqliteTest" time="0.006">
    <error message="Unimplemented method &apos;crear&apos;" type="java.lang.UnsupportedOperationException"><![CDATA[java.lang.UnsupportedOperationException: Unimplemented method 'crear'
	at com.ejemplo.service.PropietarioService.crear(PropietarioService.java:20)
	at com.ejemplo.service.PropietarioServiceSqliteTest.contarActivosFunciona(PropietarioServiceSqliteTest.java:142)
	at java.base/java.lang.reflect.Method.invoke(Method.java:569)
	at java.base/java.util.ArrayList.forEach(ArrayList.java:1511)
	at java.base/java.util.ArrayList.forEach(ArrayList.java:1511)
]]></error>
  </testcase>
  <testcase name="actualizarPropietarioExistenteFunciona" classname="com.ejemplo.service.PropietarioServiceSqliteTest" time="0.004">
    <error message="Unimplemented method &apos;crear&apos;" type="java.lang.UnsupportedOperationException"><![CDATA[java.lang.UnsupportedOperationException: Unimplemented method 'crear'
	at com.ejemplo.service.PropietarioService.crear(PropietarioService.java:20)
	at com.ejemplo.service.PropietarioServiceSqliteTest.actualizarPropietarioExistenteFunciona(PropietarioServiceSqliteTest.java:102)
	at java.base/java.lang.reflect.Method.invoke(Method.java:569)
	at java.base/java.util.ArrayList.forEach(ArrayList.java:1511)
	at java.base/java.util.ArrayList.forEach(ArrayList.java:1511)
]]></error>
  </testcase>
  <testcase name="restauracionDeBackupAislaLosTests" classname="com.ejemplo.service.PropietarioServiceSqliteTest" time="0.004">
    <error message="Unimplemented method &apos;crear&apos;" type="java.lang.UnsupportedOperationException"><![CDATA[java.lang.UnsupportedOperationException: Unimplemented method 'crear'
	at com.ejemplo.service.PropietarioService.crear(PropietarioService.java:20)
	at com.ejemplo.service.PropietarioServiceSqliteTest.restauracionDeBackupAislaLosTests(PropietarioServiceSqliteTest.java:176)
	at java.base/java.lang.reflect.Method.invoke(Method.java:569)
	at java.base/java.util.ArrayList.forEach(ArrayList.java:1511)
	at java.base/java.util.ArrayList.forEach(ArrayList.java:1511)
]]></error>
  </testcase>
  <testcase name="buscarPorCiudadEncuentraCoincidencias" classname="com.ejemplo.service.PropietarioServiceSqliteTest" time="0.004">
    <error message="Unimplemented method &apos;crear&apos;" type="java.lang.UnsupportedOperationException"><![CDATA[java.lang.UnsupportedOperationException: Unimplemented method 'crear'
	at com.ejemplo.service.PropietarioService.crear(PropietarioService.java:20)
	at com.ejemplo.service.PropietarioServiceSqliteTest.buscarPorCiudadEncuentraCoincidencias(PropietarioServiceSqliteTest.java:150)
	at java.base/java.lang.reflect.Method.invoke(Method.java:569)
	at java.base/java.util.ArrayList.forEach(ArrayList.java:1511)
	at java.base/java.util.ArrayList.forEach(ArrayList.java:1511)
]]></error>
  </testcase>
  <testcase name="crearPropietarioValidoFunciona" classname="com.ejemplo.service.PropietarioServiceSqliteTest" time="0.004">
    <error message="Unimplemented method &apos;crear&apos;" type="java.lang.UnsupportedOperationException"><![CDATA[java.lang.UnsupportedOperationException: Unimplemented method 'crear'
	at com.ejemplo.service.PropietarioService.crear(PropietarioService.java:20)
	at com.ejemplo.service.PropietarioServiceSqliteTest.crearPropietarioValidoFunciona(PropietarioServiceSqliteTest.java:37)
	at java.base/java.lang.reflect.Method.invoke(Method.java:569)
	at java.base/java.util.ArrayList.forEach(ArrayList.java:1511)
	at java.base/java.util.ArrayList.forEach(ArrayList.java:1511)
]]></error>
  </testcase>
  <testcase name="noPermiteCrearPropietarioDuplicado" classname="com.ejemplo.service.PropietarioServiceSqliteTest" time="0.005">
    <error message="Unimplemented method &apos;crear&apos;" type="java.lang.UnsupportedOperationException"><![CDATA[java.lang.UnsupportedOperationException: Unimplemented method 'crear'
	at com.ejemplo.service.PropietarioService.crear(PropietarioService.java:20)
	at com.ejemplo.service.PropietarioServiceSqliteTest.noPermiteCrearPropietarioDuplicado(PropietarioServiceSqliteTest.java:78)
	at java.base/java.lang.reflect.Method.invoke(Method.java:569)
	at java.base/java.util.ArrayList.forEach(ArrayList.java:1511)
	at java.base/java.util.ArrayList.forEach(ArrayList.java:1511)
]]></error>
  </testcase>
  <testcase name="noPermiteCrearPropietarioConDniNulo" classname="com.ejemplo.service.PropietarioServiceSqliteTest" time="0.01">
    <error message="Unimplemented method &apos;crear&apos;" type="java.lang.UnsupportedOperationException"><![CDATA[java.lang.UnsupportedOperationException: Unimplemented method 'crear'
	at com.ejemplo.service.PropietarioService.crear(PropietarioService.java:20)
	at com.ejemplo.service.PropietarioServiceSqliteTest.noPermiteCrearPropietarioConDniNulo(PropietarioServiceSqliteTest.java:52)
	at java.base/java.lang.reflect.Method.invoke(Method.java:569)
	at java.base/java.util.ArrayList.forEach(ArrayList.java:1511)
	at java.base/java.util.ArrayList.forEach(ArrayList.java:1511)
]]></error>
  </testcase>
  <testcase name="listarActivosSoloIncluyeActivos" classname="com.ejemplo.service.PropietarioServiceSqliteTest" time="0.009">
    <error message="Unimplemented method &apos;crear&apos;" type="java.lang.UnsupportedOperationException"><![CDATA[java.lang.UnsupportedOperationException: Unimplemented method 'crear'
	at com.ejemplo.service.PropietarioService.crear(PropietarioService.java:20)
	at com.ejemplo.service.PropietarioServiceSqliteTest.listarActivosSoloIncluyeActivos(PropietarioServiceSqliteTest.java:135)
	at java.base/java.lang.reflect.Method.invoke(Method.java:569)
	at java.base/java.util.ArrayList.forEach(ArrayList.java:1511)
	at java.base/java.util.ArrayList.forEach(ArrayList.java:1511)
]]></error>
  </testcase>
  <testcase name="crearPropietarioInactivoEsValido" classname="com.ejemplo.service.PropietarioServiceSqliteTest" time="0.011">
    <error message="Unimplemented method &apos;crear&apos;" type="java.lang.UnsupportedOperationException"><![CDATA[java.lang.UnsupportedOperationException: Unimplemented method 'crear'
	at com.ejemplo.service.PropietarioService.crear(PropietarioService.java:20)
	at com.ejemplo.service.PropietarioServiceSqliteTest.crearPropietarioInactivoEsValido(PropietarioServiceSqliteTest.java:170)
	at java.base/java.lang.reflect.Method.invoke(Method.java:569)
	at java.base/java.util.ArrayList.forEach(ArrayList.java:1511)
	at java.base/java.util.ArrayList.forEach(ArrayList.java:1511)
]]></error>
  </testcase>
  <testcase name="buscarPorCiudadIgnoraMayusculas" classname="com.ejemplo.service.PropietarioServiceSqliteTest" time="0.012">
    <error message="Unimplemented method &apos;crear&apos;" type="java.lang.UnsupportedOperationException"><![CDATA[java.lang.UnsupportedOperationException: Unimplemented method 'crear'
	at com.ejemplo.service.PropietarioService.crear(PropietarioService.java:20)
	at com.ejemplo.service.PropietarioServiceSqliteTest.buscarPorCiudadIgnoraMayusculas(PropietarioServiceSqliteTest.java:158)
	at java.base/java.lang.reflect.Method.invoke(Method.java:569)
	at java.base/java.util.ArrayList.forEach(ArrayList.java:1511)
	at java.base/java.util.ArrayList.forEach(ArrayList.java:1511)
]]></error>
  </testcase>
  <testcase name="noPermiteCrearPropietarioConNombreNulo" classname="com.ejemplo.service.PropietarioServiceSqliteTest" time="0.01">
    <error message="Unimplemented method &apos;crear&apos;" type="java.lang.UnsupportedOperationException"><![CDATA[java.lang.UnsupportedOperationException: Unimplemented method 'crear'
	at com.ejemplo.service.PropietarioService.crear(PropietarioService.java:20)
	at com.ejemplo.service.PropietarioServiceSqliteTest.noPermiteCrearPropietarioConNombreNulo(PropietarioServiceSqliteTest.java:66)
	at java.base/java.lang.reflect.Method.invoke(Method.java:569)
	at java.base/java.util.ArrayList.forEach(ArrayList.java:1511)
	at java.base/java.util.ArrayList.forEach(ArrayList.java:1511)
]]></error>
  </testcase>
  <testcase name="buscarPorDniInexistenteDevuelveNull" classname="com.ejemplo.service.PropietarioServiceSqliteTest" time="0.015">
    <error message="Unimplemented method &apos;buscarPorDni&apos;" type="java.lang.UnsupportedOperationException"><![CDATA[java.lang.UnsupportedOperationException: Unimplemented method 'buscarPorDni'
	at com.ejemplo.service.PropietarioService.buscarPorDni(PropietarioService.java:26)
	at com.ejemplo.service.PropietarioServiceSqliteTest.buscarPorDniInexistenteDevuelveNull(PropietarioServiceSqliteTest.java:91)
	at java.base/java.lang.reflect.Method.invoke(Method.java:569)
	at java.base/java.util.ArrayList.forEach(ArrayList.java:1511)
	at java.base/java.util.ArrayList.forEach(ArrayList.java:1511)
]]></error>
  </testcase>
  <testcase name="noPermiteActualizarPropietarioInvalido" classname="com.ejemplo.service.PropietarioServiceSqliteTest" time="0.013">
    <error message="Unimplemented method &apos;crear&apos;" type="java.lang.UnsupportedOperationException"><![CDATA[java.lang.UnsupportedOperationException: Unimplemented method 'crear'
	at com.ejemplo.service.PropietarioService.crear(PropietarioService.java:20)
	at com.ejemplo.service.PropietarioServiceSqliteTest.noPermiteActualizarPropietarioInvalido(PropietarioServiceSqliteTest.java:116)
	at java.base/java.lang.reflect.Method.invoke(Method.java:569)
	at java.base/java.util.ArrayList.forEach(ArrayList.java:1511)
	at java.base/java.util.ArrayList.forEach(ArrayList.java:1511)
]]></error>
  </testcase>
  <testcase name="eliminarPropietarioExistenteFunciona" classname="com.ejemplo.service.PropietarioServiceSqliteTest" time="0.01">
    <error message="Unimplemented method &apos;crear&apos;" type="java.lang.UnsupportedOperationException"><![CDATA[java.lang.UnsupportedOperationException: Unimplemented method 'crear'
	at com.ejemplo.service.PropietarioService.crear(PropietarioService.java:20)
	at com.ejemplo.service.PropietarioServiceSqliteTest.eliminarPropietarioExistenteFunciona(PropietarioServiceSqliteTest.java:123)
	at java.base/java.lang.reflect.Method.invoke(Method.java:569)
	at java.base/java.util.ArrayList.forEach(ArrayList.java:1511)
	at java.base/java.util.ArrayList.forEach(ArrayList.java:1511)
]]></error>
  </testcase>
  <testcase name="listarTodosEmpiezaVacioEnCadaTest" classname="com.ejemplo.service.PropietarioServiceSqliteTest" time="0.011">
    <error message="Unimplemented method &apos;listarTodos&apos;" type="java.lang.UnsupportedOperationException"><![CDATA[java.lang.UnsupportedOperationException: Unimplemented method 'listarTodos'
	at com.ejemplo.service.PropietarioService.listarTodos(PropietarioService.java:32)
	at com.ejemplo.service.PropietarioServiceSqliteTest.listarTodosEmpiezaVacioEnCadaTest(PropietarioServiceSqliteTest.java:96)
	at java.base/java.lang.reflect.Method.invoke(Method.java:569)
	at java.base/java.util.ArrayList.forEach(ArrayList.java:1511)
	at java.base/java.util.ArrayList.forEach(ArrayList.java:1511)
]]></error>
  </testcase>
  <testcase name="crearDosClientesValidosFunciona" classname="com.ejemplo.service.PropietarioServiceSqliteTest" time="0.013">
    <error message="Unimplemented method &apos;crear&apos;" type="java.lang.UnsupportedOperationException"><![CDATA[java.lang.UnsupportedOperationException: Unimplemented method 'crear'
	at com.ejemplo.service.PropietarioService.crear(PropietarioService.java:20)
	at com.ejemplo.service.PropietarioServiceSqliteTest.crearDosClientesValidosFunciona(PropietarioServiceSqliteTest.java:43)
	at java.base/java.lang.reflect.Method.invoke(Method.java:569)
	at java.base/java.util.ArrayList.forEach(ArrayList.java:1511)
	at java.base/java.util.ArrayList.forEach(ArrayList.java:1511)
]]></error>
  </testcase>
  <testcase name="noPermiteActualizarPropietarioInexistente" classname="com.ejemplo.service.PropietarioServiceSqliteTest" time="0.01">
    <error message="Unimplemented method &apos;actualizar&apos;" type="java.lang.UnsupportedOperationException"><![CDATA[java.lang.UnsupportedOperationException: Unimplemented method 'actualizar'
	at com.ejemplo.service.PropietarioService.actualizar(PropietarioService.java:38)
	at com.ejemplo.service.PropietarioServiceSqliteTest.noPermiteActualizarPropietarioInexistente(PropietarioServiceSqliteTest.java:110)
	at java.base/java.lang.reflect.Method.invoke(Method.java:569)
	at java.base/java.util.ArrayList.forEach(ArrayList.java:1511)
	at java.base/java.util.ArrayList.forEach(ArrayList.java:1511)
]]></error>
  </testcase>
  <testcase name="buscarPorDniExistenteDevuelvePropietario" classname="com.ejemplo.service.PropietarioServiceSqliteTest" time="0.015">
    <error message="Unimplemented method &apos;crear&apos;" type="java.lang.UnsupportedOperationException"><![CDATA[java.lang.UnsupportedOperationException: Unimplemented method 'crear'
	at com.ejemplo.service.PropietarioService.crear(PropietarioService.java:20)
	at com.ejemplo.service.PropietarioServiceSqliteTest.buscarPorDniExistenteDevuelvePropietario(PropietarioServiceSqliteTest.java:85)
	at java.base/java.lang.reflect.Method.invoke(Method.java:569)
	at java.base/java.util.ArrayList.forEach(ArrayList.java:1511)
	at java.base/java.util.ArrayList.forEach(ArrayList.java:1511)
]]></error>
  </testcase>
</testsuite>