<?xml version="1.0" encoding="UTF-8"?>
<testsuite xmlns:xsi="http://www.w3.org/2001/XMLSchema-instance" xsi:noNamespaceSchemaLocation="https://maven.apache.org/surefire/maven-surefire-plugin/xsd/surefire-test-report-3.0.xsd" version="3.0" name="com.ejemplo.service.InmuebleServiceSqliteTest" time="0.519" tests="34" errors="34" skipped="0" failures="0">
  <properties>
[...]
</properties>
  <testcase name="noPermiteCrearInmuebleConKilometrosNegativos" classname="com.ejemplo.service.InmuebleServiceSqliteTest" time="0.091">
    <error message="Unimplemented method &apos;crear&apos;" type="java.lang.UnsupportedOperationException"><![CDATA[java.lang.UnsupportedOperationException: Unimplemented method 'crear'
	at com.ejemplo.service.PropietarioService.crear(PropietarioService.java:20)
	at com.ejemplo.service.InmuebleServiceSqliteTest.crearPropietariosBase(InmuebleServiceSqliteTest.java:38)
	at com.ejemplo.service.InmuebleServiceSqliteTest.noPermiteCrearInmuebleConKilometrosNegativos(InmuebleServiceSqliteTest.java:82)
	at java.base/java.lang.reflect.Method.invoke(Method.java:569)
	at java.base/java.util.ArrayList.forEach(ArrayList.java:1511)
	at java.base/java.util.ArrayList.forEach(ArrayList.java:1511)
]]></error>
  </testcase>
  <testcase name="tiporComoVendidoFallaSiNoExiste" classname="com.ejemplo.service.InmuebleServiceSqliteTest" time="0.008">
    <error message="Unimplemented method &apos;tiporComoVendido&apos;" type="java.lang.UnsupportedOperationException"><![CDATA[java.lang.UnsupportedOperationException: Unimplemented method 'tiporComoVendido'
	at com.ejemplo.service.InmuebleService.tiporComoVendido(InmuebleService.java:109)
	at com.ejemplo.service.InmuebleServiceSqliteTest.tiporComoVendidoFallaSiNoExiste(InmuebleServiceSqliteTest.java:229)
	at java.base/java.lang.reflect.Method.invoke(Method.java:569)
	at java.base/java.util.ArrayList.forEach(ArrayList.java:1511)
	at java.base/java.util.ArrayList.forEach(ArrayList.java:1511)
]]></error>
  </testcase>
  <testcase name="noPermiteCrearInmuebleConPrecioNoPositivo" classname="com.ejemplo.service.InmuebleServiceSqliteTest" time="0.007">
    <error message="Unimplemented method &apos;crear&apos;" type="java.lang.UnsupportedOperationException"><![CDATA[java.lang.UnsupportedOperationException: Unimplemented method 'crear'
	at com.ejemplo.service.PropietarioService.crear(PropietarioService.java:20)
	at com.ejemplo.service.InmuebleServiceSqliteTest.crearPropietariosBase(InmuebleServiceSqliteTest.java:38)
	at com.ejemplo.service.InmuebleServiceSqliteTest.noPermiteCrearInmuebleConPrecioNoPositivo(InmuebleServiceSqliteTest.java:90)
	at java.base/java.lang.reflect.Method.invoke(Method.java:569)
	at java.base/java.util.ArrayList.forEach(ArrayList.java:1511)
	at java.base/java.util.ArrayList.forEach(ArrayList.java:1511)
]]></error>
  </testcase>
  <testcase name="listarVendidosSoloIncluyeVendidos" classname="com.ejemplo.service.InmuebleServiceSqliteTest" time="0.007">
    <error message="Unimplemented method &apos;crear&apos;" type="java.lang.UnsupportedOperationException"><![CDATA[java.lang.UnsupportedOperationException: Unimplemented method 'crear'
	at com.ejemplo.service.PropietarioService.crear(PropietarioService.java:20)
	at com.ejemplo.service.InmuebleServiceSqliteTest.crearPropietariosBase(InmuebleServiceSqliteTest.java:38)
	at com.ejemplo.service.InmuebleServiceSqliteTest.listarVendidosSoloIncluyeVendidos(InmuebleServiceSqliteTest.java:173)
	at java.base/java.lang.reflect.Method.invoke(Method.java:569)
	at java.base/java.util.ArrayList.forEach(ArrayList.java:1511)
	at java.base/java.util.ArrayList.forEach(ArrayList.java:1511)
]]></error>
  </testcase>
  <testcase name="crearInmuebleValidoFunciona" classname="com.ejemplo.service.InmuebleServiceSqliteTest" time="0.006">
    <error message="Unimplemented method &apos;crear&apos;" type="java.lang.UnsupportedOperationException"><![CDATA[java.lang.UnsupportedOperationException: Unimplemented method 'crear'
	at com.ejemplo.service.PropietarioService.crear(PropietarioService.java:20)
	at com.ejemplo.service.InmuebleServiceSqliteTest.crearPropietariosBase(InmuebleServiceSqliteTest.java:38)
	at com.ejemplo.service.InmuebleServiceSqliteTest.crearInmuebleValidoFunciona(InmuebleServiceSqliteTest.java:45)
	at java.base/java.lang.reflect.Method.invoke(Method.java:569)
	at java.base/java.util.ArrayList.forEach(ArrayList.java:1511)
	at java.base/java.util.ArrayList.forEach(ArrayList.java:1511)
]]></error>
  </testcase>
  <testcase name="noPermiteCrearInmuebleConMatriculaVacia" classname="com.ejemplo.service.InmuebleServiceSqliteTest" time="0.007">
    <error message="Unimplemented method &apos;crear&apos;" type="java.lang.UnsupportedOperationException"><![CDATA[java.lang.UnsupportedOperationException: Unimplemented method 'crear'
	at com.ejemplo.service.PropietarioService.crear(PropietarioService.java:20)
	at com.ejemplo.service.InmuebleServiceSqliteTest.crearPropietariosBase(InmuebleServiceSqliteTest.java:38)
	at com.ejemplo.service.InmuebleServiceSqliteTest.noPermiteCrearInmuebleConMatriculaVacia(InmuebleServiceSqliteTest.java:58)
	at java.base/java.lang.reflect.Method.invoke(Method.java:569)
	at java.base/java.util.ArrayList.forEach(ArrayList.java:1511)
	at java.base/java.util.ArrayList.forEach(ArrayList.java:1511)
]]></error>
  </testcase>
  <testcase name="actualizarInmuebleExistenteFunciona" classname="com.ejemplo.service.InmuebleServiceSqliteTest" time="0.006">
    <error message="Unimplemented method &apos;crear&apos;" type="java.lang.UnsupportedOperationException"><![CDATA[java.lang.UnsupportedOperationException: Unimplemented method 'crear'
	at com.ejemplo.service.PropietarioService.crear(PropietarioService.java:20)
	at com.ejemplo.service.InmuebleServiceSqliteTest.crearPropietariosBase(InmuebleServiceSqliteTest.java:38)
	at com.ejemplo.service.InmuebleServiceSqliteTest.actualizarInmuebleExistenteFunciona(InmuebleServiceSqliteTest.java:123)
	at java.base/java.lang.reflect.Method.invoke(Method.java:569)
	at java.base/java.util.ArrayList.forEach(ArrayList.java:1511)
	at java.base/java.util.ArrayList.forEach(ArrayList.java:1511)
]]></error>
  </testcase>
  <testcase name="listarDisponiblesSoloIncluyeNoVendidos" classname="com.ejemplo.service.InmuebleServiceSqliteTest" time="0.006">
    <error message="Unimplemented method &apos;crear&apos;" type="java.lang.UnsupportedOperationException"><![CDATA[java.lang.UnsupportedOperationException: Unimplemented method 'crear'
	at com.ejemplo.service.PropietarioService.crear(PropietarioService.java:20)
	at com.ejemplo.service.InmuebleServiceSqliteTest.crearPropietariosBase(InmuebleServiceSqliteTest.java:38)
	at com.ejemplo.service.InmuebleServiceSqliteTest.listarDisponiblesSoloIncluyeNoVendidos(InmuebleServiceSqliteTest.java:181)
	at java.base/java.lang.reflect.Method.invoke(Method.java:569)
	at java.base/java.util.ArrayList.forEach(ArrayList.java:1511)
	at java.base/java.util.ArrayList.forEach(ArrayList.java:1511)
]]></error>
  </testcase>
  <testcase name="cambiarPropietarioFuncionaSiNuevoPropietarioExiste" classname="com.ejemplo.service.InmuebleServiceSqliteTest" time="0.007">
    <error message="Unimplemented method &apos;crear&apos;" type="java.lang.UnsupportedOperationException"><![CDATA[java.lang.UnsupportedOperationException: Unimplemented method 'crear'
	at com.ejemplo.service.PropietarioService.crear(PropietarioService.java:20)
	at com.ejemplo.service.InmuebleServiceSqliteTest.crearPropietariosBase(InmuebleServiceSqliteTest.java:38)
	at com.ejemplo.service.InmuebleServiceSqliteTest.cambiarPropietarioFuncionaSiNuevoPropietarioExiste(InmuebleServiceSqliteTest.java:189)
	at java.base/java.lang.reflect.Method.invoke(Method.java:569)
	at java.base/java.util.ArrayList.forEach(ArrayList.java:1511)
	at java.base/java.util.ArrayList.forEach(ArrayList.java:1511)
]]></error>
  </testcase>
  <testcase name="restauracionDeBackupAislaLosTests" classname="com.ejemplo.service.InmuebleServiceSqliteTest" time="0.006">
    <error message="Unimplemented method &apos;crear&apos;" type="java.lang.UnsupportedOperationException"><![CDATA[java.lang.UnsupportedOperationException: Unimplemented method 'crear'
	at com.ejemplo.service.PropietarioService.crear(PropietarioService.java:20)
	at com.ejemplo.service.InmuebleServiceSqliteTest.crearPropietariosBase(InmuebleServiceSqliteTest.java:38)
	at com.ejemplo.service.InmuebleServiceSqliteTest.restauracionDeBackupAislaLosTests(InmuebleServiceSqliteTest.java:292)
	at java.base/java.lang.reflect.Method.invoke(Method.java:569)
	at java.base/java.util.ArrayList.forEach(ArrayList.java:1511)
	at java.base/java.util.ArrayList.forEach(ArrayList.java:1511)
]]></error>
  </testcase>
  <testcase name="calcularPrecioMedioDevuelveCeroSinInmuebles" classname="com.ejemplo.service.InmuebleServiceSqliteTest" time="0.006">
    <error message="Unimplemented method &apos;calcularPrecioMedio&apos;" type="java.lang.UnsupportedOperationException"><![CDATA[java.lang.UnsupportedOperationException: Unimplemented method 'calcularPrecioMedio'
	at com.ejemplo.service.InmuebleService.calcularPrecioMedio(InmuebleService.java:91)
	at com.ejemplo.service.InmuebleServiceSqliteTest.calcularPrecioMedioDevuelveCeroSinInmuebles(InmuebleServiceSqliteTest.java:256)
	at java.base/java.lang.reflect.Method.invoke(Method.java:569)
	at java.base/java.util.ArrayList.forEach(ArrayList.java:1511)
	at java.base/java.util.ArrayList.forEach(ArrayList.java:1511)
]]></error>
  </testcase>
  <testcase name="buscarPorIdInexistenteDevuelveNull" classname="com.ejemplo.service.InmuebleServiceSqliteTest" time="0.006">
    <error message="Unimplemented method &apos;buscarPorId&apos;" type="java.lang.UnsupportedOperationException"><![CDATA[java.lang.UnsupportedOperationException: Unimplemented method 'buscarPorId'
	at com.ejemplo.service.InmuebleService.buscarPorId(InmuebleService.java:31)
	at com.ejemplo.service.InmuebleServiceSqliteTest.buscarPorIdInexistenteDevuelveNull(InmuebleServiceSqliteTest.java:113)
	at java.base/java.lang.reflect.Method.invoke(Method.java:569)
	at java.base/java.util.ArrayList.forEach(ArrayList.java:1511)
	at java.base/java.util.ArrayList.forEach(ArrayList.java:1511)
]]></error>
  </testcase>
  <testcase name="noPermiteActualizarInmuebleConPropietarioInexistente" classname="com.ejemplo.service.InmuebleServiceSqliteTest" time="0.006">
    <error message="Unimplemented method &apos;crear&apos;" type="java.lang.UnsupportedOperationException"><![CDATA[java.lang.UnsupportedOperationException: Unimplemented method 'crear'
	at com.ejemplo.service.PropietarioService.crear(PropietarioService.java:20)
	at com.ejemplo.service.InmuebleServiceSqliteTest.crearPropietariosBase(InmuebleServiceSqliteTest.java:38)
	at com.ejemplo.service.InmuebleServiceSqliteTest.noPermiteActualizarInmuebleConPropietarioInexistente(InmuebleServiceSqliteTest.java:141)
	at java.base/java.lang.reflect.Method.invoke(Method.java:569)
	at java.base/java.util.ArrayList.forEach(ArrayList.java:1511)
	at java.base/java.util.ArrayList.forEach(ArrayList.java:1511)
]]></error>
  </testcase>
  <testcase name="noPermiteCrearInmuebleSinPropietarioExistente" classname="com.ejemplo.service.InmuebleServiceSqliteTest" time="0.007">
    <error message="Unimplemented method &apos;crear&apos;" type="java.lang.UnsupportedOperationException"><![CDATA[java.lang.UnsupportedOperationException: Unimplemented method 'crear'
	at com.ejemplo.service.InmuebleService.crear(InmuebleService.java:25)
	at com.ejemplo.service.InmuebleServiceSqliteTest.noPermiteCrearInmuebleSinPropietarioExistente(InmuebleServiceSqliteTest.java:53)
	at java.base/java.lang.reflect.Method.invoke(Method.java:569)
	at java.base/java.util.ArrayList.forEach(ArrayList.java:1511)
	at java.base/java.util.ArrayList.forEach(ArrayList.java:1511)
]]></error>
  </testcase>
  <testcase name="cambiarPropietarioFallaSiInmuebleNoExiste" classname="com.ejemplo.service.InmuebleServiceSqliteTest" time="0.005">
    <error message="Unimplemented method &apos;crear&apos;" type="java.lang.UnsupportedOperationException"><![CDATA[java.lang.UnsupportedOperationException: Unimplemented method 'crear'
	at com.ejemplo.service.PropietarioService.crear(PropietarioService.java:20)
	at com.ejemplo.service.InmuebleServiceSqliteTest.crearPropietariosBase(InmuebleServiceSqliteTest.java:38)
	at com.ejemplo.service.InmuebleServiceSqliteTest.cambiarPropietarioFallaSiInmuebleNoExiste(InmuebleServiceSqliteTest.java:198)
	at java.base/java.lang.reflect.Method.invoke(Method.java:569)
	at java.base/java.util.ArrayList.forEach(ArrayList.java:1511)
	at java.base/java.util.ArrayList.forEach(ArrayList.java:1511)
]]></error>
  </testcase>
  <testcase name="contarInmueblesDePropietarioFunciona" classname="com.ejemplo.service.InmuebleServiceSqliteTest" time="0.006">
    <error message="Unimplemented method &apos;crear&apos;" type="java.lang.UnsupportedOperationException"><![CDATA[java.lang.UnsupportedOperationException: Unimplemented method 'crear'
	at com.ejemplo.service.PropietarioService.crear(PropietarioService.java:20)
	at com.ejemplo.service.InmuebleServiceSqliteTest.crearPropietariosBase(InmuebleServiceSqliteTest.java:38)
	at com.ejemplo.service.InmuebleServiceSqliteTest.contarInmueblesDePropietarioFunciona(InmuebleServiceSqliteTest.java:278)
	at java.base/java.lang.reflect.Method.invoke(Method.java:569)
	at java.base/java.util.ArrayList.forEach(ArrayList.java:1511)
	at java.base/java.util.ArrayList.forEach(ArrayList.java:1511)
]]></error>
  </testcase>
  <testcase name="calcularPrecioMedioFunciona" classname="com.ejemplo.service.InmuebleServiceSqliteTest" time="0.005">
    <error message="Unimplemented method &apos;crear&apos;" type="java.lang.UnsupportedOperationException"><![CDATA[java.lang.UnsupportedOperationException: Unimplemented method 'crear'
	at com.ejemplo.service.PropietarioService.crear(PropietarioService.java:20)
	at com.ejemplo.service.InmuebleServiceSqliteTest.crearPropietariosBase(InmuebleServiceSqliteTest.java:38)
	at com.ejemplo.service.InmuebleServiceSqliteTest.calcularPrecioMedioFunciona(InmuebleServiceSqliteTest.java:261)
	at java.base/java.lang.reflect.Method.invoke(Method.java:569)
	at java.base/java.util.ArrayList.forEach(ArrayList.java:1511)
	at java.base/java.util.ArrayList.forEach(ArrayList.java:1511)
]]></error>
  </testcase>
  <testcase name="noPermiteCrearInmuebleConTipoVacia" classname="com.ejemplo.service.InmuebleServiceSqliteTest" time="0.005">
    <error message="Unimplemented method &apos;crear&apos;" type="java.lang.UnsupportedOperationException"><![CDATA[java.lang.UnsupportedOperationException: Unimplemented method 'crear'
	at com.ejemplo.service.PropietarioService.crear(PropietarioService.java:20)
	at com.ejemplo.service.InmuebleServiceSqliteTest.crearPropietariosBase(InmuebleServiceSqliteTest.java:38)
	at com.ejemplo.service.InmuebleServiceSqliteTest.noPermiteCrearInmuebleConTipoVacia(InmuebleServiceSqliteTest.java:66)
	at java.base/java.lang.reflect.Method.invoke(Method.java:569)
	at java.base/java.util.ArrayList.forEach(ArrayList.java:1511)
	at java.base/java.util.ArrayList.forEach(ArrayList.java:1511)
]]></error>
  </testcase>
  <testcase name="listarPorPropietarioDevuelveSusInmuebles" classname="com.ejemplo.service.InmuebleServiceSqliteTest" time="0.006">
    <error message="Unimplemented method &apos;crear&apos;" type="java.lang.UnsupportedOperationException"><![CDATA[java.lang.UnsupportedOperationException: Unimplemented method 'crear'
	at com.ejemplo.service.PropietarioService.crear(PropietarioService.java:20)
	at com.ejemplo.service.InmuebleServiceSqliteTest.crearPropietariosBase(InmuebleServiceSqliteTest.java:38)
	at com.ejemplo.service.InmuebleServiceSqliteTest.listarPorPropietarioDevuelveSusInmuebles(InmuebleServiceSqliteTest.java:164)
	at java.base/java.lang.reflect.Method.invoke(Method.java:569)
	at java.base/java.util.ArrayList.forEach(ArrayList.java:1511)
	at java.base/java.util.ArrayList.forEach(ArrayList.java:1511)
]]></error>
  </testcase>
  <testcase name="noPermiteActualizarInmuebleInexistente" classname="com.ejemplo.service.InmuebleServiceSqliteTest" time="0.005">
    <error message="Unimplemented method &apos;crear&apos;" type="java.lang.UnsupportedOperationException"><![CDATA[java.lang.UnsupportedOperationException: Unimplemented method 'crear'
	at com.ejemplo.service.PropietarioService.crear(PropietarioService.java:20)
	at com.ejemplo.service.InmuebleServiceSqliteTest.crearPropietariosBase(InmuebleServiceSqliteTest.java:38)
	at com.ejemplo.service.InmuebleServiceSqliteTest.noPermiteActualizarInmuebleInexistente(InmuebleServiceSqliteTest.java:133)
	at java.base/java.lang.reflect.Method.invoke(Method.java:569)
	at java.base/java.util.ArrayList.forEach(ArrayList.java:1511)
	at java.base/java.util.ArrayList.forEach(ArrayList.java:1511)
]]></error>
  </testcase>
  <testcase name="eliminarInmuebleInexistenteDevuelveFalse" classname="com.ejemplo.service.InmuebleServiceSqliteTest" time="0.005">
    <error message="Unimplemented method &apos;eliminar&apos;" type="java.lang.UnsupportedOperationException"><![CDATA[java.lang.UnsupportedOperationException: Unimplemented method 'eliminar'
	at com.ejemplo.service.InmuebleService.eliminar(InmuebleService.java:49)
	at com.ejemplo.service.InmuebleServiceSqliteTest.eliminarInmuebleInexistenteDevuelveFalse(InmuebleServiceSqliteTest.java:159)
	at java.base/java.lang.reflect.Method.invoke(Method.java:569)
	at java.base/java.util.ArrayList.forEach(ArrayList.java:1511)
	at java.base/java.util.ArrayList.forEach(ArrayList.java:1511)
]]></error>
  </testcase>
  <testcase name="crearInmuebleParaPropietarioInactivoEsValidoPorqueExiste" classname="com.ejemplo.service.InmuebleServiceSqliteTest" time="0.005">
    <error message="Unimplemented method &apos;crear&apos;" type="java.lang.UnsupportedOperationException"><![CDATA[java.lang.UnsupportedOperationException: Unimplemented method 'crear'
	at com.ejemplo.service.PropietarioService.crear(PropietarioService.java:20)
	at com.ejemplo.service.InmuebleServiceSqliteTest.crearPropietariosBase(InmuebleServiceSqliteTest.java:38)
	at com.ejemplo.service.InmuebleServiceSqliteTest.crearInmuebleParaPropietarioInactivoEsValidoPorqueExiste(InmuebleServiceSqliteTest.java:286)
	at java.base/java.lang.reflect.Method.invoke(Method.java:569)
	at java.base/java.util.ArrayList.forEach(ArrayList.java:1511)
	at java.base/java.util.ArrayList.forEach(ArrayList.java:1511)
]]></error>
  </testcase>
  <testcase name="actualizarMetrosCuadradosFallaSiValorEsNegativo" classname="com.ejemplo.service.InmuebleServiceSqliteTest" time="0.004">
    <error message="Unimplemented method &apos;crear&apos;" type="java.lang.UnsupportedOperationException"><![CDATA[java.lang.UnsupportedOperationException: Unimplemented method 'crear'
	at com.ejemplo.service.PropietarioService.crear(PropietarioService.java:20)
	at com.ejemplo.service.InmuebleServiceSqliteTest.crearPropietariosBase(InmuebleServiceSqliteTest.java:38)
	at com.ejemplo.service.InmuebleServiceSqliteTest.actualizarMetrosCuadradosFallaSiValorEsNegativo(InmuebleServiceSqliteTest.java:243)
	at java.base/java.lang.reflect.Method.invoke(Method.java:569)
	at java.base/java.util.ArrayList.forEach(ArrayList.java:1511)
	at java.base/java.util.ArrayList.forEach(ArrayList.java:1511)
]]></error>
  </testcase>
  <testcase name="noPermiteCrearInmuebleConModeloVacio" classname="com.ejemplo.service.InmuebleServiceSqliteTest" time="0.004">
    <error message="Unimplemented method &apos;crear&apos;" type="java.lang.UnsupportedOperationException"><![CDATA[java.lang.UnsupportedOperationException: Unimplemented method 'crear'
	at com.ejemplo.service.PropietarioService.crear(PropietarioService.java:20)
	at com.ejemplo.service.InmuebleServiceSqliteTest.crearPropietariosBase(InmuebleServiceSqliteTest.java:38)
	at com.ejemplo.service.InmuebleServiceSqliteTest.noPermiteCrearInmuebleConModeloVacio(InmuebleServiceSqliteTest.java:74)
	at java.base/java.lang.reflect.Method.invoke(Method.java:569)
	at java.base/java.util.ArrayList.forEach(ArrayList.java:1511)
	at java.base/java.util.ArrayList.forEach(ArrayList.java:1511)
]]></error>
  </testcase>
  <testcase name="actualizarMetrosCuadradosFallaSiInmuebleNoExiste" classname="com.ejemplo.service.InmuebleServiceSqliteTest" time="0.005">
    <error message="Unimplemented method &apos;actualizarMetrosCuadrados&apos;" type="java.lang.UnsupportedOperationException"><![CDATA[java.lang.UnsupportedOperationException: Unimplemented method 'actualizarMetrosCuadrados'
	at com.ejemplo.service.InmuebleService.actualizarMetrosCuadrados(InmuebleService.java:85)
	at com.ejemplo.service.InmuebleServiceSqliteTest.actualizarMetrosCuadradosFallaSiInmuebleNoExiste(InmuebleServiceSqliteTest.java:251)
	at java.base/java.lang.reflect.Method.invoke(Method.java:569)
	at java.base/java.util.ArrayList.forEach(ArrayList.java:1511)
	at java.base/java.util.ArrayList.forEach(ArrayList.java:1511)
]]></error>
  </testcase>
  <testcase name="eliminarInmuebleExistenteFunciona" classname="com.ejemplo.service.InmuebleServiceSqliteTest" time="0.005">
    <error message="Unimplemented method &apos;crear&apos;" type="java.lang.UnsupportedOperationException"><![CDATA[java.lang.UnsupportedOperationException: Unimplemented method 'crear'
	at com.ejemplo.service.PropietarioService.crear(PropietarioService.java:20)
	at com.ejemplo.service.InmuebleServiceSqliteTest.crearPropietariosBase(InmuebleServiceSqliteTest.java:38)
	at com.ejemplo.service.InmuebleServiceSqliteTest.eliminarInmuebleExistenteFunciona(InmuebleServiceSqliteTest.java:150)
	at java.base/java.lang.reflect.Method.invoke(Method.java:569)
	at java.base/java.util.ArrayList.forEach(ArrayList.java:1511)
	at java.base/java.util.ArrayList.forEach(ArrayList.java:1511)
]]></error>
  </testcase>
  <testcase name="listarTodosEmpiezaVacioEnCadaTest" classname="com.ejemplo.service.InmuebleServiceSqliteTest" time="0.005">
    <error message="Unimplemented method &apos;listarTodos&apos;" type="java.lang.UnsupportedOperationException"><![CDATA[java.lang.UnsupportedOperationException: Unimplemented method 'listarTodos'
	at com.ejemplo.service.InmuebleService.listarTodos(InmuebleService.java:37)
	at com.ejemplo.service.InmuebleServiceSqliteTest.listarTodosEmpiezaVacioEnCadaTest(InmuebleServiceSqliteTest.java:118)
	at java.base/java.lang.reflect.Method.invoke(Method.java:569)
	at java.base/java.util.ArrayList.forEach(ArrayList.java:1511)
	at java.base/java.util.ArrayList.forEach(ArrayList.java:1511)
]]></error>
  </testcase>
  <testcase name="cambiarPropietarioFallaSiPropietarioNoExiste" classname="com.ejemplo.service.InmuebleServiceSqliteTest" time="0.005">
    <error message="Unimplemented method &apos;crear&apos;" type="java.lang.UnsupportedOperationException"><![CDATA[java.lang.UnsupportedOperationException: Unimplemented method 'crear'
	at com.ejemplo.service.PropietarioService.crear(PropietarioService.java:20)
	at com.ejemplo.service.InmuebleServiceSqliteTest.crearPropietariosBase(InmuebleServiceSqliteTest.java:38)
	at com.ejemplo.service.InmuebleServiceSqliteTest.cambiarPropietarioFallaSiPropietarioNoExiste(InmuebleServiceSqliteTest.java:204)
	at java.base/java.lang.reflect.Method.invoke(Method.java:569)
	at java.base/java.util.ArrayList.forEach(ArrayList.java:1511)
	at java.base/java.util.ArrayList.forEach(ArrayList.java:1511)
]]></error>
  </testcase>
  <testcase name="noPermiteCrearInmuebleDuplicadoPorMatricula" classname="com.ejemplo.service.InmuebleServiceSqliteTest" time="0.004">
    <error message="Unimplemented method &apos;crear&apos;" type="java.lang.UnsupportedOperationException"><![CDATA[java.lang.UnsupportedOperationException: Unimplemented method 'crear'
	at com.ejemplo.service.PropietarioService.crear(PropietarioService.java:20)
	at com.ejemplo.service.InmuebleServiceSqliteTest.crearPropietariosBase(InmuebleServiceSqliteTest.java:38)
	at com.ejemplo.service.InmuebleServiceSqliteTest.noPermiteCrearInmuebleDuplicadoPorMatricula(InmuebleServiceSqliteTest.java:98)
	at java.base/java.lang.reflect.Method.invoke(Method.java:569)
	at java.base/java.util.ArrayList.forEach(ArrayList.java:1511)
	at java.base/java.util.ArrayList.forEach(ArrayList.java:1511)
]]></error>
  </testcase>
  <testcase name="tiporComoVendidoFuncionaUnaVez" classname="com.ejemplo.service.InmuebleServiceSqliteTest" time="0.005">
    <error message="Unimplemented method &apos;crear&apos;" type="java.lang.UnsupportedOperationException"><![CDATA[java.lang.UnsupportedOperationException: Unimplemented method 'crear'
	at com.ejemplo.service.PropietarioService.crear(PropietarioService.java:20)
	at com.ejemplo.service.InmuebleServiceSqliteTest.crearPropietariosBase(InmuebleServiceSqliteTest.java:38)
	at com.ejemplo.service.InmuebleServiceSqliteTest.tiporComoVendidoFuncionaUnaVez(InmuebleServiceSqliteTest.java:212)
	at java.base/java.lang.reflect.Method.invoke(Method.java:569)
	at java.base/java.util.ArrayList.forEach(ArrayList.java:1511)
	at java.base/java.util.ArrayList.forEach(ArrayList.java:1511)
]]></error>
  </testcase>
  <testcase name="tiporComoVendidoFallaSiYaEstaVendido" classname="com.ejemplo.service.InmuebleServiceSqliteTest" time="0.005">
    <error message="Unimplemented method &apos;crear&apos;" type="java.lang.UnsupportedOperationException"><![CDATA[java.lang.UnsupportedOperationException: Unimplemented method 'crear'
	at com.ejemplo.service.PropietarioService.crear(PropietarioService.java:20)
	at com.ejemplo.service.InmuebleServiceSqliteTest.crearPropietariosBase(InmuebleServiceSqliteTest.java:38)
	at com.ejemplo.service.InmuebleServiceSqliteTest.tiporComoVendidoFallaSiYaEstaVendido(InmuebleServiceSqliteTest.java:221)
	at java.base/java.lang.reflect.Method.invoke(Method.java:569)
	at java.base/java.util.ArrayList.forEach(ArrayList.java:1511)
	at java.base/java.util.ArrayList.forEach(ArrayList.java:1511)
]]></error>
  </testcase>
  <testcase name="actualizarMetrosCuadradosFunciona" classname="com.ejemplo.service.InmuebleServiceSqliteTest" time="0.005">
    <error message="Unimplemented method &apos;crear&apos;" type="java.lang.UnsupportedOperationException"><![CDATA[java.lang.UnsupportedOperationException: Unimplemented method 'crear'
	at com.ejemplo.service.PropietarioService.crear(PropietarioService.java:20)
	at com.ejemplo.service.InmuebleServiceSqliteTest.crearPropietariosBase(InmuebleServiceSqliteTest.java:38)
	at com.ejemplo.service.InmuebleServiceSqliteTest.actualizarMetrosCuadradosFunciona(InmuebleServiceSqliteTest.java:234)
	at java.base/java.lang.reflect.Method.invoke(Method.java:569)
	at java.base/java.util.ArrayList.forEach(ArrayList.java:1511)
	at java.base/java.util.ArrayList.forEach(ArrayList.java:1511)
]]></error>
  </testcase>
  <testcase name="calcularValorTotalDisponibleSumaSoloNoVendidos" classname="com.ejemplo.service.InmuebleServiceSqliteTest" time="0.005">
    <error message="Unimplemented method &apos;crear&apos;" type="java.lang.UnsupportedOperationException"><![CDATA[java.lang.UnsupportedOperationException: Unimplemented method 'crear'
	at com.ejemplo.service.PropietarioService.crear(PropietarioService.java:20)
	at com.ejemplo.service.InmuebleServiceSqliteTest.crearPropietariosBase(InmuebleServiceSqliteTest.java:38)
	at com.ejemplo.service.InmuebleServiceSqliteTest.calcularValorTotalDisponibleSumaSoloNoVendidos(InmuebleServiceSqliteTest.java:269)
	at java.base/java.lang.reflect.Method.invoke(Method.java:569)
	at java.base/java.util.ArrayList.forEach(ArrayList.java:1511)
	at java.base/java.util.ArrayList.forEach(ArrayList.java:1511)
]]></error>
  </testcase>
  <testcase name="buscarPorIdExistenteDevuelveInmueble" classname="com.ejemplo.service.InmuebleServiceSqliteTest" time="0.005">
    <error message="Unimplemented method &apos;crear&apos;" type="java.lang.UnsupportedOperationException"><![CDATA[java.lang.UnsupportedOperationException: Unimplemented method 'crear'
	at com.ejemplo.service.PropietarioService.crear(PropietarioService.java:20)
	at com.ejemplo.service.InmuebleServiceSqliteTest.crearPropietariosBase(InmuebleServiceSqliteTest.java:38)
	at com.ejemplo.service.InmuebleServiceSqliteTest.buscarPorIdExistenteDevuelveInmueble(InmuebleServiceSqliteTest.java:105)
	at java.base/java.lang.reflect.Method.invoke(Method.java:569)
	at java.base/java.util.ArrayList.forEach(ArrayList.java:1511)
	at java.base/java.util.ArrayList.forEach(ArrayList.java:1511)
]]></error>
  </testcase>
</testsuite>