-------------------------------------------------------------------------------
Test set: com.docencia.interfaces.ejercicio2.DronTest
-------------------------------------------------------------------------------
Tests run: 8, Failures: 0, Errors: 7, Skipped: 0, Time elapsed: 0.012 s <<< FAILURE! -- in com.docencia.interfaces.ejercicio2.DronTest
com.docencia.interfaces.ejercicio2.DronTest.idsDiferentesParaInstanciasDistintas -- Time elapsed: 0.002 s <<< ERROR!
java.lang.UnsupportedOperationException: El metodo no esta implementado
	at com.docencia.interfaces.ejercicio2.Dron.<init>(Dron.java:15)
	at com.docencia.interfaces.ejercicio2.DronTest.idsDiferentesParaInstanciasDistintas(DronTest.java:31)
	at java.base/java.lang.reflect.Method.invoke(Method.java:569)
	at java.base/java.util.ArrayList.forEach(ArrayList.java:1511)
	at java.base/java.util.ArrayList.forEach(ArrayList.java:1511)

com.docencia.interfaces.ejercicio2.DronTest.toStringContieneClaseEId -- Time elapsed: 0 s <<< ERROR!
java.lang.UnsupportedOperationException: El metodo no esta implementado
	at com.docencia.interfaces.ejercicio2.Dron.<init>(Dron.java:15)
	at com.docencia.interfaces.ejercicio2.DronTest.toStringContieneClaseEId(DronTest.java:55)
	at java.base/java.lang.reflect.Method.invoke(Method.java:569)
	at java.base/java.util.ArrayList.forEach(ArrayList.java:1511)
	at java.base/java.util.ArrayList.forEach(ArrayList.java:1511)

com.docencia.interfaces.ejercicio2.DronTest.equalsIdDistintoEsFalse -- Time elapsed: 0 s <<< ERROR!
java.lang.UnsupportedOperationException: El metodo no esta implementado
	at com.docencia.interfaces.ejercicio2.Dron.<init>(Dron.java:15)
	at com.docencia.interfaces.ejercicio2.DronTest.equalsIdDistintoEsFalse(DronTest.java:47)
	at java.base/java.lang.reflect.Method.invoke(Method.java:569)
	at java.base/java.util.ArrayList.forEach(ArrayList.java:1511)
	at java.base/java.util.ArrayList.forEach(ArrayList.java:1511)

com.docencia.interfaces.ejercicio2.DronTest.constructorAsignaCampos -- Time elapsed: 0 s <<< ERROR!
java.lang.UnsupportedOperationException: El metodo no esta implementado
	at com.docencia.interfaces.ejercicio2.Dron.<init>(Dron.java:15)
	at com.docencia.interfaces.ejercicio2.DronTest.constructorAsignaCampos(DronTest.java:17)
	at java.base/java.lang.reflect.Method.invoke(Method.java:569)
	at java.base/java.util.ArrayList.forEach(ArrayList.java:1511)
	at java.base/java.util.ArrayList.forEach(ArrayList.java:1511)

com.docencia.interfaces.ejercicio2.DronTest.idSeAutogeneraSiEsNull -- Time elapsed: 0.001 s <<< ERROR!
java.lang.UnsupportedOperationException: El metodo no esta implementado
	at com.docencia.interfaces.ejercicio2.Dron.<init>(Dron.java:15)
	at com.docencia.interfaces.ejercicio2.DronTest.idSeAutogeneraSiEsNull(DronTest.java:25)
	at java.base/java.lang.reflect.Method.invoke(Method.java:569)
	at java.base/java.util.ArrayList.forEach(ArrayList.java:1511)
	at java.base/java.util.ArrayList.forEach(ArrayList.java:1511)

com.docencia.interfaces.ejercicio2.DronTest.implementaInterfazYEjecutaMetodo -- Time elapsed: 0.001 s <<< ERROR!
java.lang.UnsupportedOperationException: El metodo no esta implementado
	at com.docencia.interfaces.ejercicio2.Dron.<init>(Dron.java:15)
	at com.docencia.interfaces.ejercicio2.DronTest.implementaInterfazYEjecutaMetodo(DronTest.java:63)
	at java.base/java.lang.reflect.Method.invoke(Method.java:569)
	at java.base/java.util.ArrayList.forEach(ArrayList.java:1511)
	at java.base/java.util.ArrayList.forEach(ArrayList.java:1511)

com.docencia.interfaces.ejercicio2.DronTest.equalsMismoIdEsTrue -- Time elapsed: 0.002 s <<< ERROR!
java.lang.UnsupportedOperationException: El metodo no esta implementado
	at com.docencia.interfaces.ejercicio2.Dron.<init>(Dron.java:15)
	at com.docencia.interfaces.ejercicio2.DronTest.equalsMismoIdEsTrue(DronTest.java:39)
	at java.base/java.lang.reflect.Method.invoke(Method.java:569)
	at java.base/java.util.ArrayList.forEach(ArrayList.java:1511)
	at java.base/java.util.ArrayList.forEach(ArrayList.java:1511)

