-------------------------------------------------------------------------------
Test set: com.docencia.listas.ejercicio6.ListaCuentasBancariasTest
-------------------------------------------------------------------------------
Tests run: 18, Failures: 5, Errors: 12, Skipped: 0, Time elapsed: 0.034 s <<< FAILURE! -- in com.docencia.listas.ejercicio6.ListaCuentasBancariasTest
com.docencia.listas.ejercicio6.ListaCuentasBancariasTest.modificarNullIdTest -- Time elapsed: 0.002 s <<< ERROR!
java.lang.UnsupportedOperationException: El metodo no esta implementado
	at com.docencia.listas.ejercicio6.ListaCuentasBancarias.anadir(ListaCuentasBancarias.java:24)
	at com.docencia.listas.ejercicio6.ListaCuentasBancariasTest.modificarNullIdTest(ListaCuentasBancariasTest.java:114)
	at java.base/java.lang.reflect.Method.invoke(Method.java:569)
	at java.base/java.util.ArrayList.forEach(ArrayList.java:1511)
	at java.base/java.util.ArrayList.forEach(ArrayList.java:1511)

com.docencia.listas.ejercicio6.ListaCuentasBancariasTest.buscarPorIdNoExisteTest -- Time elapsed: 0.001 s <<< ERROR!
java.lang.UnsupportedOperationException: El metodo no esta implementado
	at com.docencia.listas.ejercicio6.ListaCuentasBancarias.buscarPorId(ListaCuentasBancarias.java:28)
	at com.docencia.listas.ejercicio6.ListaCuentasBancariasTest.buscarPorIdNoExisteTest(ListaCuentasBancariasTest.java:76)
	at java.base/java.lang.reflect.Method.invoke(Method.java:569)
	at java.base/java.util.ArrayList.forEach(ArrayList.java:1511)
	at java.base/java.util.ArrayList.forEach(ArrayList.java:1511)

com.docencia.listas.ejercicio6.ListaCuentasBancariasTest.eliminarPorIdNullTest -- Time elapsed: 0.002 s <<< FAILURE!
org.opentest4j.AssertionFailedError: Unexpected exception type thrown, expected: <java.lang.IllegalArgumentException> but was: <java.lang.UnsupportedOperationException>
	at org.junit.jupiter.api.AssertionFailureBuilder.build(AssertionFailureBuilder.java:151)
	at org.junit.jupiter.api.AssertThrows.assertThrows(AssertThrows.java:67)
	at org.junit.jupiter.api.AssertThrows.assertThrows(AssertThrows.java:35)
	at org.junit.jupiter.api.Assertions.assertThrows(Assertions.java:3115)
	at com.docencia.listas.ejercicio6.ListaCuentasBancariasTest.eliminarPorIdNullTest(ListaCuentasBancariasTest.java:91)
	at java.base/java.lang.reflect.Method.invoke(Method.java:569)
	at java.base/java.util.ArrayList.forEach(ArrayList.java:1511)
	at java.base/java.util.ArrayList.forEach(ArrayList.java:1511)
Caused by: java.lang.UnsupportedOperationException: El metodo no esta implementado
	at com.docencia.listas.ejercicio6.ListaCuentasBancarias.eliminarPorId(ListaCuentasBancarias.java:32)
	at com.docencia.listas.ejercicio6.ListaCuentasBancariasTest.lambda$eliminarPorIdNullTest$4(ListaCuentasBancariasTest.java:91)
	at org.junit.jupiter.api.AssertThrows.assertThrows(AssertThrows.java:53)
	... 6 more

com.docencia.listas.ejercicio6.ListaCuentasBancariasTest.modificarInvalidTest -- Time elapsed: 0 s <<< ERROR!
java.lang.UnsupportedOperationException: El metodo no esta implementado
	at com.docencia.listas.ejercicio6.ListaCuentasBancarias.anadir(ListaCuentasBancarias.java:24)
	at com.docencia.listas.ejercicio6.ListaCuentasBancariasTest.modificarInvalidTest(ListaCuentasBancariasTest.java:130)
	at java.base/java.lang.reflect.Method.invoke(Method.java:569)
	at java.base/java.util.ArrayList.forEach(ArrayList.java:1511)
	at java.base/java.util.ArrayList.forEach(ArrayList.java:1511)

com.docencia.listas.ejercicio6.ListaCuentasBancariasTest.buscarPorIdOkTest -- Time elapsed: 0.001 s <<< ERROR!
java.lang.UnsupportedOperationException: El metodo no esta implementado
	at com.docencia.listas.ejercicio6.ListaCuentasBancarias.anadir(ListaCuentasBancarias.java:24)
	at com.docencia.listas.ejercicio6.ListaCuentasBancariasTest.buscarPorIdOkTest(ListaCuentasBancariasTest.java:63)
	at java.base/java.lang.reflect.Method.invoke(Method.java:569)
	at java.base/java.util.ArrayList.forEach(ArrayList.java:1511)
	at java.base/java.util.ArrayList.forEach(ArrayList.java:1511)

com.docencia.listas.ejercicio6.ListaCuentasBancariasTest.modificarIdDistintoTest -- Time elapsed: 0.001 s <<< ERROR!
java.lang.UnsupportedOperationException: El metodo no esta implementado
	at com.docencia.listas.ejercicio6.ListaCuentasBancarias.anadir(ListaCuentasBancarias.java:24)
	at com.docencia.listas.ejercicio6.ListaCuentasBancariasTest.modificarIdDistintoTest(ListaCuentasBancariasTest.java:138)
	at java.base/java.lang.reflect.Method.invoke(Method.java:569)
	at java.base/java.util.ArrayList.forEach(ArrayList.java:1511)
	at java.base/java.util.ArrayList.forEach(ArrayList.java:1511)

com.docencia.listas.ejercicio6.ListaCuentasBancariasTest.modificarOkTest -- Time elapsed: 0 s <<< ERROR!
java.lang.UnsupportedOperationException: El metodo no esta implementado
	at com.docencia.listas.ejercicio6.ListaCuentasBancarias.anadir(ListaCuentasBancarias.java:24)
	at com.docencia.listas.ejercicio6.ListaCuentasBancariasTest.modificarOkTest(ListaCuentasBancariasTest.java:104)
	at java.base/java.lang.reflect.Method.invoke(Method.java:569)
	at java.base/java.util.ArrayList.forEach(ArrayList.java:1511)
	at java.base/java.util.ArrayList.forEach(ArrayList.java:1511)

com.docencia.listas.ejercicio6.ListaCuentasBancariasTest.anadirNullTest -- Time elapsed: 0.003 s <<< FAILURE!
org.opentest4j.AssertionFailedError: Unexpected exception type thrown, expected: <java.lang.IllegalArgumentException> but was: <java.lang.UnsupportedOperationException>
	at org.junit.jupiter.api.AssertionFailureBuilder.build(AssertionFailureBuilder.java:151)
	at org.junit.jupiter.api.AssertThrows.assertThrows(AssertThrows.java:67)
	at org.junit.jupiter.api.AssertThrows.assertThrows(AssertThrows.java:35)
	at org.junit.jupiter.api.Assertions.assertThrows(Assertions.java:3115)
	at com.docencia.listas.ejercicio6.ListaCuentasBancariasTest.anadirNullTest(ListaCuentasBancariasTest.java:42)
	at java.base/java.lang.reflect.Method.invoke(Method.java:569)
	at java.base/java.util.ArrayList.forEach(ArrayList.java:1511)
	at java.base/java.util.ArrayList.forEach(ArrayList.java:1511)
Caused by: java.lang.UnsupportedOperationException: El metodo no esta implementado
	at com.docencia.listas.ejercicio6.ListaCuentasBancarias.anadir(ListaCuentasBancarias.java:24)
	at com.docencia.listas.ejercicio6.ListaCuentasBancariasTest.lambda$anadirNullTest$0(ListaCuentasBancariasTest.java:42)
	at org.junit.jupiter.api.AssertThrows.assertThrows(AssertThrows.java:53)
	... 6 more

com.docencia.listas.ejercicio6.ListaCuentasBancariasTest.anadirDuplicadoIdTest -- Time elapsed: 0.001 s <<< ERROR!
java.lang.UnsupportedOperationException: El metodo no esta implementado
	at com.docencia.listas.ejercicio6.ListaCuentasBancarias.anadir(ListaCuentasBancarias.java:24)
	at com.docencia.listas.ejercicio6.ListaCuentasBancariasTest.anadirDuplicadoIdTest(ListaCuentasBancariasTest.java:55)
	at java.base/java.lang.reflect.Method.invoke(Method.java:569)
	at java.base/java.util.ArrayList.forEach(ArrayList.java:1511)
	at java.base/java.util.ArrayList.forEach(ArrayList.java:1511)

com.docencia.listas.ejercicio6.ListaCuentasBancariasTest.buscarPorIdNullTest -- Time elapsed: 0.001 s <<< FAILURE!
org.opentest4j.AssertionFailedError: Unexpected exception type thrown, expected: <java.lang.IllegalArgumentException> but was: <java.lang.UnsupportedOperationException>
	at org.junit.jupiter.api.AssertionFailureBuilder.build(AssertionFailureBuilder.java:151)
	at org.junit.jupiter.api.AssertThrows.assertThrows(AssertThrows.java:67)
	at org.junit.jupiter.api.AssertThrows.assertThrows(AssertThrows.java:35)
	at org.junit.jupiter.api.Assertions.assertThrows(Assertions.java:3115)
	at com.docencia.listas.ejercicio6.ListaCuentasBancariasTest.buscarPorIdNullTest(ListaCuentasBancariasTest.java:70)
	at java.base/java.lang.reflect.Method.invoke(Method.java:569)
	at java.base/java.util.ArrayList.forEach(ArrayList.java:1511)
	at java.base/java.util.ArrayList.forEach(ArrayList.java:1511)
Caused by: java.lang.UnsupportedOperationException: El metodo no esta implementado
	at com.docencia.listas.ejercicio6.ListaCuentasBancarias.buscarPorId(ListaCuentasBancarias.java:28)
	at com.docencia.listas.ejercicio6.ListaCuentasBancariasTest.lambda$buscarPorIdNullTest$3(ListaCuentasBancariasTest.java:70)
	at org.junit.jupiter.api.AssertThrows.assertThrows(AssertThrows.java:53)
	... 6 more

com.docencia.listas.ejercicio6.ListaCuentasBancariasTest.anadirOkTest -- Time elapsed: 0 s <<< ERROR!
java.lang.UnsupportedOperationException: El metodo no esta implementado
	at com.docencia.listas.ejercicio6.ListaCuentasBancarias.anadir(ListaCuentasBancarias.java:24)
	at com.docencia.listas.ejercicio6.ListaCuentasBancariasTest.anadirOkTest(ListaCuentasBancariasTest.java:34)
	at java.base/java.lang.reflect.Method.invoke(Method.java:569)
	at java.base/java.util.ArrayList.forEach(ArrayList.java:1511)
	at java.base/java.util.ArrayList.forEach(ArrayList.java:1511)

com.docencia.listas.ejercicio6.ListaCuentasBancariasTest.anadirInvalidTest -- Time elapsed: 0.001 s <<< FAILURE!
org.opentest4j.AssertionFailedError: Unexpected exception type thrown, expected: <java.lang.IllegalArgumentException> but was: <java.lang.UnsupportedOperationException>
	at org.junit.jupiter.api.AssertionFailureBuilder.build(AssertionFailureBuilder.java:151)
	at org.junit.jupiter.api.AssertThrows.assertThrows(AssertThrows.java:67)
	at org.junit.jupiter.api.AssertThrows.assertThrows(AssertThrows.java:35)
	at org.junit.jupiter.api.Assertions.assertThrows(Assertions.java:3115)
	at com.docencia.listas.ejercicio6.ListaCuentasBancariasTest.anadirInvalidTest(ListaCuentasBancariasTest.java:48)
	at java.base/java.lang.reflect.Method.invoke(Method.java:569)
	at java.base/java.util.ArrayList.forEach(ArrayList.java:1511)
	at java.base/java.util.ArrayList.forEach(ArrayList.java:1511)
Caused by: java.lang.UnsupportedOperationException: El metodo no esta implementado
	at com.docencia.listas.ejercicio6.ListaCuentasBancarias.anadir(ListaCuentasBancarias.java:24)
	at com.docencia.listas.ejercicio6.ListaCuentasBancariasTest.lambda$anadirInvalidTest$1(ListaCuentasBancariasTest.java:48)
	at org.junit.jupiter.api.AssertThrows.assertThrows(AssertThrows.java:53)
	... 6 more

com.docencia.listas.ejercicio6.ListaCuentasBancariasTest.eliminarPorIdOkTest -- Time elapsed: 0.001 s <<< ERROR!
java.lang.UnsupportedOperationException: El metodo no esta implementado
	at com.docencia.listas.ejercicio6.ListaCuentasBancarias.anadir(ListaCuentasBancarias.java:24)
	at com.docencia.listas.ejercicio6.ListaCuentasBancariasTest.eliminarPorIdOkTest(ListaCuentasBancariasTest.java:83)
	at java.base/java.lang.reflect.Method.invoke(Method.java:569)
	at java.base/java.util.ArrayList.forEach(ArrayList.java:1511)
	at java.base/java.util.ArrayList.forEach(ArrayList.java:1511)

com.docencia.listas.ejercicio6.ListaCuentasBancariasTest.modificarNullElementoTest -- Time elapsed: 0.001 s <<< ERROR!
java.lang.UnsupportedOperationException: El metodo no esta implementado
	at com.docencia.listas.ejercicio6.ListaCuentasBancarias.anadir(ListaCuentasBancarias.java:24)
	at com.docencia.listas.ejercicio6.ListaCuentasBancariasTest.modificarNullElementoTest(ListaCuentasBancariasTest.java:122)
	at java.base/java.lang.reflect.Method.invoke(Method.java:569)
	at java.base/java.util.ArrayList.forEach(ArrayList.java:1511)
	at java.base/java.util.ArrayList.forEach(ArrayList.java:1511)

com.docencia.listas.ejercicio6.ListaCuentasBancariasTest.eliminarPorIdNoExisteTest -- Time elapsed: 0.001 s <<< ERROR!
java.lang.UnsupportedOperationException: El metodo no esta implementado
	at com.docencia.listas.ejercicio6.ListaCuentasBancarias.eliminarPorId(ListaCuentasBancarias.java:32)
	at com.docencia.listas.ejercicio6.ListaCuentasBancariasTest.eliminarPorIdNoExisteTest(ListaCuentasBancariasTest.java:97)
	at java.base/java.lang.reflect.Method.invoke(Method.java:569)
	at java.base/java.util.ArrayList.forEach(ArrayList.java:1511)
	at java.base/java.util.ArrayList.forEach(ArrayList.java:1511)

com.docencia.listas.ejercicio6.ListaCuentasBancariasTest.listarInmutableTest -- Time elapsed: 0.001 s <<< ERROR!
java.lang.UnsupportedOperationException: El metodo no esta implementado
	at com.docencia.listas.ejercicio6.ListaCuentasBancarias.anadir(ListaCuentasBancarias.java:24)
	at com.docencia.listas.ejercicio6.ListaCuentasBancariasTest.listarInmutableTest(ListaCuentasBancariasTest.java:152)
	at java.base/java.lang.reflect.Method.invoke(Method.java:569)
	at java.base/java.util.ArrayList.forEach(ArrayList.java:1511)
	at java.base/java.util.ArrayList.forEach(ArrayList.java:1511)

com.docencia.listas.ejercicio6.ListaCuentasBancariasTest.modificarNoExisteTest -- Time elapsed: 0.001 s <<< FAILURE!
org.opentest4j.AssertionFailedError: Unexpected exception type thrown, expected: <java.util.NoSuchElementException> but was: <java.lang.UnsupportedOperationException>
	at org.junit.jupiter.api.AssertionFailureBuilder.build(AssertionFailureBuilder.java:151)
	at org.junit.jupiter.api.AssertThrows.assertThrows(AssertThrows.java:67)
	at org.junit.jupiter.api.AssertThrows.assertThrows(AssertThrows.java:35)
	at org.junit.jupiter.api.Assertions.assertThrows(Assertions.java:3115)
	at com.docencia.listas.ejercicio6.ListaCuentasBancariasTest.modificarNoExisteTest(ListaCuentasBancariasTest.java:146)
	at java.base/java.lang.reflect.Method.invoke(Method.java:569)
	at java.base/java.util.ArrayList.forEach(ArrayList.java:1511)
	at java.base/java.util.ArrayList.forEach(ArrayList.java:1511)
Caused by: java.lang.UnsupportedOperationException: El metodo no esta implementado
	at com.docencia.listas.ejercicio6.ListaCuentasBancarias.modificar(ListaCuentasBancarias.java:36)
	at com.docencia.listas.ejercicio6.ListaCuentasBancariasTest.lambda$modificarNoExisteTest$9(ListaCuentasBancariasTest.java:146)
	at org.junit.jupiter.api.AssertThrows.assertThrows(AssertThrows.java:53)
	... 6 more

