-------------------------------------------------------------------------------
Test set: com.docencia.herencia.ejercicio6.CuentaCorrienteTest
-------------------------------------------------------------------------------
Tests run: 9, Failures: 0, Errors: 9, Skipped: 0, Time elapsed: 0.023 s <<< FAILURE! -- in com.docencia.herencia.ejercicio6.CuentaCorrienteTest
com.docencia.herencia.ejercicio6.CuentaCorrienteTest.metodo_abstracto_implementado_devuelve_esperado -- Time elapsed: 0.002 s <<< ERROR!
java.lang.UnsupportedOperationException: El metodo no esta implementado
	at com.docencia.herencia.ejercicio6.CuentaCorriente.<init>(CuentaCorriente.java:11)
	at com.docencia.herencia.ejercicio6.CuentaCorrienteTest.metodo_abstracto_implementado_devuelve_esperado(CuentaCorrienteTest.java:66)
	at java.base/java.lang.reflect.Method.invoke(Method.java:569)
	at java.base/java.util.ArrayList.forEach(ArrayList.java:1511)
	at java.base/java.util.ArrayList.forEach(ArrayList.java:1511)

com.docencia.herencia.ejercicio6.CuentaCorrienteTest.equals_otro_tipo_es_false -- Time elapsed: 0.001 s <<< ERROR!
java.lang.UnsupportedOperationException: El metodo no esta implementado
	at com.docencia.herencia.ejercicio6.CuentaCorriente.<init>(CuentaCorriente.java:11)
	at com.docencia.herencia.ejercicio6.CuentaCorrienteTest.equals_otro_tipo_es_false(CuentaCorrienteTest.java:44)
	at java.base/java.lang.reflect.Method.invoke(Method.java:569)
	at java.base/java.util.ArrayList.forEach(ArrayList.java:1511)
	at java.base/java.util.ArrayList.forEach(ArrayList.java:1511)

com.docencia.herencia.ejercicio6.CuentaCorrienteTest.ids_son_unicos_en_instancias_distintas -- Time elapsed: 0 s <<< ERROR!
java.lang.UnsupportedOperationException: El metodo no esta implementado
	at com.docencia.herencia.ejercicio6.CuentaCorriente.<init>(CuentaCorriente.java:11)
	at com.docencia.herencia.ejercicio6.CuentaCorrienteTest.ids_son_unicos_en_instancias_distintas(CuentaCorrienteTest.java:28)
	at java.base/java.lang.reflect.Method.invoke(Method.java:569)
	at java.base/java.util.ArrayList.forEach(ArrayList.java:1511)
	at java.base/java.util.ArrayList.forEach(ArrayList.java:1511)

com.docencia.herencia.ejercicio6.CuentaCorrienteTest.equals_mismo_id_misma_clase_es_true -- Time elapsed: 0 s <<< ERROR!
java.lang.UnsupportedOperationException: El metodo no esta implementado
	at com.docencia.herencia.ejercicio6.CuentaCorriente.<init>(CuentaCorriente.java:11)
	at com.docencia.herencia.ejercicio6.CuentaCorrienteTest.equals_mismo_id_misma_clase_es_true(CuentaCorrienteTest.java:36)
	at java.base/java.lang.reflect.Method.invoke(Method.java:569)
	at java.base/java.util.ArrayList.forEach(ArrayList.java:1511)
	at java.base/java.util.ArrayList.forEach(ArrayList.java:1511)

com.docencia.herencia.ejercicio6.CuentaCorrienteTest.es_instancia_de_la_clase_base -- Time elapsed: 0.001 s <<< ERROR!
java.lang.UnsupportedOperationException: El metodo no esta implementado
	at com.docencia.herencia.ejercicio6.CuentaCorriente.<init>(CuentaCorriente.java:11)
	at com.docencia.herencia.ejercicio6.CuentaCorrienteTest.es_instancia_de_la_clase_base(CuentaCorrienteTest.java:72)
	at java.base/java.lang.reflect.Method.invoke(Method.java:569)
	at java.base/java.util.ArrayList.forEach(ArrayList.java:1511)
	at java.base/java.util.ArrayList.forEach(ArrayList.java:1511)

com.docencia.herencia.ejercicio6.CuentaCorrienteTest.equals_distinto_id_es_false -- Time elapsed: 0.002 s <<< ERROR!
java.lang.UnsupportedOperationException: El metodo no esta implementado
	at com.docencia.herencia.ejercicio6.CuentaCorriente.<init>(CuentaCorriente.java:11)
	at com.docencia.herencia.ejercicio6.CuentaCorrienteTest.equals_distinto_id_es_false(CuentaCorrienteTest.java:51)
	at java.base/java.lang.reflect.Method.invoke(Method.java:569)
	at java.base/java.util.ArrayList.forEach(ArrayList.java:1511)
	at java.base/java.util.ArrayList.forEach(ArrayList.java:1511)

com.docencia.herencia.ejercicio6.CuentaCorrienteTest.constructor_genera_id_si_null -- Time elapsed: 0.007 s <<< ERROR!
java.lang.UnsupportedOperationException: El metodo no esta implementado
	at com.docencia.herencia.ejercicio6.CuentaCorriente.<init>(CuentaCorriente.java:11)
	at com.docencia.herencia.ejercicio6.CuentaCorrienteTest.constructor_genera_id_si_null(CuentaCorrienteTest.java:22)
	at java.base/java.lang.reflect.Method.invoke(Method.java:569)
	at java.base/java.util.ArrayList.forEach(ArrayList.java:1511)
	at java.base/java.util.ArrayList.forEach(ArrayList.java:1511)

com.docencia.herencia.ejercicio6.CuentaCorrienteTest.constructor_asigna_campos -- Time elapsed: 0.002 s <<< ERROR!
java.lang.UnsupportedOperationException: El metodo no esta implementado
	at com.docencia.herencia.ejercicio6.CuentaCorriente.<init>(CuentaCorriente.java:11)
	at com.docencia.herencia.ejercicio6.CuentaCorrienteTest.constructor_asigna_campos(CuentaCorrienteTest.java:13)
	at java.base/java.lang.reflect.Method.invoke(Method.java:569)
	at java.base/java.util.ArrayList.forEach(ArrayList.java:1511)
	at java.base/java.util.ArrayList.forEach(ArrayList.java:1511)

com.docencia.herencia.ejercicio6.CuentaCorrienteTest.toString_contiene_nombre_clase_y_campos -- Time elapsed: 0.001 s <<< ERROR!
java.lang.UnsupportedOperationException: El metodo no esta implementado
	at com.docencia.herencia.ejercicio6.CuentaCorriente.<init>(CuentaCorriente.java:11)
	at com.docencia.herencia.ejercicio6.CuentaCorrienteTest.toString_contiene_nombre_clase_y_campos(CuentaCorrienteTest.java:58)
	at java.base/java.lang.reflect.Method.invoke(Method.java:569)
	at java.base/java.util.ArrayList.forEach(ArrayList.java:1511)
	at java.base/java.util.ArrayList.forEach(ArrayList.java:1511)

