-------------------------------------------------------------------------------
Test set: com.docencia.sets.ejercicio5.ConjuntoFigurasTest
-------------------------------------------------------------------------------
Tests run: 10, Failures: 4, Errors: 5, Skipped: 0, Time elapsed: 0.012 s <<< FAILURE! -- in com.docencia.sets.ejercicio5.ConjuntoFigurasTest
com.docencia.sets.ejercicio5.ConjuntoFigurasTest.buscarPorIdOkTest -- Time elapsed: 0.001 s <<< ERROR!
java.lang.UnsupportedOperationException: El metodo no esta implementado
	at com.docencia.sets.ejercicio5.ConjuntoFiguras.anadir(ConjuntoFiguras.java:24)
	at com.docencia.sets.ejercicio5.ConjuntoFigurasTest.buscarPorIdOkTest(ConjuntoFigurasTest.java:64)
	at java.base/java.lang.reflect.Method.invoke(Method.java:569)
	at java.base/java.util.ArrayList.forEach(ArrayList.java:1511)
	at java.base/java.util.ArrayList.forEach(ArrayList.java:1511)

com.docencia.sets.ejercicio5.ConjuntoFigurasTest.modificarOkTest -- Time elapsed: 0.001 s <<< ERROR!
java.lang.UnsupportedOperationException: El metodo no esta implementado
	at com.docencia.sets.ejercicio5.ConjuntoFiguras.anadir(ConjuntoFiguras.java:24)
	at com.docencia.sets.ejercicio5.ConjuntoFigurasTest.modificarOkTest(ConjuntoFigurasTest.java:87)
	at java.base/java.lang.reflect.Method.invoke(Method.java:569)
	at java.base/java.util.ArrayList.forEach(ArrayList.java:1511)
	at java.base/java.util.ArrayList.forEach(ArrayList.java:1511)

com.docencia.sets.ejercicio5.ConjuntoFigurasTest.anadirNullTest -- Time elapsed: 0 s <<< FAILURE!
org.opentest4j.AssertionFailedError: Unexpected exception type thrown, expected: <java.lang.IllegalArgumentException> but was: <java.lang.UnsupportedOperationException>
	at org.junit.jupiter.api.AssertionFailureBuilder.build(AssertionFailureBuilder.java:151)
	at org.junit.jupiter.api.AssertThrows.assertThrows(AssertThrows.java:67)
	at org.junit.jupiter.api.AssertThrows.assertThrows(AssertThrows.java:35)
	at org.junit.jupiter.api.Assertions.assertThrows(Assertions.java:3115)
	at com.docencia.sets.ejercicio5.ConjuntoFigurasTest.anadirNullTest(ConjuntoFigurasTest.java:42)
	at java.base/java.lang.reflect.Method.invoke(Method.java:569)
	at java.base/java.util.ArrayList.forEach(ArrayList.java:1511)
	at java.base/java.util.ArrayList.forEach(ArrayList.java:1511)
Caused by: java.lang.UnsupportedOperationException: El metodo no esta implementado
	at com.docencia.sets.ejercicio5.ConjuntoFiguras.anadir(ConjuntoFiguras.java:24)
	at com.docencia.sets.ejercicio5.ConjuntoFigurasTest.lambda$anadirNullTest$0(ConjuntoFigurasTest.java:42)
	at org.junit.jupiter.api.AssertThrows.assertThrows(AssertThrows.java:53)
	... 6 more

com.docencia.sets.ejercicio5.ConjuntoFigurasTest.anadirDuplicadoIdTest -- Time elapsed: 0 s <<< ERROR!
java.lang.UnsupportedOperationException: El metodo no esta implementado
	at com.docencia.sets.ejercicio5.ConjuntoFiguras.anadir(ConjuntoFiguras.java:24)
	at com.docencia.sets.ejercicio5.ConjuntoFigurasTest.anadirDuplicadoIdTest(ConjuntoFigurasTest.java:56)
	at java.base/java.lang.reflect.Method.invoke(Method.java:569)
	at java.base/java.util.ArrayList.forEach(ArrayList.java:1511)
	at java.base/java.util.ArrayList.forEach(ArrayList.java:1511)

com.docencia.sets.ejercicio5.ConjuntoFigurasTest.buscarPorIdNullTest -- Time elapsed: 0 s <<< FAILURE!
org.opentest4j.AssertionFailedError: Unexpected exception type thrown, expected: <java.lang.IllegalArgumentException> but was: <java.lang.UnsupportedOperationException>
	at org.junit.jupiter.api.AssertionFailureBuilder.build(AssertionFailureBuilder.java:151)
	at org.junit.jupiter.api.AssertThrows.assertThrows(AssertThrows.java:67)
	at org.junit.jupiter.api.AssertThrows.assertThrows(AssertThrows.java:35)
	at org.junit.jupiter.api.Assertions.assertThrows(Assertions.java:3115)
	at com.docencia.sets.ejercicio5.ConjuntoFigurasTest.buscarPorIdNullTest(ConjuntoFigurasTest.java:71)
	at java.base/java.lang.reflect.Method.invoke(Method.java:569)
	at java.base/java.util.ArrayList.forEach(ArrayList.java:1511)
	at java.base/java.util.ArrayList.forEach(ArrayList.java:1511)
Caused by: java.lang.UnsupportedOperationException: El metodo no esta implementado
	at com.docencia.sets.ejercicio5.ConjuntoFiguras.buscarPorId(ConjuntoFiguras.java:29)
	at com.docencia.sets.ejercicio5.ConjuntoFigurasTest.lambda$buscarPorIdNullTest$3(ConjuntoFigurasTest.java:71)
	at org.junit.jupiter.api.AssertThrows.assertThrows(AssertThrows.java:53)
	... 6 more

com.docencia.sets.ejercicio5.ConjuntoFigurasTest.anadirOkTest -- Time elapsed: 0 s <<< ERROR!
java.lang.UnsupportedOperationException: El metodo no esta implementado
	at com.docencia.sets.ejercicio5.ConjuntoFiguras.anadir(ConjuntoFiguras.java:24)
	at com.docencia.sets.ejercicio5.ConjuntoFigurasTest.anadirOkTest(ConjuntoFigurasTest.java:34)
	at java.base/java.lang.reflect.Method.invoke(Method.java:569)
	at java.base/java.util.ArrayList.forEach(ArrayList.java:1511)
	at java.base/java.util.ArrayList.forEach(ArrayList.java:1511)

com.docencia.sets.ejercicio5.ConjuntoFigurasTest.anadirInvalidTest -- Time elapsed: 0.001 s <<< FAILURE!
org.opentest4j.AssertionFailedError: Unexpected exception type thrown, expected: <java.lang.IllegalArgumentException> but was: <java.lang.UnsupportedOperationException>
	at org.junit.jupiter.api.AssertionFailureBuilder.build(AssertionFailureBuilder.java:151)
	at org.junit.jupiter.api.AssertThrows.assertThrows(AssertThrows.java:67)
	at org.junit.jupiter.api.AssertThrows.assertThrows(AssertThrows.java:35)
	at org.junit.jupiter.api.Assertions.assertThrows(Assertions.java:3115)
	at com.docencia.sets.ejercicio5.ConjuntoFigurasTest.anadirInvalidTest(ConjuntoFigurasTest.java:49)
	at java.base/java.lang.reflect.Method.invoke(Method.java:569)
	at java.base/java.util.ArrayList.forEach(ArrayList.java:1511)
	at java.base/java.util.ArrayList.forEach(ArrayList.java:1511)
Caused by: java.lang.UnsupportedOperationException: El metodo no esta implementado
	at com.docencia.sets.ejercicio5.ConjuntoFiguras.anadir(ConjuntoFiguras.java:24)
	at com.docencia.sets.ejercicio5.ConjuntoFigurasTest.lambda$anadirInvalidTest$1(ConjuntoFigurasTest.java:49)
	at org.junit.jupiter.api.AssertThrows.assertThrows(AssertThrows.java:53)
	... 6 more

com.docencia.sets.ejercicio5.ConjuntoFigurasTest.eliminarPorIdOkTest -- Time elapsed: 0 s <<< ERROR!
java.lang.UnsupportedOperationException: El metodo no esta implementado
	at com.docencia.sets.ejercicio5.ConjuntoFiguras.anadir(ConjuntoFiguras.java:24)
	at com.docencia.sets.ejercicio5.ConjuntoFigurasTest.eliminarPorIdOkTest(ConjuntoFigurasTest.java:78)
	at java.base/java.lang.reflect.Method.invoke(Method.java:569)
	at java.base/java.util.ArrayList.forEach(ArrayList.java:1511)
	at java.base/java.util.ArrayList.forEach(ArrayList.java:1511)

com.docencia.sets.ejercicio5.ConjuntoFigurasTest.modificarNoExisteTest -- Time elapsed: 0 s <<< FAILURE!
org.opentest4j.AssertionFailedError: Unexpected exception type thrown, expected: <java.util.NoSuchElementException> but was: <java.lang.UnsupportedOperationException>
	at org.junit.jupiter.api.AssertionFailureBuilder.build(AssertionFailureBuilder.java:151)
	at org.junit.jupiter.api.AssertThrows.assertThrows(AssertThrows.java:67)
	at org.junit.jupiter.api.AssertThrows.assertThrows(AssertThrows.java:35)
	at org.junit.jupiter.api.Assertions.assertThrows(Assertions.java:3115)
	at com.docencia.sets.ejercicio5.ConjuntoFigurasTest.modificarNoExisteTest(ConjuntoFigurasTest.java:97)
	at java.base/java.lang.reflect.Method.invoke(Method.java:569)
	at java.base/java.util.ArrayList.forEach(ArrayList.java:1511)
	at java.base/java.util.ArrayList.forEach(ArrayList.java:1511)
Caused by: java.lang.UnsupportedOperationException: El metodo no esta implementado
	at com.docencia.sets.ejercicio5.ConjuntoFiguras.modificar(ConjuntoFiguras.java:39)
	at com.docencia.sets.ejercicio5.ConjuntoFigurasTest.lambda$modificarNoExisteTest$4(ConjuntoFigurasTest.java:97)
	at org.junit.jupiter.api.AssertThrows.assertThrows(AssertThrows.java:53)
	... 6 more

