-------------------------------------------------------------------------------
Test set: com.docencia.herencia.ejercicio2.CocheTest
-------------------------------------------------------------------------------
Tests run: 9, Failures: 0, Errors: 9, Skipped: 0, Time elapsed: 0.014 s <<< FAILURE! -- in com.docencia.herencia.ejercicio2.CocheTest
com.docencia.herencia.ejercicio2.CocheTest.metodo_abstracto_implementado_devuelve_esperado -- Time elapsed: 0.001 s <<< ERROR!
java.lang.UnsupportedOperationException: El metodo no esta implementado
	at com.docencia.herencia.ejercicio2.Coche.<init>(Coche.java:11)
	at com.docencia.herencia.ejercicio2.CocheTest.metodo_abstracto_implementado_devuelve_esperado(CocheTest.java:66)
	at java.base/java.lang.reflect.Method.invoke(Method.java:569)
	at java.base/java.util.ArrayList.forEach(ArrayList.java:1511)
	at java.base/java.util.ArrayList.forEach(ArrayList.java:1511)

com.docencia.herencia.ejercicio2.CocheTest.equals_otro_tipo_es_false -- Time elapsed: 0 s <<< ERROR!
java.lang.UnsupportedOperationException: El metodo no esta implementado
	at com.docencia.herencia.ejercicio2.Coche.<init>(Coche.java:11)
	at com.docencia.herencia.ejercicio2.CocheTest.equals_otro_tipo_es_false(CocheTest.java:44)
	at java.base/java.lang.reflect.Method.invoke(Method.java:569)
	at java.base/java.util.ArrayList.forEach(ArrayList.java:1511)
	at java.base/java.util.ArrayList.forEach(ArrayList.java:1511)

com.docencia.herencia.ejercicio2.CocheTest.ids_son_unicos_en_instancias_distintas -- Time elapsed: 0.001 s <<< ERROR!
java.lang.UnsupportedOperationException: El metodo no esta implementado
	at com.docencia.herencia.ejercicio2.Coche.<init>(Coche.java:11)
	at com.docencia.herencia.ejercicio2.CocheTest.ids_son_unicos_en_instancias_distintas(CocheTest.java:28)
	at java.base/java.lang.reflect.Method.invoke(Method.java:569)
	at java.base/java.util.ArrayList.forEach(ArrayList.java:1511)
	at java.base/java.util.ArrayList.forEach(ArrayList.java:1511)

com.docencia.herencia.ejercicio2.CocheTest.equals_mismo_id_misma_clase_es_true -- Time elapsed: 0 s <<< ERROR!
java.lang.UnsupportedOperationException: El metodo no esta implementado
	at com.docencia.herencia.ejercicio2.Coche.<init>(Coche.java:11)
	at com.docencia.herencia.ejercicio2.CocheTest.equals_mismo_id_misma_clase_es_true(CocheTest.java:36)
	at java.base/java.lang.reflect.Method.invoke(Method.java:569)
	at java.base/java.util.ArrayList.forEach(ArrayList.java:1511)
	at java.base/java.util.ArrayList.forEach(ArrayList.java:1511)

com.docencia.herencia.ejercicio2.CocheTest.es_instancia_de_la_clase_base -- Time elapsed: 0.001 s <<< ERROR!
java.lang.UnsupportedOperationException: El metodo no esta implementado
	at com.docencia.herencia.ejercicio2.Coche.<init>(Coche.java:11)
	at com.docencia.herencia.ejercicio2.CocheTest.es_instancia_de_la_clase_base(CocheTest.java:72)
	at java.base/java.lang.reflect.Method.invoke(Method.java:569)
	at java.base/java.util.ArrayList.forEach(ArrayList.java:1511)
	at java.base/java.util.ArrayList.forEach(ArrayList.java:1511)

com.docencia.herencia.ejercicio2.CocheTest.equals_distinto_id_es_false -- Time elapsed: 0.001 s <<< ERROR!
java.lang.UnsupportedOperationException: El metodo no esta implementado
	at com.docencia.herencia.ejercicio2.Coche.<init>(Coche.java:11)
	at com.docencia.herencia.ejercicio2.CocheTest.equals_distinto_id_es_false(CocheTest.java:51)
	at java.base/java.lang.reflect.Method.invoke(Method.java:569)
	at java.base/java.util.ArrayList.forEach(ArrayList.java:1511)
	at java.base/java.util.ArrayList.forEach(ArrayList.java:1511)

com.docencia.herencia.ejercicio2.CocheTest.constructor_genera_id_si_null -- Time elapsed: 0.001 s <<< ERROR!
java.lang.UnsupportedOperationException: El metodo no esta implementado
	at com.docencia.herencia.ejercicio2.Coche.<init>(Coche.java:11)
	at com.docencia.herencia.ejercicio2.CocheTest.constructor_genera_id_si_null(CocheTest.java:22)
	at java.base/java.lang.reflect.Method.invoke(Method.java:569)
	at java.base/java.util.ArrayList.forEach(ArrayList.java:1511)
	at java.base/java.util.ArrayList.forEach(ArrayList.java:1511)

com.docencia.herencia.ejercicio2.CocheTest.constructor_asigna_campos -- Time elapsed: 0.001 s <<< ERROR!
java.lang.UnsupportedOperationException: El metodo no esta implementado
	at com.docencia.herencia.ejercicio2.Coche.<init>(Coche.java:11)
	at com.docencia.herencia.ejercicio2.CocheTest.constructor_asigna_campos(CocheTest.java:13)
	at java.base/java.lang.reflect.Method.invoke(Method.java:569)
	at java.base/java.util.ArrayList.forEach(ArrayList.java:1511)
	at java.base/java.util.ArrayList.forEach(ArrayList.java:1511)

com.docencia.herencia.ejercicio2.CocheTest.toString_contiene_nombre_clase_y_campos -- Time elapsed: 0 s <<< ERROR!
java.lang.UnsupportedOperationException: El metodo no esta implementado
	at com.docencia.herencia.ejercicio2.Coche.<init>(Coche.java:11)
	at com.docencia.herencia.ejercicio2.CocheTest.toString_contiene_nombre_clase_y_campos(CocheTest.java:58)
	at java.base/java.lang.reflect.Method.invoke(Method.java:569)
	at java.base/java.util.ArrayList.forEach(ArrayList.java:1511)
	at java.base/java.util.ArrayList.forEach(ArrayList.java:1511)

