-------------------------------------------------------------------------------
Test set: com.docencia.herencia.ejercicio9.LibroTest
-------------------------------------------------------------------------------
Tests run: 9, Failures: 0, Errors: 9, Skipped: 0, Time elapsed: 0.040 s <<< FAILURE! -- in com.docencia.herencia.ejercicio9.LibroTest
com.docencia.herencia.ejercicio9.LibroTest.metodo_abstracto_implementado_devuelve_esperado -- Time elapsed: 0.001 s <<< ERROR!
java.lang.UnsupportedOperationException: El metodo no esta implementado
	at com.docencia.herencia.ejercicio9.Libro.<init>(Libro.java:11)
	at com.docencia.herencia.ejercicio9.LibroTest.metodo_abstracto_implementado_devuelve_esperado(LibroTest.java:66)
	at java.base/java.lang.reflect.Method.invoke(Method.java:569)
	at java.base/java.util.ArrayList.forEach(ArrayList.java:1511)
	at java.base/java.util.ArrayList.forEach(ArrayList.java:1511)

com.docencia.herencia.ejercicio9.LibroTest.equals_otro_tipo_es_false -- Time elapsed: 0.002 s <<< ERROR!
java.lang.UnsupportedOperationException: El metodo no esta implementado
	at com.docencia.herencia.ejercicio9.Libro.<init>(Libro.java:11)
	at com.docencia.herencia.ejercicio9.LibroTest.equals_otro_tipo_es_false(LibroTest.java:44)
	at java.base/java.lang.reflect.Method.invoke(Method.java:569)
	at java.base/java.util.ArrayList.forEach(ArrayList.java:1511)
	at java.base/java.util.ArrayList.forEach(ArrayList.java:1511)

com.docencia.herencia.ejercicio9.LibroTest.ids_son_unicos_en_instancias_distintas -- Time elapsed: 0.003 s <<< ERROR!
java.lang.UnsupportedOperationException: El metodo no esta implementado
	at com.docencia.herencia.ejercicio9.Libro.<init>(Libro.java:11)
	at com.docencia.herencia.ejercicio9.LibroTest.ids_son_unicos_en_instancias_distintas(LibroTest.java:28)
	at java.base/java.lang.reflect.Method.invoke(Method.java:569)
	at java.base/java.util.ArrayList.forEach(ArrayList.java:1511)
	at java.base/java.util.ArrayList.forEach(ArrayList.java:1511)

com.docencia.herencia.ejercicio9.LibroTest.equals_mismo_id_misma_clase_es_true -- Time elapsed: 0.004 s <<< ERROR!
java.lang.UnsupportedOperationException: El metodo no esta implementado
	at com.docencia.herencia.ejercicio9.Libro.<init>(Libro.java:11)
	at com.docencia.herencia.ejercicio9.LibroTest.equals_mismo_id_misma_clase_es_true(LibroTest.java:36)
	at java.base/java.lang.reflect.Method.invoke(Method.java:569)
	at java.base/java.util.ArrayList.forEach(ArrayList.java:1511)
	at java.base/java.util.ArrayList.forEach(ArrayList.java:1511)

com.docencia.herencia.ejercicio9.LibroTest.es_instancia_de_la_clase_base -- Time elapsed: 0.001 s <<< ERROR!
java.lang.UnsupportedOperationException: El metodo no esta implementado
	at com.docencia.herencia.ejercicio9.Libro.<init>(Libro.java:11)
	at com.docencia.herencia.ejercicio9.LibroTest.es_instancia_de_la_clase_base(LibroTest.java:72)
	at java.base/java.lang.reflect.Method.invoke(Method.java:569)
	at java.base/java.util.ArrayList.forEach(ArrayList.java:1511)
	at java.base/java.util.ArrayList.forEach(ArrayList.java:1511)

com.docencia.herencia.ejercicio9.LibroTest.equals_distinto_id_es_false -- Time elapsed: 0.001 s <<< ERROR!
java.lang.UnsupportedOperationException: El metodo no esta implementado
	at com.docencia.herencia.ejercicio9.Libro.<init>(Libro.java:11)
	at com.docencia.herencia.ejercicio9.LibroTest.equals_distinto_id_es_false(LibroTest.java:51)
	at java.base/java.lang.reflect.Method.invoke(Method.java:569)
	at java.base/java.util.ArrayList.forEach(ArrayList.java:1511)
	at java.base/java.util.ArrayList.forEach(ArrayList.java:1511)

com.docencia.herencia.ejercicio9.LibroTest.constructor_genera_id_si_null -- Time elapsed: 0.001 s <<< ERROR!
java.lang.UnsupportedOperationException: El metodo no esta implementado
	at com.docencia.herencia.ejercicio9.Libro.<init>(Libro.java:11)
	at com.docencia.herencia.ejercicio9.LibroTest.constructor_genera_id_si_null(LibroTest.java:22)
	at java.base/java.lang.reflect.Method.invoke(Method.java:569)
	at java.base/java.util.ArrayList.forEach(ArrayList.java:1511)
	at java.base/java.util.ArrayList.forEach(ArrayList.java:1511)

com.docencia.herencia.ejercicio9.LibroTest.constructor_asigna_campos -- Time elapsed: 0.001 s <<< ERROR!
java.lang.UnsupportedOperationException: El metodo no esta implementado
	at com.docencia.herencia.ejercicio9.Libro.<init>(Libro.java:11)
	at com.docencia.herencia.ejercicio9.LibroTest.constructor_asigna_campos(LibroTest.java:13)
	at java.base/java.lang.reflect.Method.invoke(Method.java:569)
	at java.base/java.util.ArrayList.forEach(ArrayList.java:1511)
	at java.base/java.util.ArrayList.forEach(ArrayList.java:1511)

com.docencia.herencia.ejercicio9.LibroTest.toString_contiene_nombre_clase_y_campos -- Time elapsed: 0.001 s <<< ERROR!
java.lang.UnsupportedOperationException: El metodo no esta implementado
	at com.docencia.herencia.ejercicio9.Libro.<init>(Libro.java:11)
	at com.docencia.herencia.ejercicio9.LibroTest.toString_contiene_nombre_clase_y_campos(LibroTest.java:58)
	at java.base/java.lang.reflect.Method.invoke(Method.java:569)
	at java.base/java.util.ArrayList.forEach(ArrayList.java:1511)
	at java.base/java.util.ArrayList.forEach(ArrayList.java:1511)

