-------------------------------------------------------------------------------
Test set: com.docencia.interfaces.ejercicio1.NominaTest
-------------------------------------------------------------------------------
Tests run: 8, Failures: 0, Errors: 7, Skipped: 0, Time elapsed: 0.035 s <<< FAILURE! -- in com.docencia.interfaces.ejercicio1.NominaTest
com.docencia.interfaces.ejercicio1.NominaTest.idsDiferentesParaInstanciasDistintas -- Time elapsed: 0.004 s <<< ERROR!
java.lang.UnsupportedOperationException: El metodo no esta implementado
	at com.docencia.interfaces.ejercicio1.Nomina.<init>(Nomina.java:15)
	at com.docencia.interfaces.ejercicio1.NominaTest.idsDiferentesParaInstanciasDistintas(NominaTest.java:31)
	at java.base/java.lang.reflect.Method.invoke(Method.java:569)
	at java.base/java.util.ArrayList.forEach(ArrayList.java:1511)
	at java.base/java.util.ArrayList.forEach(ArrayList.java:1511)

com.docencia.interfaces.ejercicio1.NominaTest.toStringContieneClaseEId -- Time elapsed: 0.001 s <<< ERROR!
java.lang.UnsupportedOperationException: El metodo no esta implementado
	at com.docencia.interfaces.ejercicio1.Nomina.<init>(Nomina.java:15)
	at com.docencia.interfaces.ejercicio1.NominaTest.toStringContieneClaseEId(NominaTest.java:55)
	at java.base/java.lang.reflect.Method.invoke(Method.java:569)
	at java.base/java.util.ArrayList.forEach(ArrayList.java:1511)
	at java.base/java.util.ArrayList.forEach(ArrayList.java:1511)

com.docencia.interfaces.ejercicio1.NominaTest.equalsIdDistintoEsFalse -- Time elapsed: 0.002 s <<< ERROR!
java.lang.UnsupportedOperationException: El metodo no esta implementado
	at com.docencia.interfaces.ejercicio1.Nomina.<init>(Nomina.java:15)
	at com.docencia.interfaces.ejercicio1.NominaTest.equalsIdDistintoEsFalse(NominaTest.java:47)
	at java.base/java.lang.reflect.Method.invoke(Method.java:569)
	at java.base/java.util.ArrayList.forEach(ArrayList.java:1511)
	at java.base/java.util.ArrayList.forEach(ArrayList.java:1511)

com.docencia.interfaces.ejercicio1.NominaTest.constructorAsignaCampos -- Time elapsed: 0.005 s <<< ERROR!
java.lang.UnsupportedOperationException: El metodo no esta implementado
	at com.docencia.interfaces.ejercicio1.Nomina.<init>(Nomina.java:15)
	at com.docencia.interfaces.ejercicio1.NominaTest.constructorAsignaCampos(NominaTest.java:17)
	at java.base/java.lang.reflect.Method.invoke(Method.java:569)
	at java.base/java.util.ArrayList.forEach(ArrayList.java:1511)
	at java.base/java.util.ArrayList.forEach(ArrayList.java:1511)

com.docencia.interfaces.ejercicio1.NominaTest.idSeAutogeneraSiEsNull -- Time elapsed: 0.002 s <<< ERROR!
java.lang.UnsupportedOperationException: El metodo no esta implementado
	at com.docencia.interfaces.ejercicio1.Nomina.<init>(Nomina.java:15)
	at com.docencia.interfaces.ejercicio1.NominaTest.idSeAutogeneraSiEsNull(NominaTest.java:25)
	at java.base/java.lang.reflect.Method.invoke(Method.java:569)
	at java.base/java.util.ArrayList.forEach(ArrayList.java:1511)
	at java.base/java.util.ArrayList.forEach(ArrayList.java:1511)

com.docencia.interfaces.ejercicio1.NominaTest.implementaInterfazYEjecutaMetodo -- Time elapsed: 0.001 s <<< ERROR!
java.lang.UnsupportedOperationException: El metodo no esta implementado
	at com.docencia.interfaces.ejercicio1.Nomina.<init>(Nomina.java:15)
	at com.docencia.interfaces.ejercicio1.NominaTest.implementaInterfazYEjecutaMetodo(NominaTest.java:63)
	at java.base/java.lang.reflect.Method.invoke(Method.java:569)
	at java.base/java.util.ArrayList.forEach(ArrayList.java:1511)
	at java.base/java.util.ArrayList.forEach(ArrayList.java:1511)

com.docencia.interfaces.ejercicio1.NominaTest.equalsMismoIdEsTrue -- Time elapsed: 0.001 s <<< ERROR!
java.lang.UnsupportedOperationException: El metodo no esta implementado
	at com.docencia.interfaces.ejercicio1.Nomina.<init>(Nomina.java:15)
	at com.docencia.interfaces.ejercicio1.NominaTest.equalsMismoIdEsTrue(NominaTest.java:39)
	at java.base/java.lang.reflect.Method.invoke(Method.java:569)
	at java.base/java.util.ArrayList.forEach(ArrayList.java:1511)
	at java.base/java.util.ArrayList.forEach(ArrayList.java:1511)

