-------------------------------------------------------------------------------
Test set: com.docencia.interfaces.ejercicio5.SensorTemperaturaTest
-------------------------------------------------------------------------------
Tests run: 8, Failures: 0, Errors: 7, Skipped: 0, Time elapsed: 0.009 s <<< FAILURE! -- in com.docencia.interfaces.ejercicio5.SensorTemperaturaTest
com.docencia.interfaces.ejercicio5.SensorTemperaturaTest.idsDiferentesParaInstanciasDistintas -- Time elapsed: 0.001 s <<< ERROR!
java.lang.UnsupportedOperationException: El metodo no esta implementado
	at com.docencia.interfaces.ejercicio5.SensorTemperatura.<init>(SensorTemperatura.java:15)
	at com.docencia.interfaces.ejercicio5.SensorTemperaturaTest.idsDiferentesParaInstanciasDistintas(SensorTemperaturaTest.java:31)
	at java.base/java.lang.reflect.Method.invoke(Method.java:569)
	at java.base/java.util.ArrayList.forEach(ArrayList.java:1511)
	at java.base/java.util.ArrayList.forEach(ArrayList.java:1511)

com.docencia.interfaces.ejercicio5.SensorTemperaturaTest.toStringContieneClaseEId -- Time elapsed: 0 s <<< ERROR!
java.lang.UnsupportedOperationException: El metodo no esta implementado
	at com.docencia.interfaces.ejercicio5.SensorTemperatura.<init>(SensorTemperatura.java:15)
	at com.docencia.interfaces.ejercicio5.SensorTemperaturaTest.toStringContieneClaseEId(SensorTemperaturaTest.java:55)
	at java.base/java.lang.reflect.Method.invoke(Method.java:569)
	at java.base/java.util.ArrayList.forEach(ArrayList.java:1511)
	at java.base/java.util.ArrayList.forEach(ArrayList.java:1511)

com.docencia.interfaces.ejercicio5.SensorTemperaturaTest.equalsIdDistintoEsFalse -- Time elapsed: 0 s <<< ERROR!
java.lang.UnsupportedOperationException: El metodo no esta implementado
	at com.docencia.interfaces.ejercicio5.SensorTemperatura.<init>(SensorTemperatura.java:15)
	at com.docencia.interfaces.ejercicio5.SensorTemperaturaTest.equalsIdDistintoEsFalse(SensorTemperaturaTest.java:47)
	at java.base/java.lang.reflect.Method.invoke(Method.java:569)
	at java.base/java.util.ArrayList.forEach(ArrayList.java:1511)
	at java.base/java.util.ArrayList.forEach(ArrayList.java:1511)

com.docencia.interfaces.ejercicio5.SensorTemperaturaTest.constructorAsignaCampos -- Time elapsed: 0 s <<< ERROR!
java.lang.UnsupportedOperationException: El metodo no esta implementado
	at com.docencia.interfaces.ejercicio5.SensorTemperatura.<init>(SensorTemperatura.java:15)
	at com.docencia.interfaces.ejercicio5.SensorTemperaturaTest.constructorAsignaCampos(SensorTemperaturaTest.java:17)
	at java.base/java.lang.reflect.Method.invoke(Method.java:569)
	at java.base/java.util.ArrayList.forEach(ArrayList.java:1511)
	at java.base/java.util.ArrayList.forEach(ArrayList.java:1511)

com.docencia.interfaces.ejercicio5.SensorTemperaturaTest.idSeAutogeneraSiEsNull -- Time elapsed: 0.001 s <<< ERROR!
java.lang.UnsupportedOperationException: El metodo no esta implementado
	at com.docencia.interfaces.ejercicio5.SensorTemperatura.<init>(SensorTemperatura.java:15)
	at com.docencia.interfaces.ejercicio5.SensorTemperaturaTest.idSeAutogeneraSiEsNull(SensorTemperaturaTest.java:25)
	at java.base/java.lang.reflect.Method.invoke(Method.java:569)
	at java.base/java.util.ArrayList.forEach(ArrayList.java:1511)
	at java.base/java.util.ArrayList.forEach(ArrayList.java:1511)

com.docencia.interfaces.ejercicio5.SensorTemperaturaTest.implementaInterfazYEjecutaMetodo -- Time elapsed: 0 s <<< ERROR!
java.lang.UnsupportedOperationException: El metodo no esta implementado
	at com.docencia.interfaces.ejercicio5.SensorTemperatura.<init>(SensorTemperatura.java:15)
	at com.docencia.interfaces.ejercicio5.SensorTemperaturaTest.implementaInterfazYEjecutaMetodo(SensorTemperaturaTest.java:63)
	at java.base/java.lang.reflect.Method.invoke(Method.java:569)
	at java.base/java.util.ArrayList.forEach(ArrayList.java:1511)
	at java.base/java.util.ArrayList.forEach(ArrayList.java:1511)

com.docencia.interfaces.ejercicio5.SensorTemperaturaTest.equalsMismoIdEsTrue -- Time elapsed: 0 s <<< ERROR!
java.lang.UnsupportedOperationException: El metodo no esta implementado
	at com.docencia.interfaces.ejercicio5.SensorTemperatura.<init>(SensorTemperatura.java:15)
	at com.docencia.interfaces.ejercicio5.SensorTemperaturaTest.equalsMismoIdEsTrue(SensorTemperaturaTest.java:39)
	at java.base/java.lang.reflect.Method.invoke(Method.java:569)
	at java.base/java.util.ArrayList.forEach(ArrayList.java:1511)
	at java.base/java.util.ArrayList.forEach(ArrayList.java:1511)

