-------------------------------------------------------------------------------
Test set: com.docencia.maps.ejercicio10.MapaDocumentosTest
-------------------------------------------------------------------------------
Tests run: 10, Failures: 4, Errors: 5, Skipped: 0, Time elapsed: 0.028 s <<< FAILURE! -- in com.docencia.maps.ejercicio10.MapaDocumentosTest
com.docencia.maps.ejercicio10.MapaDocumentosTest.buscarPorIdOkTest -- Time elapsed: 0.001 s <<< ERROR!
java.lang.UnsupportedOperationException: El metodo no esta implementado
	at com.docencia.maps.ejercicio10.MapaDocumentos.anadir(MapaDocumentos.java:23)
	at com.docencia.maps.ejercicio10.MapaDocumentosTest.buscarPorIdOkTest(MapaDocumentosTest.java:64)
	at java.base/java.lang.reflect.Method.invoke(Method.java:565)
	at java.base/java.util.ArrayList.forEach(ArrayList.java:1604)
	at java.base/java.util.ArrayList.forEach(ArrayList.java:1604)

com.docencia.maps.ejercicio10.MapaDocumentosTest.modificarOkTest -- Time elapsed: 0.001 s <<< ERROR!
java.lang.UnsupportedOperationException: El metodo no esta implementado
	at com.docencia.maps.ejercicio10.MapaDocumentos.anadir(MapaDocumentos.java:23)
	at com.docencia.maps.ejercicio10.MapaDocumentosTest.modificarOkTest(MapaDocumentosTest.java:87)
	at java.base/java.lang.reflect.Method.invoke(Method.java:565)
	at java.base/java.util.ArrayList.forEach(ArrayList.java:1604)
	at java.base/java.util.ArrayList.forEach(ArrayList.java:1604)

com.docencia.maps.ejercicio10.MapaDocumentosTest.anadirNullTest -- Time elapsed: 0.004 s <<< FAILURE!
org.opentest4j.AssertionFailedError: Unexpected exception type thrown, expected: <java.lang.IllegalArgumentException> but was: <java.lang.UnsupportedOperationException>
	at org.junit.jupiter.api.AssertionFailureBuilder.build(AssertionFailureBuilder.java:151)
	at org.junit.jupiter.api.AssertThrows.assertThrows(AssertThrows.java:67)
	at org.junit.jupiter.api.AssertThrows.assertThrows(AssertThrows.java:35)
	at org.junit.jupiter.api.Assertions.assertThrows(Assertions.java:3115)
	at com.docencia.maps.ejercicio10.MapaDocumentosTest.anadirNullTest(MapaDocumentosTest.java:42)
	at java.base/java.lang.reflect.Method.invoke(Method.java:565)
	at java.base/java.util.ArrayList.forEach(ArrayList.java:1604)
	at java.base/java.util.ArrayList.forEach(ArrayList.java:1604)
Caused by: java.lang.UnsupportedOperationException: El metodo no esta implementado
	at com.docencia.maps.ejercicio10.MapaDocumentos.anadir(MapaDocumentos.java:23)
	at com.docencia.maps.ejercicio10.MapaDocumentosTest.lambda$anadirNullTest$0(MapaDocumentosTest.java:42)
	at org.junit.jupiter.api.AssertThrows.assertThrows(AssertThrows.java:53)
	... 6 more

com.docencia.maps.ejercicio10.MapaDocumentosTest.anadirDuplicadoIdTest -- Time elapsed: 0 s <<< ERROR!
java.lang.UnsupportedOperationException: El metodo no esta implementado
	at com.docencia.maps.ejercicio10.MapaDocumentos.anadir(MapaDocumentos.java:23)
	at com.docencia.maps.ejercicio10.MapaDocumentosTest.anadirDuplicadoIdTest(MapaDocumentosTest.java:56)
	at java.base/java.lang.reflect.Method.invoke(Method.java:565)
	at java.base/java.util.ArrayList.forEach(ArrayList.java:1604)
	at java.base/java.util.ArrayList.forEach(ArrayList.java:1604)

com.docencia.maps.ejercicio10.MapaDocumentosTest.buscarPorIdNullTest -- Time elapsed: 0.002 s <<< FAILURE!
org.opentest4j.AssertionFailedError: Unexpected exception type thrown, expected: <java.lang.IllegalArgumentException> but was: <java.lang.UnsupportedOperationException>
	at org.junit.jupiter.api.AssertionFailureBuilder.build(AssertionFailureBuilder.java:151)
	at org.junit.jupiter.api.AssertThrows.assertThrows(AssertThrows.java:67)
	at org.junit.jupiter.api.AssertThrows.assertThrows(AssertThrows.java:35)
	at org.junit.jupiter.api.Assertions.assertThrows(Assertions.java:3115)
	at com.docencia.maps.ejercicio10.MapaDocumentosTest.buscarPorIdNullTest(MapaDocumentosTest.java:71)
	at java.base/java.lang.reflect.Method.invoke(Method.java:565)
	at java.base/java.util.ArrayList.forEach(ArrayList.java:1604)
	at java.base/java.util.ArrayList.forEach(ArrayList.java:1604)
Caused by: java.lang.UnsupportedOperationException: El metodo no esta implementado
	at com.docencia.maps.ejercicio10.MapaDocumentos.buscarPorId(MapaDocumentos.java:28)
	at com.docencia.maps.ejercicio10.MapaDocumentosTest.lambda$buscarPorIdNullTest$0(MapaDocumentosTest.java:71)
	at org.junit.jupiter.api.AssertThrows.assertThrows(AssertThrows.java:53)
	... 6 more

com.docencia.maps.ejercicio10.MapaDocumentosTest.anadirOkTest -- Time elapsed: 0.001 s <<< ERROR!
java.lang.UnsupportedOperationException: El metodo no esta implementado
	at com.docencia.maps.ejercicio10.MapaDocumentos.anadir(MapaDocumentos.java:23)
	at com.docencia.maps.ejercicio10.MapaDocumentosTest.anadirOkTest(MapaDocumentosTest.java:34)
	at java.base/java.lang.reflect.Method.invoke(Method.java:565)
	at java.base/java.util.ArrayList.forEach(ArrayList.java:1604)
	at java.base/java.util.ArrayList.forEach(ArrayList.java:1604)

com.docencia.maps.ejercicio10.MapaDocumentosTest.anadirInvalidTest -- Time elapsed: 0.001 s <<< FAILURE!
org.opentest4j.AssertionFailedError: Unexpected exception type thrown, expected: <java.lang.IllegalArgumentException> but was: <java.lang.UnsupportedOperationException>
	at org.junit.jupiter.api.AssertionFailureBuilder.build(AssertionFailureBuilder.java:151)
	at org.junit.jupiter.api.AssertThrows.assertThrows(AssertThrows.java:67)
	at org.junit.jupiter.api.AssertThrows.assertThrows(AssertThrows.java:35)
	at org.junit.jupiter.api.Assertions.assertThrows(Assertions.java:3115)
	at com.docencia.maps.ejercicio10.MapaDocumentosTest.anadirInvalidTest(MapaDocumentosTest.java:49)
	at java.base/java.lang.reflect.Method.invoke(Method.java:565)
	at java.base/java.util.ArrayList.forEach(ArrayList.java:1604)
	at java.base/java.util.ArrayList.forEach(ArrayList.java:1604)
Caused by: java.lang.UnsupportedOperationException: El metodo no esta implementado
	at com.docencia.maps.ejercicio10.MapaDocumentos.anadir(MapaDocumentos.java:23)
	at com.docencia.maps.ejercicio10.MapaDocumentosTest.lambda$anadirInvalidTest$0(MapaDocumentosTest.java:49)
	at org.junit.jupiter.api.AssertThrows.assertThrows(AssertThrows.java:53)
	... 6 more

com.docencia.maps.ejercicio10.MapaDocumentosTest.eliminarPorIdOkTest -- Time elapsed: 0.001 s <<< ERROR!
java.lang.UnsupportedOperationException: El metodo no esta implementado
	at com.docencia.maps.ejercicio10.MapaDocumentos.anadir(MapaDocumentos.java:23)
	at com.docencia.maps.ejercicio10.MapaDocumentosTest.eliminarPorIdOkTest(MapaDocumentosTest.java:78)
	at java.base/java.lang.reflect.Method.invoke(Method.java:565)
	at java.base/java.util.ArrayList.forEach(ArrayList.java:1604)
	at java.base/java.util.ArrayList.forEach(ArrayList.java:1604)

com.docencia.maps.ejercicio10.MapaDocumentosTest.modificarNoExisteTest -- Time elapsed: 0.001 s <<< FAILURE!
org.opentest4j.AssertionFailedError: Unexpected exception type thrown, expected: <java.util.NoSuchElementException> but was: <java.lang.UnsupportedOperationException>
	at org.junit.jupiter.api.AssertionFailureBuilder.build(AssertionFailureBuilder.java:151)
	at org.junit.jupiter.api.AssertThrows.assertThrows(AssertThrows.java:67)
	at org.junit.jupiter.api.AssertThrows.assertThrows(AssertThrows.java:35)
	at org.junit.jupiter.api.Assertions.assertThrows(Assertions.java:3115)
	at com.docencia.maps.ejercicio10.MapaDocumentosTest.modificarNoExisteTest(MapaDocumentosTest.java:97)
	at java.base/java.lang.reflect.Method.invoke(Method.java:565)
	at java.base/java.util.ArrayList.forEach(ArrayList.java:1604)
	at java.base/java.util.ArrayList.forEach(ArrayList.java:1604)
Caused by: java.lang.UnsupportedOperationException: El metodo no esta implementado
	at com.docencia.maps.ejercicio10.MapaDocumentos.modificar(MapaDocumentos.java:37)
	at com.docencia.maps.ejercicio10.MapaDocumentosTest.lambda$modificarNoExisteTest$0(MapaDocumentosTest.java:97)
	at org.junit.jupiter.api.AssertThrows.assertThrows(AssertThrows.java:53)
	... 6 more

