-------------------------------------------------------------------------------
Test set: com.docencia.maps.ejercicio1.MapaPersonasTest
-------------------------------------------------------------------------------
Tests run: 10, Failures: 4, Errors: 5, Skipped: 0, Time elapsed: 0.057 s <<< FAILURE! -- in com.docencia.maps.ejercicio1.MapaPersonasTest
com.docencia.maps.ejercicio1.MapaPersonasTest.buscarPorIdOkTest -- Time elapsed: 0.011 s <<< ERROR!
java.lang.UnsupportedOperationException: El metodo no esta implementado
	at com.docencia.maps.ejercicio1.MapaPersonas.anadir(MapaPersonas.java:22)
	at com.docencia.maps.ejercicio1.MapaPersonasTest.buscarPorIdOkTest(MapaPersonasTest.java:64)
	at java.base/java.lang.reflect.Method.invoke(Method.java:569)
	at java.base/java.util.ArrayList.forEach(ArrayList.java:1511)
	at java.base/java.util.ArrayList.forEach(ArrayList.java:1511)

com.docencia.maps.ejercicio1.MapaPersonasTest.modificarOkTest -- Time elapsed: 0.003 s <<< ERROR!
java.lang.UnsupportedOperationException: El metodo no esta implementado
	at com.docencia.maps.ejercicio1.MapaPersonas.anadir(MapaPersonas.java:22)
	at com.docencia.maps.ejercicio1.MapaPersonasTest.modificarOkTest(MapaPersonasTest.java:87)
	at java.base/java.lang.reflect.Method.invoke(Method.java:569)
	at java.base/java.util.ArrayList.forEach(ArrayList.java:1511)
	at java.base/java.util.ArrayList.forEach(ArrayList.java:1511)

com.docencia.maps.ejercicio1.MapaPersonasTest.anadirNullTest -- Time elapsed: 0.011 s <<< FAILURE!
org.opentest4j.AssertionFailedError: Unexpected exception type thrown, expected: <java.lang.IllegalArgumentException> but was: <java.lang.UnsupportedOperationException>
	at org.junit.jupiter.api.AssertionFailureBuilder.build(AssertionFailureBuilder.java:151)
	at org.junit.jupiter.api.AssertThrows.assertThrows(AssertThrows.java:67)
	at org.junit.jupiter.api.AssertThrows.assertThrows(AssertThrows.java:35)
	at org.junit.jupiter.api.Assertions.assertThrows(Assertions.java:3115)
	at com.docencia.maps.ejercicio1.MapaPersonasTest.anadirNullTest(MapaPersonasTest.java:42)
	at java.base/java.lang.reflect.Method.invoke(Method.java:569)
	at java.base/java.util.ArrayList.forEach(ArrayList.java:1511)
	at java.base/java.util.ArrayList.forEach(ArrayList.java:1511)
Caused by: java.lang.UnsupportedOperationException: El metodo no esta implementado
	at com.docencia.maps.ejercicio1.MapaPersonas.anadir(MapaPersonas.java:22)
	at com.docencia.maps.ejercicio1.MapaPersonasTest.lambda$anadirNullTest$0(MapaPersonasTest.java:42)
	at org.junit.jupiter.api.AssertThrows.assertThrows(AssertThrows.java:53)
	... 6 more

com.docencia.maps.ejercicio1.MapaPersonasTest.anadirDuplicadoIdTest -- Time elapsed: 0.001 s <<< ERROR!
java.lang.UnsupportedOperationException: El metodo no esta implementado
	at com.docencia.maps.ejercicio1.MapaPersonas.anadir(MapaPersonas.java:22)
	at com.docencia.maps.ejercicio1.MapaPersonasTest.anadirDuplicadoIdTest(MapaPersonasTest.java:56)
	at java.base/java.lang.reflect.Method.invoke(Method.java:569)
	at java.base/java.util.ArrayList.forEach(ArrayList.java:1511)
	at java.base/java.util.ArrayList.forEach(ArrayList.java:1511)

com.docencia.maps.ejercicio1.MapaPersonasTest.buscarPorIdNullTest -- Time elapsed: 0.004 s <<< FAILURE!
org.opentest4j.AssertionFailedError: Unexpected exception type thrown, expected: <java.lang.IllegalArgumentException> but was: <java.lang.UnsupportedOperationException>
	at org.junit.jupiter.api.AssertionFailureBuilder.build(AssertionFailureBuilder.java:151)
	at org.junit.jupiter.api.AssertThrows.assertThrows(AssertThrows.java:67)
	at org.junit.jupiter.api.AssertThrows.assertThrows(AssertThrows.java:35)
	at org.junit.jupiter.api.Assertions.assertThrows(Assertions.java:3115)
	at com.docencia.maps.ejercicio1.MapaPersonasTest.buscarPorIdNullTest(MapaPersonasTest.java:71)
	at java.base/java.lang.reflect.Method.invoke(Method.java:569)
	at java.base/java.util.ArrayList.forEach(ArrayList.java:1511)
	at java.base/java.util.ArrayList.forEach(ArrayList.java:1511)
Caused by: java.lang.UnsupportedOperationException: El metodo no esta implementado
	at com.docencia.maps.ejercicio1.MapaPersonas.buscarPorId(MapaPersonas.java:27)
	at com.docencia.maps.ejercicio1.MapaPersonasTest.lambda$buscarPorIdNullTest$3(MapaPersonasTest.java:71)
	at org.junit.jupiter.api.AssertThrows.assertThrows(AssertThrows.java:53)
	... 6 more

com.docencia.maps.ejercicio1.MapaPersonasTest.anadirOkTest -- Time elapsed: 0.002 s <<< ERROR!
java.lang.UnsupportedOperationException: El metodo no esta implementado
	at com.docencia.maps.ejercicio1.MapaPersonas.anadir(MapaPersonas.java:22)
	at com.docencia.maps.ejercicio1.MapaPersonasTest.anadirOkTest(MapaPersonasTest.java:34)
	at java.base/java.lang.reflect.Method.invoke(Method.java:569)
	at java.base/java.util.ArrayList.forEach(ArrayList.java:1511)
	at java.base/java.util.ArrayList.forEach(ArrayList.java:1511)

com.docencia.maps.ejercicio1.MapaPersonasTest.anadirInvalidTest -- Time elapsed: 0.003 s <<< FAILURE!
org.opentest4j.AssertionFailedError: Unexpected exception type thrown, expected: <java.lang.IllegalArgumentException> but was: <java.lang.UnsupportedOperationException>
	at org.junit.jupiter.api.AssertionFailureBuilder.build(AssertionFailureBuilder.java:151)
	at org.junit.jupiter.api.AssertThrows.assertThrows(AssertThrows.java:67)
	at org.junit.jupiter.api.AssertThrows.assertThrows(AssertThrows.java:35)
	at org.junit.jupiter.api.Assertions.assertThrows(Assertions.java:3115)
	at com.docencia.maps.ejercicio1.MapaPersonasTest.anadirInvalidTest(MapaPersonasTest.java:49)
	at java.base/java.lang.reflect.Method.invoke(Method.java:569)
	at java.base/java.util.ArrayList.forEach(ArrayList.java:1511)
	at java.base/java.util.ArrayList.forEach(ArrayList.java:1511)
Caused by: java.lang.UnsupportedOperationException: El metodo no esta implementado
	at com.docencia.maps.ejercicio1.MapaPersonas.anadir(MapaPersonas.java:22)
	at com.docencia.maps.ejercicio1.MapaPersonasTest.lambda$anadirInvalidTest$1(MapaPersonasTest.java:49)
	at org.junit.jupiter.api.AssertThrows.assertThrows(AssertThrows.java:53)
	... 6 more

com.docencia.maps.ejercicio1.MapaPersonasTest.eliminarPorIdOkTest -- Time elapsed: 0.003 s <<< ERROR!
java.lang.UnsupportedOperationException: El metodo no esta implementado
	at com.docencia.maps.ejercicio1.MapaPersonas.anadir(MapaPersonas.java:22)
	at com.docencia.maps.ejercicio1.MapaPersonasTest.eliminarPorIdOkTest(MapaPersonasTest.java:78)
	at java.base/java.lang.reflect.Method.invoke(Method.java:569)
	at java.base/java.util.ArrayList.forEach(ArrayList.java:1511)
	at java.base/java.util.ArrayList.forEach(ArrayList.java:1511)

com.docencia.maps.ejercicio1.MapaPersonasTest.modificarNoExisteTest -- Time elapsed: 0.001 s <<< FAILURE!
org.opentest4j.AssertionFailedError: Unexpected exception type thrown, expected: <java.util.NoSuchElementException> but was: <java.lang.UnsupportedOperationException>
	at org.junit.jupiter.api.AssertionFailureBuilder.build(AssertionFailureBuilder.java:151)
	at org.junit.jupiter.api.AssertThrows.assertThrows(AssertThrows.java:67)
	at org.junit.jupiter.api.AssertThrows.assertThrows(AssertThrows.java:35)
	at org.junit.jupiter.api.Assertions.assertThrows(Assertions.java:3115)
	at com.docencia.maps.ejercicio1.MapaPersonasTest.modificarNoExisteTest(MapaPersonasTest.java:97)
	at java.base/java.lang.reflect.Method.invoke(Method.java:569)
	at java.base/java.util.ArrayList.forEach(ArrayList.java:1511)
	at java.base/java.util.ArrayList.forEach(ArrayList.java:1511)
Caused by: java.lang.UnsupportedOperationException: El metodo no esta implementado
	at com.docencia.maps.ejercicio1.MapaPersonas.modificar(MapaPersonas.java:36)
	at com.docencia.maps.ejercicio1.MapaPersonasTest.lambda$modificarNoExisteTest$4(MapaPersonasTest.java:97)
	at org.junit.jupiter.api.AssertThrows.assertThrows(AssertThrows.java:53)
	... 6 more

