-------------------------------------------------------------------------------
Test set: com.docencia.herencia.ejercicio3.DesarrolladorTest
-------------------------------------------------------------------------------
Tests run: 9, Failures: 0, Errors: 9, Skipped: 0, Time elapsed: 0.066 s <<< FAILURE! -- in com.docencia.herencia.ejercicio3.DesarrolladorTest
com.docencia.herencia.ejercicio3.DesarrolladorTest.metodo_abstracto_implementado_devuelve_esperado -- Time elapsed: 0.012 s <<< ERROR!
java.lang.UnsupportedOperationException: El metodo no esta implementado
	at com.docencia.herencia.ejercicio3.Desarrollador.<init>(Desarrollador.java:11)
	at com.docencia.herencia.ejercicio3.DesarrolladorTest.metodo_abstracto_implementado_devuelve_esperado(DesarrolladorTest.java:66)
	at java.base/java.lang.reflect.Method.invoke(Method.java:569)
	at java.base/java.util.ArrayList.forEach(ArrayList.java:1511)
	at java.base/java.util.ArrayList.forEach(ArrayList.java:1511)

com.docencia.herencia.ejercicio3.DesarrolladorTest.equals_otro_tipo_es_false -- Time elapsed: 0.003 s <<< ERROR!
java.lang.UnsupportedOperationException: El metodo no esta implementado
	at com.docencia.herencia.ejercicio3.Desarrollador.<init>(Desarrollador.java:11)
	at com.docencia.herencia.ejercicio3.DesarrolladorTest.equals_otro_tipo_es_false(DesarrolladorTest.java:44)
	at java.base/java.lang.reflect.Method.invoke(Method.java:569)
	at java.base/java.util.ArrayList.forEach(ArrayList.java:1511)
	at java.base/java.util.ArrayList.forEach(ArrayList.java:1511)

com.docencia.herencia.ejercicio3.DesarrolladorTest.ids_son_unicos_en_instancias_distintas -- Time elapsed: 0.001 s <<< ERROR!
java.lang.UnsupportedOperationException: El metodo no esta implementado
	at com.docencia.herencia.ejercicio3.Desarrollador.<init>(Desarrollador.java:11)
	at com.docencia.herencia.ejercicio3.DesarrolladorTest.ids_son_unicos_en_instancias_distintas(DesarrolladorTest.java:28)
	at java.base/java.lang.reflect.Method.invoke(Method.java:569)
	at java.base/java.util.ArrayList.forEach(ArrayList.java:1511)
	at java.base/java.util.ArrayList.forEach(ArrayList.java:1511)

com.docencia.herencia.ejercicio3.DesarrolladorTest.equals_mismo_id_misma_clase_es_true -- Time elapsed: 0.002 s <<< ERROR!
java.lang.UnsupportedOperationException: El metodo no esta implementado
	at com.docencia.herencia.ejercicio3.Desarrollador.<init>(Desarrollador.java:11)
	at com.docencia.herencia.ejercicio3.DesarrolladorTest.equals_mismo_id_misma_clase_es_true(DesarrolladorTest.java:36)
	at java.base/java.lang.reflect.Method.invoke(Method.java:569)
	at java.base/java.util.ArrayList.forEach(ArrayList.java:1511)
	at java.base/java.util.ArrayList.forEach(ArrayList.java:1511)

com.docencia.herencia.ejercicio3.DesarrolladorTest.es_instancia_de_la_clase_base -- Time elapsed: 0.005 s <<< ERROR!
java.lang.UnsupportedOperationException: El metodo no esta implementado
	at com.docencia.herencia.ejercicio3.Desarrollador.<init>(Desarrollador.java:11)
	at com.docencia.herencia.ejercicio3.DesarrolladorTest.es_instancia_de_la_clase_base(DesarrolladorTest.java:72)
	at java.base/java.lang.reflect.Method.invoke(Method.java:569)
	at java.base/java.util.ArrayList.forEach(ArrayList.java:1511)
	at java.base/java.util.ArrayList.forEach(ArrayList.java:1511)

com.docencia.herencia.ejercicio3.DesarrolladorTest.equals_distinto_id_es_false -- Time elapsed: 0.005 s <<< ERROR!
java.lang.UnsupportedOperationException: El metodo no esta implementado
	at com.docencia.herencia.ejercicio3.Desarrollador.<init>(Desarrollador.java:11)
	at com.docencia.herencia.ejercicio3.DesarrolladorTest.equals_distinto_id_es_false(DesarrolladorTest.java:51)
	at java.base/java.lang.reflect.Method.invoke(Method.java:569)
	at java.base/java.util.ArrayList.forEach(ArrayList.java:1511)
	at java.base/java.util.ArrayList.forEach(ArrayList.java:1511)

com.docencia.herencia.ejercicio3.DesarrolladorTest.constructor_genera_id_si_null -- Time elapsed: 0.001 s <<< ERROR!
java.lang.UnsupportedOperationException: El metodo no esta implementado
	at com.docencia.herencia.ejercicio3.Desarrollador.<init>(Desarrollador.java:11)
	at com.docencia.herencia.ejercicio3.DesarrolladorTest.constructor_genera_id_si_null(DesarrolladorTest.java:22)
	at java.base/java.lang.reflect.Method.invoke(Method.java:569)
	at java.base/java.util.ArrayList.forEach(ArrayList.java:1511)
	at java.base/java.util.ArrayList.forEach(ArrayList.java:1511)

com.docencia.herencia.ejercicio3.DesarrolladorTest.constructor_asigna_campos -- Time elapsed: 0.002 s <<< ERROR!
java.lang.UnsupportedOperationException: El metodo no esta implementado
	at com.docencia.herencia.ejercicio3.Desarrollador.<init>(Desarrollador.java:11)
	at com.docencia.herencia.ejercicio3.DesarrolladorTest.constructor_asigna_campos(DesarrolladorTest.java:13)
	at java.base/java.lang.reflect.Method.invoke(Method.java:569)
	at java.base/java.util.ArrayList.forEach(ArrayList.java:1511)
	at java.base/java.util.ArrayList.forEach(ArrayList.java:1511)

com.docencia.herencia.ejercicio3.DesarrolladorTest.toString_contiene_nombre_clase_y_campos -- Time elapsed: 0.003 s <<< ERROR!
java.lang.UnsupportedOperationException: El metodo no esta implementado
	at com.docencia.herencia.ejercicio3.Desarrollador.<init>(Desarrollador.java:11)
	at com.docencia.herencia.ejercicio3.DesarrolladorTest.toString_contiene_nombre_clase_y_campos(DesarrolladorTest.java:58)
	at java.base/java.lang.reflect.Method.invoke(Method.java:569)
	at java.base/java.util.ArrayList.forEach(ArrayList.java:1511)
	at java.base/java.util.ArrayList.forEach(ArrayList.java:1511)

