-------------------------------------------------------------------------------
Test set: com.docencia.sets.ejercicio1.ConjuntoPersonasTest
-------------------------------------------------------------------------------
Tests run: 10, Failures: 1, Errors: 1, Skipped: 0, Time elapsed: 0.034 s <<< FAILURE! -- in com.docencia.sets.ejercicio1.ConjuntoPersonasTest
com.docencia.sets.ejercicio1.ConjuntoPersonasTest.modificarOkTest -- Time elapsed: 0.001 s <<< ERROR!
java.lang.IllegalArgumentException: El id no puede ser igual al de otra Persona
	at com.docencia.sets.ejercicio1.ConjuntoPersonas.modificar(ConjuntoPersonas.java:72)
	at com.docencia.sets.ejercicio1.ConjuntoPersonasTest.modificarOkTest(ConjuntoPersonasTest.java:88)
	at java.base/java.lang.reflect.Method.invoke(Method.java:569)
	at java.base/java.util.ArrayList.forEach(ArrayList.java:1511)
	at java.base/java.util.ArrayList.forEach(ArrayList.java:1511)

com.docencia.sets.ejercicio1.ConjuntoPersonasTest.anadirDuplicadoIdTest -- Time elapsed: 0.001 s <<< FAILURE!
org.opentest4j.AssertionFailedError: Expected java.lang.IllegalArgumentException to be thrown, but nothing was thrown.
	at org.junit.jupiter.api.AssertionFailureBuilder.build(AssertionFailureBuilder.java:152)
	at org.junit.jupiter.api.AssertThrows.assertThrows(AssertThrows.java:73)
	at org.junit.jupiter.api.AssertThrows.assertThrows(AssertThrows.java:35)
	at org.junit.jupiter.api.Assertions.assertThrows(Assertions.java:3115)
	at com.docencia.sets.ejercicio1.ConjuntoPersonasTest.anadirDuplicadoIdTest(ConjuntoPersonasTest.java:57)
	at java.base/java.lang.reflect.Method.invoke(Method.java:569)
	at java.base/java.util.ArrayList.forEach(ArrayList.java:1511)
	at java.base/java.util.ArrayList.forEach(ArrayList.java:1511)

