-------------------------------------------------------------------------------
Test set: com.docencia.sets.ejercicio1.ConjuntoPersonasTest
-------------------------------------------------------------------------------
Tests run: 10, Failures: 4, Errors: 5, Skipped: 0, Time elapsed: 0.011 s <<< FAILURE! -- in com.docencia.sets.ejercicio1.ConjuntoPersonasTest
com.docencia.sets.ejercicio1.ConjuntoPersonasTest.buscarPorIdOkTest -- Time elapsed: 0 s <<< ERROR!
java.lang.UnsupportedOperationException: El metodo no esta implementado
	at com.docencia.sets.ejercicio1.ConjuntoPersonas.anadir(ConjuntoPersonas.java:24)
	at com.docencia.sets.ejercicio1.ConjuntoPersonasTest.buscarPorIdOkTest(ConjuntoPersonasTest.java:64)
	at java.base/java.lang.reflect.Method.invoke(Method.java:569)
	at java.base/java.util.ArrayList.forEach(ArrayList.java:1511)
	at java.base/java.util.ArrayList.forEach(ArrayList.java:1511)

com.docencia.sets.ejercicio1.ConjuntoPersonasTest.modificarOkTest -- Time elapsed: 0 s <<< ERROR!
java.lang.UnsupportedOperationException: El metodo no esta implementado
	at com.docencia.sets.ejercicio1.ConjuntoPersonas.anadir(ConjuntoPersonas.java:24)
	at com.docencia.sets.ejercicio1.ConjuntoPersonasTest.modificarOkTest(ConjuntoPersonasTest.java:87)
	at java.base/java.lang.reflect.Method.invoke(Method.java:569)
	at java.base/java.util.ArrayList.forEach(ArrayList.java:1511)
	at java.base/java.util.ArrayList.forEach(ArrayList.java:1511)

com.docencia.sets.ejercicio1.ConjuntoPersonasTest.anadirNullTest -- Time elapsed: 0.001 s <<< FAILURE!
org.opentest4j.AssertionFailedError: Unexpected exception type thrown, expected: <java.lang.IllegalArgumentException> but was: <java.lang.UnsupportedOperationException>
	at org.junit.jupiter.api.AssertionFailureBuilder.build(AssertionFailureBuilder.java:151)
	at org.junit.jupiter.api.AssertThrows.assertThrows(AssertThrows.java:67)
	at org.junit.jupiter.api.AssertThrows.assertThrows(AssertThrows.java:35)
	at org.junit.jupiter.api.Assertions.assertThrows(Assertions.java:3115)
	at com.docencia.sets.ejercicio1.ConjuntoPersonasTest.anadirNullTest(ConjuntoPersonasTest.java:42)
	at java.base/java.lang.reflect.Method.invoke(Method.java:569)
	at java.base/java.util.ArrayList.forEach(ArrayList.java:1511)
	at java.base/java.util.ArrayList.forEach(ArrayList.java:1511)
Caused by: java.lang.UnsupportedOperationException: El metodo no esta implementado
	at com.docencia.sets.ejercicio1.ConjuntoPersonas.anadir(ConjuntoPersonas.java:24)
	at com.docencia.sets.ejercicio1.ConjuntoPersonasTest.lambda$anadirNullTest$0(ConjuntoPersonasTest.java:42)
	at org.junit.jupiter.api.AssertThrows.assertThrows(AssertThrows.java:53)
	... 6 more

com.docencia.sets.ejercicio1.ConjuntoPersonasTest.anadirDuplicadoIdTest -- Time elapsed: 0.001 s <<< ERROR!
java.lang.UnsupportedOperationException: El metodo no esta implementado
	at com.docencia.sets.ejercicio1.ConjuntoPersonas.anadir(ConjuntoPersonas.java:24)
	at com.docencia.sets.ejercicio1.ConjuntoPersonasTest.anadirDuplicadoIdTest(ConjuntoPersonasTest.java:56)
	at java.base/java.lang.reflect.Method.invoke(Method.java:569)
	at java.base/java.util.ArrayList.forEach(ArrayList.java:1511)
	at java.base/java.util.ArrayList.forEach(ArrayList.java:1511)

com.docencia.sets.ejercicio1.ConjuntoPersonasTest.buscarPorIdNullTest -- Time elapsed: 0.001 s <<< FAILURE!
org.opentest4j.AssertionFailedError: Unexpected exception type thrown, expected: <java.lang.IllegalArgumentException> but was: <java.lang.UnsupportedOperationException>
	at org.junit.jupiter.api.AssertionFailureBuilder.build(AssertionFailureBuilder.java:151)
	at org.junit.jupiter.api.AssertThrows.assertThrows(AssertThrows.java:67)
	at org.junit.jupiter.api.AssertThrows.assertThrows(AssertThrows.java:35)
	at org.junit.jupiter.api.Assertions.assertThrows(Assertions.java:3115)
	at com.docencia.sets.ejercicio1.ConjuntoPersonasTest.buscarPorIdNullTest(ConjuntoPersonasTest.java:71)
	at java.base/java.lang.reflect.Method.invoke(Method.java:569)
	at java.base/java.util.ArrayList.forEach(ArrayList.java:1511)
	at java.base/java.util.ArrayList.forEach(ArrayList.java:1511)
Caused by: java.lang.UnsupportedOperationException: El metodo no esta implementado
	at com.docencia.sets.ejercicio1.ConjuntoPersonas.buscarPorId(ConjuntoPersonas.java:29)
	at com.docencia.sets.ejercicio1.ConjuntoPersonasTest.lambda$buscarPorIdNullTest$3(ConjuntoPersonasTest.java:71)
	at org.junit.jupiter.api.AssertThrows.assertThrows(AssertThrows.java:53)
	... 6 more

com.docencia.sets.ejercicio1.ConjuntoPersonasTest.anadirOkTest -- Time elapsed: 0 s <<< ERROR!
java.lang.UnsupportedOperationException: El metodo no esta implementado
	at com.docencia.sets.ejercicio1.ConjuntoPersonas.anadir(ConjuntoPersonas.java:24)
	at com.docencia.sets.ejercicio1.ConjuntoPersonasTest.anadirOkTest(ConjuntoPersonasTest.java:34)
	at java.base/java.lang.reflect.Method.invoke(Method.java:569)
	at java.base/java.util.ArrayList.forEach(ArrayList.java:1511)
	at java.base/java.util.ArrayList.forEach(ArrayList.java:1511)

com.docencia.sets.ejercicio1.ConjuntoPersonasTest.anadirInvalidTest -- Time elapsed: 0.001 s <<< FAILURE!
org.opentest4j.AssertionFailedError: Unexpected exception type thrown, expected: <java.lang.IllegalArgumentException> but was: <java.lang.UnsupportedOperationException>
	at org.junit.jupiter.api.AssertionFailureBuilder.build(AssertionFailureBuilder.java:151)
	at org.junit.jupiter.api.AssertThrows.assertThrows(AssertThrows.java:67)
	at org.junit.jupiter.api.AssertThrows.assertThrows(AssertThrows.java:35)
	at org.junit.jupiter.api.Assertions.assertThrows(Assertions.java:3115)
	at com.docencia.sets.ejercicio1.ConjuntoPersonasTest.anadirInvalidTest(ConjuntoPersonasTest.java:49)
	at java.base/java.lang.reflect.Method.invoke(Method.java:569)
	at java.base/java.util.ArrayList.forEach(ArrayList.java:1511)
	at java.base/java.util.ArrayList.forEach(ArrayList.java:1511)
Caused by: java.lang.UnsupportedOperationException: El metodo no esta implementado
	at com.docencia.sets.ejercicio1.ConjuntoPersonas.anadir(ConjuntoPersonas.java:24)
	at com.docencia.sets.ejercicio1.ConjuntoPersonasTest.lambda$anadirInvalidTest$1(ConjuntoPersonasTest.java:49)
	at org.junit.jupiter.api.AssertThrows.assertThrows(AssertThrows.java:53)
	... 6 more

com.docencia.sets.ejercicio1.ConjuntoPersonasTest.eliminarPorIdOkTest -- Time elapsed: 0 s <<< ERROR!
java.lang.UnsupportedOperationException: El metodo no esta implementado
	at com.docencia.sets.ejercicio1.ConjuntoPersonas.anadir(ConjuntoPersonas.java:24)
	at com.docencia.sets.ejercicio1.ConjuntoPersonasTest.eliminarPorIdOkTest(ConjuntoPersonasTest.java:78)
	at java.base/java.lang.reflect.Method.invoke(Method.java:569)
	at java.base/java.util.ArrayList.forEach(ArrayList.java:1511)
	at java.base/java.util.ArrayList.forEach(ArrayList.java:1511)

com.docencia.sets.ejercicio1.ConjuntoPersonasTest.modificarNoExisteTest -- Time elapsed: 0.001 s <<< FAILURE!
org.opentest4j.AssertionFailedError: Unexpected exception type thrown, expected: <java.util.NoSuchElementException> but was: <java.lang.UnsupportedOperationException>
	at org.junit.jupiter.api.AssertionFailureBuilder.build(AssertionFailureBuilder.java:151)
	at org.junit.jupiter.api.AssertThrows.assertThrows(AssertThrows.java:67)
	at org.junit.jupiter.api.AssertThrows.assertThrows(AssertThrows.java:35)
	at org.junit.jupiter.api.Assertions.assertThrows(Assertions.java:3115)
	at com.docencia.sets.ejercicio1.ConjuntoPersonasTest.modificarNoExisteTest(ConjuntoPersonasTest.java:97)
	at java.base/java.lang.reflect.Method.invoke(Method.java:569)
	at java.base/java.util.ArrayList.forEach(ArrayList.java:1511)
	at java.base/java.util.ArrayList.forEach(ArrayList.java:1511)
Caused by: java.lang.UnsupportedOperationException: El metodo no esta implementado
	at com.docencia.sets.ejercicio1.ConjuntoPersonas.modificar(ConjuntoPersonas.java:39)
	at com.docencia.sets.ejercicio1.ConjuntoPersonasTest.lambda$modificarNoExisteTest$4(ConjuntoPersonasTest.java:97)
	at org.junit.jupiter.api.AssertThrows.assertThrows(AssertThrows.java:53)
	... 6 more

