-------------------------------------------------------------------------------
Test set: com.docencia.herencia.ejercicio10.FacturaTest
-------------------------------------------------------------------------------
Tests run: 9, Failures: 0, Errors: 9, Skipped: 0, Time elapsed: 0.017 s <<< FAILURE! -- in com.docencia.herencia.ejercicio10.FacturaTest
com.docencia.herencia.ejercicio10.FacturaTest.metodo_abstracto_implementado_devuelve_esperado -- Time elapsed: 0.002 s <<< ERROR!
java.lang.UnsupportedOperationException: El metodo no esta implementado
	at com.docencia.herencia.ejercicio10.Factura.<init>(Factura.java:11)
	at com.docencia.herencia.ejercicio10.FacturaTest.metodo_abstracto_implementado_devuelve_esperado(FacturaTest.java:65)
	at java.base/java.lang.reflect.Method.invoke(Method.java:569)
	at java.base/java.util.ArrayList.forEach(ArrayList.java:1511)
	at java.base/java.util.ArrayList.forEach(ArrayList.java:1511)

com.docencia.herencia.ejercicio10.FacturaTest.equals_otro_tipo_es_false -- Time elapsed: 0.001 s <<< ERROR!
java.lang.UnsupportedOperationException: El metodo no esta implementado
	at com.docencia.herencia.ejercicio10.Factura.<init>(Factura.java:11)
	at com.docencia.herencia.ejercicio10.FacturaTest.equals_otro_tipo_es_false(FacturaTest.java:43)
	at java.base/java.lang.reflect.Method.invoke(Method.java:569)
	at java.base/java.util.ArrayList.forEach(ArrayList.java:1511)
	at java.base/java.util.ArrayList.forEach(ArrayList.java:1511)

com.docencia.herencia.ejercicio10.FacturaTest.ids_son_unicos_en_instancias_distintas -- Time elapsed: 0.003 s <<< ERROR!
java.lang.UnsupportedOperationException: El metodo no esta implementado
	at com.docencia.herencia.ejercicio10.Factura.<init>(Factura.java:11)
	at com.docencia.herencia.ejercicio10.FacturaTest.ids_son_unicos_en_instancias_distintas(FacturaTest.java:27)
	at java.base/java.lang.reflect.Method.invoke(Method.java:569)
	at java.base/java.util.ArrayList.forEach(ArrayList.java:1511)
	at java.base/java.util.ArrayList.forEach(ArrayList.java:1511)

com.docencia.herencia.ejercicio10.FacturaTest.equals_mismo_id_misma_clase_es_true -- Time elapsed: 0.001 s <<< ERROR!
java.lang.UnsupportedOperationException: El metodo no esta implementado
	at com.docencia.herencia.ejercicio10.Factura.<init>(Factura.java:11)
	at com.docencia.herencia.ejercicio10.FacturaTest.equals_mismo_id_misma_clase_es_true(FacturaTest.java:35)
	at java.base/java.lang.reflect.Method.invoke(Method.java:569)
	at java.base/java.util.ArrayList.forEach(ArrayList.java:1511)
	at java.base/java.util.ArrayList.forEach(ArrayList.java:1511)

com.docencia.herencia.ejercicio10.FacturaTest.es_instancia_de_la_clase_base -- Time elapsed: 0.001 s <<< ERROR!
java.lang.UnsupportedOperationException: El metodo no esta implementado
	at com.docencia.herencia.ejercicio10.Factura.<init>(Factura.java:11)
	at com.docencia.herencia.ejercicio10.FacturaTest.es_instancia_de_la_clase_base(FacturaTest.java:71)
	at java.base/java.lang.reflect.Method.invoke(Method.java:569)
	at java.base/java.util.ArrayList.forEach(ArrayList.java:1511)
	at java.base/java.util.ArrayList.forEach(ArrayList.java:1511)

com.docencia.herencia.ejercicio10.FacturaTest.equals_distinto_id_es_false -- Time elapsed: 0.001 s <<< ERROR!
java.lang.UnsupportedOperationException: El metodo no esta implementado
	at com.docencia.herencia.ejercicio10.Factura.<init>(Factura.java:11)
	at com.docencia.herencia.ejercicio10.FacturaTest.equals_distinto_id_es_false(FacturaTest.java:50)
	at java.base/java.lang.reflect.Method.invoke(Method.java:569)
	at java.base/java.util.ArrayList.forEach(ArrayList.java:1511)
	at java.base/java.util.ArrayList.forEach(ArrayList.java:1511)

com.docencia.herencia.ejercicio10.FacturaTest.constructor_genera_id_si_null -- Time elapsed: 0.001 s <<< ERROR!
java.lang.UnsupportedOperationException: El metodo no esta implementado
	at com.docencia.herencia.ejercicio10.Factura.<init>(Factura.java:11)
	at com.docencia.herencia.ejercicio10.FacturaTest.constructor_genera_id_si_null(FacturaTest.java:21)
	at java.base/java.lang.reflect.Method.invoke(Method.java:569)
	at java.base/java.util.ArrayList.forEach(ArrayList.java:1511)
	at java.base/java.util.ArrayList.forEach(ArrayList.java:1511)

com.docencia.herencia.ejercicio10.FacturaTest.constructor_asigna_campos -- Time elapsed: 0 s <<< ERROR!
java.lang.UnsupportedOperationException: El metodo no esta implementado
	at com.docencia.herencia.ejercicio10.Factura.<init>(Factura.java:11)
	at com.docencia.herencia.ejercicio10.FacturaTest.constructor_asigna_campos(FacturaTest.java:13)
	at java.base/java.lang.reflect.Method.invoke(Method.java:569)
	at java.base/java.util.ArrayList.forEach(ArrayList.java:1511)
	at java.base/java.util.ArrayList.forEach(ArrayList.java:1511)

com.docencia.herencia.ejercicio10.FacturaTest.toString_contiene_nombre_clase_y_campos -- Time elapsed: 0.001 s <<< ERROR!
java.lang.UnsupportedOperationException: El metodo no esta implementado
	at com.docencia.herencia.ejercicio10.Factura.<init>(Factura.java:11)
	at com.docencia.herencia.ejercicio10.FacturaTest.toString_contiene_nombre_clase_y_campos(FacturaTest.java:57)
	at java.base/java.lang.reflect.Method.invoke(Method.java:569)
	at java.base/java.util.ArrayList.forEach(ArrayList.java:1511)
	at java.base/java.util.ArrayList.forEach(ArrayList.java:1511)

