-------------------------------------------------------------------------------
Test set: com.docencia.maps.ejercicio9.MapaProductosTest
-------------------------------------------------------------------------------
Tests run: 10, Failures: 4, Errors: 5, Skipped: 0, Time elapsed: 0.030 s <<< FAILURE! -- in com.docencia.maps.ejercicio9.MapaProductosTest
com.docencia.maps.ejercicio9.MapaProductosTest.buscarPorIdOkTest -- Time elapsed: 0.002 s <<< ERROR!
java.lang.UnsupportedOperationException: El metodo no esta implementado
	at com.docencia.herencia.ejercicio9.Libro.<init>(Libro.java:11)
	at com.docencia.maps.ejercicio9.MapaProductosTest.nuevoA(MapaProductosTest.java:19)
	at com.docencia.maps.ejercicio9.MapaProductosTest.buscarPorIdOkTest(MapaProductosTest.java:64)
	at java.base/java.lang.reflect.Method.invoke(Method.java:569)
	at java.base/java.util.ArrayList.forEach(ArrayList.java:1511)
	at java.base/java.util.ArrayList.forEach(ArrayList.java:1511)

com.docencia.maps.ejercicio9.MapaProductosTest.modificarOkTest -- Time elapsed: 0 s <<< ERROR!
java.lang.UnsupportedOperationException: El metodo no esta implementado
	at com.docencia.herencia.ejercicio9.Libro.<init>(Libro.java:11)
	at com.docencia.maps.ejercicio9.MapaProductosTest.nuevoA(MapaProductosTest.java:19)
	at com.docencia.maps.ejercicio9.MapaProductosTest.modificarOkTest(MapaProductosTest.java:87)
	at java.base/java.lang.reflect.Method.invoke(Method.java:569)
	at java.base/java.util.ArrayList.forEach(ArrayList.java:1511)
	at java.base/java.util.ArrayList.forEach(ArrayList.java:1511)

com.docencia.maps.ejercicio9.MapaProductosTest.anadirNullTest -- Time elapsed: 0.001 s <<< FAILURE!
org.opentest4j.AssertionFailedError: Unexpected exception type thrown, expected: <java.lang.IllegalArgumentException> but was: <java.lang.UnsupportedOperationException>
	at org.junit.jupiter.api.AssertionFailureBuilder.build(AssertionFailureBuilder.java:151)
	at org.junit.jupiter.api.AssertThrows.assertThrows(AssertThrows.java:67)
	at org.junit.jupiter.api.AssertThrows.assertThrows(AssertThrows.java:35)
	at org.junit.jupiter.api.Assertions.assertThrows(Assertions.java:3115)
	at com.docencia.maps.ejercicio9.MapaProductosTest.anadirNullTest(MapaProductosTest.java:42)
	at java.base/java.lang.reflect.Method.invoke(Method.java:569)
	at java.base/java.util.ArrayList.forEach(ArrayList.java:1511)
	at java.base/java.util.ArrayList.forEach(ArrayList.java:1511)
Caused by: java.lang.UnsupportedOperationException: El metodo no esta implementado
	at com.docencia.maps.ejercicio9.MapaProductos.anadir(MapaProductos.java:23)
	at com.docencia.maps.ejercicio9.MapaProductosTest.lambda$anadirNullTest$0(MapaProductosTest.java:42)
	at org.junit.jupiter.api.AssertThrows.assertThrows(AssertThrows.java:53)
	... 6 more

com.docencia.maps.ejercicio9.MapaProductosTest.anadirDuplicadoIdTest -- Time elapsed: 0.001 s <<< ERROR!
java.lang.UnsupportedOperationException: El metodo no esta implementado
	at com.docencia.herencia.ejercicio9.Libro.<init>(Libro.java:11)
	at com.docencia.maps.ejercicio9.MapaProductosTest.nuevoA(MapaProductosTest.java:19)
	at com.docencia.maps.ejercicio9.MapaProductosTest.anadirDuplicadoIdTest(MapaProductosTest.java:56)
	at java.base/java.lang.reflect.Method.invoke(Method.java:569)
	at java.base/java.util.ArrayList.forEach(ArrayList.java:1511)
	at java.base/java.util.ArrayList.forEach(ArrayList.java:1511)

com.docencia.maps.ejercicio9.MapaProductosTest.buscarPorIdNullTest -- Time elapsed: 0.001 s <<< FAILURE!
org.opentest4j.AssertionFailedError: Unexpected exception type thrown, expected: <java.lang.IllegalArgumentException> but was: <java.lang.UnsupportedOperationException>
	at org.junit.jupiter.api.AssertionFailureBuilder.build(AssertionFailureBuilder.java:151)
	at org.junit.jupiter.api.AssertThrows.assertThrows(AssertThrows.java:67)
	at org.junit.jupiter.api.AssertThrows.assertThrows(AssertThrows.java:35)
	at org.junit.jupiter.api.Assertions.assertThrows(Assertions.java:3115)
	at com.docencia.maps.ejercicio9.MapaProductosTest.buscarPorIdNullTest(MapaProductosTest.java:71)
	at java.base/java.lang.reflect.Method.invoke(Method.java:569)
	at java.base/java.util.ArrayList.forEach(ArrayList.java:1511)
	at java.base/java.util.ArrayList.forEach(ArrayList.java:1511)
Caused by: java.lang.UnsupportedOperationException: El metodo no esta implementado
	at com.docencia.maps.ejercicio9.MapaProductos.buscarPorId(MapaProductos.java:28)
	at com.docencia.maps.ejercicio9.MapaProductosTest.lambda$buscarPorIdNullTest$3(MapaProductosTest.java:71)
	at org.junit.jupiter.api.AssertThrows.assertThrows(AssertThrows.java:53)
	... 6 more

com.docencia.maps.ejercicio9.MapaProductosTest.anadirOkTest -- Time elapsed: 0.001 s <<< ERROR!
java.lang.UnsupportedOperationException: El metodo no esta implementado
	at com.docencia.herencia.ejercicio9.Libro.<init>(Libro.java:11)
	at com.docencia.maps.ejercicio9.MapaProductosTest.nuevoA(MapaProductosTest.java:19)
	at com.docencia.maps.ejercicio9.MapaProductosTest.anadirOkTest(MapaProductosTest.java:34)
	at java.base/java.lang.reflect.Method.invoke(Method.java:569)
	at java.base/java.util.ArrayList.forEach(ArrayList.java:1511)
	at java.base/java.util.ArrayList.forEach(ArrayList.java:1511)

com.docencia.maps.ejercicio9.MapaProductosTest.anadirInvalidTest -- Time elapsed: 0.001 s <<< FAILURE!
org.opentest4j.AssertionFailedError: Unexpected exception type thrown, expected: <java.lang.IllegalArgumentException> but was: <java.lang.UnsupportedOperationException>
	at org.junit.jupiter.api.AssertionFailureBuilder.build(AssertionFailureBuilder.java:151)
	at org.junit.jupiter.api.AssertThrows.assertThrows(AssertThrows.java:67)
	at org.junit.jupiter.api.AssertThrows.assertThrows(AssertThrows.java:35)
	at org.junit.jupiter.api.Assertions.assertThrows(Assertions.java:3115)
	at com.docencia.maps.ejercicio9.MapaProductosTest.anadirInvalidTest(MapaProductosTest.java:49)
	at java.base/java.lang.reflect.Method.invoke(Method.java:569)
	at java.base/java.util.ArrayList.forEach(ArrayList.java:1511)
	at java.base/java.util.ArrayList.forEach(ArrayList.java:1511)
Caused by: java.lang.UnsupportedOperationException: El metodo no esta implementado
	at com.docencia.herencia.ejercicio9.Libro.<init>(Libro.java:11)
	at com.docencia.maps.ejercicio9.MapaProductosTest.invalido(MapaProductosTest.java:27)
	at com.docencia.maps.ejercicio9.MapaProductosTest.lambda$anadirInvalidTest$1(MapaProductosTest.java:49)
	at org.junit.jupiter.api.AssertThrows.assertThrows(AssertThrows.java:53)
	... 6 more

com.docencia.maps.ejercicio9.MapaProductosTest.eliminarPorIdOkTest -- Time elapsed: 0.001 s <<< ERROR!
java.lang.UnsupportedOperationException: El metodo no esta implementado
	at com.docencia.herencia.ejercicio9.Libro.<init>(Libro.java:11)
	at com.docencia.maps.ejercicio9.MapaProductosTest.nuevoA(MapaProductosTest.java:19)
	at com.docencia.maps.ejercicio9.MapaProductosTest.eliminarPorIdOkTest(MapaProductosTest.java:78)
	at java.base/java.lang.reflect.Method.invoke(Method.java:569)
	at java.base/java.util.ArrayList.forEach(ArrayList.java:1511)
	at java.base/java.util.ArrayList.forEach(ArrayList.java:1511)

com.docencia.maps.ejercicio9.MapaProductosTest.modificarNoExisteTest -- Time elapsed: 0.001 s <<< FAILURE!
org.opentest4j.AssertionFailedError: Unexpected exception type thrown, expected: <java.util.NoSuchElementException> but was: <java.lang.UnsupportedOperationException>
	at org.junit.jupiter.api.AssertionFailureBuilder.build(AssertionFailureBuilder.java:151)
	at org.junit.jupiter.api.AssertThrows.assertThrows(AssertThrows.java:67)
	at org.junit.jupiter.api.AssertThrows.assertThrows(AssertThrows.java:35)
	at org.junit.jupiter.api.Assertions.assertThrows(Assertions.java:3115)
	at com.docencia.maps.ejercicio9.MapaProductosTest.modificarNoExisteTest(MapaProductosTest.java:97)
	at java.base/java.lang.reflect.Method.invoke(Method.java:569)
	at java.base/java.util.ArrayList.forEach(ArrayList.java:1511)
	at java.base/java.util.ArrayList.forEach(ArrayList.java:1511)
Caused by: java.lang.UnsupportedOperationException: El metodo no esta implementado
	at com.docencia.herencia.ejercicio9.Libro.<init>(Libro.java:11)
	at com.docencia.maps.ejercicio9.MapaProductosTest.nuevoA(MapaProductosTest.java:19)
	at com.docencia.maps.ejercicio9.MapaProductosTest.lambda$modificarNoExisteTest$4(MapaProductosTest.java:97)
	at org.junit.jupiter.api.AssertThrows.assertThrows(AssertThrows.java:53)
	... 6 more

