-------------------------------------------------------------------------------
Test set: com.docencia.herencia.ejercicio5.RectanguloTest
-------------------------------------------------------------------------------
Tests run: 9, Failures: 0, Errors: 9, Skipped: 0, Time elapsed: 0.036 s <<< FAILURE! -- in com.docencia.herencia.ejercicio5.RectanguloTest
com.docencia.herencia.ejercicio5.RectanguloTest.metodo_abstracto_implementado_devuelve_esperado -- Time elapsed: 0.005 s <<< ERROR!
java.lang.UnsupportedOperationException: El metodo no esta implementado
	at com.docencia.herencia.ejercicio5.Rectangulo.<init>(Rectangulo.java:12)
	at com.docencia.herencia.ejercicio5.RectanguloTest.metodo_abstracto_implementado_devuelve_esperado(RectanguloTest.java:66)
	at java.base/java.lang.reflect.Method.invoke(Method.java:569)
	at java.base/java.util.ArrayList.forEach(ArrayList.java:1511)
	at java.base/java.util.ArrayList.forEach(ArrayList.java:1511)

com.docencia.herencia.ejercicio5.RectanguloTest.equals_otro_tipo_es_false -- Time elapsed: 0.001 s <<< ERROR!
java.lang.UnsupportedOperationException: El metodo no esta implementado
	at com.docencia.herencia.ejercicio5.Rectangulo.<init>(Rectangulo.java:12)
	at com.docencia.herencia.ejercicio5.RectanguloTest.equals_otro_tipo_es_false(RectanguloTest.java:44)
	at java.base/java.lang.reflect.Method.invoke(Method.java:569)
	at java.base/java.util.ArrayList.forEach(ArrayList.java:1511)
	at java.base/java.util.ArrayList.forEach(ArrayList.java:1511)

com.docencia.herencia.ejercicio5.RectanguloTest.ids_son_unicos_en_instancias_distintas -- Time elapsed: 0.005 s <<< ERROR!
java.lang.UnsupportedOperationException: El metodo no esta implementado
	at com.docencia.herencia.ejercicio5.Rectangulo.<init>(Rectangulo.java:12)
	at com.docencia.herencia.ejercicio5.RectanguloTest.ids_son_unicos_en_instancias_distintas(RectanguloTest.java:28)
	at java.base/java.lang.reflect.Method.invoke(Method.java:569)
	at java.base/java.util.ArrayList.forEach(ArrayList.java:1511)
	at java.base/java.util.ArrayList.forEach(ArrayList.java:1511)

com.docencia.herencia.ejercicio5.RectanguloTest.equals_mismo_id_misma_clase_es_true -- Time elapsed: 0.004 s <<< ERROR!
java.lang.UnsupportedOperationException: El metodo no esta implementado
	at com.docencia.herencia.ejercicio5.Rectangulo.<init>(Rectangulo.java:12)
	at com.docencia.herencia.ejercicio5.RectanguloTest.equals_mismo_id_misma_clase_es_true(RectanguloTest.java:36)
	at java.base/java.lang.reflect.Method.invoke(Method.java:569)
	at java.base/java.util.ArrayList.forEach(ArrayList.java:1511)
	at java.base/java.util.ArrayList.forEach(ArrayList.java:1511)

com.docencia.herencia.ejercicio5.RectanguloTest.es_instancia_de_la_clase_base -- Time elapsed: 0.001 s <<< ERROR!
java.lang.UnsupportedOperationException: El metodo no esta implementado
	at com.docencia.herencia.ejercicio5.Rectangulo.<init>(Rectangulo.java:12)
	at com.docencia.herencia.ejercicio5.RectanguloTest.es_instancia_de_la_clase_base(RectanguloTest.java:72)
	at java.base/java.lang.reflect.Method.invoke(Method.java:569)
	at java.base/java.util.ArrayList.forEach(ArrayList.java:1511)
	at java.base/java.util.ArrayList.forEach(ArrayList.java:1511)

com.docencia.herencia.ejercicio5.RectanguloTest.equals_distinto_id_es_false -- Time elapsed: 0.002 s <<< ERROR!
java.lang.UnsupportedOperationException: El metodo no esta implementado
	at com.docencia.herencia.ejercicio5.Rectangulo.<init>(Rectangulo.java:12)
	at com.docencia.herencia.ejercicio5.RectanguloTest.equals_distinto_id_es_false(RectanguloTest.java:51)
	at java.base/java.lang.reflect.Method.invoke(Method.java:569)
	at java.base/java.util.ArrayList.forEach(ArrayList.java:1511)
	at java.base/java.util.ArrayList.forEach(ArrayList.java:1511)

com.docencia.herencia.ejercicio5.RectanguloTest.constructor_genera_id_si_null -- Time elapsed: 0.001 s <<< ERROR!
java.lang.UnsupportedOperationException: El metodo no esta implementado
	at com.docencia.herencia.ejercicio5.Rectangulo.<init>(Rectangulo.java:12)
	at com.docencia.herencia.ejercicio5.RectanguloTest.constructor_genera_id_si_null(RectanguloTest.java:22)
	at java.base/java.lang.reflect.Method.invoke(Method.java:569)
	at java.base/java.util.ArrayList.forEach(ArrayList.java:1511)
	at java.base/java.util.ArrayList.forEach(ArrayList.java:1511)

com.docencia.herencia.ejercicio5.RectanguloTest.constructor_asigna_campos -- Time elapsed: 0.001 s <<< ERROR!
java.lang.UnsupportedOperationException: El metodo no esta implementado
	at com.docencia.herencia.ejercicio5.Rectangulo.<init>(Rectangulo.java:12)
	at com.docencia.herencia.ejercicio5.RectanguloTest.constructor_asigna_campos(RectanguloTest.java:13)
	at java.base/java.lang.reflect.Method.invoke(Method.java:569)
	at java.base/java.util.ArrayList.forEach(ArrayList.java:1511)
	at java.base/java.util.ArrayList.forEach(ArrayList.java:1511)

com.docencia.herencia.ejercicio5.RectanguloTest.toString_contiene_nombre_clase_y_campos -- Time elapsed: 0.004 s <<< ERROR!
java.lang.UnsupportedOperationException: El metodo no esta implementado
	at com.docencia.herencia.ejercicio5.Rectangulo.<init>(Rectangulo.java:12)
	at com.docencia.herencia.ejercicio5.RectanguloTest.toString_contiene_nombre_clase_y_campos(RectanguloTest.java:58)
	at java.base/java.lang.reflect.Method.invoke(Method.java:569)
	at java.base/java.util.ArrayList.forEach(ArrayList.java:1511)
	at java.base/java.util.ArrayList.forEach(ArrayList.java:1511)

