-------------------------------------------------------------------------------
Test set: com.docencia.sets.ejercicio9.ConjuntoProductosTest
-------------------------------------------------------------------------------
Tests run: 10, Failures: 4, Errors: 5, Skipped: 0, Time elapsed: 0.010 s <<< FAILURE! -- in com.docencia.sets.ejercicio9.ConjuntoProductosTest
com.docencia.sets.ejercicio9.ConjuntoProductosTest.buscarPorIdOkTest -- Time elapsed: 0 s <<< ERROR!
java.lang.UnsupportedOperationException: El metodo no esta implementado
	at com.docencia.herencia.ejercicio9.Libro.<init>(Libro.java:11)
	at com.docencia.sets.ejercicio9.ConjuntoProductosTest.nuevoA(ConjuntoProductosTest.java:19)
	at com.docencia.sets.ejercicio9.ConjuntoProductosTest.buscarPorIdOkTest(ConjuntoProductosTest.java:64)
	at java.base/java.lang.reflect.Method.invoke(Method.java:569)
	at java.base/java.util.ArrayList.forEach(ArrayList.java:1511)
	at java.base/java.util.ArrayList.forEach(ArrayList.java:1511)

com.docencia.sets.ejercicio9.ConjuntoProductosTest.modificarOkTest -- Time elapsed: 0 s <<< ERROR!
java.lang.UnsupportedOperationException: El metodo no esta implementado
	at com.docencia.herencia.ejercicio9.Libro.<init>(Libro.java:11)
	at com.docencia.sets.ejercicio9.ConjuntoProductosTest.nuevoA(ConjuntoProductosTest.java:19)
	at com.docencia.sets.ejercicio9.ConjuntoProductosTest.modificarOkTest(ConjuntoProductosTest.java:87)
	at java.base/java.lang.reflect.Method.invoke(Method.java:569)
	at java.base/java.util.ArrayList.forEach(ArrayList.java:1511)
	at java.base/java.util.ArrayList.forEach(ArrayList.java:1511)

com.docencia.sets.ejercicio9.ConjuntoProductosTest.anadirNullTest -- Time elapsed: 0.001 s <<< FAILURE!
org.opentest4j.AssertionFailedError: Unexpected exception type thrown, expected: <java.lang.IllegalArgumentException> but was: <java.lang.UnsupportedOperationException>
	at org.junit.jupiter.api.AssertionFailureBuilder.build(AssertionFailureBuilder.java:151)
	at org.junit.jupiter.api.AssertThrows.assertThrows(AssertThrows.java:67)
	at org.junit.jupiter.api.AssertThrows.assertThrows(AssertThrows.java:35)
	at org.junit.jupiter.api.Assertions.assertThrows(Assertions.java:3115)
	at com.docencia.sets.ejercicio9.ConjuntoProductosTest.anadirNullTest(ConjuntoProductosTest.java:42)
	at java.base/java.lang.reflect.Method.invoke(Method.java:569)
	at java.base/java.util.ArrayList.forEach(ArrayList.java:1511)
	at java.base/java.util.ArrayList.forEach(ArrayList.java:1511)
Caused by: java.lang.UnsupportedOperationException: El metodo no esta implementado
	at com.docencia.sets.ejercicio9.ConjuntoProductos.anadir(ConjuntoProductos.java:24)
	at com.docencia.sets.ejercicio9.ConjuntoProductosTest.lambda$anadirNullTest$0(ConjuntoProductosTest.java:42)
	at org.junit.jupiter.api.AssertThrows.assertThrows(AssertThrows.java:53)
	... 6 more

com.docencia.sets.ejercicio9.ConjuntoProductosTest.anadirDuplicadoIdTest -- Time elapsed: 0.001 s <<< ERROR!
java.lang.UnsupportedOperationException: El metodo no esta implementado
	at com.docencia.herencia.ejercicio9.Libro.<init>(Libro.java:11)
	at com.docencia.sets.ejercicio9.ConjuntoProductosTest.nuevoA(ConjuntoProductosTest.java:19)
	at com.docencia.sets.ejercicio9.ConjuntoProductosTest.anadirDuplicadoIdTest(ConjuntoProductosTest.java:56)
	at java.base/java.lang.reflect.Method.invoke(Method.java:569)
	at java.base/java.util.ArrayList.forEach(ArrayList.java:1511)
	at java.base/java.util.ArrayList.forEach(ArrayList.java:1511)

com.docencia.sets.ejercicio9.ConjuntoProductosTest.buscarPorIdNullTest -- Time elapsed: 0.001 s <<< FAILURE!
org.opentest4j.AssertionFailedError: Unexpected exception type thrown, expected: <java.lang.IllegalArgumentException> but was: <java.lang.UnsupportedOperationException>
	at org.junit.jupiter.api.AssertionFailureBuilder.build(AssertionFailureBuilder.java:151)
	at org.junit.jupiter.api.AssertThrows.assertThrows(AssertThrows.java:67)
	at org.junit.jupiter.api.AssertThrows.assertThrows(AssertThrows.java:35)
	at org.junit.jupiter.api.Assertions.assertThrows(Assertions.java:3115)
	at com.docencia.sets.ejercicio9.ConjuntoProductosTest.buscarPorIdNullTest(ConjuntoProductosTest.java:71)
	at java.base/java.lang.reflect.Method.invoke(Method.java:569)
	at java.base/java.util.ArrayList.forEach(ArrayList.java:1511)
	at java.base/java.util.ArrayList.forEach(ArrayList.java:1511)
Caused by: java.lang.UnsupportedOperationException: El metodo no esta implementado
	at com.docencia.sets.ejercicio9.ConjuntoProductos.buscarPorId(ConjuntoProductos.java:29)
	at com.docencia.sets.ejercicio9.ConjuntoProductosTest.lambda$buscarPorIdNullTest$3(ConjuntoProductosTest.java:71)
	at org.junit.jupiter.api.AssertThrows.assertThrows(AssertThrows.java:53)
	... 6 more

com.docencia.sets.ejercicio9.ConjuntoProductosTest.anadirOkTest -- Time elapsed: 0 s <<< ERROR!
java.lang.UnsupportedOperationException: El metodo no esta implementado
	at com.docencia.herencia.ejercicio9.Libro.<init>(Libro.java:11)
	at com.docencia.sets.ejercicio9.ConjuntoProductosTest.nuevoA(ConjuntoProductosTest.java:19)
	at com.docencia.sets.ejercicio9.ConjuntoProductosTest.anadirOkTest(ConjuntoProductosTest.java:34)
	at java.base/java.lang.reflect.Method.invoke(Method.java:569)
	at java.base/java.util.ArrayList.forEach(ArrayList.java:1511)
	at java.base/java.util.ArrayList.forEach(ArrayList.java:1511)

com.docencia.sets.ejercicio9.ConjuntoProductosTest.anadirInvalidTest -- Time elapsed: 0 s <<< FAILURE!
org.opentest4j.AssertionFailedError: Unexpected exception type thrown, expected: <java.lang.IllegalArgumentException> but was: <java.lang.UnsupportedOperationException>
	at org.junit.jupiter.api.AssertionFailureBuilder.build(AssertionFailureBuilder.java:151)
	at org.junit.jupiter.api.AssertThrows.assertThrows(AssertThrows.java:67)
	at org.junit.jupiter.api.AssertThrows.assertThrows(AssertThrows.java:35)
	at org.junit.jupiter.api.Assertions.assertThrows(Assertions.java:3115)
	at com.docencia.sets.ejercicio9.ConjuntoProductosTest.anadirInvalidTest(ConjuntoProductosTest.java:49)
	at java.base/java.lang.reflect.Method.invoke(Method.java:569)
	at java.base/java.util.ArrayList.forEach(ArrayList.java:1511)
	at java.base/java.util.ArrayList.forEach(ArrayList.java:1511)
Caused by: java.lang.UnsupportedOperationException: El metodo no esta implementado
	at com.docencia.herencia.ejercicio9.Libro.<init>(Libro.java:11)
	at com.docencia.sets.ejercicio9.ConjuntoProductosTest.invalido(ConjuntoProductosTest.java:27)
	at com.docencia.sets.ejercicio9.ConjuntoProductosTest.lambda$anadirInvalidTest$1(ConjuntoProductosTest.java:49)
	at org.junit.jupiter.api.AssertThrows.assertThrows(AssertThrows.java:53)
	... 6 more

com.docencia.sets.ejercicio9.ConjuntoProductosTest.eliminarPorIdOkTest -- Time elapsed: 0 s <<< ERROR!
java.lang.UnsupportedOperationException: El metodo no esta implementado
	at com.docencia.herencia.ejercicio9.Libro.<init>(Libro.java:11)
	at com.docencia.sets.ejercicio9.ConjuntoProductosTest.nuevoA(ConjuntoProductosTest.java:19)
	at com.docencia.sets.ejercicio9.ConjuntoProductosTest.eliminarPorIdOkTest(ConjuntoProductosTest.java:78)
	at java.base/java.lang.reflect.Method.invoke(Method.java:569)
	at java.base/java.util.ArrayList.forEach(ArrayList.java:1511)
	at java.base/java.util.ArrayList.forEach(ArrayList.java:1511)

com.docencia.sets.ejercicio9.ConjuntoProductosTest.modificarNoExisteTest -- Time elapsed: 0.001 s <<< FAILURE!
org.opentest4j.AssertionFailedError: Unexpected exception type thrown, expected: <java.util.NoSuchElementException> but was: <java.lang.UnsupportedOperationException>
	at org.junit.jupiter.api.AssertionFailureBuilder.build(AssertionFailureBuilder.java:151)
	at org.junit.jupiter.api.AssertThrows.assertThrows(AssertThrows.java:67)
	at org.junit.jupiter.api.AssertThrows.assertThrows(AssertThrows.java:35)
	at org.junit.jupiter.api.Assertions.assertThrows(Assertions.java:3115)
	at com.docencia.sets.ejercicio9.ConjuntoProductosTest.modificarNoExisteTest(ConjuntoProductosTest.java:97)
	at java.base/java.lang.reflect.Method.invoke(Method.java:569)
	at java.base/java.util.ArrayList.forEach(ArrayList.java:1511)
	at java.base/java.util.ArrayList.forEach(ArrayList.java:1511)
Caused by: java.lang.UnsupportedOperationException: El metodo no esta implementado
	at com.docencia.herencia.ejercicio9.Libro.<init>(Libro.java:11)
	at com.docencia.sets.ejercicio9.ConjuntoProductosTest.nuevoA(ConjuntoProductosTest.java:19)
	at com.docencia.sets.ejercicio9.ConjuntoProductosTest.lambda$modificarNoExisteTest$4(ConjuntoProductosTest.java:97)
	at org.junit.jupiter.api.AssertThrows.assertThrows(AssertThrows.java:53)
	... 6 more

