-------------------------------------------------------------------------------
Test set: com.docencia.sets.ejercicio8.ConjuntoPagosTest
-------------------------------------------------------------------------------
Tests run: 10, Failures: 4, Errors: 5, Skipped: 0, Time elapsed: 0.012 s <<< FAILURE! -- in com.docencia.sets.ejercicio8.ConjuntoPagosTest
com.docencia.sets.ejercicio8.ConjuntoPagosTest.buscarPorIdOkTest -- Time elapsed: 0.001 s <<< ERROR!
java.lang.UnsupportedOperationException: El metodo no esta implementado
	at com.docencia.sets.ejercicio8.ConjuntoPagos.anadir(ConjuntoPagos.java:24)
	at com.docencia.sets.ejercicio8.ConjuntoPagosTest.buscarPorIdOkTest(ConjuntoPagosTest.java:64)
	at java.base/java.lang.reflect.Method.invoke(Method.java:565)
	at java.base/java.util.ArrayList.forEach(ArrayList.java:1604)
	at java.base/java.util.ArrayList.forEach(ArrayList.java:1604)

com.docencia.sets.ejercicio8.ConjuntoPagosTest.modificarOkTest -- Time elapsed: 0.001 s <<< ERROR!
java.lang.UnsupportedOperationException: El metodo no esta implementado
	at com.docencia.sets.ejercicio8.ConjuntoPagos.anadir(ConjuntoPagos.java:24)
	at com.docencia.sets.ejercicio8.ConjuntoPagosTest.modificarOkTest(ConjuntoPagosTest.java:87)
	at java.base/java.lang.reflect.Method.invoke(Method.java:565)
	at java.base/java.util.ArrayList.forEach(ArrayList.java:1604)
	at java.base/java.util.ArrayList.forEach(ArrayList.java:1604)

com.docencia.sets.ejercicio8.ConjuntoPagosTest.anadirNullTest -- Time elapsed: 0.001 s <<< FAILURE!
org.opentest4j.AssertionFailedError: Unexpected exception type thrown, expected: <java.lang.IllegalArgumentException> but was: <java.lang.UnsupportedOperationException>
	at org.junit.jupiter.api.AssertionFailureBuilder.build(AssertionFailureBuilder.java:151)
	at org.junit.jupiter.api.AssertThrows.assertThrows(AssertThrows.java:67)
	at org.junit.jupiter.api.AssertThrows.assertThrows(AssertThrows.java:35)
	at org.junit.jupiter.api.Assertions.assertThrows(Assertions.java:3115)
	at com.docencia.sets.ejercicio8.ConjuntoPagosTest.anadirNullTest(ConjuntoPagosTest.java:42)
	at java.base/java.lang.reflect.Method.invoke(Method.java:565)
	at java.base/java.util.ArrayList.forEach(ArrayList.java:1604)
	at java.base/java.util.ArrayList.forEach(ArrayList.java:1604)
Caused by: java.lang.UnsupportedOperationException: El metodo no esta implementado
	at com.docencia.sets.ejercicio8.ConjuntoPagos.anadir(ConjuntoPagos.java:24)
	at com.docencia.sets.ejercicio8.ConjuntoPagosTest.lambda$anadirNullTest$0(ConjuntoPagosTest.java:42)
	at org.junit.jupiter.api.AssertThrows.assertThrows(AssertThrows.java:53)
	... 6 more

com.docencia.sets.ejercicio8.ConjuntoPagosTest.anadirDuplicadoIdTest -- Time elapsed: 0.001 s <<< ERROR!
java.lang.UnsupportedOperationException: El metodo no esta implementado
	at com.docencia.sets.ejercicio8.ConjuntoPagos.anadir(ConjuntoPagos.java:24)
	at com.docencia.sets.ejercicio8.ConjuntoPagosTest.anadirDuplicadoIdTest(ConjuntoPagosTest.java:56)
	at java.base/java.lang.reflect.Method.invoke(Method.java:565)
	at java.base/java.util.ArrayList.forEach(ArrayList.java:1604)
	at java.base/java.util.ArrayList.forEach(ArrayList.java:1604)

com.docencia.sets.ejercicio8.ConjuntoPagosTest.buscarPorIdNullTest -- Time elapsed: 0.001 s <<< FAILURE!
org.opentest4j.AssertionFailedError: Unexpected exception type thrown, expected: <java.lang.IllegalArgumentException> but was: <java.lang.UnsupportedOperationException>
	at org.junit.jupiter.api.AssertionFailureBuilder.build(AssertionFailureBuilder.java:151)
	at org.junit.jupiter.api.AssertThrows.assertThrows(AssertThrows.java:67)
	at org.junit.jupiter.api.AssertThrows.assertThrows(AssertThrows.java:35)
	at org.junit.jupiter.api.Assertions.assertThrows(Assertions.java:3115)
	at com.docencia.sets.ejercicio8.ConjuntoPagosTest.buscarPorIdNullTest(ConjuntoPagosTest.java:71)
	at java.base/java.lang.reflect.Method.invoke(Method.java:565)
	at java.base/java.util.ArrayList.forEach(ArrayList.java:1604)
	at java.base/java.util.ArrayList.forEach(ArrayList.java:1604)
Caused by: java.lang.UnsupportedOperationException: El metodo no esta implementado
	at com.docencia.sets.ejercicio8.ConjuntoPagos.buscarPorId(ConjuntoPagos.java:29)
	at com.docencia.sets.ejercicio8.ConjuntoPagosTest.lambda$buscarPorIdNullTest$0(ConjuntoPagosTest.java:71)
	at org.junit.jupiter.api.AssertThrows.assertThrows(AssertThrows.java:53)
	... 6 more

com.docencia.sets.ejercicio8.ConjuntoPagosTest.anadirOkTest -- Time elapsed: 0.001 s <<< ERROR!
java.lang.UnsupportedOperationException: El metodo no esta implementado
	at com.docencia.sets.ejercicio8.ConjuntoPagos.anadir(ConjuntoPagos.java:24)
	at com.docencia.sets.ejercicio8.ConjuntoPagosTest.anadirOkTest(ConjuntoPagosTest.java:34)
	at java.base/java.lang.reflect.Method.invoke(Method.java:565)
	at java.base/java.util.ArrayList.forEach(ArrayList.java:1604)
	at java.base/java.util.ArrayList.forEach(ArrayList.java:1604)

com.docencia.sets.ejercicio8.ConjuntoPagosTest.anadirInvalidTest -- Time elapsed: 0.001 s <<< FAILURE!
org.opentest4j.AssertionFailedError: Unexpected exception type thrown, expected: <java.lang.IllegalArgumentException> but was: <java.lang.UnsupportedOperationException>
	at org.junit.jupiter.api.AssertionFailureBuilder.build(AssertionFailureBuilder.java:151)
	at org.junit.jupiter.api.AssertThrows.assertThrows(AssertThrows.java:67)
	at org.junit.jupiter.api.AssertThrows.assertThrows(AssertThrows.java:35)
	at org.junit.jupiter.api.Assertions.assertThrows(Assertions.java:3115)
	at com.docencia.sets.ejercicio8.ConjuntoPagosTest.anadirInvalidTest(ConjuntoPagosTest.java:49)
	at java.base/java.lang.reflect.Method.invoke(Method.java:565)
	at java.base/java.util.ArrayList.forEach(ArrayList.java:1604)
	at java.base/java.util.ArrayList.forEach(ArrayList.java:1604)
Caused by: java.lang.UnsupportedOperationException: El metodo no esta implementado
	at com.docencia.sets.ejercicio8.ConjuntoPagos.anadir(ConjuntoPagos.java:24)
	at com.docencia.sets.ejercicio8.ConjuntoPagosTest.lambda$anadirInvalidTest$0(ConjuntoPagosTest.java:49)
	at org.junit.jupiter.api.AssertThrows.assertThrows(AssertThrows.java:53)
	... 6 more

com.docencia.sets.ejercicio8.ConjuntoPagosTest.eliminarPorIdOkTest -- Time elapsed: 0 s <<< ERROR!
java.lang.UnsupportedOperationException: El metodo no esta implementado
	at com.docencia.sets.ejercicio8.ConjuntoPagos.anadir(ConjuntoPagos.java:24)
	at com.docencia.sets.ejercicio8.ConjuntoPagosTest.eliminarPorIdOkTest(ConjuntoPagosTest.java:78)
	at java.base/java.lang.reflect.Method.invoke(Method.java:565)
	at java.base/java.util.ArrayList.forEach(ArrayList.java:1604)
	at java.base/java.util.ArrayList.forEach(ArrayList.java:1604)

com.docencia.sets.ejercicio8.ConjuntoPagosTest.modificarNoExisteTest -- Time elapsed: 0.001 s <<< FAILURE!
org.opentest4j.AssertionFailedError: Unexpected exception type thrown, expected: <java.util.NoSuchElementException> but was: <java.lang.UnsupportedOperationException>
	at org.junit.jupiter.api.AssertionFailureBuilder.build(AssertionFailureBuilder.java:151)
	at org.junit.jupiter.api.AssertThrows.assertThrows(AssertThrows.java:67)
	at org.junit.jupiter.api.AssertThrows.assertThrows(AssertThrows.java:35)
	at org.junit.jupiter.api.Assertions.assertThrows(Assertions.java:3115)
	at com.docencia.sets.ejercicio8.ConjuntoPagosTest.modificarNoExisteTest(ConjuntoPagosTest.java:97)
	at java.base/java.lang.reflect.Method.invoke(Method.java:565)
	at java.base/java.util.ArrayList.forEach(ArrayList.java:1604)
	at java.base/java.util.ArrayList.forEach(ArrayList.java:1604)
Caused by: java.lang.UnsupportedOperationException: El metodo no esta implementado
	at com.docencia.sets.ejercicio8.ConjuntoPagos.modificar(ConjuntoPagos.java:39)
	at com.docencia.sets.ejercicio8.ConjuntoPagosTest.lambda$modificarNoExisteTest$0(ConjuntoPagosTest.java:97)
	at org.junit.jupiter.api.AssertThrows.assertThrows(AssertThrows.java:53)
	... 6 more

