-------------------------------------------------------------------------------
Test set: com.docencia.listas.ejercicio2.ListaVehiculosTest
-------------------------------------------------------------------------------
Tests run: 18, Failures: 5, Errors: 12, Skipped: 0, Time elapsed: 0.034 s <<< FAILURE! -- in com.docencia.listas.ejercicio2.ListaVehiculosTest
com.docencia.listas.ejercicio2.ListaVehiculosTest.modificarNullIdTest -- Time elapsed: 0.002 s <<< ERROR!
java.lang.UnsupportedOperationException: El metodo no esta implementado
	at com.docencia.herencia.ejercicio2.Coche.<init>(Coche.java:11)
	at com.docencia.listas.ejercicio2.ListaVehiculosTest.nuevoA(ListaVehiculosTest.java:19)
	at com.docencia.listas.ejercicio2.ListaVehiculosTest.modificarNullIdTest(ListaVehiculosTest.java:114)
	at java.base/java.lang.reflect.Method.invoke(Method.java:569)
	at java.base/java.util.ArrayList.forEach(ArrayList.java:1511)
	at java.base/java.util.ArrayList.forEach(ArrayList.java:1511)

com.docencia.listas.ejercicio2.ListaVehiculosTest.buscarPorIdNoExisteTest -- Time elapsed: 0.003 s <<< ERROR!
java.lang.UnsupportedOperationException: El metodo no esta implementado
	at com.docencia.listas.ejercicio2.ListaVehiculos.buscarPorId(ListaVehiculos.java:27)
	at com.docencia.listas.ejercicio2.ListaVehiculosTest.buscarPorIdNoExisteTest(ListaVehiculosTest.java:76)
	at java.base/java.lang.reflect.Method.invoke(Method.java:569)
	at java.base/java.util.ArrayList.forEach(ArrayList.java:1511)
	at java.base/java.util.ArrayList.forEach(ArrayList.java:1511)

com.docencia.listas.ejercicio2.ListaVehiculosTest.eliminarPorIdNullTest -- Time elapsed: 0.002 s <<< FAILURE!
org.opentest4j.AssertionFailedError: Unexpected exception type thrown, expected: <java.lang.IllegalArgumentException> but was: <java.lang.UnsupportedOperationException>
	at org.junit.jupiter.api.AssertionFailureBuilder.build(AssertionFailureBuilder.java:151)
	at org.junit.jupiter.api.AssertThrows.assertThrows(AssertThrows.java:67)
	at org.junit.jupiter.api.AssertThrows.assertThrows(AssertThrows.java:35)
	at org.junit.jupiter.api.Assertions.assertThrows(Assertions.java:3115)
	at com.docencia.listas.ejercicio2.ListaVehiculosTest.eliminarPorIdNullTest(ListaVehiculosTest.java:91)
	at java.base/java.lang.reflect.Method.invoke(Method.java:569)
	at java.base/java.util.ArrayList.forEach(ArrayList.java:1511)
	at java.base/java.util.ArrayList.forEach(ArrayList.java:1511)
Caused by: java.lang.UnsupportedOperationException: El metodo no esta implementado
	at com.docencia.listas.ejercicio2.ListaVehiculos.eliminarPorId(ListaVehiculos.java:31)
	at com.docencia.listas.ejercicio2.ListaVehiculosTest.lambda$eliminarPorIdNullTest$4(ListaVehiculosTest.java:91)
	at org.junit.jupiter.api.AssertThrows.assertThrows(AssertThrows.java:53)
	... 6 more

com.docencia.listas.ejercicio2.ListaVehiculosTest.modificarInvalidTest -- Time elapsed: 0 s <<< ERROR!
java.lang.UnsupportedOperationException: El metodo no esta implementado
	at com.docencia.herencia.ejercicio2.Coche.<init>(Coche.java:11)
	at com.docencia.listas.ejercicio2.ListaVehiculosTest.nuevoA(ListaVehiculosTest.java:19)
	at com.docencia.listas.ejercicio2.ListaVehiculosTest.modificarInvalidTest(ListaVehiculosTest.java:130)
	at java.base/java.lang.reflect.Method.invoke(Method.java:569)
	at java.base/java.util.ArrayList.forEach(ArrayList.java:1511)
	at java.base/java.util.ArrayList.forEach(ArrayList.java:1511)

com.docencia.listas.ejercicio2.ListaVehiculosTest.buscarPorIdOkTest -- Time elapsed: 0 s <<< ERROR!
java.lang.UnsupportedOperationException: El metodo no esta implementado
	at com.docencia.herencia.ejercicio2.Coche.<init>(Coche.java:11)
	at com.docencia.listas.ejercicio2.ListaVehiculosTest.nuevoA(ListaVehiculosTest.java:19)
	at com.docencia.listas.ejercicio2.ListaVehiculosTest.buscarPorIdOkTest(ListaVehiculosTest.java:63)
	at java.base/java.lang.reflect.Method.invoke(Method.java:569)
	at java.base/java.util.ArrayList.forEach(ArrayList.java:1511)
	at java.base/java.util.ArrayList.forEach(ArrayList.java:1511)

com.docencia.listas.ejercicio2.ListaVehiculosTest.modificarIdDistintoTest -- Time elapsed: 0 s <<< ERROR!
java.lang.UnsupportedOperationException: El metodo no esta implementado
	at com.docencia.herencia.ejercicio2.Coche.<init>(Coche.java:11)
	at com.docencia.listas.ejercicio2.ListaVehiculosTest.nuevoA(ListaVehiculosTest.java:19)
	at com.docencia.listas.ejercicio2.ListaVehiculosTest.modificarIdDistintoTest(ListaVehiculosTest.java:138)
	at java.base/java.lang.reflect.Method.invoke(Method.java:569)
	at java.base/java.util.ArrayList.forEach(ArrayList.java:1511)
	at java.base/java.util.ArrayList.forEach(ArrayList.java:1511)

com.docencia.listas.ejercicio2.ListaVehiculosTest.modificarOkTest -- Time elapsed: 0.001 s <<< ERROR!
java.lang.UnsupportedOperationException: El metodo no esta implementado
	at com.docencia.herencia.ejercicio2.Coche.<init>(Coche.java:11)
	at com.docencia.listas.ejercicio2.ListaVehiculosTest.nuevoA(ListaVehiculosTest.java:19)
	at com.docencia.listas.ejercicio2.ListaVehiculosTest.modificarOkTest(ListaVehiculosTest.java:104)
	at java.base/java.lang.reflect.Method.invoke(Method.java:569)
	at java.base/java.util.ArrayList.forEach(ArrayList.java:1511)
	at java.base/java.util.ArrayList.forEach(ArrayList.java:1511)

com.docencia.listas.ejercicio2.ListaVehiculosTest.anadirNullTest -- Time elapsed: 0.001 s <<< FAILURE!
org.opentest4j.AssertionFailedError: Unexpected exception type thrown, expected: <java.lang.IllegalArgumentException> but was: <java.lang.UnsupportedOperationException>
	at org.junit.jupiter.api.AssertionFailureBuilder.build(AssertionFailureBuilder.java:151)
	at org.junit.jupiter.api.AssertThrows.assertThrows(AssertThrows.java:67)
	at org.junit.jupiter.api.AssertThrows.assertThrows(AssertThrows.java:35)
	at org.junit.jupiter.api.Assertions.assertThrows(Assertions.java:3115)
	at com.docencia.listas.ejercicio2.ListaVehiculosTest.anadirNullTest(ListaVehiculosTest.java:42)
	at java.base/java.lang.reflect.Method.invoke(Method.java:569)
	at java.base/java.util.ArrayList.forEach(ArrayList.java:1511)
	at java.base/java.util.ArrayList.forEach(ArrayList.java:1511)
Caused by: java.lang.UnsupportedOperationException: El metodo no esta implementado
	at com.docencia.listas.ejercicio2.ListaVehiculos.anadir(ListaVehiculos.java:23)
	at com.docencia.listas.ejercicio2.ListaVehiculosTest.lambda$anadirNullTest$0(ListaVehiculosTest.java:42)
	at org.junit.jupiter.api.AssertThrows.assertThrows(AssertThrows.java:53)
	... 6 more

com.docencia.listas.ejercicio2.ListaVehiculosTest.anadirDuplicadoIdTest -- Time elapsed: 0 s <<< ERROR!
java.lang.UnsupportedOperationException: El metodo no esta implementado
	at com.docencia.herencia.ejercicio2.Coche.<init>(Coche.java:11)
	at com.docencia.listas.ejercicio2.ListaVehiculosTest.nuevoA(ListaVehiculosTest.java:19)
	at com.docencia.listas.ejercicio2.ListaVehiculosTest.anadirDuplicadoIdTest(ListaVehiculosTest.java:55)
	at java.base/java.lang.reflect.Method.invoke(Method.java:569)
	at java.base/java.util.ArrayList.forEach(ArrayList.java:1511)
	at java.base/java.util.ArrayList.forEach(ArrayList.java:1511)

com.docencia.listas.ejercicio2.ListaVehiculosTest.buscarPorIdNullTest -- Time elapsed: 0.002 s <<< FAILURE!
org.opentest4j.AssertionFailedError: Unexpected exception type thrown, expected: <java.lang.IllegalArgumentException> but was: <java.lang.UnsupportedOperationException>
	at org.junit.jupiter.api.AssertionFailureBuilder.build(AssertionFailureBuilder.java:151)
	at org.junit.jupiter.api.AssertThrows.assertThrows(AssertThrows.java:67)
	at org.junit.jupiter.api.AssertThrows.assertThrows(AssertThrows.java:35)
	at org.junit.jupiter.api.Assertions.assertThrows(Assertions.java:3115)
	at com.docencia.listas.ejercicio2.ListaVehiculosTest.buscarPorIdNullTest(ListaVehiculosTest.java:70)
	at java.base/java.lang.reflect.Method.invoke(Method.java:569)
	at java.base/java.util.ArrayList.forEach(ArrayList.java:1511)
	at java.base/java.util.ArrayList.forEach(ArrayList.java:1511)
Caused by: java.lang.UnsupportedOperationException: El metodo no esta implementado
	at com.docencia.listas.ejercicio2.ListaVehiculos.buscarPorId(ListaVehiculos.java:27)
	at com.docencia.listas.ejercicio2.ListaVehiculosTest.lambda$buscarPorIdNullTest$3(ListaVehiculosTest.java:70)
	at org.junit.jupiter.api.AssertThrows.assertThrows(AssertThrows.java:53)
	... 6 more

com.docencia.listas.ejercicio2.ListaVehiculosTest.anadirOkTest -- Time elapsed: 0.002 s <<< ERROR!
java.lang.UnsupportedOperationException: El metodo no esta implementado
	at com.docencia.herencia.ejercicio2.Coche.<init>(Coche.java:11)
	at com.docencia.listas.ejercicio2.ListaVehiculosTest.nuevoA(ListaVehiculosTest.java:19)
	at com.docencia.listas.ejercicio2.ListaVehiculosTest.anadirOkTest(ListaVehiculosTest.java:34)
	at java.base/java.lang.reflect.Method.invoke(Method.java:569)
	at java.base/java.util.ArrayList.forEach(ArrayList.java:1511)
	at java.base/java.util.ArrayList.forEach(ArrayList.java:1511)

com.docencia.listas.ejercicio2.ListaVehiculosTest.anadirInvalidTest -- Time elapsed: 0.001 s <<< FAILURE!
org.opentest4j.AssertionFailedError: Unexpected exception type thrown, expected: <java.lang.IllegalArgumentException> but was: <java.lang.UnsupportedOperationException>
	at org.junit.jupiter.api.AssertionFailureBuilder.build(AssertionFailureBuilder.java:151)
	at org.junit.jupiter.api.AssertThrows.assertThrows(AssertThrows.java:67)
	at org.junit.jupiter.api.AssertThrows.assertThrows(AssertThrows.java:35)
	at org.junit.jupiter.api.Assertions.assertThrows(Assertions.java:3115)
	at com.docencia.listas.ejercicio2.ListaVehiculosTest.anadirInvalidTest(ListaVehiculosTest.java:48)
	at java.base/java.lang.reflect.Method.invoke(Method.java:569)
	at java.base/java.util.ArrayList.forEach(ArrayList.java:1511)
	at java.base/java.util.ArrayList.forEach(ArrayList.java:1511)
Caused by: java.lang.UnsupportedOperationException: El metodo no esta implementado
	at com.docencia.herencia.ejercicio2.Coche.<init>(Coche.java:11)
	at com.docencia.listas.ejercicio2.ListaVehiculosTest.invalido(ListaVehiculosTest.java:27)
	at com.docencia.listas.ejercicio2.ListaVehiculosTest.lambda$anadirInvalidTest$1(ListaVehiculosTest.java:48)
	at org.junit.jupiter.api.AssertThrows.assertThrows(AssertThrows.java:53)
	... 6 more

com.docencia.listas.ejercicio2.ListaVehiculosTest.eliminarPorIdOkTest -- Time elapsed: 0 s <<< ERROR!
java.lang.UnsupportedOperationException: El metodo no esta implementado
	at com.docencia.herencia.ejercicio2.Coche.<init>(Coche.java:11)
	at com.docencia.listas.ejercicio2.ListaVehiculosTest.nuevoA(ListaVehiculosTest.java:19)
	at com.docencia.listas.ejercicio2.ListaVehiculosTest.eliminarPorIdOkTest(ListaVehiculosTest.java:83)
	at java.base/java.lang.reflect.Method.invoke(Method.java:569)
	at java.base/java.util.ArrayList.forEach(ArrayList.java:1511)
	at java.base/java.util.ArrayList.forEach(ArrayList.java:1511)

com.docencia.listas.ejercicio2.ListaVehiculosTest.modificarNullElementoTest -- Time elapsed: 0.002 s <<< ERROR!
java.lang.UnsupportedOperationException: El metodo no esta implementado
	at com.docencia.herencia.ejercicio2.Coche.<init>(Coche.java:11)
	at com.docencia.listas.ejercicio2.ListaVehiculosTest.nuevoA(ListaVehiculosTest.java:19)
	at com.docencia.listas.ejercicio2.ListaVehiculosTest.modificarNullElementoTest(ListaVehiculosTest.java:122)
	at java.base/java.lang.reflect.Method.invoke(Method.java:569)
	at java.base/java.util.ArrayList.forEach(ArrayList.java:1511)
	at java.base/java.util.ArrayList.forEach(ArrayList.java:1511)

com.docencia.listas.ejercicio2.ListaVehiculosTest.eliminarPorIdNoExisteTest -- Time elapsed: 0 s <<< ERROR!
java.lang.UnsupportedOperationException: El metodo no esta implementado
	at com.docencia.listas.ejercicio2.ListaVehiculos.eliminarPorId(ListaVehiculos.java:31)
	at com.docencia.listas.ejercicio2.ListaVehiculosTest.eliminarPorIdNoExisteTest(ListaVehiculosTest.java:97)
	at java.base/java.lang.reflect.Method.invoke(Method.java:569)
	at java.base/java.util.ArrayList.forEach(ArrayList.java:1511)
	at java.base/java.util.ArrayList.forEach(ArrayList.java:1511)

com.docencia.listas.ejercicio2.ListaVehiculosTest.listarInmutableTest -- Time elapsed: 0.001 s <<< ERROR!
java.lang.UnsupportedOperationException: El metodo no esta implementado
	at com.docencia.herencia.ejercicio2.Coche.<init>(Coche.java:11)
	at com.docencia.listas.ejercicio2.ListaVehiculosTest.nuevoA(ListaVehiculosTest.java:19)
	at com.docencia.listas.ejercicio2.ListaVehiculosTest.listarInmutableTest(ListaVehiculosTest.java:152)
	at java.base/java.lang.reflect.Method.invoke(Method.java:569)
	at java.base/java.util.ArrayList.forEach(ArrayList.java:1511)
	at java.base/java.util.ArrayList.forEach(ArrayList.java:1511)

com.docencia.listas.ejercicio2.ListaVehiculosTest.modificarNoExisteTest -- Time elapsed: 0.001 s <<< FAILURE!
org.opentest4j.AssertionFailedError: Unexpected exception type thrown, expected: <java.util.NoSuchElementException> but was: <java.lang.UnsupportedOperationException>
	at org.junit.jupiter.api.AssertionFailureBuilder.build(AssertionFailureBuilder.java:151)
	at org.junit.jupiter.api.AssertThrows.assertThrows(AssertThrows.java:67)
	at org.junit.jupiter.api.AssertThrows.assertThrows(AssertThrows.java:35)
	at org.junit.jupiter.api.Assertions.assertThrows(Assertions.java:3115)
	at com.docencia.listas.ejercicio2.ListaVehiculosTest.modificarNoExisteTest(ListaVehiculosTest.java:146)
	at java.base/java.lang.reflect.Method.invoke(Method.java:569)
	at java.base/java.util.ArrayList.forEach(ArrayList.java:1511)
	at java.base/java.util.ArrayList.forEach(ArrayList.java:1511)
Caused by: java.lang.UnsupportedOperationException: El metodo no esta implementado
	at com.docencia.herencia.ejercicio2.Coche.<init>(Coche.java:11)
	at com.docencia.listas.ejercicio2.ListaVehiculosTest.nuevoA(ListaVehiculosTest.java:19)
	at com.docencia.listas.ejercicio2.ListaVehiculosTest.lambda$modificarNoExisteTest$9(ListaVehiculosTest.java:146)
	at org.junit.jupiter.api.AssertThrows.assertThrows(AssertThrows.java:53)
	... 6 more

