-------------------------------------------------------------------------------
Test set: com.docencia.herencia.ejercicio8.PagoTarjetaTest
-------------------------------------------------------------------------------
Tests run: 9, Failures: 0, Errors: 9, Skipped: 0, Time elapsed: 0.022 s <<< FAILURE! -- in com.docencia.herencia.ejercicio8.PagoTarjetaTest
com.docencia.herencia.ejercicio8.PagoTarjetaTest.metodo_abstracto_implementado_devuelve_esperado -- Time elapsed: 0.001 s <<< ERROR!
java.lang.UnsupportedOperationException: El metodo no esta implementado
	at com.docencia.herencia.ejercicio8.PagoTarjeta.<init>(PagoTarjeta.java:11)
	at com.docencia.herencia.ejercicio8.PagoTarjetaTest.metodo_abstracto_implementado_devuelve_esperado(PagoTarjetaTest.java:65)
	at java.base/java.lang.reflect.Method.invoke(Method.java:569)
	at java.base/java.util.ArrayList.forEach(ArrayList.java:1511)
	at java.base/java.util.ArrayList.forEach(ArrayList.java:1511)

com.docencia.herencia.ejercicio8.PagoTarjetaTest.equals_otro_tipo_es_false -- Time elapsed: 0.004 s <<< ERROR!
java.lang.UnsupportedOperationException: El metodo no esta implementado
	at com.docencia.herencia.ejercicio8.PagoTarjeta.<init>(PagoTarjeta.java:11)
	at com.docencia.herencia.ejercicio8.PagoTarjetaTest.equals_otro_tipo_es_false(PagoTarjetaTest.java:43)
	at java.base/java.lang.reflect.Method.invoke(Method.java:569)
	at java.base/java.util.ArrayList.forEach(ArrayList.java:1511)
	at java.base/java.util.ArrayList.forEach(ArrayList.java:1511)

com.docencia.herencia.ejercicio8.PagoTarjetaTest.ids_son_unicos_en_instancias_distintas -- Time elapsed: 0.001 s <<< ERROR!
java.lang.UnsupportedOperationException: El metodo no esta implementado
	at com.docencia.herencia.ejercicio8.PagoTarjeta.<init>(PagoTarjeta.java:11)
	at com.docencia.herencia.ejercicio8.PagoTarjetaTest.ids_son_unicos_en_instancias_distintas(PagoTarjetaTest.java:27)
	at java.base/java.lang.reflect.Method.invoke(Method.java:569)
	at java.base/java.util.ArrayList.forEach(ArrayList.java:1511)
	at java.base/java.util.ArrayList.forEach(ArrayList.java:1511)

com.docencia.herencia.ejercicio8.PagoTarjetaTest.equals_mismo_id_misma_clase_es_true -- Time elapsed: 0.002 s <<< ERROR!
java.lang.UnsupportedOperationException: El metodo no esta implementado
	at com.docencia.herencia.ejercicio8.PagoTarjeta.<init>(PagoTarjeta.java:11)
	at com.docencia.herencia.ejercicio8.PagoTarjetaTest.equals_mismo_id_misma_clase_es_true(PagoTarjetaTest.java:35)
	at java.base/java.lang.reflect.Method.invoke(Method.java:569)
	at java.base/java.util.ArrayList.forEach(ArrayList.java:1511)
	at java.base/java.util.ArrayList.forEach(ArrayList.java:1511)

com.docencia.herencia.ejercicio8.PagoTarjetaTest.es_instancia_de_la_clase_base -- Time elapsed: 0.002 s <<< ERROR!
java.lang.UnsupportedOperationException: El metodo no esta implementado
	at com.docencia.herencia.ejercicio8.PagoTarjeta.<init>(PagoTarjeta.java:11)
	at com.docencia.herencia.ejercicio8.PagoTarjetaTest.es_instancia_de_la_clase_base(PagoTarjetaTest.java:71)
	at java.base/java.lang.reflect.Method.invoke(Method.java:569)
	at java.base/java.util.ArrayList.forEach(ArrayList.java:1511)
	at java.base/java.util.ArrayList.forEach(ArrayList.java:1511)

com.docencia.herencia.ejercicio8.PagoTarjetaTest.equals_distinto_id_es_false -- Time elapsed: 0.001 s <<< ERROR!
java.lang.UnsupportedOperationException: El metodo no esta implementado
	at com.docencia.herencia.ejercicio8.PagoTarjeta.<init>(PagoTarjeta.java:11)
	at com.docencia.herencia.ejercicio8.PagoTarjetaTest.equals_distinto_id_es_false(PagoTarjetaTest.java:50)
	at java.base/java.lang.reflect.Method.invoke(Method.java:569)
	at java.base/java.util.ArrayList.forEach(ArrayList.java:1511)
	at java.base/java.util.ArrayList.forEach(ArrayList.java:1511)

com.docencia.herencia.ejercicio8.PagoTarjetaTest.constructor_genera_id_si_null -- Time elapsed: 0.001 s <<< ERROR!
java.lang.UnsupportedOperationException: El metodo no esta implementado
	at com.docencia.herencia.ejercicio8.PagoTarjeta.<init>(PagoTarjeta.java:11)
	at com.docencia.herencia.ejercicio8.PagoTarjetaTest.constructor_genera_id_si_null(PagoTarjetaTest.java:21)
	at java.base/java.lang.reflect.Method.invoke(Method.java:569)
	at java.base/java.util.ArrayList.forEach(ArrayList.java:1511)
	at java.base/java.util.ArrayList.forEach(ArrayList.java:1511)

com.docencia.herencia.ejercicio8.PagoTarjetaTest.constructor_asigna_campos -- Time elapsed: 0.001 s <<< ERROR!
java.lang.UnsupportedOperationException: El metodo no esta implementado
	at com.docencia.herencia.ejercicio8.PagoTarjeta.<init>(PagoTarjeta.java:11)
	at com.docencia.herencia.ejercicio8.PagoTarjetaTest.constructor_asigna_campos(PagoTarjetaTest.java:13)
	at java.base/java.lang.reflect.Method.invoke(Method.java:569)
	at java.base/java.util.ArrayList.forEach(ArrayList.java:1511)
	at java.base/java.util.ArrayList.forEach(ArrayList.java:1511)

com.docencia.herencia.ejercicio8.PagoTarjetaTest.toString_contiene_nombre_clase_y_campos -- Time elapsed: 0.002 s <<< ERROR!
java.lang.UnsupportedOperationException: El metodo no esta implementado
	at com.docencia.herencia.ejercicio8.PagoTarjeta.<init>(PagoTarjeta.java:11)
	at com.docencia.herencia.ejercicio8.PagoTarjetaTest.toString_contiene_nombre_clase_y_campos(PagoTarjetaTest.java:57)
	at java.base/java.lang.reflect.Method.invoke(Method.java:569)
	at java.base/java.util.ArrayList.forEach(ArrayList.java:1511)
	at java.base/java.util.ArrayList.forEach(ArrayList.java:1511)

