-------------------------------------------------------------------------------
Test set: com.docencia.interfaces.ejercicio10.CuadradoDrawableTest
-------------------------------------------------------------------------------
Tests run: 8, Failures: 0, Errors: 7, Skipped: 0, Time elapsed: 0.014 s <<< FAILURE! -- in com.docencia.interfaces.ejercicio10.CuadradoDrawableTest
com.docencia.interfaces.ejercicio10.CuadradoDrawableTest.idsDiferentesParaInstanciasDistintas -- Time elapsed: 0.001 s <<< ERROR!
java.lang.UnsupportedOperationException: El metodo no esta implementado
	at com.docencia.interfaces.ejercicio10.CuadradoDrawable.<init>(CuadradoDrawable.java:15)
	at com.docencia.interfaces.ejercicio10.CuadradoDrawableTest.idsDiferentesParaInstanciasDistintas(CuadradoDrawableTest.java:31)
	at java.base/java.lang.reflect.Method.invoke(Method.java:569)
	at java.base/java.util.ArrayList.forEach(ArrayList.java:1511)
	at java.base/java.util.ArrayList.forEach(ArrayList.java:1511)

com.docencia.interfaces.ejercicio10.CuadradoDrawableTest.toStringContieneClaseEId -- Time elapsed: 0 s <<< ERROR!
java.lang.UnsupportedOperationException: El metodo no esta implementado
	at com.docencia.interfaces.ejercicio10.CuadradoDrawable.<init>(CuadradoDrawable.java:15)
	at com.docencia.interfaces.ejercicio10.CuadradoDrawableTest.toStringContieneClaseEId(CuadradoDrawableTest.java:55)
	at java.base/java.lang.reflect.Method.invoke(Method.java:569)
	at java.base/java.util.ArrayList.forEach(ArrayList.java:1511)
	at java.base/java.util.ArrayList.forEach(ArrayList.java:1511)

com.docencia.interfaces.ejercicio10.CuadradoDrawableTest.equalsIdDistintoEsFalse -- Time elapsed: 0.001 s <<< ERROR!
java.lang.UnsupportedOperationException: El metodo no esta implementado
	at com.docencia.interfaces.ejercicio10.CuadradoDrawable.<init>(CuadradoDrawable.java:15)
	at com.docencia.interfaces.ejercicio10.CuadradoDrawableTest.equalsIdDistintoEsFalse(CuadradoDrawableTest.java:47)
	at java.base/java.lang.reflect.Method.invoke(Method.java:569)
	at java.base/java.util.ArrayList.forEach(ArrayList.java:1511)
	at java.base/java.util.ArrayList.forEach(ArrayList.java:1511)

com.docencia.interfaces.ejercicio10.CuadradoDrawableTest.constructorAsignaCampos -- Time elapsed: 0.001 s <<< ERROR!
java.lang.UnsupportedOperationException: El metodo no esta implementado
	at com.docencia.interfaces.ejercicio10.CuadradoDrawable.<init>(CuadradoDrawable.java:15)
	at com.docencia.interfaces.ejercicio10.CuadradoDrawableTest.constructorAsignaCampos(CuadradoDrawableTest.java:17)
	at java.base/java.lang.reflect.Method.invoke(Method.java:569)
	at java.base/java.util.ArrayList.forEach(ArrayList.java:1511)
	at java.base/java.util.ArrayList.forEach(ArrayList.java:1511)

com.docencia.interfaces.ejercicio10.CuadradoDrawableTest.idSeAutogeneraSiEsNull -- Time elapsed: 0.001 s <<< ERROR!
java.lang.UnsupportedOperationException: El metodo no esta implementado
	at com.docencia.interfaces.ejercicio10.CuadradoDrawable.<init>(CuadradoDrawable.java:15)
	at com.docencia.interfaces.ejercicio10.CuadradoDrawableTest.idSeAutogeneraSiEsNull(CuadradoDrawableTest.java:25)
	at java.base/java.lang.reflect.Method.invoke(Method.java:569)
	at java.base/java.util.ArrayList.forEach(ArrayList.java:1511)
	at java.base/java.util.ArrayList.forEach(ArrayList.java:1511)

com.docencia.interfaces.ejercicio10.CuadradoDrawableTest.implementaInterfazYEjecutaMetodo -- Time elapsed: 0.001 s <<< ERROR!
java.lang.UnsupportedOperationException: El metodo no esta implementado
	at com.docencia.interfaces.ejercicio10.CuadradoDrawable.<init>(CuadradoDrawable.java:15)
	at com.docencia.interfaces.ejercicio10.CuadradoDrawableTest.implementaInterfazYEjecutaMetodo(CuadradoDrawableTest.java:63)
	at java.base/java.lang.reflect.Method.invoke(Method.java:569)
	at java.base/java.util.ArrayList.forEach(ArrayList.java:1511)
	at java.base/java.util.ArrayList.forEach(ArrayList.java:1511)

com.docencia.interfaces.ejercicio10.CuadradoDrawableTest.equalsMismoIdEsTrue -- Time elapsed: 0.002 s <<< ERROR!
java.lang.UnsupportedOperationException: El metodo no esta implementado
	at com.docencia.interfaces.ejercicio10.CuadradoDrawable.<init>(CuadradoDrawable.java:15)
	at com.docencia.interfaces.ejercicio10.CuadradoDrawableTest.equalsMismoIdEsTrue(CuadradoDrawableTest.java:39)
	at java.base/java.lang.reflect.Method.invoke(Method.java:569)
	at java.base/java.util.ArrayList.forEach(ArrayList.java:1511)
	at java.base/java.util.ArrayList.forEach(ArrayList.java:1511)

