-------------------------------------------------------------------------------
Test set: com.docencia.herencia.ejercicio5.CirculoTest
-------------------------------------------------------------------------------
Tests run: 9, Failures: 0, Errors: 9, Skipped: 0, Time elapsed: 0.027 s <<< FAILURE! -- in com.docencia.herencia.ejercicio5.CirculoTest
com.docencia.herencia.ejercicio5.CirculoTest.metodo_abstracto_implementado_devuelve_esperado -- Time elapsed: 0.002 s <<< ERROR!
java.lang.UnsupportedOperationException: El metodo no esta implementado
	at com.docencia.herencia.ejercicio5.Circulo.<init>(Circulo.java:11)
	at com.docencia.herencia.ejercicio5.CirculoTest.metodo_abstracto_implementado_devuelve_esperado(CirculoTest.java:65)
	at java.base/java.lang.reflect.Method.invoke(Method.java:569)
	at java.base/java.util.ArrayList.forEach(ArrayList.java:1511)
	at java.base/java.util.ArrayList.forEach(ArrayList.java:1511)

com.docencia.herencia.ejercicio5.CirculoTest.equals_otro_tipo_es_false -- Time elapsed: 0.001 s <<< ERROR!
java.lang.UnsupportedOperationException: El metodo no esta implementado
	at com.docencia.herencia.ejercicio5.Circulo.<init>(Circulo.java:11)
	at com.docencia.herencia.ejercicio5.CirculoTest.equals_otro_tipo_es_false(CirculoTest.java:43)
	at java.base/java.lang.reflect.Method.invoke(Method.java:569)
	at java.base/java.util.ArrayList.forEach(ArrayList.java:1511)
	at java.base/java.util.ArrayList.forEach(ArrayList.java:1511)

com.docencia.herencia.ejercicio5.CirculoTest.ids_son_unicos_en_instancias_distintas -- Time elapsed: 0.001 s <<< ERROR!
java.lang.UnsupportedOperationException: El metodo no esta implementado
	at com.docencia.herencia.ejercicio5.Circulo.<init>(Circulo.java:11)
	at com.docencia.herencia.ejercicio5.CirculoTest.ids_son_unicos_en_instancias_distintas(CirculoTest.java:27)
	at java.base/java.lang.reflect.Method.invoke(Method.java:569)
	at java.base/java.util.ArrayList.forEach(ArrayList.java:1511)
	at java.base/java.util.ArrayList.forEach(ArrayList.java:1511)

com.docencia.herencia.ejercicio5.CirculoTest.equals_mismo_id_misma_clase_es_true -- Time elapsed: 0.001 s <<< ERROR!
java.lang.UnsupportedOperationException: El metodo no esta implementado
	at com.docencia.herencia.ejercicio5.Circulo.<init>(Circulo.java:11)
	at com.docencia.herencia.ejercicio5.CirculoTest.equals_mismo_id_misma_clase_es_true(CirculoTest.java:35)
	at java.base/java.lang.reflect.Method.invoke(Method.java:569)
	at java.base/java.util.ArrayList.forEach(ArrayList.java:1511)
	at java.base/java.util.ArrayList.forEach(ArrayList.java:1511)

com.docencia.herencia.ejercicio5.CirculoTest.es_instancia_de_la_clase_base -- Time elapsed: 0.001 s <<< ERROR!
java.lang.UnsupportedOperationException: El metodo no esta implementado
	at com.docencia.herencia.ejercicio5.Circulo.<init>(Circulo.java:11)
	at com.docencia.herencia.ejercicio5.CirculoTest.es_instancia_de_la_clase_base(CirculoTest.java:71)
	at java.base/java.lang.reflect.Method.invoke(Method.java:569)
	at java.base/java.util.ArrayList.forEach(ArrayList.java:1511)
	at java.base/java.util.ArrayList.forEach(ArrayList.java:1511)

com.docencia.herencia.ejercicio5.CirculoTest.equals_distinto_id_es_false -- Time elapsed: 0.006 s <<< ERROR!
java.lang.UnsupportedOperationException: El metodo no esta implementado
	at com.docencia.herencia.ejercicio5.Circulo.<init>(Circulo.java:11)
	at com.docencia.herencia.ejercicio5.CirculoTest.equals_distinto_id_es_false(CirculoTest.java:50)
	at java.base/java.lang.reflect.Method.invoke(Method.java:569)
	at java.base/java.util.ArrayList.forEach(ArrayList.java:1511)
	at java.base/java.util.ArrayList.forEach(ArrayList.java:1511)

com.docencia.herencia.ejercicio5.CirculoTest.constructor_genera_id_si_null -- Time elapsed: 0.001 s <<< ERROR!
java.lang.UnsupportedOperationException: El metodo no esta implementado
	at com.docencia.herencia.ejercicio5.Circulo.<init>(Circulo.java:11)
	at com.docencia.herencia.ejercicio5.CirculoTest.constructor_genera_id_si_null(CirculoTest.java:21)
	at java.base/java.lang.reflect.Method.invoke(Method.java:569)
	at java.base/java.util.ArrayList.forEach(ArrayList.java:1511)
	at java.base/java.util.ArrayList.forEach(ArrayList.java:1511)

com.docencia.herencia.ejercicio5.CirculoTest.constructor_asigna_campos -- Time elapsed: 0.003 s <<< ERROR!
java.lang.UnsupportedOperationException: El metodo no esta implementado
	at com.docencia.herencia.ejercicio5.Circulo.<init>(Circulo.java:11)
	at com.docencia.herencia.ejercicio5.CirculoTest.constructor_asigna_campos(CirculoTest.java:13)
	at java.base/java.lang.reflect.Method.invoke(Method.java:569)
	at java.base/java.util.ArrayList.forEach(ArrayList.java:1511)
	at java.base/java.util.ArrayList.forEach(ArrayList.java:1511)

com.docencia.herencia.ejercicio5.CirculoTest.toString_contiene_nombre_clase_y_campos -- Time elapsed: 0.001 s <<< ERROR!
java.lang.UnsupportedOperationException: El metodo no esta implementado
	at com.docencia.herencia.ejercicio5.Circulo.<init>(Circulo.java:11)
	at com.docencia.herencia.ejercicio5.CirculoTest.toString_contiene_nombre_clase_y_campos(CirculoTest.java:57)
	at java.base/java.lang.reflect.Method.invoke(Method.java:569)
	at java.base/java.util.ArrayList.forEach(ArrayList.java:1511)
	at java.base/java.util.ArrayList.forEach(ArrayList.java:1511)

