-------------------------------------------------------------------------------
Test set: com.docencia.herencia.ejercicio4.PerroTest
-------------------------------------------------------------------------------
Tests run: 9, Failures: 0, Errors: 9, Skipped: 0, Time elapsed: 0.019 s <<< FAILURE! -- in com.docencia.herencia.ejercicio4.PerroTest
com.docencia.herencia.ejercicio4.PerroTest.metodo_abstracto_implementado_devuelve_esperado -- Time elapsed: 0.002 s <<< ERROR!
java.lang.UnsupportedOperationException: El metodo no esta implementado
	at com.docencia.herencia.ejercicio4.Perro.<init>(Perro.java:11)
	at com.docencia.herencia.ejercicio4.PerroTest.metodo_abstracto_implementado_devuelve_esperado(PerroTest.java:65)
	at java.base/java.lang.reflect.Method.invoke(Method.java:569)
	at java.base/java.util.ArrayList.forEach(ArrayList.java:1511)
	at java.base/java.util.ArrayList.forEach(ArrayList.java:1511)

com.docencia.herencia.ejercicio4.PerroTest.equals_otro_tipo_es_false -- Time elapsed: 0.002 s <<< ERROR!
java.lang.UnsupportedOperationException: El metodo no esta implementado
	at com.docencia.herencia.ejercicio4.Perro.<init>(Perro.java:11)
	at com.docencia.herencia.ejercicio4.PerroTest.equals_otro_tipo_es_false(PerroTest.java:43)
	at java.base/java.lang.reflect.Method.invoke(Method.java:569)
	at java.base/java.util.ArrayList.forEach(ArrayList.java:1511)
	at java.base/java.util.ArrayList.forEach(ArrayList.java:1511)

com.docencia.herencia.ejercicio4.PerroTest.ids_son_unicos_en_instancias_distintas -- Time elapsed: 0.001 s <<< ERROR!
java.lang.UnsupportedOperationException: El metodo no esta implementado
	at com.docencia.herencia.ejercicio4.Perro.<init>(Perro.java:11)
	at com.docencia.herencia.ejercicio4.PerroTest.ids_son_unicos_en_instancias_distintas(PerroTest.java:27)
	at java.base/java.lang.reflect.Method.invoke(Method.java:569)
	at java.base/java.util.ArrayList.forEach(ArrayList.java:1511)
	at java.base/java.util.ArrayList.forEach(ArrayList.java:1511)

com.docencia.herencia.ejercicio4.PerroTest.equals_mismo_id_misma_clase_es_true -- Time elapsed: 0.001 s <<< ERROR!
java.lang.UnsupportedOperationException: El metodo no esta implementado
	at com.docencia.herencia.ejercicio4.Perro.<init>(Perro.java:11)
	at com.docencia.herencia.ejercicio4.PerroTest.equals_mismo_id_misma_clase_es_true(PerroTest.java:35)
	at java.base/java.lang.reflect.Method.invoke(Method.java:569)
	at java.base/java.util.ArrayList.forEach(ArrayList.java:1511)
	at java.base/java.util.ArrayList.forEach(ArrayList.java:1511)

com.docencia.herencia.ejercicio4.PerroTest.es_instancia_de_la_clase_base -- Time elapsed: 0.001 s <<< ERROR!
java.lang.UnsupportedOperationException: El metodo no esta implementado
	at com.docencia.herencia.ejercicio4.Perro.<init>(Perro.java:11)
	at com.docencia.herencia.ejercicio4.PerroTest.es_instancia_de_la_clase_base(PerroTest.java:71)
	at java.base/java.lang.reflect.Method.invoke(Method.java:569)
	at java.base/java.util.ArrayList.forEach(ArrayList.java:1511)
	at java.base/java.util.ArrayList.forEach(ArrayList.java:1511)

com.docencia.herencia.ejercicio4.PerroTest.equals_distinto_id_es_false -- Time elapsed: 0.001 s <<< ERROR!
java.lang.UnsupportedOperationException: El metodo no esta implementado
	at com.docencia.herencia.ejercicio4.Perro.<init>(Perro.java:11)
	at com.docencia.herencia.ejercicio4.PerroTest.equals_distinto_id_es_false(PerroTest.java:50)
	at java.base/java.lang.reflect.Method.invoke(Method.java:569)
	at java.base/java.util.ArrayList.forEach(ArrayList.java:1511)
	at java.base/java.util.ArrayList.forEach(ArrayList.java:1511)

com.docencia.herencia.ejercicio4.PerroTest.constructor_genera_id_si_null -- Time elapsed: 0.001 s <<< ERROR!
java.lang.UnsupportedOperationException: El metodo no esta implementado
	at com.docencia.herencia.ejercicio4.Perro.<init>(Perro.java:11)
	at com.docencia.herencia.ejercicio4.PerroTest.constructor_genera_id_si_null(PerroTest.java:21)
	at java.base/java.lang.reflect.Method.invoke(Method.java:569)
	at java.base/java.util.ArrayList.forEach(ArrayList.java:1511)
	at java.base/java.util.ArrayList.forEach(ArrayList.java:1511)

com.docencia.herencia.ejercicio4.PerroTest.constructor_asigna_campos -- Time elapsed: 0.001 s <<< ERROR!
java.lang.UnsupportedOperationException: El metodo no esta implementado
	at com.docencia.herencia.ejercicio4.Perro.<init>(Perro.java:11)
	at com.docencia.herencia.ejercicio4.PerroTest.constructor_asigna_campos(PerroTest.java:13)
	at java.base/java.lang.reflect.Method.invoke(Method.java:569)
	at java.base/java.util.ArrayList.forEach(ArrayList.java:1511)
	at java.base/java.util.ArrayList.forEach(ArrayList.java:1511)

com.docencia.herencia.ejercicio4.PerroTest.toString_contiene_nombre_clase_y_campos -- Time elapsed: 0.001 s <<< ERROR!
java.lang.UnsupportedOperationException: El metodo no esta implementado
	at com.docencia.herencia.ejercicio4.Perro.<init>(Perro.java:11)
	at com.docencia.herencia.ejercicio4.PerroTest.toString_contiene_nombre_clase_y_campos(PerroTest.java:57)
	at java.base/java.lang.reflect.Method.invoke(Method.java:569)
	at java.base/java.util.ArrayList.forEach(ArrayList.java:1511)
	at java.base/java.util.ArrayList.forEach(ArrayList.java:1511)

