-------------------------------------------------------------------------------
Test set: com.docencia.sets.ejercicio7.ConjuntoDispositivosTest
-------------------------------------------------------------------------------
Tests run: 10, Failures: 4, Errors: 5, Skipped: 0, Time elapsed: 0.014 s <<< FAILURE! -- in com.docencia.sets.ejercicio7.ConjuntoDispositivosTest
com.docencia.sets.ejercicio7.ConjuntoDispositivosTest.buscarPorIdOkTest -- Time elapsed: 0.001 s <<< ERROR!
java.lang.UnsupportedOperationException: El metodo no esta implementado
	at com.docencia.sets.ejercicio7.ConjuntoDispositivos.anadir(ConjuntoDispositivos.java:24)
	at com.docencia.sets.ejercicio7.ConjuntoDispositivosTest.buscarPorIdOkTest(ConjuntoDispositivosTest.java:64)
	at java.base/java.lang.reflect.Method.invoke(Method.java:565)
	at java.base/java.util.ArrayList.forEach(ArrayList.java:1604)
	at java.base/java.util.ArrayList.forEach(ArrayList.java:1604)

com.docencia.sets.ejercicio7.ConjuntoDispositivosTest.modificarOkTest -- Time elapsed: 0.001 s <<< ERROR!
java.lang.UnsupportedOperationException: El metodo no esta implementado
	at com.docencia.sets.ejercicio7.ConjuntoDispositivos.anadir(ConjuntoDispositivos.java:24)
	at com.docencia.sets.ejercicio7.ConjuntoDispositivosTest.modificarOkTest(ConjuntoDispositivosTest.java:87)
	at java.base/java.lang.reflect.Method.invoke(Method.java:565)
	at java.base/java.util.ArrayList.forEach(ArrayList.java:1604)
	at java.base/java.util.ArrayList.forEach(ArrayList.java:1604)

com.docencia.sets.ejercicio7.ConjuntoDispositivosTest.anadirNullTest -- Time elapsed: 0.001 s <<< FAILURE!
org.opentest4j.AssertionFailedError: Unexpected exception type thrown, expected: <java.lang.IllegalArgumentException> but was: <java.lang.UnsupportedOperationException>
	at org.junit.jupiter.api.AssertionFailureBuilder.build(AssertionFailureBuilder.java:151)
	at org.junit.jupiter.api.AssertThrows.assertThrows(AssertThrows.java:67)
	at org.junit.jupiter.api.AssertThrows.assertThrows(AssertThrows.java:35)
	at org.junit.jupiter.api.Assertions.assertThrows(Assertions.java:3115)
	at com.docencia.sets.ejercicio7.ConjuntoDispositivosTest.anadirNullTest(ConjuntoDispositivosTest.java:42)
	at java.base/java.lang.reflect.Method.invoke(Method.java:565)
	at java.base/java.util.ArrayList.forEach(ArrayList.java:1604)
	at java.base/java.util.ArrayList.forEach(ArrayList.java:1604)
Caused by: java.lang.UnsupportedOperationException: El metodo no esta implementado
	at com.docencia.sets.ejercicio7.ConjuntoDispositivos.anadir(ConjuntoDispositivos.java:24)
	at com.docencia.sets.ejercicio7.ConjuntoDispositivosTest.lambda$anadirNullTest$0(ConjuntoDispositivosTest.java:42)
	at org.junit.jupiter.api.AssertThrows.assertThrows(AssertThrows.java:53)
	... 6 more

com.docencia.sets.ejercicio7.ConjuntoDispositivosTest.anadirDuplicadoIdTest -- Time elapsed: 0 s <<< ERROR!
java.lang.UnsupportedOperationException: El metodo no esta implementado
	at com.docencia.sets.ejercicio7.ConjuntoDispositivos.anadir(ConjuntoDispositivos.java:24)
	at com.docencia.sets.ejercicio7.ConjuntoDispositivosTest.anadirDuplicadoIdTest(ConjuntoDispositivosTest.java:56)
	at java.base/java.lang.reflect.Method.invoke(Method.java:565)
	at java.base/java.util.ArrayList.forEach(ArrayList.java:1604)
	at java.base/java.util.ArrayList.forEach(ArrayList.java:1604)

com.docencia.sets.ejercicio7.ConjuntoDispositivosTest.buscarPorIdNullTest -- Time elapsed: 0 s <<< FAILURE!
org.opentest4j.AssertionFailedError: Unexpected exception type thrown, expected: <java.lang.IllegalArgumentException> but was: <java.lang.UnsupportedOperationException>
	at org.junit.jupiter.api.AssertionFailureBuilder.build(AssertionFailureBuilder.java:151)
	at org.junit.jupiter.api.AssertThrows.assertThrows(AssertThrows.java:67)
	at org.junit.jupiter.api.AssertThrows.assertThrows(AssertThrows.java:35)
	at org.junit.jupiter.api.Assertions.assertThrows(Assertions.java:3115)
	at com.docencia.sets.ejercicio7.ConjuntoDispositivosTest.buscarPorIdNullTest(ConjuntoDispositivosTest.java:71)
	at java.base/java.lang.reflect.Method.invoke(Method.java:565)
	at java.base/java.util.ArrayList.forEach(ArrayList.java:1604)
	at java.base/java.util.ArrayList.forEach(ArrayList.java:1604)
Caused by: java.lang.UnsupportedOperationException: El metodo no esta implementado
	at com.docencia.sets.ejercicio7.ConjuntoDispositivos.buscarPorId(ConjuntoDispositivos.java:29)
	at com.docencia.sets.ejercicio7.ConjuntoDispositivosTest.lambda$buscarPorIdNullTest$0(ConjuntoDispositivosTest.java:71)
	at org.junit.jupiter.api.AssertThrows.assertThrows(AssertThrows.java:53)
	... 6 more

com.docencia.sets.ejercicio7.ConjuntoDispositivosTest.anadirOkTest -- Time elapsed: 0 s <<< ERROR!
java.lang.UnsupportedOperationException: El metodo no esta implementado
	at com.docencia.sets.ejercicio7.ConjuntoDispositivos.anadir(ConjuntoDispositivos.java:24)
	at com.docencia.sets.ejercicio7.ConjuntoDispositivosTest.anadirOkTest(ConjuntoDispositivosTest.java:34)
	at java.base/java.lang.reflect.Method.invoke(Method.java:565)
	at java.base/java.util.ArrayList.forEach(ArrayList.java:1604)
	at java.base/java.util.ArrayList.forEach(ArrayList.java:1604)

com.docencia.sets.ejercicio7.ConjuntoDispositivosTest.anadirInvalidTest -- Time elapsed: 0.001 s <<< FAILURE!
org.opentest4j.AssertionFailedError: Unexpected exception type thrown, expected: <java.lang.IllegalArgumentException> but was: <java.lang.UnsupportedOperationException>
	at org.junit.jupiter.api.AssertionFailureBuilder.build(AssertionFailureBuilder.java:151)
	at org.junit.jupiter.api.AssertThrows.assertThrows(AssertThrows.java:67)
	at org.junit.jupiter.api.AssertThrows.assertThrows(AssertThrows.java:35)
	at org.junit.jupiter.api.Assertions.assertThrows(Assertions.java:3115)
	at com.docencia.sets.ejercicio7.ConjuntoDispositivosTest.anadirInvalidTest(ConjuntoDispositivosTest.java:49)
	at java.base/java.lang.reflect.Method.invoke(Method.java:565)
	at java.base/java.util.ArrayList.forEach(ArrayList.java:1604)
	at java.base/java.util.ArrayList.forEach(ArrayList.java:1604)
Caused by: java.lang.UnsupportedOperationException: El metodo no esta implementado
	at com.docencia.sets.ejercicio7.ConjuntoDispositivos.anadir(ConjuntoDispositivos.java:24)
	at com.docencia.sets.ejercicio7.ConjuntoDispositivosTest.lambda$anadirInvalidTest$0(ConjuntoDispositivosTest.java:49)
	at org.junit.jupiter.api.AssertThrows.assertThrows(AssertThrows.java:53)
	... 6 more

com.docencia.sets.ejercicio7.ConjuntoDispositivosTest.eliminarPorIdOkTest -- Time elapsed: 0 s <<< ERROR!
java.lang.UnsupportedOperationException: El metodo no esta implementado
	at com.docencia.sets.ejercicio7.ConjuntoDispositivos.anadir(ConjuntoDispositivos.java:24)
	at com.docencia.sets.ejercicio7.ConjuntoDispositivosTest.eliminarPorIdOkTest(ConjuntoDispositivosTest.java:78)
	at java.base/java.lang.reflect.Method.invoke(Method.java:565)
	at java.base/java.util.ArrayList.forEach(ArrayList.java:1604)
	at java.base/java.util.ArrayList.forEach(ArrayList.java:1604)

com.docencia.sets.ejercicio7.ConjuntoDispositivosTest.modificarNoExisteTest -- Time elapsed: 0.001 s <<< FAILURE!
org.opentest4j.AssertionFailedError: Unexpected exception type thrown, expected: <java.util.NoSuchElementException> but was: <java.lang.UnsupportedOperationException>
	at org.junit.jupiter.api.AssertionFailureBuilder.build(AssertionFailureBuilder.java:151)
	at org.junit.jupiter.api.AssertThrows.assertThrows(AssertThrows.java:67)
	at org.junit.jupiter.api.AssertThrows.assertThrows(AssertThrows.java:35)
	at org.junit.jupiter.api.Assertions.assertThrows(Assertions.java:3115)
	at com.docencia.sets.ejercicio7.ConjuntoDispositivosTest.modificarNoExisteTest(ConjuntoDispositivosTest.java:97)
	at java.base/java.lang.reflect.Method.invoke(Method.java:565)
	at java.base/java.util.ArrayList.forEach(ArrayList.java:1604)
	at java.base/java.util.ArrayList.forEach(ArrayList.java:1604)
Caused by: java.lang.UnsupportedOperationException: El metodo no esta implementado
	at com.docencia.sets.ejercicio7.ConjuntoDispositivos.modificar(ConjuntoDispositivos.java:39)
	at com.docencia.sets.ejercicio7.ConjuntoDispositivosTest.lambda$modificarNoExisteTest$0(ConjuntoDispositivosTest.java:97)
	at org.junit.jupiter.api.AssertThrows.assertThrows(AssertThrows.java:53)
	... 6 more

