-------------------------------------------------------------------------------
Test set: com.docencia.listas.ejercicio4.ListaAnimalesTest
-------------------------------------------------------------------------------
Tests run: 18, Failures: 5, Errors: 12, Skipped: 0, Time elapsed: 0.046 s <<< FAILURE! -- in com.docencia.listas.ejercicio4.ListaAnimalesTest
com.docencia.listas.ejercicio4.ListaAnimalesTest.modificarNullIdTest -- Time elapsed: 0.001 s <<< ERROR!
java.lang.UnsupportedOperationException: El metodo no esta implementado
	at com.docencia.listas.ejercicio4.ListaAnimales.anadir(ListaAnimales.java:23)
	at com.docencia.listas.ejercicio4.ListaAnimalesTest.modificarNullIdTest(ListaAnimalesTest.java:114)
	at java.base/java.lang.reflect.Method.invoke(Method.java:565)
	at java.base/java.util.ArrayList.forEach(ArrayList.java:1604)
	at java.base/java.util.ArrayList.forEach(ArrayList.java:1604)

com.docencia.listas.ejercicio4.ListaAnimalesTest.buscarPorIdNoExisteTest -- Time elapsed: 0.001 s <<< ERROR!
java.lang.UnsupportedOperationException: El metodo no esta implementado
	at com.docencia.listas.ejercicio4.ListaAnimales.buscarPorId(ListaAnimales.java:27)
	at com.docencia.listas.ejercicio4.ListaAnimalesTest.buscarPorIdNoExisteTest(ListaAnimalesTest.java:76)
	at java.base/java.lang.reflect.Method.invoke(Method.java:565)
	at java.base/java.util.ArrayList.forEach(ArrayList.java:1604)
	at java.base/java.util.ArrayList.forEach(ArrayList.java:1604)

com.docencia.listas.ejercicio4.ListaAnimalesTest.eliminarPorIdNullTest -- Time elapsed: 0.001 s <<< FAILURE!
org.opentest4j.AssertionFailedError: Unexpected exception type thrown, expected: <java.lang.IllegalArgumentException> but was: <java.lang.UnsupportedOperationException>
	at org.junit.jupiter.api.AssertionFailureBuilder.build(AssertionFailureBuilder.java:151)
	at org.junit.jupiter.api.AssertThrows.assertThrows(AssertThrows.java:67)
	at org.junit.jupiter.api.AssertThrows.assertThrows(AssertThrows.java:35)
	at org.junit.jupiter.api.Assertions.assertThrows(Assertions.java:3115)
	at com.docencia.listas.ejercicio4.ListaAnimalesTest.eliminarPorIdNullTest(ListaAnimalesTest.java:91)
	at java.base/java.lang.reflect.Method.invoke(Method.java:565)
	at java.base/java.util.ArrayList.forEach(ArrayList.java:1604)
	at java.base/java.util.ArrayList.forEach(ArrayList.java:1604)
Caused by: java.lang.UnsupportedOperationException: El metodo no esta implementado
	at com.docencia.listas.ejercicio4.ListaAnimales.eliminarPorId(ListaAnimales.java:31)
	at com.docencia.listas.ejercicio4.ListaAnimalesTest.lambda$eliminarPorIdNullTest$0(ListaAnimalesTest.java:91)
	at org.junit.jupiter.api.AssertThrows.assertThrows(AssertThrows.java:53)
	... 6 more

com.docencia.listas.ejercicio4.ListaAnimalesTest.modificarInvalidTest -- Time elapsed: 0 s <<< ERROR!
java.lang.UnsupportedOperationException: El metodo no esta implementado
	at com.docencia.listas.ejercicio4.ListaAnimales.anadir(ListaAnimales.java:23)
	at com.docencia.listas.ejercicio4.ListaAnimalesTest.modificarInvalidTest(ListaAnimalesTest.java:130)
	at java.base/java.lang.reflect.Method.invoke(Method.java:565)
	at java.base/java.util.ArrayList.forEach(ArrayList.java:1604)
	at java.base/java.util.ArrayList.forEach(ArrayList.java:1604)

com.docencia.listas.ejercicio4.ListaAnimalesTest.buscarPorIdOkTest -- Time elapsed: 0 s <<< ERROR!
java.lang.UnsupportedOperationException: El metodo no esta implementado
	at com.docencia.listas.ejercicio4.ListaAnimales.anadir(ListaAnimales.java:23)
	at com.docencia.listas.ejercicio4.ListaAnimalesTest.buscarPorIdOkTest(ListaAnimalesTest.java:63)
	at java.base/java.lang.reflect.Method.invoke(Method.java:565)
	at java.base/java.util.ArrayList.forEach(ArrayList.java:1604)
	at java.base/java.util.ArrayList.forEach(ArrayList.java:1604)

com.docencia.listas.ejercicio4.ListaAnimalesTest.modificarIdDistintoTest -- Time elapsed: 0.001 s <<< ERROR!
java.lang.UnsupportedOperationException: El metodo no esta implementado
	at com.docencia.listas.ejercicio4.ListaAnimales.anadir(ListaAnimales.java:23)
	at com.docencia.listas.ejercicio4.ListaAnimalesTest.modificarIdDistintoTest(ListaAnimalesTest.java:138)
	at java.base/java.lang.reflect.Method.invoke(Method.java:565)
	at java.base/java.util.ArrayList.forEach(ArrayList.java:1604)
	at java.base/java.util.ArrayList.forEach(ArrayList.java:1604)

com.docencia.listas.ejercicio4.ListaAnimalesTest.modificarOkTest -- Time elapsed: 0.001 s <<< ERROR!
java.lang.UnsupportedOperationException: El metodo no esta implementado
	at com.docencia.listas.ejercicio4.ListaAnimales.anadir(ListaAnimales.java:23)
	at com.docencia.listas.ejercicio4.ListaAnimalesTest.modificarOkTest(ListaAnimalesTest.java:104)
	at java.base/java.lang.reflect.Method.invoke(Method.java:565)
	at java.base/java.util.ArrayList.forEach(ArrayList.java:1604)
	at java.base/java.util.ArrayList.forEach(ArrayList.java:1604)

com.docencia.listas.ejercicio4.ListaAnimalesTest.anadirNullTest -- Time elapsed: 0.001 s <<< FAILURE!
org.opentest4j.AssertionFailedError: Unexpected exception type thrown, expected: <java.lang.IllegalArgumentException> but was: <java.lang.UnsupportedOperationException>
	at org.junit.jupiter.api.AssertionFailureBuilder.build(AssertionFailureBuilder.java:151)
	at org.junit.jupiter.api.AssertThrows.assertThrows(AssertThrows.java:67)
	at org.junit.jupiter.api.AssertThrows.assertThrows(AssertThrows.java:35)
	at org.junit.jupiter.api.Assertions.assertThrows(Assertions.java:3115)
	at com.docencia.listas.ejercicio4.ListaAnimalesTest.anadirNullTest(ListaAnimalesTest.java:42)
	at java.base/java.lang.reflect.Method.invoke(Method.java:565)
	at java.base/java.util.ArrayList.forEach(ArrayList.java:1604)
	at java.base/java.util.ArrayList.forEach(ArrayList.java:1604)
Caused by: java.lang.UnsupportedOperationException: El metodo no esta implementado
	at com.docencia.listas.ejercicio4.ListaAnimales.anadir(ListaAnimales.java:23)
	at com.docencia.listas.ejercicio4.ListaAnimalesTest.lambda$anadirNullTest$0(ListaAnimalesTest.java:42)
	at org.junit.jupiter.api.AssertThrows.assertThrows(AssertThrows.java:53)
	... 6 more

com.docencia.listas.ejercicio4.ListaAnimalesTest.anadirDuplicadoIdTest -- Time elapsed: 0 s <<< ERROR!
java.lang.UnsupportedOperationException: El metodo no esta implementado
	at com.docencia.listas.ejercicio4.ListaAnimales.anadir(ListaAnimales.java:23)
	at com.docencia.listas.ejercicio4.ListaAnimalesTest.anadirDuplicadoIdTest(ListaAnimalesTest.java:55)
	at java.base/java.lang.reflect.Method.invoke(Method.java:565)
	at java.base/java.util.ArrayList.forEach(ArrayList.java:1604)
	at java.base/java.util.ArrayList.forEach(ArrayList.java:1604)

com.docencia.listas.ejercicio4.ListaAnimalesTest.buscarPorIdNullTest -- Time elapsed: 0.003 s <<< FAILURE!
org.opentest4j.AssertionFailedError: Unexpected exception type thrown, expected: <java.lang.IllegalArgumentException> but was: <java.lang.UnsupportedOperationException>
	at org.junit.jupiter.api.AssertionFailureBuilder.build(AssertionFailureBuilder.java:151)
	at org.junit.jupiter.api.AssertThrows.assertThrows(AssertThrows.java:67)
	at org.junit.jupiter.api.AssertThrows.assertThrows(AssertThrows.java:35)
	at org.junit.jupiter.api.Assertions.assertThrows(Assertions.java:3115)
	at com.docencia.listas.ejercicio4.ListaAnimalesTest.buscarPorIdNullTest(ListaAnimalesTest.java:70)
	at java.base/java.lang.reflect.Method.invoke(Method.java:565)
	at java.base/java.util.ArrayList.forEach(ArrayList.java:1604)
	at java.base/java.util.ArrayList.forEach(ArrayList.java:1604)
Caused by: java.lang.UnsupportedOperationException: El metodo no esta implementado
	at com.docencia.listas.ejercicio4.ListaAnimales.buscarPorId(ListaAnimales.java:27)
	at com.docencia.listas.ejercicio4.ListaAnimalesTest.lambda$buscarPorIdNullTest$0(ListaAnimalesTest.java:70)
	at org.junit.jupiter.api.AssertThrows.assertThrows(AssertThrows.java:53)
	... 6 more

com.docencia.listas.ejercicio4.ListaAnimalesTest.anadirOkTest -- Time elapsed: 0.005 s <<< ERROR!
java.lang.UnsupportedOperationException: El metodo no esta implementado
	at com.docencia.listas.ejercicio4.ListaAnimales.anadir(ListaAnimales.java:23)
	at com.docencia.listas.ejercicio4.ListaAnimalesTest.anadirOkTest(ListaAnimalesTest.java:34)
	at java.base/java.lang.reflect.Method.invoke(Method.java:565)
	at java.base/java.util.ArrayList.forEach(ArrayList.java:1604)
	at java.base/java.util.ArrayList.forEach(ArrayList.java:1604)

com.docencia.listas.ejercicio4.ListaAnimalesTest.anadirInvalidTest -- Time elapsed: 0.005 s <<< FAILURE!
org.opentest4j.AssertionFailedError: Unexpected exception type thrown, expected: <java.lang.IllegalArgumentException> but was: <java.lang.UnsupportedOperationException>
	at org.junit.jupiter.api.AssertionFailureBuilder.build(AssertionFailureBuilder.java:151)
	at org.junit.jupiter.api.AssertThrows.assertThrows(AssertThrows.java:67)
	at org.junit.jupiter.api.AssertThrows.assertThrows(AssertThrows.java:35)
	at org.junit.jupiter.api.Assertions.assertThrows(Assertions.java:3115)
	at com.docencia.listas.ejercicio4.ListaAnimalesTest.anadirInvalidTest(ListaAnimalesTest.java:48)
	at java.base/java.lang.reflect.Method.invoke(Method.java:565)
	at java.base/java.util.ArrayList.forEach(ArrayList.java:1604)
	at java.base/java.util.ArrayList.forEach(ArrayList.java:1604)
Caused by: java.lang.UnsupportedOperationException: El metodo no esta implementado
	at com.docencia.listas.ejercicio4.ListaAnimales.anadir(ListaAnimales.java:23)
	at com.docencia.listas.ejercicio4.ListaAnimalesTest.lambda$anadirInvalidTest$0(ListaAnimalesTest.java:48)
	at org.junit.jupiter.api.AssertThrows.assertThrows(AssertThrows.java:53)
	... 6 more

com.docencia.listas.ejercicio4.ListaAnimalesTest.eliminarPorIdOkTest -- Time elapsed: 0.001 s <<< ERROR!
java.lang.UnsupportedOperationException: El metodo no esta implementado
	at com.docencia.listas.ejercicio4.ListaAnimales.anadir(ListaAnimales.java:23)
	at com.docencia.listas.ejercicio4.ListaAnimalesTest.eliminarPorIdOkTest(ListaAnimalesTest.java:83)
	at java.base/java.lang.reflect.Method.invoke(Method.java:565)
	at java.base/java.util.ArrayList.forEach(ArrayList.java:1604)
	at java.base/java.util.ArrayList.forEach(ArrayList.java:1604)

com.docencia.listas.ejercicio4.ListaAnimalesTest.modificarNullElementoTest -- Time elapsed: 0 s <<< ERROR!
java.lang.UnsupportedOperationException: El metodo no esta implementado
	at com.docencia.listas.ejercicio4.ListaAnimales.anadir(ListaAnimales.java:23)
	at com.docencia.listas.ejercicio4.ListaAnimalesTest.modificarNullElementoTest(ListaAnimalesTest.java:122)
	at java.base/java.lang.reflect.Method.invoke(Method.java:565)
	at java.base/java.util.ArrayList.forEach(ArrayList.java:1604)
	at java.base/java.util.ArrayList.forEach(ArrayList.java:1604)

com.docencia.listas.ejercicio4.ListaAnimalesTest.eliminarPorIdNoExisteTest -- Time elapsed: 0.001 s <<< ERROR!
java.lang.UnsupportedOperationException: El metodo no esta implementado
	at com.docencia.listas.ejercicio4.ListaAnimales.eliminarPorId(ListaAnimales.java:31)
	at com.docencia.listas.ejercicio4.ListaAnimalesTest.eliminarPorIdNoExisteTest(ListaAnimalesTest.java:97)
	at java.base/java.lang.reflect.Method.invoke(Method.java:565)
	at java.base/java.util.ArrayList.forEach(ArrayList.java:1604)
	at java.base/java.util.ArrayList.forEach(ArrayList.java:1604)

com.docencia.listas.ejercicio4.ListaAnimalesTest.listarInmutableTest -- Time elapsed: 0 s <<< ERROR!
java.lang.UnsupportedOperationException: El metodo no esta implementado
	at com.docencia.listas.ejercicio4.ListaAnimales.anadir(ListaAnimales.java:23)
	at com.docencia.listas.ejercicio4.ListaAnimalesTest.listarInmutableTest(ListaAnimalesTest.java:152)
	at java.base/java.lang.reflect.Method.invoke(Method.java:565)
	at java.base/java.util.ArrayList.forEach(ArrayList.java:1604)
	at java.base/java.util.ArrayList.forEach(ArrayList.java:1604)

com.docencia.listas.ejercicio4.ListaAnimalesTest.modificarNoExisteTest -- Time elapsed: 0.002 s <<< FAILURE!
org.opentest4j.AssertionFailedError: Unexpected exception type thrown, expected: <java.util.NoSuchElementException> but was: <java.lang.UnsupportedOperationException>
	at org.junit.jupiter.api.AssertionFailureBuilder.build(AssertionFailureBuilder.java:151)
	at org.junit.jupiter.api.AssertThrows.assertThrows(AssertThrows.java:67)
	at org.junit.jupiter.api.AssertThrows.assertThrows(AssertThrows.java:35)
	at org.junit.jupiter.api.Assertions.assertThrows(Assertions.java:3115)
	at com.docencia.listas.ejercicio4.ListaAnimalesTest.modificarNoExisteTest(ListaAnimalesTest.java:146)
	at java.base/java.lang.reflect.Method.invoke(Method.java:565)
	at java.base/java.util.ArrayList.forEach(ArrayList.java:1604)
	at java.base/java.util.ArrayList.forEach(ArrayList.java:1604)
Caused by: java.lang.UnsupportedOperationException: El metodo no esta implementado
	at com.docencia.listas.ejercicio4.ListaAnimales.modificar(ListaAnimales.java:35)
	at com.docencia.listas.ejercicio4.ListaAnimalesTest.lambda$modificarNoExisteTest$0(ListaAnimalesTest.java:146)
	at org.junit.jupiter.api.AssertThrows.assertThrows(AssertThrows.java:53)
	... 6 more

