-------------------------------------------------------------------------------
Test set: com.docencia.interfaces.ejercicio6.UsuarioTest
-------------------------------------------------------------------------------
Tests run: 8, Failures: 0, Errors: 7, Skipped: 0, Time elapsed: 0.024 s <<< FAILURE! -- in com.docencia.interfaces.ejercicio6.UsuarioTest
com.docencia.interfaces.ejercicio6.UsuarioTest.idsDiferentesParaInstanciasDistintas -- Time elapsed: 0.002 s <<< ERROR!
java.lang.UnsupportedOperationException: El metodo no esta implementado
	at com.docencia.interfaces.ejercicio6.Usuario.<init>(Usuario.java:15)
	at com.docencia.interfaces.ejercicio6.UsuarioTest.idsDiferentesParaInstanciasDistintas(UsuarioTest.java:31)
	at java.base/java.lang.reflect.Method.invoke(Method.java:569)
	at java.base/java.util.ArrayList.forEach(ArrayList.java:1511)
	at java.base/java.util.ArrayList.forEach(ArrayList.java:1511)

com.docencia.interfaces.ejercicio6.UsuarioTest.toStringContieneClaseEId -- Time elapsed: 0.006 s <<< ERROR!
java.lang.UnsupportedOperationException: El metodo no esta implementado
	at com.docencia.interfaces.ejercicio6.Usuario.<init>(Usuario.java:15)
	at com.docencia.interfaces.ejercicio6.UsuarioTest.toStringContieneClaseEId(UsuarioTest.java:55)
	at java.base/java.lang.reflect.Method.invoke(Method.java:569)
	at java.base/java.util.ArrayList.forEach(ArrayList.java:1511)
	at java.base/java.util.ArrayList.forEach(ArrayList.java:1511)

com.docencia.interfaces.ejercicio6.UsuarioTest.equalsIdDistintoEsFalse -- Time elapsed: 0.001 s <<< ERROR!
java.lang.UnsupportedOperationException: El metodo no esta implementado
	at com.docencia.interfaces.ejercicio6.Usuario.<init>(Usuario.java:15)
	at com.docencia.interfaces.ejercicio6.UsuarioTest.equalsIdDistintoEsFalse(UsuarioTest.java:47)
	at java.base/java.lang.reflect.Method.invoke(Method.java:569)
	at java.base/java.util.ArrayList.forEach(ArrayList.java:1511)
	at java.base/java.util.ArrayList.forEach(ArrayList.java:1511)

com.docencia.interfaces.ejercicio6.UsuarioTest.constructorAsignaCampos -- Time elapsed: 0.002 s <<< ERROR!
java.lang.UnsupportedOperationException: El metodo no esta implementado
	at com.docencia.interfaces.ejercicio6.Usuario.<init>(Usuario.java:15)
	at com.docencia.interfaces.ejercicio6.UsuarioTest.constructorAsignaCampos(UsuarioTest.java:17)
	at java.base/java.lang.reflect.Method.invoke(Method.java:569)
	at java.base/java.util.ArrayList.forEach(ArrayList.java:1511)
	at java.base/java.util.ArrayList.forEach(ArrayList.java:1511)

com.docencia.interfaces.ejercicio6.UsuarioTest.idSeAutogeneraSiEsNull -- Time elapsed: 0.001 s <<< ERROR!
java.lang.UnsupportedOperationException: El metodo no esta implementado
	at com.docencia.interfaces.ejercicio6.Usuario.<init>(Usuario.java:15)
	at com.docencia.interfaces.ejercicio6.UsuarioTest.idSeAutogeneraSiEsNull(UsuarioTest.java:25)
	at java.base/java.lang.reflect.Method.invoke(Method.java:569)
	at java.base/java.util.ArrayList.forEach(ArrayList.java:1511)
	at java.base/java.util.ArrayList.forEach(ArrayList.java:1511)

com.docencia.interfaces.ejercicio6.UsuarioTest.implementaInterfazYEjecutaMetodo -- Time elapsed: 0 s <<< ERROR!
java.lang.UnsupportedOperationException: El metodo no esta implementado
	at com.docencia.interfaces.ejercicio6.Usuario.<init>(Usuario.java:15)
	at com.docencia.interfaces.ejercicio6.UsuarioTest.implementaInterfazYEjecutaMetodo(UsuarioTest.java:63)
	at java.base/java.lang.reflect.Method.invoke(Method.java:569)
	at java.base/java.util.ArrayList.forEach(ArrayList.java:1511)
	at java.base/java.util.ArrayList.forEach(ArrayList.java:1511)

com.docencia.interfaces.ejercicio6.UsuarioTest.equalsMismoIdEsTrue -- Time elapsed: 0 s <<< ERROR!
java.lang.UnsupportedOperationException: El metodo no esta implementado
	at com.docencia.interfaces.ejercicio6.Usuario.<init>(Usuario.java:15)
	at com.docencia.interfaces.ejercicio6.UsuarioTest.equalsMismoIdEsTrue(UsuarioTest.java:39)
	at java.base/java.lang.reflect.Method.invoke(Method.java:569)
	at java.base/java.util.ArrayList.forEach(ArrayList.java:1511)
	at java.base/java.util.ArrayList.forEach(ArrayList.java:1511)

