-------------------------------------------------------------------------------
Test set: com.docencia.interfaces.ejercicio10.CirculoDrawableTest
-------------------------------------------------------------------------------
Tests run: 8, Failures: 0, Errors: 7, Skipped: 0, Time elapsed: 0.014 s <<< FAILURE! -- in com.docencia.interfaces.ejercicio10.CirculoDrawableTest
com.docencia.interfaces.ejercicio10.CirculoDrawableTest.idsDiferentesParaInstanciasDistintas -- Time elapsed: 0.002 s <<< ERROR!
java.lang.UnsupportedOperationException: El metodo no esta implementado
	at com.docencia.interfaces.ejercicio10.CirculoDrawable.<init>(CirculoDrawable.java:15)
	at com.docencia.interfaces.ejercicio10.CirculoDrawableTest.idsDiferentesParaInstanciasDistintas(CirculoDrawableTest.java:31)
	at java.base/java.lang.reflect.Method.invoke(Method.java:569)
	at java.base/java.util.ArrayList.forEach(ArrayList.java:1511)
	at java.base/java.util.ArrayList.forEach(ArrayList.java:1511)

com.docencia.interfaces.ejercicio10.CirculoDrawableTest.toStringContieneClaseEId -- Time elapsed: 0.001 s <<< ERROR!
java.lang.UnsupportedOperationException: El metodo no esta implementado
	at com.docencia.interfaces.ejercicio10.CirculoDrawable.<init>(CirculoDrawable.java:15)
	at com.docencia.interfaces.ejercicio10.CirculoDrawableTest.toStringContieneClaseEId(CirculoDrawableTest.java:55)
	at java.base/java.lang.reflect.Method.invoke(Method.java:569)
	at java.base/java.util.ArrayList.forEach(ArrayList.java:1511)
	at java.base/java.util.ArrayList.forEach(ArrayList.java:1511)

com.docencia.interfaces.ejercicio10.CirculoDrawableTest.equalsIdDistintoEsFalse -- Time elapsed: 0.001 s <<< ERROR!
java.lang.UnsupportedOperationException: El metodo no esta implementado
	at com.docencia.interfaces.ejercicio10.CirculoDrawable.<init>(CirculoDrawable.java:15)
	at com.docencia.interfaces.ejercicio10.CirculoDrawableTest.equalsIdDistintoEsFalse(CirculoDrawableTest.java:47)
	at java.base/java.lang.reflect.Method.invoke(Method.java:569)
	at java.base/java.util.ArrayList.forEach(ArrayList.java:1511)
	at java.base/java.util.ArrayList.forEach(ArrayList.java:1511)

com.docencia.interfaces.ejercicio10.CirculoDrawableTest.constructorAsignaCampos -- Time elapsed: 0.002 s <<< ERROR!
java.lang.UnsupportedOperationException: El metodo no esta implementado
	at com.docencia.interfaces.ejercicio10.CirculoDrawable.<init>(CirculoDrawable.java:15)
	at com.docencia.interfaces.ejercicio10.CirculoDrawableTest.constructorAsignaCampos(CirculoDrawableTest.java:17)
	at java.base/java.lang.reflect.Method.invoke(Method.java:569)
	at java.base/java.util.ArrayList.forEach(ArrayList.java:1511)
	at java.base/java.util.ArrayList.forEach(ArrayList.java:1511)

com.docencia.interfaces.ejercicio10.CirculoDrawableTest.idSeAutogeneraSiEsNull -- Time elapsed: 0.001 s <<< ERROR!
java.lang.UnsupportedOperationException: El metodo no esta implementado
	at com.docencia.interfaces.ejercicio10.CirculoDrawable.<init>(CirculoDrawable.java:15)
	at com.docencia.interfaces.ejercicio10.CirculoDrawableTest.idSeAutogeneraSiEsNull(CirculoDrawableTest.java:25)
	at java.base/java.lang.reflect.Method.invoke(Method.java:569)
	at java.base/java.util.ArrayList.forEach(ArrayList.java:1511)
	at java.base/java.util.ArrayList.forEach(ArrayList.java:1511)

com.docencia.interfaces.ejercicio10.CirculoDrawableTest.implementaInterfazYEjecutaMetodo -- Time elapsed: 0.001 s <<< ERROR!
java.lang.UnsupportedOperationException: El metodo no esta implementado
	at com.docencia.interfaces.ejercicio10.CirculoDrawable.<init>(CirculoDrawable.java:15)
	at com.docencia.interfaces.ejercicio10.CirculoDrawableTest.implementaInterfazYEjecutaMetodo(CirculoDrawableTest.java:63)
	at java.base/java.lang.reflect.Method.invoke(Method.java:569)
	at java.base/java.util.ArrayList.forEach(ArrayList.java:1511)
	at java.base/java.util.ArrayList.forEach(ArrayList.java:1511)

com.docencia.interfaces.ejercicio10.CirculoDrawableTest.equalsMismoIdEsTrue -- Time elapsed: 0 s <<< ERROR!
java.lang.UnsupportedOperationException: El metodo no esta implementado
	at com.docencia.interfaces.ejercicio10.CirculoDrawable.<init>(CirculoDrawable.java:15)
	at com.docencia.interfaces.ejercicio10.CirculoDrawableTest.equalsMismoIdEsTrue(CirculoDrawableTest.java:39)
	at java.base/java.lang.reflect.Method.invoke(Method.java:569)
	at java.base/java.util.ArrayList.forEach(ArrayList.java:1511)
	at java.base/java.util.ArrayList.forEach(ArrayList.java:1511)

