-------------------------------------------------------------------------------
Test set: com.docencia.maps.ejercicio8.MapaPagosTest
-------------------------------------------------------------------------------
Tests run: 10, Failures: 4, Errors: 5, Skipped: 0, Time elapsed: 0.020 s <<< FAILURE! -- in com.docencia.maps.ejercicio8.MapaPagosTest
com.docencia.maps.ejercicio8.MapaPagosTest.buscarPorIdOkTest -- Time elapsed: 0.002 s <<< ERROR!
java.lang.UnsupportedOperationException: El metodo no esta implementado
	at com.docencia.herencia.ejercicio8.PagoTarjeta.<init>(PagoTarjeta.java:11)
	at com.docencia.maps.ejercicio8.MapaPagosTest.nuevoA(MapaPagosTest.java:19)
	at com.docencia.maps.ejercicio8.MapaPagosTest.buscarPorIdOkTest(MapaPagosTest.java:64)
	at java.base/java.lang.reflect.Method.invoke(Method.java:569)
	at java.base/java.util.ArrayList.forEach(ArrayList.java:1511)
	at java.base/java.util.ArrayList.forEach(ArrayList.java:1511)

com.docencia.maps.ejercicio8.MapaPagosTest.modificarOkTest -- Time elapsed: 0.001 s <<< ERROR!
java.lang.UnsupportedOperationException: El metodo no esta implementado
	at com.docencia.herencia.ejercicio8.PagoTarjeta.<init>(PagoTarjeta.java:11)
	at com.docencia.maps.ejercicio8.MapaPagosTest.nuevoA(MapaPagosTest.java:19)
	at com.docencia.maps.ejercicio8.MapaPagosTest.modificarOkTest(MapaPagosTest.java:87)
	at java.base/java.lang.reflect.Method.invoke(Method.java:569)
	at java.base/java.util.ArrayList.forEach(ArrayList.java:1511)
	at java.base/java.util.ArrayList.forEach(ArrayList.java:1511)

com.docencia.maps.ejercicio8.MapaPagosTest.anadirNullTest -- Time elapsed: 0.002 s <<< FAILURE!
org.opentest4j.AssertionFailedError: Unexpected exception type thrown, expected: <java.lang.IllegalArgumentException> but was: <java.lang.UnsupportedOperationException>
	at org.junit.jupiter.api.AssertionFailureBuilder.build(AssertionFailureBuilder.java:151)
	at org.junit.jupiter.api.AssertThrows.assertThrows(AssertThrows.java:67)
	at org.junit.jupiter.api.AssertThrows.assertThrows(AssertThrows.java:35)
	at org.junit.jupiter.api.Assertions.assertThrows(Assertions.java:3115)
	at com.docencia.maps.ejercicio8.MapaPagosTest.anadirNullTest(MapaPagosTest.java:42)
	at java.base/java.lang.reflect.Method.invoke(Method.java:569)
	at java.base/java.util.ArrayList.forEach(ArrayList.java:1511)
	at java.base/java.util.ArrayList.forEach(ArrayList.java:1511)
Caused by: java.lang.UnsupportedOperationException: El metodo no esta implementado
	at com.docencia.maps.ejercicio8.MapaPagos.anadir(MapaPagos.java:23)
	at com.docencia.maps.ejercicio8.MapaPagosTest.lambda$anadirNullTest$0(MapaPagosTest.java:42)
	at org.junit.jupiter.api.AssertThrows.assertThrows(AssertThrows.java:53)
	... 6 more

com.docencia.maps.ejercicio8.MapaPagosTest.anadirDuplicadoIdTest -- Time elapsed: 0 s <<< ERROR!
java.lang.UnsupportedOperationException: El metodo no esta implementado
	at com.docencia.herencia.ejercicio8.PagoTarjeta.<init>(PagoTarjeta.java:11)
	at com.docencia.maps.ejercicio8.MapaPagosTest.nuevoA(MapaPagosTest.java:19)
	at com.docencia.maps.ejercicio8.MapaPagosTest.anadirDuplicadoIdTest(MapaPagosTest.java:56)
	at java.base/java.lang.reflect.Method.invoke(Method.java:569)
	at java.base/java.util.ArrayList.forEach(ArrayList.java:1511)
	at java.base/java.util.ArrayList.forEach(ArrayList.java:1511)

com.docencia.maps.ejercicio8.MapaPagosTest.buscarPorIdNullTest -- Time elapsed: 0.002 s <<< FAILURE!
org.opentest4j.AssertionFailedError: Unexpected exception type thrown, expected: <java.lang.IllegalArgumentException> but was: <java.lang.UnsupportedOperationException>
	at org.junit.jupiter.api.AssertionFailureBuilder.build(AssertionFailureBuilder.java:151)
	at org.junit.jupiter.api.AssertThrows.assertThrows(AssertThrows.java:67)
	at org.junit.jupiter.api.AssertThrows.assertThrows(AssertThrows.java:35)
	at org.junit.jupiter.api.Assertions.assertThrows(Assertions.java:3115)
	at com.docencia.maps.ejercicio8.MapaPagosTest.buscarPorIdNullTest(MapaPagosTest.java:71)
	at java.base/java.lang.reflect.Method.invoke(Method.java:569)
	at java.base/java.util.ArrayList.forEach(ArrayList.java:1511)
	at java.base/java.util.ArrayList.forEach(ArrayList.java:1511)
Caused by: java.lang.UnsupportedOperationException: El metodo no esta implementado
	at com.docencia.maps.ejercicio8.MapaPagos.buscarPorId(MapaPagos.java:28)
	at com.docencia.maps.ejercicio8.MapaPagosTest.lambda$buscarPorIdNullTest$3(MapaPagosTest.java:71)
	at org.junit.jupiter.api.AssertThrows.assertThrows(AssertThrows.java:53)
	... 6 more

com.docencia.maps.ejercicio8.MapaPagosTest.anadirOkTest -- Time elapsed: 0.001 s <<< ERROR!
java.lang.UnsupportedOperationException: El metodo no esta implementado
	at com.docencia.herencia.ejercicio8.PagoTarjeta.<init>(PagoTarjeta.java:11)
	at com.docencia.maps.ejercicio8.MapaPagosTest.nuevoA(MapaPagosTest.java:19)
	at com.docencia.maps.ejercicio8.MapaPagosTest.anadirOkTest(MapaPagosTest.java:34)
	at java.base/java.lang.reflect.Method.invoke(Method.java:569)
	at java.base/java.util.ArrayList.forEach(ArrayList.java:1511)
	at java.base/java.util.ArrayList.forEach(ArrayList.java:1511)

com.docencia.maps.ejercicio8.MapaPagosTest.anadirInvalidTest -- Time elapsed: 0.003 s <<< FAILURE!
org.opentest4j.AssertionFailedError: Unexpected exception type thrown, expected: <java.lang.IllegalArgumentException> but was: <java.lang.UnsupportedOperationException>
	at org.junit.jupiter.api.AssertionFailureBuilder.build(AssertionFailureBuilder.java:151)
	at org.junit.jupiter.api.AssertThrows.assertThrows(AssertThrows.java:67)
	at org.junit.jupiter.api.AssertThrows.assertThrows(AssertThrows.java:35)
	at org.junit.jupiter.api.Assertions.assertThrows(Assertions.java:3115)
	at com.docencia.maps.ejercicio8.MapaPagosTest.anadirInvalidTest(MapaPagosTest.java:49)
	at java.base/java.lang.reflect.Method.invoke(Method.java:569)
	at java.base/java.util.ArrayList.forEach(ArrayList.java:1511)
	at java.base/java.util.ArrayList.forEach(ArrayList.java:1511)
Caused by: java.lang.UnsupportedOperationException: El metodo no esta implementado
	at com.docencia.herencia.ejercicio8.PagoEfectivo.<init>(PagoEfectivo.java:11)
	at com.docencia.maps.ejercicio8.MapaPagosTest.invalido(MapaPagosTest.java:27)
	at com.docencia.maps.ejercicio8.MapaPagosTest.lambda$anadirInvalidTest$1(MapaPagosTest.java:49)
	at org.junit.jupiter.api.AssertThrows.assertThrows(AssertThrows.java:53)
	... 6 more

com.docencia.maps.ejercicio8.MapaPagosTest.eliminarPorIdOkTest -- Time elapsed: 0.001 s <<< ERROR!
java.lang.UnsupportedOperationException: El metodo no esta implementado
	at com.docencia.herencia.ejercicio8.PagoTarjeta.<init>(PagoTarjeta.java:11)
	at com.docencia.maps.ejercicio8.MapaPagosTest.nuevoA(MapaPagosTest.java:19)
	at com.docencia.maps.ejercicio8.MapaPagosTest.eliminarPorIdOkTest(MapaPagosTest.java:78)
	at java.base/java.lang.reflect.Method.invoke(Method.java:569)
	at java.base/java.util.ArrayList.forEach(ArrayList.java:1511)
	at java.base/java.util.ArrayList.forEach(ArrayList.java:1511)

com.docencia.maps.ejercicio8.MapaPagosTest.modificarNoExisteTest -- Time elapsed: 0.002 s <<< FAILURE!
org.opentest4j.AssertionFailedError: Unexpected exception type thrown, expected: <java.util.NoSuchElementException> but was: <java.lang.UnsupportedOperationException>
	at org.junit.jupiter.api.AssertionFailureBuilder.build(AssertionFailureBuilder.java:151)
	at org.junit.jupiter.api.AssertThrows.assertThrows(AssertThrows.java:67)
	at org.junit.jupiter.api.AssertThrows.assertThrows(AssertThrows.java:35)
	at org.junit.jupiter.api.Assertions.assertThrows(Assertions.java:3115)
	at com.docencia.maps.ejercicio8.MapaPagosTest.modificarNoExisteTest(MapaPagosTest.java:97)
	at java.base/java.lang.reflect.Method.invoke(Method.java:569)
	at java.base/java.util.ArrayList.forEach(ArrayList.java:1511)
	at java.base/java.util.ArrayList.forEach(ArrayList.java:1511)
Caused by: java.lang.UnsupportedOperationException: El metodo no esta implementado
	at com.docencia.herencia.ejercicio8.PagoTarjeta.<init>(PagoTarjeta.java:11)
	at com.docencia.maps.ejercicio8.MapaPagosTest.nuevoA(MapaPagosTest.java:19)
	at com.docencia.maps.ejercicio8.MapaPagosTest.lambda$modificarNoExisteTest$4(MapaPagosTest.java:97)
	at org.junit.jupiter.api.AssertThrows.assertThrows(AssertThrows.java:53)
	... 6 more

