-------------------------------------------------------------------------------
Test set: com.docencia.listas.ejercicio5.ListaFigurasTest
-------------------------------------------------------------------------------
Tests run: 18, Failures: 5, Errors: 12, Skipped: 0, Time elapsed: 0.029 s <<< FAILURE! -- in com.docencia.listas.ejercicio5.ListaFigurasTest
com.docencia.listas.ejercicio5.ListaFigurasTest.modificarNullIdTest -- Time elapsed: 0 s <<< ERROR!
java.lang.UnsupportedOperationException: El metodo no esta implementado
	at com.docencia.herencia.ejercicio5.Circulo.<init>(Circulo.java:11)
	at com.docencia.listas.ejercicio5.ListaFigurasTest.nuevoA(ListaFigurasTest.java:19)
	at com.docencia.listas.ejercicio5.ListaFigurasTest.modificarNullIdTest(ListaFigurasTest.java:114)
	at java.base/java.lang.reflect.Method.invoke(Method.java:569)
	at java.base/java.util.ArrayList.forEach(ArrayList.java:1511)
	at java.base/java.util.ArrayList.forEach(ArrayList.java:1511)

com.docencia.listas.ejercicio5.ListaFigurasTest.buscarPorIdNoExisteTest -- Time elapsed: 0 s <<< ERROR!
java.lang.UnsupportedOperationException: El metodo no esta implementado
	at com.docencia.listas.ejercicio5.ListaFiguras.buscarPorId(ListaFiguras.java:27)
	at com.docencia.listas.ejercicio5.ListaFigurasTest.buscarPorIdNoExisteTest(ListaFigurasTest.java:76)
	at java.base/java.lang.reflect.Method.invoke(Method.java:569)
	at java.base/java.util.ArrayList.forEach(ArrayList.java:1511)
	at java.base/java.util.ArrayList.forEach(ArrayList.java:1511)

com.docencia.listas.ejercicio5.ListaFigurasTest.eliminarPorIdNullTest -- Time elapsed: 0.001 s <<< FAILURE!
org.opentest4j.AssertionFailedError: Unexpected exception type thrown, expected: <java.lang.IllegalArgumentException> but was: <java.lang.UnsupportedOperationException>
	at org.junit.jupiter.api.AssertionFailureBuilder.build(AssertionFailureBuilder.java:151)
	at org.junit.jupiter.api.AssertThrows.assertThrows(AssertThrows.java:67)
	at org.junit.jupiter.api.AssertThrows.assertThrows(AssertThrows.java:35)
	at org.junit.jupiter.api.Assertions.assertThrows(Assertions.java:3115)
	at com.docencia.listas.ejercicio5.ListaFigurasTest.eliminarPorIdNullTest(ListaFigurasTest.java:91)
	at java.base/java.lang.reflect.Method.invoke(Method.java:569)
	at java.base/java.util.ArrayList.forEach(ArrayList.java:1511)
	at java.base/java.util.ArrayList.forEach(ArrayList.java:1511)
Caused by: java.lang.UnsupportedOperationException: El metodo no esta implementado
	at com.docencia.listas.ejercicio5.ListaFiguras.eliminarPorId(ListaFiguras.java:31)
	at com.docencia.listas.ejercicio5.ListaFigurasTest.lambda$eliminarPorIdNullTest$4(ListaFigurasTest.java:91)
	at org.junit.jupiter.api.AssertThrows.assertThrows(AssertThrows.java:53)
	... 6 more

com.docencia.listas.ejercicio5.ListaFigurasTest.modificarInvalidTest -- Time elapsed: 0.001 s <<< ERROR!
java.lang.UnsupportedOperationException: El metodo no esta implementado
	at com.docencia.herencia.ejercicio5.Circulo.<init>(Circulo.java:11)
	at com.docencia.listas.ejercicio5.ListaFigurasTest.nuevoA(ListaFigurasTest.java:19)
	at com.docencia.listas.ejercicio5.ListaFigurasTest.modificarInvalidTest(ListaFigurasTest.java:130)
	at java.base/java.lang.reflect.Method.invoke(Method.java:569)
	at java.base/java.util.ArrayList.forEach(ArrayList.java:1511)
	at java.base/java.util.ArrayList.forEach(ArrayList.java:1511)

com.docencia.listas.ejercicio5.ListaFigurasTest.buscarPorIdOkTest -- Time elapsed: 0.001 s <<< ERROR!
java.lang.UnsupportedOperationException: El metodo no esta implementado
	at com.docencia.herencia.ejercicio5.Circulo.<init>(Circulo.java:11)
	at com.docencia.listas.ejercicio5.ListaFigurasTest.nuevoA(ListaFigurasTest.java:19)
	at com.docencia.listas.ejercicio5.ListaFigurasTest.buscarPorIdOkTest(ListaFigurasTest.java:63)
	at java.base/java.lang.reflect.Method.invoke(Method.java:569)
	at java.base/java.util.ArrayList.forEach(ArrayList.java:1511)
	at java.base/java.util.ArrayList.forEach(ArrayList.java:1511)

com.docencia.listas.ejercicio5.ListaFigurasTest.modificarIdDistintoTest -- Time elapsed: 0 s <<< ERROR!
java.lang.UnsupportedOperationException: El metodo no esta implementado
	at com.docencia.herencia.ejercicio5.Circulo.<init>(Circulo.java:11)
	at com.docencia.listas.ejercicio5.ListaFigurasTest.nuevoA(ListaFigurasTest.java:19)
	at com.docencia.listas.ejercicio5.ListaFigurasTest.modificarIdDistintoTest(ListaFigurasTest.java:138)
	at java.base/java.lang.reflect.Method.invoke(Method.java:569)
	at java.base/java.util.ArrayList.forEach(ArrayList.java:1511)
	at java.base/java.util.ArrayList.forEach(ArrayList.java:1511)

com.docencia.listas.ejercicio5.ListaFigurasTest.modificarOkTest -- Time elapsed: 0 s <<< ERROR!
java.lang.UnsupportedOperationException: El metodo no esta implementado
	at com.docencia.herencia.ejercicio5.Circulo.<init>(Circulo.java:11)
	at com.docencia.listas.ejercicio5.ListaFigurasTest.nuevoA(ListaFigurasTest.java:19)
	at com.docencia.listas.ejercicio5.ListaFigurasTest.modificarOkTest(ListaFigurasTest.java:104)
	at java.base/java.lang.reflect.Method.invoke(Method.java:569)
	at java.base/java.util.ArrayList.forEach(ArrayList.java:1511)
	at java.base/java.util.ArrayList.forEach(ArrayList.java:1511)

com.docencia.listas.ejercicio5.ListaFigurasTest.anadirNullTest -- Time elapsed: 0.001 s <<< FAILURE!
org.opentest4j.AssertionFailedError: Unexpected exception type thrown, expected: <java.lang.IllegalArgumentException> but was: <java.lang.UnsupportedOperationException>
	at org.junit.jupiter.api.AssertionFailureBuilder.build(AssertionFailureBuilder.java:151)
	at org.junit.jupiter.api.AssertThrows.assertThrows(AssertThrows.java:67)
	at org.junit.jupiter.api.AssertThrows.assertThrows(AssertThrows.java:35)
	at org.junit.jupiter.api.Assertions.assertThrows(Assertions.java:3115)
	at com.docencia.listas.ejercicio5.ListaFigurasTest.anadirNullTest(ListaFigurasTest.java:42)
	at java.base/java.lang.reflect.Method.invoke(Method.java:569)
	at java.base/java.util.ArrayList.forEach(ArrayList.java:1511)
	at java.base/java.util.ArrayList.forEach(ArrayList.java:1511)
Caused by: java.lang.UnsupportedOperationException: El metodo no esta implementado
	at com.docencia.listas.ejercicio5.ListaFiguras.anadir(ListaFiguras.java:23)
	at com.docencia.listas.ejercicio5.ListaFigurasTest.lambda$anadirNullTest$0(ListaFigurasTest.java:42)
	at org.junit.jupiter.api.AssertThrows.assertThrows(AssertThrows.java:53)
	... 6 more

com.docencia.listas.ejercicio5.ListaFigurasTest.anadirDuplicadoIdTest -- Time elapsed: 0.001 s <<< ERROR!
java.lang.UnsupportedOperationException: El metodo no esta implementado
	at com.docencia.herencia.ejercicio5.Circulo.<init>(Circulo.java:11)
	at com.docencia.listas.ejercicio5.ListaFigurasTest.nuevoA(ListaFigurasTest.java:19)
	at com.docencia.listas.ejercicio5.ListaFigurasTest.anadirDuplicadoIdTest(ListaFigurasTest.java:55)
	at java.base/java.lang.reflect.Method.invoke(Method.java:569)
	at java.base/java.util.ArrayList.forEach(ArrayList.java:1511)
	at java.base/java.util.ArrayList.forEach(ArrayList.java:1511)

com.docencia.listas.ejercicio5.ListaFigurasTest.buscarPorIdNullTest -- Time elapsed: 0.002 s <<< FAILURE!
org.opentest4j.AssertionFailedError: Unexpected exception type thrown, expected: <java.lang.IllegalArgumentException> but was: <java.lang.UnsupportedOperationException>
	at org.junit.jupiter.api.AssertionFailureBuilder.build(AssertionFailureBuilder.java:151)
	at org.junit.jupiter.api.AssertThrows.assertThrows(AssertThrows.java:67)
	at org.junit.jupiter.api.AssertThrows.assertThrows(AssertThrows.java:35)
	at org.junit.jupiter.api.Assertions.assertThrows(Assertions.java:3115)
	at com.docencia.listas.ejercicio5.ListaFigurasTest.buscarPorIdNullTest(ListaFigurasTest.java:70)
	at java.base/java.lang.reflect.Method.invoke(Method.java:569)
	at java.base/java.util.ArrayList.forEach(ArrayList.java:1511)
	at java.base/java.util.ArrayList.forEach(ArrayList.java:1511)
Caused by: java.lang.UnsupportedOperationException: El metodo no esta implementado
	at com.docencia.listas.ejercicio5.ListaFiguras.buscarPorId(ListaFiguras.java:27)
	at com.docencia.listas.ejercicio5.ListaFigurasTest.lambda$buscarPorIdNullTest$3(ListaFigurasTest.java:70)
	at org.junit.jupiter.api.AssertThrows.assertThrows(AssertThrows.java:53)
	... 6 more

com.docencia.listas.ejercicio5.ListaFigurasTest.anadirOkTest -- Time elapsed: 0.002 s <<< ERROR!
java.lang.UnsupportedOperationException: El metodo no esta implementado
	at com.docencia.herencia.ejercicio5.Circulo.<init>(Circulo.java:11)
	at com.docencia.listas.ejercicio5.ListaFigurasTest.nuevoA(ListaFigurasTest.java:19)
	at com.docencia.listas.ejercicio5.ListaFigurasTest.anadirOkTest(ListaFigurasTest.java:34)
	at java.base/java.lang.reflect.Method.invoke(Method.java:569)
	at java.base/java.util.ArrayList.forEach(ArrayList.java:1511)
	at java.base/java.util.ArrayList.forEach(ArrayList.java:1511)

com.docencia.listas.ejercicio5.ListaFigurasTest.anadirInvalidTest -- Time elapsed: 0.002 s <<< FAILURE!
org.opentest4j.AssertionFailedError: Unexpected exception type thrown, expected: <java.lang.IllegalArgumentException> but was: <java.lang.UnsupportedOperationException>
	at org.junit.jupiter.api.AssertionFailureBuilder.build(AssertionFailureBuilder.java:151)
	at org.junit.jupiter.api.AssertThrows.assertThrows(AssertThrows.java:67)
	at org.junit.jupiter.api.AssertThrows.assertThrows(AssertThrows.java:35)
	at org.junit.jupiter.api.Assertions.assertThrows(Assertions.java:3115)
	at com.docencia.listas.ejercicio5.ListaFigurasTest.anadirInvalidTest(ListaFigurasTest.java:48)
	at java.base/java.lang.reflect.Method.invoke(Method.java:569)
	at java.base/java.util.ArrayList.forEach(ArrayList.java:1511)
	at java.base/java.util.ArrayList.forEach(ArrayList.java:1511)
Caused by: java.lang.UnsupportedOperationException: El metodo no esta implementado
	at com.docencia.herencia.ejercicio5.Circulo.<init>(Circulo.java:11)
	at com.docencia.listas.ejercicio5.ListaFigurasTest.invalido(ListaFigurasTest.java:27)
	at com.docencia.listas.ejercicio5.ListaFigurasTest.lambda$anadirInvalidTest$1(ListaFigurasTest.java:48)
	at org.junit.jupiter.api.AssertThrows.assertThrows(AssertThrows.java:53)
	... 6 more

com.docencia.listas.ejercicio5.ListaFigurasTest.eliminarPorIdOkTest -- Time elapsed: 0.001 s <<< ERROR!
java.lang.UnsupportedOperationException: El metodo no esta implementado
	at com.docencia.herencia.ejercicio5.Circulo.<init>(Circulo.java:11)
	at com.docencia.listas.ejercicio5.ListaFigurasTest.nuevoA(ListaFigurasTest.java:19)
	at com.docencia.listas.ejercicio5.ListaFigurasTest.eliminarPorIdOkTest(ListaFigurasTest.java:83)
	at java.base/java.lang.reflect.Method.invoke(Method.java:569)
	at java.base/java.util.ArrayList.forEach(ArrayList.java:1511)
	at java.base/java.util.ArrayList.forEach(ArrayList.java:1511)

com.docencia.listas.ejercicio5.ListaFigurasTest.modificarNullElementoTest -- Time elapsed: 0 s <<< ERROR!
java.lang.UnsupportedOperationException: El metodo no esta implementado
	at com.docencia.herencia.ejercicio5.Circulo.<init>(Circulo.java:11)
	at com.docencia.listas.ejercicio5.ListaFigurasTest.nuevoA(ListaFigurasTest.java:19)
	at com.docencia.listas.ejercicio5.ListaFigurasTest.modificarNullElementoTest(ListaFigurasTest.java:122)
	at java.base/java.lang.reflect.Method.invoke(Method.java:569)
	at java.base/java.util.ArrayList.forEach(ArrayList.java:1511)
	at java.base/java.util.ArrayList.forEach(ArrayList.java:1511)

com.docencia.listas.ejercicio5.ListaFigurasTest.eliminarPorIdNoExisteTest -- Time elapsed: 0.001 s <<< ERROR!
java.lang.UnsupportedOperationException: El metodo no esta implementado
	at com.docencia.listas.ejercicio5.ListaFiguras.eliminarPorId(ListaFiguras.java:31)
	at com.docencia.listas.ejercicio5.ListaFigurasTest.eliminarPorIdNoExisteTest(ListaFigurasTest.java:97)
	at java.base/java.lang.reflect.Method.invoke(Method.java:569)
	at java.base/java.util.ArrayList.forEach(ArrayList.java:1511)
	at java.base/java.util.ArrayList.forEach(ArrayList.java:1511)

com.docencia.listas.ejercicio5.ListaFigurasTest.listarInmutableTest -- Time elapsed: 0.001 s <<< ERROR!
java.lang.UnsupportedOperationException: El metodo no esta implementado
	at com.docencia.herencia.ejercicio5.Circulo.<init>(Circulo.java:11)
	at com.docencia.listas.ejercicio5.ListaFigurasTest.nuevoA(ListaFigurasTest.java:19)
	at com.docencia.listas.ejercicio5.ListaFigurasTest.listarInmutableTest(ListaFigurasTest.java:152)
	at java.base/java.lang.reflect.Method.invoke(Method.java:569)
	at java.base/java.util.ArrayList.forEach(ArrayList.java:1511)
	at java.base/java.util.ArrayList.forEach(ArrayList.java:1511)

com.docencia.listas.ejercicio5.ListaFigurasTest.modificarNoExisteTest -- Time elapsed: 0.001 s <<< FAILURE!
org.opentest4j.AssertionFailedError: Unexpected exception type thrown, expected: <java.util.NoSuchElementException> but was: <java.lang.UnsupportedOperationException>
	at org.junit.jupiter.api.AssertionFailureBuilder.build(AssertionFailureBuilder.java:151)
	at org.junit.jupiter.api.AssertThrows.assertThrows(AssertThrows.java:67)
	at org.junit.jupiter.api.AssertThrows.assertThrows(AssertThrows.java:35)
	at org.junit.jupiter.api.Assertions.assertThrows(Assertions.java:3115)
	at com.docencia.listas.ejercicio5.ListaFigurasTest.modificarNoExisteTest(ListaFigurasTest.java:146)
	at java.base/java.lang.reflect.Method.invoke(Method.java:569)
	at java.base/java.util.ArrayList.forEach(ArrayList.java:1511)
	at java.base/java.util.ArrayList.forEach(ArrayList.java:1511)
Caused by: java.lang.UnsupportedOperationException: El metodo no esta implementado
	at com.docencia.herencia.ejercicio5.Circulo.<init>(Circulo.java:11)
	at com.docencia.listas.ejercicio5.ListaFigurasTest.nuevoA(ListaFigurasTest.java:19)
	at com.docencia.listas.ejercicio5.ListaFigurasTest.lambda$modificarNoExisteTest$9(ListaFigurasTest.java:146)
	at org.junit.jupiter.api.AssertThrows.assertThrows(AssertThrows.java:53)
	... 6 more

