-------------------------------------------------------------------------------
Test set: com.docencia.sets.ejercicio6.ConjuntoCuentasBancariasTest
-------------------------------------------------------------------------------
Tests run: 10, Failures: 4, Errors: 5, Skipped: 0, Time elapsed: 0.012 s <<< FAILURE! -- in com.docencia.sets.ejercicio6.ConjuntoCuentasBancariasTest
com.docencia.sets.ejercicio6.ConjuntoCuentasBancariasTest.buscarPorIdOkTest -- Time elapsed: 0 s <<< ERROR!
java.lang.UnsupportedOperationException: El metodo no esta implementado
	at com.docencia.sets.ejercicio6.ConjuntoCuentasBancarias.anadir(ConjuntoCuentasBancarias.java:24)
	at com.docencia.sets.ejercicio6.ConjuntoCuentasBancariasTest.buscarPorIdOkTest(ConjuntoCuentasBancariasTest.java:64)
	at java.base/java.lang.reflect.Method.invoke(Method.java:565)
	at java.base/java.util.ArrayList.forEach(ArrayList.java:1604)
	at java.base/java.util.ArrayList.forEach(ArrayList.java:1604)

com.docencia.sets.ejercicio6.ConjuntoCuentasBancariasTest.modificarOkTest -- Time elapsed: 0.001 s <<< ERROR!
java.lang.UnsupportedOperationException: El metodo no esta implementado
	at com.docencia.sets.ejercicio6.ConjuntoCuentasBancarias.anadir(ConjuntoCuentasBancarias.java:24)
	at com.docencia.sets.ejercicio6.ConjuntoCuentasBancariasTest.modificarOkTest(ConjuntoCuentasBancariasTest.java:87)
	at java.base/java.lang.reflect.Method.invoke(Method.java:565)
	at java.base/java.util.ArrayList.forEach(ArrayList.java:1604)
	at java.base/java.util.ArrayList.forEach(ArrayList.java:1604)

com.docencia.sets.ejercicio6.ConjuntoCuentasBancariasTest.anadirNullTest -- Time elapsed: 0.002 s <<< FAILURE!
org.opentest4j.AssertionFailedError: Unexpected exception type thrown, expected: <java.lang.IllegalArgumentException> but was: <java.lang.UnsupportedOperationException>
	at org.junit.jupiter.api.AssertionFailureBuilder.build(AssertionFailureBuilder.java:151)
	at org.junit.jupiter.api.AssertThrows.assertThrows(AssertThrows.java:67)
	at org.junit.jupiter.api.AssertThrows.assertThrows(AssertThrows.java:35)
	at org.junit.jupiter.api.Assertions.assertThrows(Assertions.java:3115)
	at com.docencia.sets.ejercicio6.ConjuntoCuentasBancariasTest.anadirNullTest(ConjuntoCuentasBancariasTest.java:42)
	at java.base/java.lang.reflect.Method.invoke(Method.java:565)
	at java.base/java.util.ArrayList.forEach(ArrayList.java:1604)
	at java.base/java.util.ArrayList.forEach(ArrayList.java:1604)
Caused by: java.lang.UnsupportedOperationException: El metodo no esta implementado
	at com.docencia.sets.ejercicio6.ConjuntoCuentasBancarias.anadir(ConjuntoCuentasBancarias.java:24)
	at com.docencia.sets.ejercicio6.ConjuntoCuentasBancariasTest.lambda$0(ConjuntoCuentasBancariasTest.java:42)
	at org.junit.jupiter.api.AssertThrows.assertThrows(AssertThrows.java:53)
	... 6 more

com.docencia.sets.ejercicio6.ConjuntoCuentasBancariasTest.anadirDuplicadoIdTest -- Time elapsed: 0.001 s <<< ERROR!
java.lang.UnsupportedOperationException: El metodo no esta implementado
	at com.docencia.sets.ejercicio6.ConjuntoCuentasBancarias.anadir(ConjuntoCuentasBancarias.java:24)
	at com.docencia.sets.ejercicio6.ConjuntoCuentasBancariasTest.anadirDuplicadoIdTest(ConjuntoCuentasBancariasTest.java:56)
	at java.base/java.lang.reflect.Method.invoke(Method.java:565)
	at java.base/java.util.ArrayList.forEach(ArrayList.java:1604)
	at java.base/java.util.ArrayList.forEach(ArrayList.java:1604)

com.docencia.sets.ejercicio6.ConjuntoCuentasBancariasTest.buscarPorIdNullTest -- Time elapsed: 0.001 s <<< FAILURE!
org.opentest4j.AssertionFailedError: Unexpected exception type thrown, expected: <java.lang.IllegalArgumentException> but was: <java.lang.UnsupportedOperationException>
	at org.junit.jupiter.api.AssertionFailureBuilder.build(AssertionFailureBuilder.java:151)
	at org.junit.jupiter.api.AssertThrows.assertThrows(AssertThrows.java:67)
	at org.junit.jupiter.api.AssertThrows.assertThrows(AssertThrows.java:35)
	at org.junit.jupiter.api.Assertions.assertThrows(Assertions.java:3115)
	at com.docencia.sets.ejercicio6.ConjuntoCuentasBancariasTest.buscarPorIdNullTest(ConjuntoCuentasBancariasTest.java:71)
	at java.base/java.lang.reflect.Method.invoke(Method.java:565)
	at java.base/java.util.ArrayList.forEach(ArrayList.java:1604)
	at java.base/java.util.ArrayList.forEach(ArrayList.java:1604)
Caused by: java.lang.UnsupportedOperationException: El metodo no esta implementado
	at com.docencia.sets.ejercicio6.ConjuntoCuentasBancarias.buscarPorId(ConjuntoCuentasBancarias.java:29)
	at com.docencia.sets.ejercicio6.ConjuntoCuentasBancariasTest.lambda$3(ConjuntoCuentasBancariasTest.java:71)
	at org.junit.jupiter.api.AssertThrows.assertThrows(AssertThrows.java:53)
	... 6 more

com.docencia.sets.ejercicio6.ConjuntoCuentasBancariasTest.anadirOkTest -- Time elapsed: 0.001 s <<< ERROR!
java.lang.UnsupportedOperationException: El metodo no esta implementado
	at com.docencia.sets.ejercicio6.ConjuntoCuentasBancarias.anadir(ConjuntoCuentasBancarias.java:24)
	at com.docencia.sets.ejercicio6.ConjuntoCuentasBancariasTest.anadirOkTest(ConjuntoCuentasBancariasTest.java:34)
	at java.base/java.lang.reflect.Method.invoke(Method.java:565)
	at java.base/java.util.ArrayList.forEach(ArrayList.java:1604)
	at java.base/java.util.ArrayList.forEach(ArrayList.java:1604)

com.docencia.sets.ejercicio6.ConjuntoCuentasBancariasTest.anadirInvalidTest -- Time elapsed: 0.001 s <<< FAILURE!
org.opentest4j.AssertionFailedError: Unexpected exception type thrown, expected: <java.lang.IllegalArgumentException> but was: <java.lang.UnsupportedOperationException>
	at org.junit.jupiter.api.AssertionFailureBuilder.build(AssertionFailureBuilder.java:151)
	at org.junit.jupiter.api.AssertThrows.assertThrows(AssertThrows.java:67)
	at org.junit.jupiter.api.AssertThrows.assertThrows(AssertThrows.java:35)
	at org.junit.jupiter.api.Assertions.assertThrows(Assertions.java:3115)
	at com.docencia.sets.ejercicio6.ConjuntoCuentasBancariasTest.anadirInvalidTest(ConjuntoCuentasBancariasTest.java:49)
	at java.base/java.lang.reflect.Method.invoke(Method.java:565)
	at java.base/java.util.ArrayList.forEach(ArrayList.java:1604)
	at java.base/java.util.ArrayList.forEach(ArrayList.java:1604)
Caused by: java.lang.UnsupportedOperationException: El metodo no esta implementado
	at com.docencia.sets.ejercicio6.ConjuntoCuentasBancarias.anadir(ConjuntoCuentasBancarias.java:24)
	at com.docencia.sets.ejercicio6.ConjuntoCuentasBancariasTest.lambda$1(ConjuntoCuentasBancariasTest.java:49)
	at org.junit.jupiter.api.AssertThrows.assertThrows(AssertThrows.java:53)
	... 6 more

com.docencia.sets.ejercicio6.ConjuntoCuentasBancariasTest.eliminarPorIdOkTest -- Time elapsed: 0.001 s <<< ERROR!
java.lang.UnsupportedOperationException: El metodo no esta implementado
	at com.docencia.sets.ejercicio6.ConjuntoCuentasBancarias.anadir(ConjuntoCuentasBancarias.java:24)
	at com.docencia.sets.ejercicio6.ConjuntoCuentasBancariasTest.eliminarPorIdOkTest(ConjuntoCuentasBancariasTest.java:78)
	at java.base/java.lang.reflect.Method.invoke(Method.java:565)
	at java.base/java.util.ArrayList.forEach(ArrayList.java:1604)
	at java.base/java.util.ArrayList.forEach(ArrayList.java:1604)

com.docencia.sets.ejercicio6.ConjuntoCuentasBancariasTest.modificarNoExisteTest -- Time elapsed: 0.001 s <<< FAILURE!
org.opentest4j.AssertionFailedError: Unexpected exception type thrown, expected: <java.util.NoSuchElementException> but was: <java.lang.UnsupportedOperationException>
	at org.junit.jupiter.api.AssertionFailureBuilder.build(AssertionFailureBuilder.java:151)
	at org.junit.jupiter.api.AssertThrows.assertThrows(AssertThrows.java:67)
	at org.junit.jupiter.api.AssertThrows.assertThrows(AssertThrows.java:35)
	at org.junit.jupiter.api.Assertions.assertThrows(Assertions.java:3115)
	at com.docencia.sets.ejercicio6.ConjuntoCuentasBancariasTest.modificarNoExisteTest(ConjuntoCuentasBancariasTest.java:97)
	at java.base/java.lang.reflect.Method.invoke(Method.java:565)
	at java.base/java.util.ArrayList.forEach(ArrayList.java:1604)
	at java.base/java.util.ArrayList.forEach(ArrayList.java:1604)
Caused by: java.lang.UnsupportedOperationException: El metodo no esta implementado
	at com.docencia.sets.ejercicio6.ConjuntoCuentasBancarias.modificar(ConjuntoCuentasBancarias.java:39)
	at com.docencia.sets.ejercicio6.ConjuntoCuentasBancariasTest.lambda$4(ConjuntoCuentasBancariasTest.java:97)
	at org.junit.jupiter.api.AssertThrows.assertThrows(AssertThrows.java:53)
	... 6 more

