<?xml version="1.0" encoding="UTF-8"?>
<testsuite xmlns:xsi="http://www.w3.org/2001/XMLSchema-instance" xsi:noNamespaceSchemaLocation="https://maven.apache.org/surefire/maven-surefire-plugin/xsd/surefire-test-report-3.0.xsd" version="3.0" name="com.docencia.listas.ejercicio3.ListaEmpleadosTest" time="0.06" tests="18" errors="12" skipped="0" failures="5">
  <properties>
[...]
</properties>
  <testcase name="modificarNullIdTest" classname="com.docencia.listas.ejercicio3.ListaEmpleadosTest" time="0.0">
    <error message="El metodo no esta implementado" type="java.lang.UnsupportedOperationException"><![CDATA[java.lang.UnsupportedOperationException: El metodo no esta implementado
	at com.docencia.herencia.ejercicio3.Desarrollador.<init>(Desarrollador.java:11)
	at com.docencia.listas.ejercicio3.ListaEmpleadosTest.nuevoA(ListaEmpleadosTest.java:19)
	at com.docencia.listas.ejercicio3.ListaEmpleadosTest.modificarNullIdTest(ListaEmpleadosTest.java:114)
	at java.base/java.lang.reflect.Method.invoke(Method.java:569)
	at java.base/java.util.ArrayList.forEach(ArrayList.java:1511)
	at java.base/java.util.ArrayList.forEach(ArrayList.java:1511)
]]></error>
  </testcase>
  <testcase name="buscarPorIdNoExisteTest" classname="com.docencia.listas.ejercicio3.ListaEmpleadosTest" time="0.0">
    <error message="El metodo no esta implementado" type="java.lang.UnsupportedOperationException"><![CDATA[java.lang.UnsupportedOperationException: El metodo no esta implementado
	at com.docencia.listas.ejercicio3.ListaEmpleados.buscarPorId(ListaEmpleados.java:28)
	at com.docencia.listas.ejercicio3.ListaEmpleadosTest.buscarPorIdNoExisteTest(ListaEmpleadosTest.java:76)
	at java.base/java.lang.reflect.Method.invoke(Method.java:569)
	at java.base/java.util.ArrayList.forEach(ArrayList.java:1511)
	at java.base/java.util.ArrayList.forEach(ArrayList.java:1511)
]]></error>
  </testcase>
  <testcase name="eliminarPorIdNullTest" classname="com.docencia.listas.ejercicio3.ListaEmpleadosTest" time="0.005">
    <failure message="Unexpected exception type thrown, expected: &lt;java.lang.IllegalArgumentException&gt; but was: &lt;java.lang.UnsupportedOperationException&gt;" type="org.opentest4j.AssertionFailedError"><![CDATA[org.opentest4j.AssertionFailedError: Unexpected exception type thrown, expected: <java.lang.IllegalArgumentException> but was: <java.lang.UnsupportedOperationException>
	at org.junit.jupiter.api.AssertionFailureBuilder.build(AssertionFailureBuilder.java:151)
	at org.junit.jupiter.api.AssertThrows.assertThrows(AssertThrows.java:67)
	at org.junit.jupiter.api.AssertThrows.assertThrows(AssertThrows.java:35)
	at org.junit.jupiter.api.Assertions.assertThrows(Assertions.java:3115)
	at com.docencia.listas.ejercicio3.ListaEmpleadosTest.eliminarPorIdNullTest(ListaEmpleadosTest.java:91)
	at java.base/java.lang.reflect.Method.invoke(Method.java:569)
	at java.base/java.util.ArrayList.forEach(ArrayList.java:1511)
	at java.base/java.util.ArrayList.forEach(ArrayList.java:1511)
Caused by: java.lang.UnsupportedOperationException: El metodo no esta implementado
	at com.docencia.listas.ejercicio3.ListaEmpleados.eliminarPorId(ListaEmpleados.java:32)
	at com.docencia.listas.ejercicio3.ListaEmpleadosTest.lambda$eliminarPorIdNullTest$4(ListaEmpleadosTest.java:91)
	at org.junit.jupiter.api.AssertThrows.assertThrows(AssertThrows.java:53)
	... 6 more
]]></failure>
  </testcase>
  <testcase name="modificarInvalidTest" classname="com.docencia.listas.ejercicio3.ListaEmpleadosTest" time="0.011">
    <error message="El metodo no esta implementado" type="java.lang.UnsupportedOperationException"><![CDATA[java.lang.UnsupportedOperationException: El metodo no esta implementado
	at com.docencia.herencia.ejercicio3.Desarrollador.<init>(Desarrollador.java:11)
	at com.docencia.listas.ejercicio3.ListaEmpleadosTest.nuevoA(ListaEmpleadosTest.java:19)
	at com.docencia.listas.ejercicio3.ListaEmpleadosTest.modificarInvalidTest(ListaEmpleadosTest.java:130)
	at java.base/java.lang.reflect.Method.invoke(Method.java:569)
	at java.base/java.util.ArrayList.forEach(ArrayList.java:1511)
	at java.base/java.util.ArrayList.forEach(ArrayList.java:1511)
]]></error>
  </testcase>
  <testcase name="buscarPorIdOkTest" classname="com.docencia.listas.ejercicio3.ListaEmpleadosTest" time="0.001">
    <error message="El metodo no esta implementado" type="java.lang.UnsupportedOperationException"><![CDATA[java.lang.UnsupportedOperationException: El metodo no esta implementado
	at com.docencia.herencia.ejercicio3.Desarrollador.<init>(Desarrollador.java:11)
	at com.docencia.listas.ejercicio3.ListaEmpleadosTest.nuevoA(ListaEmpleadosTest.java:19)
	at com.docencia.listas.ejercicio3.ListaEmpleadosTest.buscarPorIdOkTest(ListaEmpleadosTest.java:63)
	at java.base/java.lang.reflect.Method.invoke(Method.java:569)
	at java.base/java.util.ArrayList.forEach(ArrayList.java:1511)
	at java.base/java.util.ArrayList.forEach(ArrayList.java:1511)
]]></error>
  </testcase>
  <testcase name="modificarIdDistintoTest" classname="com.docencia.listas.ejercicio3.ListaEmpleadosTest" time="0.0">
    <error message="El metodo no esta implementado" type="java.lang.UnsupportedOperationException"><![CDATA[java.lang.UnsupportedOperationException: El metodo no esta implementado
	at com.docencia.herencia.ejercicio3.Desarrollador.<init>(Desarrollador.java:11)
	at com.docencia.listas.ejercicio3.ListaEmpleadosTest.nuevoA(ListaEmpleadosTest.java:19)
	at com.docencia.listas.ejercicio3.ListaEmpleadosTest.modificarIdDistintoTest(ListaEmpleadosTest.java:138)
	at java.base/java.lang.reflect.Method.invoke(Method.java:569)
	at java.base/java.util.ArrayList.forEach(ArrayList.java:1511)
	at java.base/java.util.ArrayList.forEach(ArrayList.java:1511)
]]></error>
  </testcase>
  <testcase name="modificarOkTest" classname="com.docencia.listas.ejercicio3.ListaEmpleadosTest" time="0.003">
    <error message="El metodo no esta implementado" type="java.lang.UnsupportedOperationException"><![CDATA[java.lang.UnsupportedOperationException: El metodo no esta implementado
	at com.docencia.herencia.ejercicio3.Desarrollador.<init>(Desarrollador.java:11)
	at com.docencia.listas.ejercicio3.ListaEmpleadosTest.nuevoA(ListaEmpleadosTest.java:19)
	at com.docencia.listas.ejercicio3.ListaEmpleadosTest.modificarOkTest(ListaEmpleadosTest.java:104)
	at java.base/java.lang.reflect.Method.invoke(Method.java:569)
	at java.base/java.util.ArrayList.forEach(ArrayList.java:1511)
	at java.base/java.util.ArrayList.forEach(ArrayList.java:1511)
]]></error>
  </testcase>
  <testcase name="claseDocumentadaTest" classname="com.docencia.listas.ejercicio3.ListaEmpleadosTest" time="0.001"/>
  <testcase name="anadirNullTest" classname="com.docencia.listas.ejercicio3.ListaEmpleadosTest" time="0.002">
    <failure message="Unexpected exception type thrown, expected: &lt;java.lang.IllegalArgumentException&gt; but was: &lt;java.lang.UnsupportedOperationException&gt;" type="org.opentest4j.AssertionFailedError"><![CDATA[org.opentest4j.AssertionFailedError: Unexpected exception type thrown, expected: <java.lang.IllegalArgumentException> but was: <java.lang.UnsupportedOperationException>
	at org.junit.jupiter.api.AssertionFailureBuilder.build(AssertionFailureBuilder.java:151)
	at org.junit.jupiter.api.AssertThrows.assertThrows(AssertThrows.java:67)
	at org.junit.jupiter.api.AssertThrows.assertThrows(AssertThrows.java:35)
	at org.junit.jupiter.api.Assertions.assertThrows(Assertions.java:3115)
	at com.docencia.listas.ejercicio3.ListaEmpleadosTest.anadirNullTest(ListaEmpleadosTest.java:42)
	at java.base/java.lang.reflect.Method.invoke(Method.java:569)
	at java.base/java.util.ArrayList.forEach(ArrayList.java:1511)
	at java.base/java.util.ArrayList.forEach(ArrayList.java:1511)
Caused by: java.lang.UnsupportedOperationException: El metodo no esta implementado
	at com.docencia.listas.ejercicio3.ListaEmpleados.anadir(ListaEmpleados.java:24)
	at com.docencia.listas.ejercicio3.ListaEmpleadosTest.lambda$anadirNullTest$0(ListaEmpleadosTest.java:42)
	at org.junit.jupiter.api.AssertThrows.assertThrows(AssertThrows.java:53)
	... 6 more
]]></failure>
  </testcase>
  <testcase name="anadirDuplicadoIdTest" classname="com.docencia.listas.ejercicio3.ListaEmpleadosTest" time="0.003">
    <error message="El metodo no esta implementado" type="java.lang.UnsupportedOperationException"><![CDATA[java.lang.UnsupportedOperationException: El metodo no esta implementado
	at com.docencia.herencia.ejercicio3.Desarrollador.<init>(Desarrollador.java:11)
	at com.docencia.listas.ejercicio3.ListaEmpleadosTest.nuevoA(ListaEmpleadosTest.java:19)
	at com.docencia.listas.ejercicio3.ListaEmpleadosTest.anadirDuplicadoIdTest(ListaEmpleadosTest.java:55)
	at java.base/java.lang.reflect.Method.invoke(Method.java:569)
	at java.base/java.util.ArrayList.forEach(ArrayList.java:1511)
	at java.base/java.util.ArrayList.forEach(ArrayList.java:1511)
]]></error>
  </testcase>
  <testcase name="buscarPorIdNullTest" classname="com.docencia.listas.ejercicio3.ListaEmpleadosTest" time="0.003">
    <failure message="Unexpected exception type thrown, expected: &lt;java.lang.IllegalArgumentException&gt; but was: &lt;java.lang.UnsupportedOperationException&gt;" type="org.opentest4j.AssertionFailedError"><![CDATA[org.opentest4j.AssertionFailedError: Unexpected exception type thrown, expected: <java.lang.IllegalArgumentException> but was: <java.lang.UnsupportedOperationException>
	at org.junit.jupiter.api.AssertionFailureBuilder.build(AssertionFailureBuilder.java:151)
	at org.junit.jupiter.api.AssertThrows.assertThrows(AssertThrows.java:67)
	at org.junit.jupiter.api.AssertThrows.assertThrows(AssertThrows.java:35)
	at org.junit.jupiter.api.Assertions.assertThrows(Assertions.java:3115)
	at com.docencia.listas.ejercicio3.ListaEmpleadosTest.buscarPorIdNullTest(ListaEmpleadosTest.java:70)
	at java.base/java.lang.reflect.Method.invoke(Method.java:569)
	at java.base/java.util.ArrayList.forEach(ArrayList.java:1511)
	at java.base/java.util.ArrayList.forEach(ArrayList.java:1511)
Caused by: java.lang.UnsupportedOperationException: El metodo no esta implementado
	at com.docencia.listas.ejercicio3.ListaEmpleados.buscarPorId(ListaEmpleados.java:28)
	at com.docencia.listas.ejercicio3.ListaEmpleadosTest.lambda$buscarPorIdNullTest$3(ListaEmpleadosTest.java:70)
	at org.junit.jupiter.api.AssertThrows.assertThrows(AssertThrows.java:53)
	... 6 more
]]></failure>
  </testcase>
  <testcase name="anadirOkTest" classname="com.docencia.listas.ejercicio3.ListaEmpleadosTest" time="0.002">
    <error message="El metodo no esta implementado" type="java.lang.UnsupportedOperationException"><![CDATA[java.lang.UnsupportedOperationException: El metodo no esta implementado
	at com.docencia.herencia.ejercicio3.Desarrollador.<init>(Desarrollador.java:11)
	at com.docencia.listas.ejercicio3.ListaEmpleadosTest.nuevoA(ListaEmpleadosTest.java:19)
	at com.docencia.listas.ejercicio3.ListaEmpleadosTest.anadirOkTest(ListaEmpleadosTest.java:34)
	at java.base/java.lang.reflect.Method.invoke(Method.java:569)
	at java.base/java.util.ArrayList.forEach(ArrayList.java:1511)
	at java.base/java.util.ArrayList.forEach(ArrayList.java:1511)
]]></error>
  </testcase>
  <testcase name="anadirInvalidTest" classname="com.docencia.listas.ejercicio3.ListaEmpleadosTest" time="0.001">
    <failure message="Unexpected exception type thrown, expected: &lt;java.lang.IllegalArgumentException&gt; but was: &lt;java.lang.UnsupportedOperationException&gt;" type="org.opentest4j.AssertionFailedError"><![CDATA[org.opentest4j.AssertionFailedError: Unexpected exception type thrown, expected: <java.lang.IllegalArgumentException> but was: <java.lang.UnsupportedOperationException>
	at org.junit.jupiter.api.AssertionFailureBuilder.build(AssertionFailureBuilder.java:151)
	at org.junit.jupiter.api.AssertThrows.assertThrows(AssertThrows.java:67)
	at org.junit.jupiter.api.AssertThrows.assertThrows(AssertThrows.java:35)
	at org.junit.jupiter.api.Assertions.assertThrows(Assertions.java:3115)
	at com.docencia.listas.ejercicio3.ListaEmpleadosTest.anadirInvalidTest(ListaEmpleadosTest.java:48)
	at java.base/java.lang.reflect.Method.invoke(Method.java:569)
	at java.base/java.util.ArrayList.forEach(ArrayList.java:1511)
	at java.base/java.util.ArrayList.forEach(ArrayList.java:1511)
Caused by: java.lang.UnsupportedOperationException: El metodo no esta implementado
	at com.docencia.herencia.ejercicio3.Desarrollador.<init>(Desarrollador.java:11)
	at com.docencia.listas.ejercicio3.ListaEmpleadosTest.invalido(ListaEmpleadosTest.java:27)
	at com.docencia.listas.ejercicio3.ListaEmpleadosTest.lambda$anadirInvalidTest$1(ListaEmpleadosTest.java:48)
	at org.junit.jupiter.api.AssertThrows.assertThrows(AssertThrows.java:53)
	... 6 more
]]></failure>
  </testcase>
  <testcase name="eliminarPorIdOkTest" classname="com.docencia.listas.ejercicio3.ListaEmpleadosTest" time="0.001">
    <error message="El metodo no esta implementado" type="java.lang.UnsupportedOperationException"><![CDATA[java.lang.UnsupportedOperationException: El metodo no esta implementado
	at com.docencia.herencia.ejercicio3.Desarrollador.<init>(Desarrollador.java:11)
	at com.docencia.listas.ejercicio3.ListaEmpleadosTest.nuevoA(ListaEmpleadosTest.java:19)
	at com.docencia.listas.ejercicio3.ListaEmpleadosTest.eliminarPorIdOkTest(ListaEmpleadosTest.java:83)
	at java.base/java.lang.reflect.Method.invoke(Method.java:569)
	at java.base/java.util.ArrayList.forEach(ArrayList.java:1511)
	at java.base/java.util.ArrayList.forEach(ArrayList.java:1511)
]]></error>
  </testcase>
  <testcase name="modificarNullElementoTest" classname="com.docencia.listas.ejercicio3.ListaEmpleadosTest" time="0.0">
    <error message="El metodo no esta implementado" type="java.lang.UnsupportedOperationException"><![CDATA[java.lang.UnsupportedOperationException: El metodo no esta implementado
	at com.docencia.herencia.ejercicio3.Desarrollador.<init>(Desarrollador.java:11)
	at com.docencia.listas.ejercicio3.ListaEmpleadosTest.nuevoA(ListaEmpleadosTest.java:19)
	at com.docencia.listas.ejercicio3.ListaEmpleadosTest.modificarNullElementoTest(ListaEmpleadosTest.java:122)
	at java.base/java.lang.reflect.Method.invoke(Method.java:569)
	at java.base/java.util.ArrayList.forEach(ArrayList.java:1511)
	at java.base/java.util.ArrayList.forEach(ArrayList.java:1511)
]]></error>
  </testcase>
  <testcase name="eliminarPorIdNoExisteTest" classname="com.docencia.listas.ejercicio3.ListaEmpleadosTest" time="0.001">
    <error message="El metodo no esta implementado" type="java.lang.UnsupportedOperationException"><![CDATA[java.lang.UnsupportedOperationException: El metodo no esta implementado
	at com.docencia.listas.ejercicio3.ListaEmpleados.eliminarPorId(ListaEmpleados.java:32)
	at com.docencia.listas.ejercicio3.ListaEmpleadosTest.eliminarPorIdNoExisteTest(ListaEmpleadosTest.java:97)
	at java.base/java.lang.reflect.Method.invoke(Method.java:569)
	at java.base/java.util.ArrayList.forEach(ArrayList.java:1511)
	at java.base/java.util.ArrayList.forEach(ArrayList.java:1511)
]]></error>
  </testcase>
  <testcase name="listarInmutableTest" classname="com.docencia.listas.ejercicio3.ListaEmpleadosTest" time="0.0">
    <error message="El metodo no esta implementado" type="java.lang.UnsupportedOperationException"><![CDATA[java.lang.UnsupportedOperationException: El metodo no esta implementado
	at com.docencia.herencia.ejercicio3.Desarrollador.<init>(Desarrollador.java:11)
	at com.docencia.listas.ejercicio3.ListaEmpleadosTest.nuevoA(ListaEmpleadosTest.java:19)
	at com.docencia.listas.ejercicio3.ListaEmpleadosTest.listarInmutableTest(ListaEmpleadosTest.java:152)
	at java.base/java.lang.reflect.Method.invoke(Method.java:569)
	at java.base/java.util.ArrayList.forEach(ArrayList.java:1511)
	at java.base/java.util.ArrayList.forEach(ArrayList.java:1511)
]]></error>
  </testcase>
  <testcase name="modificarNoExisteTest" classname="com.docencia.listas.ejercicio3.ListaEmpleadosTest" time="0.001">
    <failure message="Unexpected exception type thrown, expected: &lt;java.util.NoSuchElementException&gt; but was: &lt;java.lang.UnsupportedOperationException&gt;" type="org.opentest4j.AssertionFailedError"><![CDATA[org.opentest4j.AssertionFailedError: Unexpected exception type thrown, expected: <java.util.NoSuchElementException> but was: <java.lang.UnsupportedOperationException>
	at org.junit.jupiter.api.AssertionFailureBuilder.build(AssertionFailureBuilder.java:151)
	at org.junit.jupiter.api.AssertThrows.assertThrows(AssertThrows.java:67)
	at org.junit.jupiter.api.AssertThrows.assertThrows(AssertThrows.java:35)
	at org.junit.jupiter.api.Assertions.assertThrows(Assertions.java:3115)
	at com.docencia.listas.ejercicio3.ListaEmpleadosTest.modificarNoExisteTest(ListaEmpleadosTest.java:146)
	at java.base/java.lang.reflect.Method.invoke(Method.java:569)
	at java.base/java.util.ArrayList.forEach(ArrayList.java:1511)
	at java.base/java.util.ArrayList.forEach(ArrayList.java:1511)
Caused by: java.lang.UnsupportedOperationException: El metodo no esta implementado
	at com.docencia.herencia.ejercicio3.Desarrollador.<init>(Desarrollador.java:11)
	at com.docencia.listas.ejercicio3.ListaEmpleadosTest.nuevoA(ListaEmpleadosTest.java:19)
	at com.docencia.listas.ejercicio3.ListaEmpleadosTest.lambda$modificarNoExisteTest$9(ListaEmpleadosTest.java:146)
	at org.junit.jupiter.api.AssertThrows.assertThrows(AssertThrows.java:53)
	... 6 more
]]></failure>
  </testcase>
</testsuite>