<?xml version="1.0" encoding="UTF-8"?>
<testsuite xmlns:xsi="http://www.w3.org/2001/XMLSchema-instance" xsi:noNamespaceSchemaLocation="https://maven.apache.org/surefire/maven-surefire-plugin/xsd/surefire-test-report-3.0.xsd" version="3.0" name="com.docencia.herencia.ejercicio9.ElectronicaTest" time="0.03" tests="9" errors="0" skipped="0" failures="0">
  <properties>
[...]
</properties>
  <testcase name="metodo_abstracto_implementado_devuelve_esperado" classname="com.docencia.herencia.ejercicio9.ElectronicaTest" time="0.002"/>
  <testcase name="equals_otro_tipo_es_false" classname="com.docencia.herencia.ejercicio9.ElectronicaTest" time="0.001"/>
  <testcase name="ids_son_unicos_en_instancias_distintas" classname="com.docencia.herencia.ejercicio9.ElectronicaTest" time="0.001"/>
  <testcase name="equals_mismo_id_misma_clase_es_true" classname="com.docencia.herencia.ejercicio9.ElectronicaTest" time="0.001"/>
  <testcase name="es_instancia_de_la_clase_base" classname="com.docencia.herencia.ejercicio9.ElectronicaTest" time="0.001"/>
  <testcase name="equals_distinto_id_es_false" classname="com.docencia.herencia.ejercicio9.ElectronicaTest" time="0.001"/>
  <testcase name="constructor_genera_id_si_null" classname="com.docencia.herencia.ejercicio9.ElectronicaTest" time="0.001"/>
  <testcase name="constructor_asigna_campos" classname="com.docencia.herencia.ejercicio9.ElectronicaTest" time="0.0"/>
  <testcase name="toString_contiene_nombre_clase_y_campos" classname="com.docencia.herencia.ejercicio9.ElectronicaTest" time="0.006"/>
</testsuite>