<?xml version="1.0" encoding="UTF-8"?>
<testsuite xmlns:xsi="http://www.w3.org/2001/XMLSchema-instance" xsi:noNamespaceSchemaLocation="https://maven.apache.org/surefire/maven-surefire-plugin/xsd/surefire-test-report-3.0.xsd" version="3.0" name="com.docencia.listas.ejercicio5.ListaFigurasTest" time="0.039" tests="18" errors="12" skipped="0" failures="5">
  <properties>
    <property name="java.specification.version" value="25"/>
    <property name="sun.jnu.encoding" value="UTF-8"/>
    <property name="java.class.path" value="/home/cbasx/Escritorio/CICLO_SEBAS/Programacion/PRO-1-DAM-2025-2026/2doTrimestre/Actividad11/target/test-classes:/home/cbasx/Escritorio/CICLO_SEBAS/Programacion/PRO-1-DAM-2025-2026/2doTrimestre/Actividad11/target/classes:/home/cbasx/.m2/repository/org/junit/jupiter/junit-jupiter/5.10.2/junit-jupiter-5.10.2.jar:/home/cbasx/.m2/repository/org/junit/jupiter/junit-jupiter-api/5.10.2/junit-jupiter-api-5.10.2.jar:/home/cbasx/.m2/repository/org/opentest4j/opentest4j/1.3.0/opentest4j-1.3.0.jar:/home/cbasx/.m2/repository/org/junit/platform/junit-platform-commons/1.10.2/junit-platform-commons-1.10.2.jar:/home/cbasx/.m2/repository/org/apiguardian/apiguardian-api/1.1.2/apiguardian-api-1.1.2.jar:/home/cbasx/.m2/repository/org/junit/jupiter/junit-jupiter-params/5.10.2/junit-jupiter-params-5.10.2.jar:/home/cbasx/.m2/repository/org/junit/jupiter/junit-jupiter-engine/5.10.2/junit-jupiter-engine-5.10.2.jar:/home/cbasx/.m2/repository/org/junit/platform/junit-platform-engine/1.10.2/junit-platform-engine-1.10.2.jar:"/>
    <property name="java.vm.vendor" value="Oracle Corporation"/>
    <property name="sun.arch.data.model" value="64"/>
    <property name="java.vendor.url" value="https://java.oracle.com/"/>
    <property name="os.name" value="Linux"/>
    <property name="java.vm.specification.version" value="25"/>
    <property name="user.country" value="ES"/>
    <property name="sun.java.launcher" value="SUN_STANDARD"/>
    <property name="sun.boot.library.path" value="/usr/lib/jvm/jdk-25-oracle-x64/lib"/>
    <property name="sun.java.command" value="/home/cbasx/Escritorio/CICLO_SEBAS/Programacion/PRO-1-DAM-2025-2026/2doTrimestre/Actividad11/target/surefire/surefirebooter-20260122014307549_3.jar /home/cbasx/Escritorio/CICLO_SEBAS/Programacion/PRO-1-DAM-2025-2026/2doTrimestre/Actividad11/target/surefire 2026-01-22T01-43-07_419-jvmRun1 surefire-20260122014307549_1tmp surefire_0-20260122014307549_2tmp"/>
    <property name="jdk.debug" value="release"/>
    <property name="surefire.test.class.path" value="/home/cbasx/Escritorio/CICLO_SEBAS/Programacion/PRO-1-DAM-2025-2026/2doTrimestre/Actividad11/target/test-classes:/home/cbasx/Escritorio/CICLO_SEBAS/Programacion/PRO-1-DAM-2025-2026/2doTrimestre/Actividad11/target/classes:/home/cbasx/.m2/repository/org/junit/jupiter/junit-jupiter/5.10.2/junit-jupiter-5.10.2.jar:/home/cbasx/.m2/repository/org/junit/jupiter/junit-jupiter-api/5.10.2/junit-jupiter-api-5.10.2.jar:/home/cbasx/.m2/repository/org/opentest4j/opentest4j/1.3.0/opentest4j-1.3.0.jar:/home/cbasx/.m2/repository/org/junit/platform/junit-platform-commons/1.10.2/junit-platform-commons-1.10.2.jar:/home/cbasx/.m2/repository/org/apiguardian/apiguardian-api/1.1.2/apiguardian-api-1.1.2.jar:/home/cbasx/.m2/repository/org/junit/jupiter/junit-jupiter-params/5.10.2/junit-jupiter-params-5.10.2.jar:/home/cbasx/.m2/repository/org/junit/jupiter/junit-jupiter-engine/5.10.2/junit-jupiter-engine-5.10.2.jar:/home/cbasx/.m2/repository/org/junit/platform/junit-platform-engine/1.10.2/junit-platform-engine-1.10.2.jar:"/>
    <property name="sun.cpu.endian" value="little"/>
    <property name="user.home" value="/home/cbasx"/>
    <property name="user.language" value="es"/>
    <property name="java.specification.vendor" value="Oracle Corporation"/>
    <property name="java.version.date" value="2025-09-16"/>
    <property name="java.home" value="/usr/lib/jvm/jdk-25-oracle-x64"/>
    <property name="file.separator" value="/"/>
    <property name="basedir" value="/home/cbasx/Escritorio/CICLO_SEBAS/Programacion/PRO-1-DAM-2025-2026/2doTrimestre/Actividad11"/>
    <property name="java.vm.compressedOopsMode" value="Zero based"/>
    <property name="line.separator" value="&#10;"/>
    <property name="java.specification.name" value="Java Platform API Specification"/>
    <property name="java.vm.specification.vendor" value="Oracle Corporation"/>
    <property name="surefire.real.class.path" value="/home/cbasx/Escritorio/CICLO_SEBAS/Programacion/PRO-1-DAM-2025-2026/2doTrimestre/Actividad11/target/surefire/surefirebooter-20260122014307549_3.jar"/>
    <property name="sun.management.compiler" value="HotSpot 64-Bit Tiered Compilers"/>
    <property name="java.runtime.version" value="25+37-LTS-3491"/>
    <property name="user.name" value="cbasx"/>
    <property name="stdout.encoding" value="UTF-8"/>
    <property name="path.separator" value=":"/>
    <property name="os.version" value="6.14.0-29-generic"/>
    <property name="java.runtime.name" value="Java(TM) SE Runtime Environment"/>
    <property name="file.encoding" value="UTF-8"/>
    <property name="java.vm.name" value="Java HotSpot(TM) 64-Bit Server VM"/>
    <property name="maven.ext.class.path" value="/home/cbasx/.vscode/extensions/oracle.oracle-java-25.0.0/nbcode/java/maven-nblib/netbeans-eventspy.jar"/>
    <property name="localRepository" value="/home/cbasx/.m2/repository"/>
    <property name="java.vendor.url.bug" value="https://bugreport.java.com/bugreport/"/>
    <property name="java.io.tmpdir" value="/tmp"/>
    <property name="java.version" value="25"/>
    <property name="user.dir" value="/home/cbasx/Escritorio/CICLO_SEBAS/Programacion/PRO-1-DAM-2025-2026/2doTrimestre/Actividad11"/>
    <property name="os.arch" value="amd64"/>
    <property name="java.vm.specification.name" value="Java Virtual Machine Specification"/>
    <property name="native.encoding" value="UTF-8"/>
    <property name="java.library.path" value="/usr/java/packages/lib:/usr/lib64:/lib64:/lib:/usr/lib"/>
    <property name="java.vm.info" value="mixed mode, sharing"/>
    <property name="stderr.encoding" value="UTF-8"/>
    <property name="java.vendor" value="Oracle Corporation"/>
    <property name="java.vm.version" value="25+37-LTS-3491"/>
    <property name="stdin.encoding" value="UTF-8"/>
    <property name="sun.io.unicode.encoding" value="UnicodeLittle"/>
    <property name="java.class.version" value="69.0"/>
  </properties>
  <testcase name="modificarNullIdTest" classname="com.docencia.listas.ejercicio5.ListaFigurasTest" time="0.005">
    <error message="El metodo no esta implementado" type="java.lang.UnsupportedOperationException"><![CDATA[java.lang.UnsupportedOperationException: El metodo no esta implementado
	at com.docencia.listas.ejercicio5.ListaFiguras.anadir(ListaFiguras.java:23)
	at com.docencia.listas.ejercicio5.ListaFigurasTest.modificarNullIdTest(ListaFigurasTest.java:114)
	at java.base/java.lang.reflect.Method.invoke(Method.java:565)
	at java.base/java.util.ArrayList.forEach(ArrayList.java:1604)
	at java.base/java.util.ArrayList.forEach(ArrayList.java:1604)
]]></error>
  </testcase>
  <testcase name="buscarPorIdNoExisteTest" classname="com.docencia.listas.ejercicio5.ListaFigurasTest" time="0.001">
    <error message="El metodo no esta implementado" type="java.lang.UnsupportedOperationException"><![CDATA[java.lang.UnsupportedOperationException: El metodo no esta implementado
	at com.docencia.listas.ejercicio5.ListaFiguras.buscarPorId(ListaFiguras.java:27)
	at com.docencia.listas.ejercicio5.ListaFigurasTest.buscarPorIdNoExisteTest(ListaFigurasTest.java:76)
	at java.base/java.lang.reflect.Method.invoke(Method.java:565)
	at java.base/java.util.ArrayList.forEach(ArrayList.java:1604)
	at java.base/java.util.ArrayList.forEach(ArrayList.java:1604)
]]></error>
  </testcase>
  <testcase name="eliminarPorIdNullTest" classname="com.docencia.listas.ejercicio5.ListaFigurasTest" time="0.004">
    <failure message="Unexpected exception type thrown, expected: &lt;java.lang.IllegalArgumentException&gt; but was: &lt;java.lang.UnsupportedOperationException&gt;" type="org.opentest4j.AssertionFailedError"><![CDATA[org.opentest4j.AssertionFailedError: Unexpected exception type thrown, expected: <java.lang.IllegalArgumentException> but was: <java.lang.UnsupportedOperationException>
	at org.junit.jupiter.api.AssertionFailureBuilder.build(AssertionFailureBuilder.java:151)
	at org.junit.jupiter.api.AssertThrows.assertThrows(AssertThrows.java:67)
	at org.junit.jupiter.api.AssertThrows.assertThrows(AssertThrows.java:35)
	at org.junit.jupiter.api.Assertions.assertThrows(Assertions.java:3115)
	at com.docencia.listas.ejercicio5.ListaFigurasTest.eliminarPorIdNullTest(ListaFigurasTest.java:91)
	at java.base/java.lang.reflect.Method.invoke(Method.java:565)
	at java.base/java.util.ArrayList.forEach(ArrayList.java:1604)
	at java.base/java.util.ArrayList.forEach(ArrayList.java:1604)
Caused by: java.lang.UnsupportedOperationException: El metodo no esta implementado
	at com.docencia.listas.ejercicio5.ListaFiguras.eliminarPorId(ListaFiguras.java:31)
	at com.docencia.listas.ejercicio5.ListaFigurasTest.lambda$eliminarPorIdNullTest$0(ListaFigurasTest.java:91)
	at org.junit.jupiter.api.AssertThrows.assertThrows(AssertThrows.java:53)
	... 6 more
]]></failure>
  </testcase>
  <testcase name="modificarInvalidTest" classname="com.docencia.listas.ejercicio5.ListaFigurasTest" time="0.001">
    <error message="El metodo no esta implementado" type="java.lang.UnsupportedOperationException"><![CDATA[java.lang.UnsupportedOperationException: El metodo no esta implementado
	at com.docencia.listas.ejercicio5.ListaFiguras.anadir(ListaFiguras.java:23)
	at com.docencia.listas.ejercicio5.ListaFigurasTest.modificarInvalidTest(ListaFigurasTest.java:130)
	at java.base/java.lang.reflect.Method.invoke(Method.java:565)
	at java.base/java.util.ArrayList.forEach(ArrayList.java:1604)
	at java.base/java.util.ArrayList.forEach(ArrayList.java:1604)
]]></error>
  </testcase>
  <testcase name="buscarPorIdOkTest" classname="com.docencia.listas.ejercicio5.ListaFigurasTest" time="0.001">
    <error message="El metodo no esta implementado" type="java.lang.UnsupportedOperationException"><![CDATA[java.lang.UnsupportedOperationException: El metodo no esta implementado
	at com.docencia.listas.ejercicio5.ListaFiguras.anadir(ListaFiguras.java:23)
	at com.docencia.listas.ejercicio5.ListaFigurasTest.buscarPorIdOkTest(ListaFigurasTest.java:63)
	at java.base/java.lang.reflect.Method.invoke(Method.java:565)
	at java.base/java.util.ArrayList.forEach(ArrayList.java:1604)
	at java.base/java.util.ArrayList.forEach(ArrayList.java:1604)
]]></error>
  </testcase>
  <testcase name="modificarIdDistintoTest" classname="com.docencia.listas.ejercicio5.ListaFigurasTest" time="0.0">
    <error message="El metodo no esta implementado" type="java.lang.UnsupportedOperationException"><![CDATA[java.lang.UnsupportedOperationException: El metodo no esta implementado
	at com.docencia.listas.ejercicio5.ListaFiguras.anadir(ListaFiguras.java:23)
	at com.docencia.listas.ejercicio5.ListaFigurasTest.modificarIdDistintoTest(ListaFigurasTest.java:138)
	at java.base/java.lang.reflect.Method.invoke(Method.java:565)
	at java.base/java.util.ArrayList.forEach(ArrayList.java:1604)
	at java.base/java.util.ArrayList.forEach(ArrayList.java:1604)
]]></error>
  </testcase>
  <testcase name="modificarOkTest" classname="com.docencia.listas.ejercicio5.ListaFigurasTest" time="0.0">
    <error message="El metodo no esta implementado" type="java.lang.UnsupportedOperationException"><![CDATA[java.lang.UnsupportedOperationException: El metodo no esta implementado
	at com.docencia.listas.ejercicio5.ListaFiguras.anadir(ListaFiguras.java:23)
	at com.docencia.listas.ejercicio5.ListaFigurasTest.modificarOkTest(ListaFigurasTest.java:104)
	at java.base/java.lang.reflect.Method.invoke(Method.java:565)
	at java.base/java.util.ArrayList.forEach(ArrayList.java:1604)
	at java.base/java.util.ArrayList.forEach(ArrayList.java:1604)
]]></error>
  </testcase>
  <testcase name="claseDocumentadaTest" classname="com.docencia.listas.ejercicio5.ListaFigurasTest" time="0.003"/>
  <testcase name="anadirNullTest" classname="com.docencia.listas.ejercicio5.ListaFigurasTest" time="0.001">
    <failure message="Unexpected exception type thrown, expected: &lt;java.lang.IllegalArgumentException&gt; but was: &lt;java.lang.UnsupportedOperationException&gt;" type="org.opentest4j.AssertionFailedError"><![CDATA[org.opentest4j.AssertionFailedError: Unexpected exception type thrown, expected: <java.lang.IllegalArgumentException> but was: <java.lang.UnsupportedOperationException>
	at org.junit.jupiter.api.AssertionFailureBuilder.build(AssertionFailureBuilder.java:151)
	at org.junit.jupiter.api.AssertThrows.assertThrows(AssertThrows.java:67)
	at org.junit.jupiter.api.AssertThrows.assertThrows(AssertThrows.java:35)
	at org.junit.jupiter.api.Assertions.assertThrows(Assertions.java:3115)
	at com.docencia.listas.ejercicio5.ListaFigurasTest.anadirNullTest(ListaFigurasTest.java:42)
	at java.base/java.lang.reflect.Method.invoke(Method.java:565)
	at java.base/java.util.ArrayList.forEach(ArrayList.java:1604)
	at java.base/java.util.ArrayList.forEach(ArrayList.java:1604)
Caused by: java.lang.UnsupportedOperationException: El metodo no esta implementado
	at com.docencia.listas.ejercicio5.ListaFiguras.anadir(ListaFiguras.java:23)
	at com.docencia.listas.ejercicio5.ListaFigurasTest.lambda$anadirNullTest$0(ListaFigurasTest.java:42)
	at org.junit.jupiter.api.AssertThrows.assertThrows(AssertThrows.java:53)
	... 6 more
]]></failure>
  </testcase>
  <testcase name="anadirDuplicadoIdTest" classname="com.docencia.listas.ejercicio5.ListaFigurasTest" time="0.001">
    <error message="El metodo no esta implementado" type="java.lang.UnsupportedOperationException"><![CDATA[java.lang.UnsupportedOperationException: El metodo no esta implementado
	at com.docencia.listas.ejercicio5.ListaFiguras.anadir(ListaFiguras.java:23)
	at com.docencia.listas.ejercicio5.ListaFigurasTest.anadirDuplicadoIdTest(ListaFigurasTest.java:55)
	at java.base/java.lang.reflect.Method.invoke(Method.java:565)
	at java.base/java.util.ArrayList.forEach(ArrayList.java:1604)
	at java.base/java.util.ArrayList.forEach(ArrayList.java:1604)
]]></error>
  </testcase>
  <testcase name="buscarPorIdNullTest" classname="com.docencia.listas.ejercicio5.ListaFigurasTest" time="0.002">
    <failure message="Unexpected exception type thrown, expected: &lt;java.lang.IllegalArgumentException&gt; but was: &lt;java.lang.UnsupportedOperationException&gt;" type="org.opentest4j.AssertionFailedError"><![CDATA[org.opentest4j.AssertionFailedError: Unexpected exception type thrown, expected: <java.lang.IllegalArgumentException> but was: <java.lang.UnsupportedOperationException>
	at org.junit.jupiter.api.AssertionFailureBuilder.build(AssertionFailureBuilder.java:151)
	at org.junit.jupiter.api.AssertThrows.assertThrows(AssertThrows.java:67)
	at org.junit.jupiter.api.AssertThrows.assertThrows(AssertThrows.java:35)
	at org.junit.jupiter.api.Assertions.assertThrows(Assertions.java:3115)
	at com.docencia.listas.ejercicio5.ListaFigurasTest.buscarPorIdNullTest(ListaFigurasTest.java:70)
	at java.base/java.lang.reflect.Method.invoke(Method.java:565)
	at java.base/java.util.ArrayList.forEach(ArrayList.java:1604)
	at java.base/java.util.ArrayList.forEach(ArrayList.java:1604)
Caused by: java.lang.UnsupportedOperationException: El metodo no esta implementado
	at com.docencia.listas.ejercicio5.ListaFiguras.buscarPorId(ListaFiguras.java:27)
	at com.docencia.listas.ejercicio5.ListaFigurasTest.lambda$buscarPorIdNullTest$0(ListaFigurasTest.java:70)
	at org.junit.jupiter.api.AssertThrows.assertThrows(AssertThrows.java:53)
	... 6 more
]]></failure>
  </testcase>
  <testcase name="anadirOkTest" classname="com.docencia.listas.ejercicio5.ListaFigurasTest" time="0.001">
    <error message="El metodo no esta implementado" type="java.lang.UnsupportedOperationException"><![CDATA[java.lang.UnsupportedOperationException: El metodo no esta implementado
	at com.docencia.listas.ejercicio5.ListaFiguras.anadir(ListaFiguras.java:23)
	at com.docencia.listas.ejercicio5.ListaFigurasTest.anadirOkTest(ListaFigurasTest.java:34)
	at java.base/java.lang.reflect.Method.invoke(Method.java:565)
	at java.base/java.util.ArrayList.forEach(ArrayList.java:1604)
	at java.base/java.util.ArrayList.forEach(ArrayList.java:1604)
]]></error>
  </testcase>
  <testcase name="anadirInvalidTest" classname="com.docencia.listas.ejercicio5.ListaFigurasTest" time="0.001">
    <failure message="Unexpected exception type thrown, expected: &lt;java.lang.IllegalArgumentException&gt; but was: &lt;java.lang.UnsupportedOperationException&gt;" type="org.opentest4j.AssertionFailedError"><![CDATA[org.opentest4j.AssertionFailedError: Unexpected exception type thrown, expected: <java.lang.IllegalArgumentException> but was: <java.lang.UnsupportedOperationException>
	at org.junit.jupiter.api.AssertionFailureBuilder.build(AssertionFailureBuilder.java:151)
	at org.junit.jupiter.api.AssertThrows.assertThrows(AssertThrows.java:67)
	at org.junit.jupiter.api.AssertThrows.assertThrows(AssertThrows.java:35)
	at org.junit.jupiter.api.Assertions.assertThrows(Assertions.java:3115)
	at com.docencia.listas.ejercicio5.ListaFigurasTest.anadirInvalidTest(ListaFigurasTest.java:48)
	at java.base/java.lang.reflect.Method.invoke(Method.java:565)
	at java.base/java.util.ArrayList.forEach(ArrayList.java:1604)
	at java.base/java.util.ArrayList.forEach(ArrayList.java:1604)
Caused by: java.lang.UnsupportedOperationException: El metodo no esta implementado
	at com.docencia.listas.ejercicio5.ListaFiguras.anadir(ListaFiguras.java:23)
	at com.docencia.listas.ejercicio5.ListaFigurasTest.lambda$anadirInvalidTest$0(ListaFigurasTest.java:48)
	at org.junit.jupiter.api.AssertThrows.assertThrows(AssertThrows.java:53)
	... 6 more
]]></failure>
  </testcase>
  <testcase name="eliminarPorIdOkTest" classname="com.docencia.listas.ejercicio5.ListaFigurasTest" time="0.0">
    <error message="El metodo no esta implementado" type="java.lang.UnsupportedOperationException"><![CDATA[java.lang.UnsupportedOperationException: El metodo no esta implementado
	at com.docencia.listas.ejercicio5.ListaFiguras.anadir(ListaFiguras.java:23)
	at com.docencia.listas.ejercicio5.ListaFigurasTest.eliminarPorIdOkTest(ListaFigurasTest.java:83)
	at java.base/java.lang.reflect.Method.invoke(Method.java:565)
	at java.base/java.util.ArrayList.forEach(ArrayList.java:1604)
	at java.base/java.util.ArrayList.forEach(ArrayList.java:1604)
]]></error>
  </testcase>
  <testcase name="modificarNullElementoTest" classname="com.docencia.listas.ejercicio5.ListaFigurasTest" time="0.002">
    <error message="El metodo no esta implementado" type="java.lang.UnsupportedOperationException"><![CDATA[java.lang.UnsupportedOperationException: El metodo no esta implementado
	at com.docencia.listas.ejercicio5.ListaFiguras.anadir(ListaFiguras.java:23)
	at com.docencia.listas.ejercicio5.ListaFigurasTest.modificarNullElementoTest(ListaFigurasTest.java:122)
	at java.base/java.lang.reflect.Method.invoke(Method.java:565)
	at java.base/java.util.ArrayList.forEach(ArrayList.java:1604)
	at java.base/java.util.ArrayList.forEach(ArrayList.java:1604)
]]></error>
  </testcase>
  <testcase name="eliminarPorIdNoExisteTest" classname="com.docencia.listas.ejercicio5.ListaFigurasTest" time="0.001">
    <error message="El metodo no esta implementado" type="java.lang.UnsupportedOperationException"><![CDATA[java.lang.UnsupportedOperationException: El metodo no esta implementado
	at com.docencia.listas.ejercicio5.ListaFiguras.eliminarPorId(ListaFiguras.java:31)
	at com.docencia.listas.ejercicio5.ListaFigurasTest.eliminarPorIdNoExisteTest(ListaFigurasTest.java:97)
	at java.base/java.lang.reflect.Method.invoke(Method.java:565)
	at java.base/java.util.ArrayList.forEach(ArrayList.java:1604)
	at java.base/java.util.ArrayList.forEach(ArrayList.java:1604)
]]></error>
  </testcase>
  <testcase name="listarInmutableTest" classname="com.docencia.listas.ejercicio5.ListaFigurasTest" time="0.001">
    <error message="El metodo no esta implementado" type="java.lang.UnsupportedOperationException"><![CDATA[java.lang.UnsupportedOperationException: El metodo no esta implementado
	at com.docencia.listas.ejercicio5.ListaFiguras.anadir(ListaFiguras.java:23)
	at com.docencia.listas.ejercicio5.ListaFigurasTest.listarInmutableTest(ListaFigurasTest.java:152)
	at java.base/java.lang.reflect.Method.invoke(Method.java:565)
	at java.base/java.util.ArrayList.forEach(ArrayList.java:1604)
	at java.base/java.util.ArrayList.forEach(ArrayList.java:1604)
]]></error>
  </testcase>
  <testcase name="modificarNoExisteTest" classname="com.docencia.listas.ejercicio5.ListaFigurasTest" time="0.002">
    <failure message="Unexpected exception type thrown, expected: &lt;java.util.NoSuchElementException&gt; but was: &lt;java.lang.UnsupportedOperationException&gt;" type="org.opentest4j.AssertionFailedError"><![CDATA[org.opentest4j.AssertionFailedError: Unexpected exception type thrown, expected: <java.util.NoSuchElementException> but was: <java.lang.UnsupportedOperationException>
	at org.junit.jupiter.api.AssertionFailureBuilder.build(AssertionFailureBuilder.java:151)
	at org.junit.jupiter.api.AssertThrows.assertThrows(AssertThrows.java:67)
	at org.junit.jupiter.api.AssertThrows.assertThrows(AssertThrows.java:35)
	at org.junit.jupiter.api.Assertions.assertThrows(Assertions.java:3115)
	at com.docencia.listas.ejercicio5.ListaFigurasTest.modificarNoExisteTest(ListaFigurasTest.java:146)
	at java.base/java.lang.reflect.Method.invoke(Method.java:565)
	at java.base/java.util.ArrayList.forEach(ArrayList.java:1604)
	at java.base/java.util.ArrayList.forEach(ArrayList.java:1604)
Caused by: java.lang.UnsupportedOperationException: El metodo no esta implementado
	at com.docencia.listas.ejercicio5.ListaFiguras.modificar(ListaFiguras.java:35)
	at com.docencia.listas.ejercicio5.ListaFigurasTest.lambda$modificarNoExisteTest$0(ListaFigurasTest.java:146)
	at org.junit.jupiter.api.AssertThrows.assertThrows(AssertThrows.java:53)
	... 6 more
]]></failure>
  </testcase>
</testsuite>