<?xml version="1.0" encoding="UTF-8"?>
<testsuite xmlns:xsi="http://www.w3.org/2001/XMLSchema-instance" xsi:noNamespaceSchemaLocation="https://maven.apache.org/surefire/maven-surefire-plugin/xsd/surefire-test-report-3.0.xsd" version="3.0" name="com.docencia.listas.ejercicio2.ListaVehiculosTest" time="0.033" tests="18" errors="12" skipped="0" failures="5">
  <properties>
[...]
</properties>
  <testcase name="modificarNullIdTest" classname="com.docencia.listas.ejercicio2.ListaVehiculosTest" time="0.0">
    <error message="El metodo no esta implementado" type="java.lang.UnsupportedOperationException"><![CDATA[java.lang.UnsupportedOperationException: El metodo no esta implementado
	at com.docencia.listas.ejercicio2.ListaVehiculos.anadir(ListaVehiculos.java:23)
	at com.docencia.listas.ejercicio2.ListaVehiculosTest.modificarNullIdTest(ListaVehiculosTest.java:114)
	at java.base/java.lang.reflect.Method.invoke(Method.java:569)
	at java.base/java.util.ArrayList.forEach(ArrayList.java:1511)
	at java.base/java.util.ArrayList.forEach(ArrayList.java:1511)
]]></error>
  </testcase>
  <testcase name="buscarPorIdNoExisteTest" classname="com.docencia.listas.ejercicio2.ListaVehiculosTest" time="0.0">
    <error message="El metodo no esta implementado" type="java.lang.UnsupportedOperationException"><![CDATA[java.lang.UnsupportedOperationException: El metodo no esta implementado
	at com.docencia.listas.ejercicio2.ListaVehiculos.buscarPorId(ListaVehiculos.java:27)
	at com.docencia.listas.ejercicio2.ListaVehiculosTest.buscarPorIdNoExisteTest(ListaVehiculosTest.java:76)
	at java.base/java.lang.reflect.Method.invoke(Method.java:569)
	at java.base/java.util.ArrayList.forEach(ArrayList.java:1511)
	at java.base/java.util.ArrayList.forEach(ArrayList.java:1511)
]]></error>
  </testcase>
  <testcase name="eliminarPorIdNullTest" classname="com.docencia.listas.ejercicio2.ListaVehiculosTest" time="0.002">
    <failure message="Unexpected exception type thrown, expected: &lt;java.lang.IllegalArgumentException&gt; but was: &lt;java.lang.UnsupportedOperationException&gt;" type="org.opentest4j.AssertionFailedError"><![CDATA[org.opentest4j.AssertionFailedError: Unexpected exception type thrown, expected: <java.lang.IllegalArgumentException> but was: <java.lang.UnsupportedOperationException>
	at org.junit.jupiter.api.AssertionFailureBuilder.build(AssertionFailureBuilder.java:151)
	at org.junit.jupiter.api.AssertThrows.assertThrows(AssertThrows.java:67)
	at org.junit.jupiter.api.AssertThrows.assertThrows(AssertThrows.java:35)
	at org.junit.jupiter.api.Assertions.assertThrows(Assertions.java:3115)
	at com.docencia.listas.ejercicio2.ListaVehiculosTest.eliminarPorIdNullTest(ListaVehiculosTest.java:91)
	at java.base/java.lang.reflect.Method.invoke(Method.java:569)
	at java.base/java.util.ArrayList.forEach(ArrayList.java:1511)
	at java.base/java.util.ArrayList.forEach(ArrayList.java:1511)
Caused by: java.lang.UnsupportedOperationException: El metodo no esta implementado
	at com.docencia.listas.ejercicio2.ListaVehiculos.eliminarPorId(ListaVehiculos.java:31)
	at com.docencia.listas.ejercicio2.ListaVehiculosTest.lambda$eliminarPorIdNullTest$4(ListaVehiculosTest.java:91)
	at org.junit.jupiter.api.AssertThrows.assertThrows(AssertThrows.java:53)
	... 6 more
]]></failure>
  </testcase>
  <testcase name="modificarInvalidTest" classname="com.docencia.listas.ejercicio2.ListaVehiculosTest" time="0.001">
    <error message="El metodo no esta implementado" type="java.lang.UnsupportedOperationException"><![CDATA[java.lang.UnsupportedOperationException: El metodo no esta implementado
	at com.docencia.listas.ejercicio2.ListaVehiculos.anadir(ListaVehiculos.java:23)
	at com.docencia.listas.ejercicio2.ListaVehiculosTest.modificarInvalidTest(ListaVehiculosTest.java:130)
	at java.base/java.lang.reflect.Method.invoke(Method.java:569)
	at java.base/java.util.ArrayList.forEach(ArrayList.java:1511)
	at java.base/java.util.ArrayList.forEach(ArrayList.java:1511)
]]></error>
  </testcase>
  <testcase name="buscarPorIdOkTest" classname="com.docencia.listas.ejercicio2.ListaVehiculosTest" time="0.001">
    <error message="El metodo no esta implementado" type="java.lang.UnsupportedOperationException"><![CDATA[java.lang.UnsupportedOperationException: El metodo no esta implementado
	at com.docencia.listas.ejercicio2.ListaVehiculos.anadir(ListaVehiculos.java:23)
	at com.docencia.listas.ejercicio2.ListaVehiculosTest.buscarPorIdOkTest(ListaVehiculosTest.java:63)
	at java.base/java.lang.reflect.Method.invoke(Method.java:569)
	at java.base/java.util.ArrayList.forEach(ArrayList.java:1511)
	at java.base/java.util.ArrayList.forEach(ArrayList.java:1511)
]]></error>
  </testcase>
  <testcase name="modificarIdDistintoTest" classname="com.docencia.listas.ejercicio2.ListaVehiculosTest" time="0.001">
    <error message="El metodo no esta implementado" type="java.lang.UnsupportedOperationException"><![CDATA[java.lang.UnsupportedOperationException: El metodo no esta implementado
	at com.docencia.listas.ejercicio2.ListaVehiculos.anadir(ListaVehiculos.java:23)
	at com.docencia.listas.ejercicio2.ListaVehiculosTest.modificarIdDistintoTest(ListaVehiculosTest.java:138)
	at java.base/java.lang.reflect.Method.invoke(Method.java:569)
	at java.base/java.util.ArrayList.forEach(ArrayList.java:1511)
	at java.base/java.util.ArrayList.forEach(ArrayList.java:1511)
]]></error>
  </testcase>
  <testcase name="modificarOkTest" classname="com.docencia.listas.ejercicio2.ListaVehiculosTest" time="0.001">
    <error message="El metodo no esta implementado" type="java.lang.UnsupportedOperationException"><![CDATA[java.lang.UnsupportedOperationException: El metodo no esta implementado
	at com.docencia.listas.ejercicio2.ListaVehiculos.anadir(ListaVehiculos.java:23)
	at com.docencia.listas.ejercicio2.ListaVehiculosTest.modificarOkTest(ListaVehiculosTest.java:104)
	at java.base/java.lang.reflect.Method.invoke(Method.java:569)
	at java.base/java.util.ArrayList.forEach(ArrayList.java:1511)
	at java.base/java.util.ArrayList.forEach(ArrayList.java:1511)
]]></error>
  </testcase>
  <testcase name="claseDocumentadaTest" classname="com.docencia.listas.ejercicio2.ListaVehiculosTest" time="0.001"/>
  <testcase name="anadirNullTest" classname="com.docencia.listas.ejercicio2.ListaVehiculosTest" time="0.001">
    <failure message="Unexpected exception type thrown, expected: &lt;java.lang.IllegalArgumentException&gt; but was: &lt;java.lang.UnsupportedOperationException&gt;" type="org.opentest4j.AssertionFailedError"><![CDATA[org.opentest4j.AssertionFailedError: Unexpected exception type thrown, expected: <java.lang.IllegalArgumentException> but was: <java.lang.UnsupportedOperationException>
	at org.junit.jupiter.api.AssertionFailureBuilder.build(AssertionFailureBuilder.java:151)
	at org.junit.jupiter.api.AssertThrows.assertThrows(AssertThrows.java:67)
	at org.junit.jupiter.api.AssertThrows.assertThrows(AssertThrows.java:35)
	at org.junit.jupiter.api.Assertions.assertThrows(Assertions.java:3115)
	at com.docencia.listas.ejercicio2.ListaVehiculosTest.anadirNullTest(ListaVehiculosTest.java:42)
	at java.base/java.lang.reflect.Method.invoke(Method.java:569)
	at java.base/java.util.ArrayList.forEach(ArrayList.java:1511)
	at java.base/java.util.ArrayList.forEach(ArrayList.java:1511)
Caused by: java.lang.UnsupportedOperationException: El metodo no esta implementado
	at com.docencia.listas.ejercicio2.ListaVehiculos.anadir(ListaVehiculos.java:23)
	at com.docencia.listas.ejercicio2.ListaVehiculosTest.lambda$anadirNullTest$0(ListaVehiculosTest.java:42)
	at org.junit.jupiter.api.AssertThrows.assertThrows(AssertThrows.java:53)
	... 6 more
]]></failure>
  </testcase>
  <testcase name="anadirDuplicadoIdTest" classname="com.docencia.listas.ejercicio2.ListaVehiculosTest" time="0.0">
    <error message="El metodo no esta implementado" type="java.lang.UnsupportedOperationException"><![CDATA[java.lang.UnsupportedOperationException: El metodo no esta implementado
	at com.docencia.listas.ejercicio2.ListaVehiculos.anadir(ListaVehiculos.java:23)
	at com.docencia.listas.ejercicio2.ListaVehiculosTest.anadirDuplicadoIdTest(ListaVehiculosTest.java:55)
	at java.base/java.lang.reflect.Method.invoke(Method.java:569)
	at java.base/java.util.ArrayList.forEach(ArrayList.java:1511)
	at java.base/java.util.ArrayList.forEach(ArrayList.java:1511)
]]></error>
  </testcase>
  <testcase name="buscarPorIdNullTest" classname="com.docencia.listas.ejercicio2.ListaVehiculosTest" time="0.001">
    <failure message="Unexpected exception type thrown, expected: &lt;java.lang.IllegalArgumentException&gt; but was: &lt;java.lang.UnsupportedOperationException&gt;" type="org.opentest4j.AssertionFailedError"><![CDATA[org.opentest4j.AssertionFailedError: Unexpected exception type thrown, expected: <java.lang.IllegalArgumentException> but was: <java.lang.UnsupportedOperationException>
	at org.junit.jupiter.api.AssertionFailureBuilder.build(AssertionFailureBuilder.java:151)
	at org.junit.jupiter.api.AssertThrows.assertThrows(AssertThrows.java:67)
	at org.junit.jupiter.api.AssertThrows.assertThrows(AssertThrows.java:35)
	at org.junit.jupiter.api.Assertions.assertThrows(Assertions.java:3115)
	at com.docencia.listas.ejercicio2.ListaVehiculosTest.buscarPorIdNullTest(ListaVehiculosTest.java:70)
	at java.base/java.lang.reflect.Method.invoke(Method.java:569)
	at java.base/java.util.ArrayList.forEach(ArrayList.java:1511)
	at java.base/java.util.ArrayList.forEach(ArrayList.java:1511)
Caused by: java.lang.UnsupportedOperationException: El metodo no esta implementado
	at com.docencia.listas.ejercicio2.ListaVehiculos.buscarPorId(ListaVehiculos.java:27)
	at com.docencia.listas.ejercicio2.ListaVehiculosTest.lambda$buscarPorIdNullTest$3(ListaVehiculosTest.java:70)
	at org.junit.jupiter.api.AssertThrows.assertThrows(AssertThrows.java:53)
	... 6 more
]]></failure>
  </testcase>
  <testcase name="anadirOkTest" classname="com.docencia.listas.ejercicio2.ListaVehiculosTest" time="0.001">
    <error message="El metodo no esta implementado" type="java.lang.UnsupportedOperationException"><![CDATA[java.lang.UnsupportedOperationException: El metodo no esta implementado
	at com.docencia.listas.ejercicio2.ListaVehiculos.anadir(ListaVehiculos.java:23)
	at com.docencia.listas.ejercicio2.ListaVehiculosTest.anadirOkTest(ListaVehiculosTest.java:34)
	at java.base/java.lang.reflect.Method.invoke(Method.java:569)
	at java.base/java.util.ArrayList.forEach(ArrayList.java:1511)
	at java.base/java.util.ArrayList.forEach(ArrayList.java:1511)
]]></error>
  </testcase>
  <testcase name="anadirInvalidTest" classname="com.docencia.listas.ejercicio2.ListaVehiculosTest" time="0.001">
    <failure message="Unexpected exception type thrown, expected: &lt;java.lang.IllegalArgumentException&gt; but was: &lt;java.lang.UnsupportedOperationException&gt;" type="org.opentest4j.AssertionFailedError"><![CDATA[org.opentest4j.AssertionFailedError: Unexpected exception type thrown, expected: <java.lang.IllegalArgumentException> but was: <java.lang.UnsupportedOperationException>
	at org.junit.jupiter.api.AssertionFailureBuilder.build(AssertionFailureBuilder.java:151)
	at org.junit.jupiter.api.AssertThrows.assertThrows(AssertThrows.java:67)
	at org.junit.jupiter.api.AssertThrows.assertThrows(AssertThrows.java:35)
	at org.junit.jupiter.api.Assertions.assertThrows(Assertions.java:3115)
	at com.docencia.listas.ejercicio2.ListaVehiculosTest.anadirInvalidTest(ListaVehiculosTest.java:48)
	at java.base/java.lang.reflect.Method.invoke(Method.java:569)
	at java.base/java.util.ArrayList.forEach(ArrayList.java:1511)
	at java.base/java.util.ArrayList.forEach(ArrayList.java:1511)
Caused by: java.lang.UnsupportedOperationException: El metodo no esta implementado
	at com.docencia.listas.ejercicio2.ListaVehiculos.anadir(ListaVehiculos.java:23)
	at com.docencia.listas.ejercicio2.ListaVehiculosTest.lambda$anadirInvalidTest$1(ListaVehiculosTest.java:48)
	at org.junit.jupiter.api.AssertThrows.assertThrows(AssertThrows.java:53)
	... 6 more
]]></failure>
  </testcase>
  <testcase name="eliminarPorIdOkTest" classname="com.docencia.listas.ejercicio2.ListaVehiculosTest" time="0.0">
    <error message="El metodo no esta implementado" type="java.lang.UnsupportedOperationException"><![CDATA[java.lang.UnsupportedOperationException: El metodo no esta implementado
	at com.docencia.listas.ejercicio2.ListaVehiculos.anadir(ListaVehiculos.java:23)
	at com.docencia.listas.ejercicio2.ListaVehiculosTest.eliminarPorIdOkTest(ListaVehiculosTest.java:83)
	at java.base/java.lang.reflect.Method.invoke(Method.java:569)
	at java.base/java.util.ArrayList.forEach(ArrayList.java:1511)
	at java.base/java.util.ArrayList.forEach(ArrayList.java:1511)
]]></error>
  </testcase>
  <testcase name="modificarNullElementoTest" classname="com.docencia.listas.ejercicio2.ListaVehiculosTest" time="0.0">
    <error message="El metodo no esta implementado" type="java.lang.UnsupportedOperationException"><![CDATA[java.lang.UnsupportedOperationException: El metodo no esta implementado
	at com.docencia.listas.ejercicio2.ListaVehiculos.anadir(ListaVehiculos.java:23)
	at com.docencia.listas.ejercicio2.ListaVehiculosTest.modificarNullElementoTest(ListaVehiculosTest.java:122)
	at java.base/java.lang.reflect.Method.invoke(Method.java:569)
	at java.base/java.util.ArrayList.forEach(ArrayList.java:1511)
	at java.base/java.util.ArrayList.forEach(ArrayList.java:1511)
]]></error>
  </testcase>
  <testcase name="eliminarPorIdNoExisteTest" classname="com.docencia.listas.ejercicio2.ListaVehiculosTest" time="0.001">
    <error message="El metodo no esta implementado" type="java.lang.UnsupportedOperationException"><![CDATA[java.lang.UnsupportedOperationException: El metodo no esta implementado
	at com.docencia.listas.ejercicio2.ListaVehiculos.eliminarPorId(ListaVehiculos.java:31)
	at com.docencia.listas.ejercicio2.ListaVehiculosTest.eliminarPorIdNoExisteTest(ListaVehiculosTest.java:97)
	at java.base/java.lang.reflect.Method.invoke(Method.java:569)
	at java.base/java.util.ArrayList.forEach(ArrayList.java:1511)
	at java.base/java.util.ArrayList.forEach(ArrayList.java:1511)
]]></error>
  </testcase>
  <testcase name="listarInmutableTest" classname="com.docencia.listas.ejercicio2.ListaVehiculosTest" time="0.001">
    <error message="El metodo no esta implementado" type="java.lang.UnsupportedOperationException"><![CDATA[java.lang.UnsupportedOperationException: El metodo no esta implementado
	at com.docencia.listas.ejercicio2.ListaVehiculos.anadir(ListaVehiculos.java:23)
	at com.docencia.listas.ejercicio2.ListaVehiculosTest.listarInmutableTest(ListaVehiculosTest.java:152)
	at java.base/java.lang.reflect.Method.invoke(Method.java:569)
	at java.base/java.util.ArrayList.forEach(ArrayList.java:1511)
	at java.base/java.util.ArrayList.forEach(ArrayList.java:1511)
]]></error>
  </testcase>
  <testcase name="modificarNoExisteTest" classname="com.docencia.listas.ejercicio2.ListaVehiculosTest" time="0.002">
    <failure message="Unexpected exception type thrown, expected: &lt;java.util.NoSuchElementException&gt; but was: &lt;java.lang.UnsupportedOperationException&gt;" type="org.opentest4j.AssertionFailedError"><![CDATA[org.opentest4j.AssertionFailedError: Unexpected exception type thrown, expected: <java.util.NoSuchElementException> but was: <java.lang.UnsupportedOperationException>
	at org.junit.jupiter.api.AssertionFailureBuilder.build(AssertionFailureBuilder.java:151)
	at org.junit.jupiter.api.AssertThrows.assertThrows(AssertThrows.java:67)
	at org.junit.jupiter.api.AssertThrows.assertThrows(AssertThrows.java:35)
	at org.junit.jupiter.api.Assertions.assertThrows(Assertions.java:3115)
	at com.docencia.listas.ejercicio2.ListaVehiculosTest.modificarNoExisteTest(ListaVehiculosTest.java:146)
	at java.base/java.lang.reflect.Method.invoke(Method.java:569)
	at java.base/java.util.ArrayList.forEach(ArrayList.java:1511)
	at java.base/java.util.ArrayList.forEach(ArrayList.java:1511)
Caused by: java.lang.UnsupportedOperationException: El metodo no esta implementado
	at com.docencia.listas.ejercicio2.ListaVehiculos.modificar(ListaVehiculos.java:35)
	at com.docencia.listas.ejercicio2.ListaVehiculosTest.lambda$modificarNoExisteTest$9(ListaVehiculosTest.java:146)
	at org.junit.jupiter.api.AssertThrows.assertThrows(AssertThrows.java:53)
	... 6 more
]]></failure>
  </testcase>
</testsuite>