<?xml version="1.0" encoding="UTF-8"?>
<testsuite xmlns:xsi="http://www.w3.org/2001/XMLSchema-instance" xsi:noNamespaceSchemaLocation="https://maven.apache.org/surefire/maven-surefire-plugin/xsd/surefire-test-report-3.0.xsd" version="3.0" name="com.docencia.listas.ejercicio5.ListaFigurasTest" time="0.039" tests="18" errors="12" skipped="0" failures="5">
  <properties>
[...]
</properties>
  <testcase name="modificarNullIdTest" classname="com.docencia.listas.ejercicio5.ListaFigurasTest" time="0.005">
    <error message="El metodo no esta implementado" type="java.lang.UnsupportedOperationException"><![CDATA[java.lang.UnsupportedOperationException: El metodo no esta implementado
	at com.docencia.listas.ejercicio5.ListaFiguras.anadir(ListaFiguras.java:23)
	at com.docencia.listas.ejercicio5.ListaFigurasTest.modificarNullIdTest(ListaFigurasTest.java:114)
	at java.base/java.lang.reflect.Method.invoke(Method.java:565)
	at java.base/java.util.ArrayList.forEach(ArrayList.java:1604)
	at java.base/java.util.ArrayList.forEach(ArrayList.java:1604)
]]></error>
  </testcase>
  <testcase name="buscarPorIdNoExisteTest" classname="com.docencia.listas.ejercicio5.ListaFigurasTest" time="0.001">
    <error message="El metodo no esta implementado" type="java.lang.UnsupportedOperationException"><![CDATA[java.lang.UnsupportedOperationException: El metodo no esta implementado
	at com.docencia.listas.ejercicio5.ListaFiguras.buscarPorId(ListaFiguras.java:27)
	at com.docencia.listas.ejercicio5.ListaFigurasTest.buscarPorIdNoExisteTest(ListaFigurasTest.java:76)
	at java.base/java.lang.reflect.Method.invoke(Method.java:565)
	at java.base/java.util.ArrayList.forEach(ArrayList.java:1604)
	at java.base/java.util.ArrayList.forEach(ArrayList.java:1604)
]]></error>
  </testcase>
  <testcase name="eliminarPorIdNullTest" classname="com.docencia.listas.ejercicio5.ListaFigurasTest" time="0.004">
    <failure message="Unexpected exception type thrown, expected: &lt;java.lang.IllegalArgumentException&gt; but was: &lt;java.lang.UnsupportedOperationException&gt;" type="org.opentest4j.AssertionFailedError"><![CDATA[org.opentest4j.AssertionFailedError: Unexpected exception type thrown, expected: <java.lang.IllegalArgumentException> but was: <java.lang.UnsupportedOperationException>
	at org.junit.jupiter.api.AssertionFailureBuilder.build(AssertionFailureBuilder.java:151)
	at org.junit.jupiter.api.AssertThrows.assertThrows(AssertThrows.java:67)
	at org.junit.jupiter.api.AssertThrows.assertThrows(AssertThrows.java:35)
	at org.junit.jupiter.api.Assertions.assertThrows(Assertions.java:3115)
	at com.docencia.listas.ejercicio5.ListaFigurasTest.eliminarPorIdNullTest(ListaFigurasTest.java:91)
	at java.base/java.lang.reflect.Method.invoke(Method.java:565)
	at java.base/java.util.ArrayList.forEach(ArrayList.java:1604)
	at java.base/java.util.ArrayList.forEach(ArrayList.java:1604)
Caused by: java.lang.UnsupportedOperationException: El metodo no esta implementado
	at com.docencia.listas.ejercicio5.ListaFiguras.eliminarPorId(ListaFiguras.java:31)
	at com.docencia.listas.ejercicio5.ListaFigurasTest.lambda$eliminarPorIdNullTest$0(ListaFigurasTest.java:91)
	at org.junit.jupiter.api.AssertThrows.assertThrows(AssertThrows.java:53)
	... 6 more
]]></failure>
  </testcase>
  <testcase name="modificarInvalidTest" classname="com.docencia.listas.ejercicio5.ListaFigurasTest" time="0.001">
    <error message="El metodo no esta implementado" type="java.lang.UnsupportedOperationException"><![CDATA[java.lang.UnsupportedOperationException: El metodo no esta implementado
	at com.docencia.listas.ejercicio5.ListaFiguras.anadir(ListaFiguras.java:23)
	at com.docencia.listas.ejercicio5.ListaFigurasTest.modificarInvalidTest(ListaFigurasTest.java:130)
	at java.base/java.lang.reflect.Method.invoke(Method.java:565)
	at java.base/java.util.ArrayList.forEach(ArrayList.java:1604)
	at java.base/java.util.ArrayList.forEach(ArrayList.java:1604)
]]></error>
  </testcase>
  <testcase name="buscarPorIdOkTest" classname="com.docencia.listas.ejercicio5.ListaFigurasTest" time="0.001">
    <error message="El metodo no esta implementado" type="java.lang.UnsupportedOperationException"><![CDATA[java.lang.UnsupportedOperationException: El metodo no esta implementado
	at com.docencia.listas.ejercicio5.ListaFiguras.anadir(ListaFiguras.java:23)
	at com.docencia.listas.ejercicio5.ListaFigurasTest.buscarPorIdOkTest(ListaFigurasTest.java:63)
	at java.base/java.lang.reflect.Method.invoke(Method.java:565)
	at java.base/java.util.ArrayList.forEach(ArrayList.java:1604)
	at java.base/java.util.ArrayList.forEach(ArrayList.java:1604)
]]></error>
  </testcase>
  <testcase name="modificarIdDistintoTest" classname="com.docencia.listas.ejercicio5.ListaFigurasTest" time="0.0">
    <error message="El metodo no esta implementado" type="java.lang.UnsupportedOperationException"><![CDATA[java.lang.UnsupportedOperationException: El metodo no esta implementado
	at com.docencia.listas.ejercicio5.ListaFiguras.anadir(ListaFiguras.java:23)
	at com.docencia.listas.ejercicio5.ListaFigurasTest.modificarIdDistintoTest(ListaFigurasTest.java:138)
	at java.base/java.lang.reflect.Method.invoke(Method.java:565)
	at java.base/java.util.ArrayList.forEach(ArrayList.java:1604)
	at java.base/java.util.ArrayList.forEach(ArrayList.java:1604)
]]></error>
  </testcase>
  <testcase name="modificarOkTest" classname="com.docencia.listas.ejercicio5.ListaFigurasTest" time="0.0">
    <error message="El metodo no esta implementado" type="java.lang.UnsupportedOperationException"><![CDATA[java.lang.UnsupportedOperationException: El metodo no esta implementado
	at com.docencia.listas.ejercicio5.ListaFiguras.anadir(ListaFiguras.java:23)
	at com.docencia.listas.ejercicio5.ListaFigurasTest.modificarOkTest(ListaFigurasTest.java:104)
	at java.base/java.lang.reflect.Method.invoke(Method.java:565)
	at java.base/java.util.ArrayList.forEach(ArrayList.java:1604)
	at java.base/java.util.ArrayList.forEach(ArrayList.java:1604)
]]></error>
  </testcase>
  <testcase name="claseDocumentadaTest" classname="com.docencia.listas.ejercicio5.ListaFigurasTest" time="0.003"/>
  <testcase name="anadirNullTest" classname="com.docencia.listas.ejercicio5.ListaFigurasTest" time="0.001">
    <failure message="Unexpected exception type thrown, expected: &lt;java.lang.IllegalArgumentException&gt; but was: &lt;java.lang.UnsupportedOperationException&gt;" type="org.opentest4j.AssertionFailedError"><![CDATA[org.opentest4j.AssertionFailedError: Unexpected exception type thrown, expected: <java.lang.IllegalArgumentException> but was: <java.lang.UnsupportedOperationException>
	at org.junit.jupiter.api.AssertionFailureBuilder.build(AssertionFailureBuilder.java:151)
	at org.junit.jupiter.api.AssertThrows.assertThrows(AssertThrows.java:67)
	at org.junit.jupiter.api.AssertThrows.assertThrows(AssertThrows.java:35)
	at org.junit.jupiter.api.Assertions.assertThrows(Assertions.java:3115)
	at com.docencia.listas.ejercicio5.ListaFigurasTest.anadirNullTest(ListaFigurasTest.java:42)
	at java.base/java.lang.reflect.Method.invoke(Method.java:565)
	at java.base/java.util.ArrayList.forEach(ArrayList.java:1604)
	at java.base/java.util.ArrayList.forEach(ArrayList.java:1604)
Caused by: java.lang.UnsupportedOperationException: El metodo no esta implementado
	at com.docencia.listas.ejercicio5.ListaFiguras.anadir(ListaFiguras.java:23)
	at com.docencia.listas.ejercicio5.ListaFigurasTest.lambda$anadirNullTest$0(ListaFigurasTest.java:42)
	at org.junit.jupiter.api.AssertThrows.assertThrows(AssertThrows.java:53)
	... 6 more
]]></failure>
  </testcase>
  <testcase name="anadirDuplicadoIdTest" classname="com.docencia.listas.ejercicio5.ListaFigurasTest" time="0.001">
    <error message="El metodo no esta implementado" type="java.lang.UnsupportedOperationException"><![CDATA[java.lang.UnsupportedOperationException: El metodo no esta implementado
	at com.docencia.listas.ejercicio5.ListaFiguras.anadir(ListaFiguras.java:23)
	at com.docencia.listas.ejercicio5.ListaFigurasTest.anadirDuplicadoIdTest(ListaFigurasTest.java:55)
	at java.base/java.lang.reflect.Method.invoke(Method.java:565)
	at java.base/java.util.ArrayList.forEach(ArrayList.java:1604)
	at java.base/java.util.ArrayList.forEach(ArrayList.java:1604)
]]></error>
  </testcase>
  <testcase name="buscarPorIdNullTest" classname="com.docencia.listas.ejercicio5.ListaFigurasTest" time="0.002">
    <failure message="Unexpected exception type thrown, expected: &lt;java.lang.IllegalArgumentException&gt; but was: &lt;java.lang.UnsupportedOperationException&gt;" type="org.opentest4j.AssertionFailedError"><![CDATA[org.opentest4j.AssertionFailedError: Unexpected exception type thrown, expected: <java.lang.IllegalArgumentException> but was: <java.lang.UnsupportedOperationException>
	at org.junit.jupiter.api.AssertionFailureBuilder.build(AssertionFailureBuilder.java:151)
	at org.junit.jupiter.api.AssertThrows.assertThrows(AssertThrows.java:67)
	at org.junit.jupiter.api.AssertThrows.assertThrows(AssertThrows.java:35)
	at org.junit.jupiter.api.Assertions.assertThrows(Assertions.java:3115)
	at com.docencia.listas.ejercicio5.ListaFigurasTest.buscarPorIdNullTest(ListaFigurasTest.java:70)
	at java.base/java.lang.reflect.Method.invoke(Method.java:565)
	at java.base/java.util.ArrayList.forEach(ArrayList.java:1604)
	at java.base/java.util.ArrayList.forEach(ArrayList.java:1604)
Caused by: java.lang.UnsupportedOperationException: El metodo no esta implementado
	at com.docencia.listas.ejercicio5.ListaFiguras.buscarPorId(ListaFiguras.java:27)
	at com.docencia.listas.ejercicio5.ListaFigurasTest.lambda$buscarPorIdNullTest$0(ListaFigurasTest.java:70)
	at org.junit.jupiter.api.AssertThrows.assertThrows(AssertThrows.java:53)
	... 6 more
]]></failure>
  </testcase>
  <testcase name="anadirOkTest" classname="com.docencia.listas.ejercicio5.ListaFigurasTest" time="0.001">
    <error message="El metodo no esta implementado" type="java.lang.UnsupportedOperationException"><![CDATA[java.lang.UnsupportedOperationException: El metodo no esta implementado
	at com.docencia.listas.ejercicio5.ListaFiguras.anadir(ListaFiguras.java:23)
	at com.docencia.listas.ejercicio5.ListaFigurasTest.anadirOkTest(ListaFigurasTest.java:34)
	at java.base/java.lang.reflect.Method.invoke(Method.java:565)
	at java.base/java.util.ArrayList.forEach(ArrayList.java:1604)
	at java.base/java.util.ArrayList.forEach(ArrayList.java:1604)
]]></error>
  </testcase>
  <testcase name="anadirInvalidTest" classname="com.docencia.listas.ejercicio5.ListaFigurasTest" time="0.001">
    <failure message="Unexpected exception type thrown, expected: &lt;java.lang.IllegalArgumentException&gt; but was: &lt;java.lang.UnsupportedOperationException&gt;" type="org.opentest4j.AssertionFailedError"><![CDATA[org.opentest4j.AssertionFailedError: Unexpected exception type thrown, expected: <java.lang.IllegalArgumentException> but was: <java.lang.UnsupportedOperationException>
	at org.junit.jupiter.api.AssertionFailureBuilder.build(AssertionFailureBuilder.java:151)
	at org.junit.jupiter.api.AssertThrows.assertThrows(AssertThrows.java:67)
	at org.junit.jupiter.api.AssertThrows.assertThrows(AssertThrows.java:35)
	at org.junit.jupiter.api.Assertions.assertThrows(Assertions.java:3115)
	at com.docencia.listas.ejercicio5.ListaFigurasTest.anadirInvalidTest(ListaFigurasTest.java:48)
	at java.base/java.lang.reflect.Method.invoke(Method.java:565)
	at java.base/java.util.ArrayList.forEach(ArrayList.java:1604)
	at java.base/java.util.ArrayList.forEach(ArrayList.java:1604)
Caused by: java.lang.UnsupportedOperationException: El metodo no esta implementado
	at com.docencia.listas.ejercicio5.ListaFiguras.anadir(ListaFiguras.java:23)
	at com.docencia.listas.ejercicio5.ListaFigurasTest.lambda$anadirInvalidTest$0(ListaFigurasTest.java:48)
	at org.junit.jupiter.api.AssertThrows.assertThrows(AssertThrows.java:53)
	... 6 more
]]></failure>
  </testcase>
  <testcase name="eliminarPorIdOkTest" classname="com.docencia.listas.ejercicio5.ListaFigurasTest" time="0.0">
    <error message="El metodo no esta implementado" type="java.lang.UnsupportedOperationException"><![CDATA[java.lang.UnsupportedOperationException: El metodo no esta implementado
	at com.docencia.listas.ejercicio5.ListaFiguras.anadir(ListaFiguras.java:23)
	at com.docencia.listas.ejercicio5.ListaFigurasTest.eliminarPorIdOkTest(ListaFigurasTest.java:83)
	at java.base/java.lang.reflect.Method.invoke(Method.java:565)
	at java.base/java.util.ArrayList.forEach(ArrayList.java:1604)
	at java.base/java.util.ArrayList.forEach(ArrayList.java:1604)
]]></error>
  </testcase>
  <testcase name="modificarNullElementoTest" classname="com.docencia.listas.ejercicio5.ListaFigurasTest" time="0.002">
    <error message="El metodo no esta implementado" type="java.lang.UnsupportedOperationException"><![CDATA[java.lang.UnsupportedOperationException: El metodo no esta implementado
	at com.docencia.listas.ejercicio5.ListaFiguras.anadir(ListaFiguras.java:23)
	at com.docencia.listas.ejercicio5.ListaFigurasTest.modificarNullElementoTest(ListaFigurasTest.java:122)
	at java.base/java.lang.reflect.Method.invoke(Method.java:565)
	at java.base/java.util.ArrayList.forEach(ArrayList.java:1604)
	at java.base/java.util.ArrayList.forEach(ArrayList.java:1604)
]]></error>
  </testcase>
  <testcase name="eliminarPorIdNoExisteTest" classname="com.docencia.listas.ejercicio5.ListaFigurasTest" time="0.001">
    <error message="El metodo no esta implementado" type="java.lang.UnsupportedOperationException"><![CDATA[java.lang.UnsupportedOperationException: El metodo no esta implementado
	at com.docencia.listas.ejercicio5.ListaFiguras.eliminarPorId(ListaFiguras.java:31)
	at com.docencia.listas.ejercicio5.ListaFigurasTest.eliminarPorIdNoExisteTest(ListaFigurasTest.java:97)
	at java.base/java.lang.reflect.Method.invoke(Method.java:565)
	at java.base/java.util.ArrayList.forEach(ArrayList.java:1604)
	at java.base/java.util.ArrayList.forEach(ArrayList.java:1604)
]]></error>
  </testcase>
  <testcase name="listarInmutableTest" classname="com.docencia.listas.ejercicio5.ListaFigurasTest" time="0.001">
    <error message="El metodo no esta implementado" type="java.lang.UnsupportedOperationException"><![CDATA[java.lang.UnsupportedOperationException: El metodo no esta implementado
	at com.docencia.listas.ejercicio5.ListaFiguras.anadir(ListaFiguras.java:23)
	at com.docencia.listas.ejercicio5.ListaFigurasTest.listarInmutableTest(ListaFigurasTest.java:152)
	at java.base/java.lang.reflect.Method.invoke(Method.java:565)
	at java.base/java.util.ArrayList.forEach(ArrayList.java:1604)
	at java.base/java.util.ArrayList.forEach(ArrayList.java:1604)
]]></error>
  </testcase>
  <testcase name="modificarNoExisteTest" classname="com.docencia.listas.ejercicio5.ListaFigurasTest" time="0.002">
    <failure message="Unexpected exception type thrown, expected: &lt;java.util.NoSuchElementException&gt; but was: &lt;java.lang.UnsupportedOperationException&gt;" type="org.opentest4j.AssertionFailedError"><![CDATA[org.opentest4j.AssertionFailedError: Unexpected exception type thrown, expected: <java.util.NoSuchElementException> but was: <java.lang.UnsupportedOperationException>
	at org.junit.jupiter.api.AssertionFailureBuilder.build(AssertionFailureBuilder.java:151)
	at org.junit.jupiter.api.AssertThrows.assertThrows(AssertThrows.java:67)
	at org.junit.jupiter.api.AssertThrows.assertThrows(AssertThrows.java:35)
	at org.junit.jupiter.api.Assertions.assertThrows(Assertions.java:3115)
	at com.docencia.listas.ejercicio5.ListaFigurasTest.modificarNoExisteTest(ListaFigurasTest.java:146)
	at java.base/java.lang.reflect.Method.invoke(Method.java:565)
	at java.base/java.util.ArrayList.forEach(ArrayList.java:1604)
	at java.base/java.util.ArrayList.forEach(ArrayList.java:1604)
Caused by: java.lang.UnsupportedOperationException: El metodo no esta implementado
	at com.docencia.listas.ejercicio5.ListaFiguras.modificar(ListaFiguras.java:35)
	at com.docencia.listas.ejercicio5.ListaFigurasTest.lambda$modificarNoExisteTest$0(ListaFigurasTest.java:146)
	at org.junit.jupiter.api.AssertThrows.assertThrows(AssertThrows.java:53)
	... 6 more
]]></failure>
  </testcase>
</testsuite>