<?xml version="1.0" encoding="UTF-8"?>
<testsuite xmlns:xsi="http://www.w3.org/2001/XMLSchema-instance" xsi:noNamespaceSchemaLocation="https://maven.apache.org/surefire/maven-surefire-plugin/xsd/surefire-test-report-3.0.xsd" version="3.0" name="com.docencia.interfaces.ejercicio4.CancionTest" time="0.013" tests="8" errors="7" skipped="0" failures="0">
  <properties>
[...]
</properties>
  <testcase name="idsDiferentesParaInstanciasDistintas" classname="com.docencia.interfaces.ejercicio4.CancionTest" time="0.003">
    <error message="El metodo no esta implementado" type="java.lang.UnsupportedOperationException"><![CDATA[java.lang.UnsupportedOperationException: El metodo no esta implementado
	at com.docencia.interfaces.ejercicio4.Cancion.<init>(Cancion.java:15)
	at com.docencia.interfaces.ejercicio4.CancionTest.idsDiferentesParaInstanciasDistintas(CancionTest.java:31)
	at java.base/java.lang.reflect.Method.invoke(Method.java:569)
	at java.base/java.util.ArrayList.forEach(ArrayList.java:1511)
	at java.base/java.util.ArrayList.forEach(ArrayList.java:1511)
]]></error>
  </testcase>
  <testcase name="toStringContieneClaseEId" classname="com.docencia.interfaces.ejercicio4.CancionTest" time="0.0">
    <error message="El metodo no esta implementado" type="java.lang.UnsupportedOperationException"><![CDATA[java.lang.UnsupportedOperationException: El metodo no esta implementado
	at com.docencia.interfaces.ejercicio4.Cancion.<init>(Cancion.java:15)
	at com.docencia.interfaces.ejercicio4.CancionTest.toStringContieneClaseEId(CancionTest.java:55)
	at java.base/java.lang.reflect.Method.invoke(Method.java:569)
	at java.base/java.util.ArrayList.forEach(ArrayList.java:1511)
	at java.base/java.util.ArrayList.forEach(ArrayList.java:1511)
]]></error>
  </testcase>
  <testcase name="equalsIdDistintoEsFalse" classname="com.docencia.interfaces.ejercicio4.CancionTest" time="0.001">
    <error message="El metodo no esta implementado" type="java.lang.UnsupportedOperationException"><![CDATA[java.lang.UnsupportedOperationException: El metodo no esta implementado
	at com.docencia.interfaces.ejercicio4.Cancion.<init>(Cancion.java:15)
	at com.docencia.interfaces.ejercicio4.CancionTest.equalsIdDistintoEsFalse(CancionTest.java:47)
	at java.base/java.lang.reflect.Method.invoke(Method.java:569)
	at java.base/java.util.ArrayList.forEach(ArrayList.java:1511)
	at java.base/java.util.ArrayList.forEach(ArrayList.java:1511)
]]></error>
  </testcase>
  <testcase name="constructorAsignaCampos" classname="com.docencia.interfaces.ejercicio4.CancionTest" time="0.0">
    <error message="El metodo no esta implementado" type="java.lang.UnsupportedOperationException"><![CDATA[java.lang.UnsupportedOperationException: El metodo no esta implementado
	at com.docencia.interfaces.ejercicio4.Cancion.<init>(Cancion.java:15)
	at com.docencia.interfaces.ejercicio4.CancionTest.constructorAsignaCampos(CancionTest.java:17)
	at java.base/java.lang.reflect.Method.invoke(Method.java:569)
	at java.base/java.util.ArrayList.forEach(ArrayList.java:1511)
	at java.base/java.util.ArrayList.forEach(ArrayList.java:1511)
]]></error>
  </testcase>
  <testcase name="documentacionPresenteEnClase" classname="com.docencia.interfaces.ejercicio4.CancionTest" time="0.0"/>
  <testcase name="idSeAutogeneraSiEsNull" classname="com.docencia.interfaces.ejercicio4.CancionTest" time="0.001">
    <error message="El metodo no esta implementado" type="java.lang.UnsupportedOperationException"><![CDATA[java.lang.UnsupportedOperationException: El metodo no esta implementado
	at com.docencia.interfaces.ejercicio4.Cancion.<init>(Cancion.java:15)
	at com.docencia.interfaces.ejercicio4.CancionTest.idSeAutogeneraSiEsNull(CancionTest.java:25)
	at java.base/java.lang.reflect.Method.invoke(Method.java:569)
	at java.base/java.util.ArrayList.forEach(ArrayList.java:1511)
	at java.base/java.util.ArrayList.forEach(ArrayList.java:1511)
]]></error>
  </testcase>
  <testcase name="implementaInterfazYEjecutaMetodo" classname="com.docencia.interfaces.ejercicio4.CancionTest" time="0.001">
    <error message="El metodo no esta implementado" type="java.lang.UnsupportedOperationException"><![CDATA[java.lang.UnsupportedOperationException: El metodo no esta implementado
	at com.docencia.interfaces.ejercicio4.Cancion.<init>(Cancion.java:15)
	at com.docencia.interfaces.ejercicio4.CancionTest.implementaInterfazYEjecutaMetodo(CancionTest.java:63)
	at java.base/java.lang.reflect.Method.invoke(Method.java:569)
	at java.base/java.util.ArrayList.forEach(ArrayList.java:1511)
	at java.base/java.util.ArrayList.forEach(ArrayList.java:1511)
]]></error>
  </testcase>
  <testcase name="equalsMismoIdEsTrue" classname="com.docencia.interfaces.ejercicio4.CancionTest" time="0.002">
    <error message="El metodo no esta implementado" type="java.lang.UnsupportedOperationException"><![CDATA[java.lang.UnsupportedOperationException: El metodo no esta implementado
	at com.docencia.interfaces.ejercicio4.Cancion.<init>(Cancion.java:15)
	at com.docencia.interfaces.ejercicio4.CancionTest.equalsMismoIdEsTrue(CancionTest.java:39)
	at java.base/java.lang.reflect.Method.invoke(Method.java:569)
	at java.base/java.util.ArrayList.forEach(ArrayList.java:1511)
	at java.base/java.util.ArrayList.forEach(ArrayList.java:1511)
]]></error>
  </testcase>
</testsuite>