<?xml version="1.0" encoding="UTF-8"?>
<testsuite xmlns:xsi="http://www.w3.org/2001/XMLSchema-instance" xsi:noNamespaceSchemaLocation="https://maven.apache.org/surefire/maven-surefire-plugin/xsd/surefire-test-report-3.0.xsd" version="3.0" name="com.docencia.listas.ejercicio3.ListaEmpleadosTest" time="0.06" tests="18" errors="12" skipped="0" failures="5">
  <properties>
    <property name="java.specification.version" value="17"/>
    <property name="sun.jnu.encoding" value="UTF-8"/>
    <property name="java.class.path" value="/home/dam/Escritorio/Programacion/2doTrimestre/Actividad11/target/test-classes:/home/dam/Escritorio/Programacion/2doTrimestre/Actividad11/target/classes:/home/dam/.m2/repository/org/junit/jupiter/junit-jupiter/5.10.2/junit-jupiter-5.10.2.jar:/home/dam/.m2/repository/org/junit/jupiter/junit-jupiter-api/5.10.2/junit-jupiter-api-5.10.2.jar:/home/dam/.m2/repository/org/opentest4j/opentest4j/1.3.0/opentest4j-1.3.0.jar:/home/dam/.m2/repository/org/junit/platform/junit-platform-commons/1.10.2/junit-platform-commons-1.10.2.jar:/home/dam/.m2/repository/org/apiguardian/apiguardian-api/1.1.2/apiguardian-api-1.1.2.jar:/home/dam/.m2/repository/org/junit/jupiter/junit-jupiter-params/5.10.2/junit-jupiter-params-5.10.2.jar:/home/dam/.m2/repository/org/junit/jupiter/junit-jupiter-engine/5.10.2/junit-jupiter-engine-5.10.2.jar:/home/dam/.m2/repository/org/junit/platform/junit-platform-engine/1.10.2/junit-platform-engine-1.10.2.jar:"/>
    <property name="java.vm.vendor" value="Ubuntu"/>
    <property name="sun.arch.data.model" value="64"/>
    <property name="java.vendor.url" value="https://ubuntu.com/"/>
    <property name="os.name" value="Linux"/>
    <property name="java.vm.specification.version" value="17"/>
    <property name="sun.java.launcher" value="SUN_STANDARD"/>
    <property name="user.country" value="ES"/>
    <property name="sun.boot.library.path" value="/usr/lib/jvm/java-17-openjdk-amd64/lib"/>
    <property name="sun.java.command" value="/home/dam/Escritorio/Programacion/2doTrimestre/Actividad11/target/surefire/surefirebooter-20260119150807458_3.jar /home/dam/Escritorio/Programacion/2doTrimestre/Actividad11/target/surefire 2026-01-19T15-08-07_369-jvmRun1 surefire-20260119150807458_1tmp surefire_0-20260119150807458_2tmp"/>
    <property name="jdk.debug" value="release"/>
    <property name="surefire.test.class.path" value="/home/dam/Escritorio/Programacion/2doTrimestre/Actividad11/target/test-classes:/home/dam/Escritorio/Programacion/2doTrimestre/Actividad11/target/classes:/home/dam/.m2/repository/org/junit/jupiter/junit-jupiter/5.10.2/junit-jupiter-5.10.2.jar:/home/dam/.m2/repository/org/junit/jupiter/junit-jupiter-api/5.10.2/junit-jupiter-api-5.10.2.jar:/home/dam/.m2/repository/org/opentest4j/opentest4j/1.3.0/opentest4j-1.3.0.jar:/home/dam/.m2/repository/org/junit/platform/junit-platform-commons/1.10.2/junit-platform-commons-1.10.2.jar:/home/dam/.m2/repository/org/apiguardian/apiguardian-api/1.1.2/apiguardian-api-1.1.2.jar:/home/dam/.m2/repository/org/junit/jupiter/junit-jupiter-params/5.10.2/junit-jupiter-params-5.10.2.jar:/home/dam/.m2/repository/org/junit/jupiter/junit-jupiter-engine/5.10.2/junit-jupiter-engine-5.10.2.jar:/home/dam/.m2/repository/org/junit/platform/junit-platform-engine/1.10.2/junit-platform-engine-1.10.2.jar:"/>
    <property name="sun.cpu.endian" value="little"/>
    <property name="user.home" value="/home/dam"/>
    <property name="user.language" value="es"/>
    <property name="java.specification.vendor" value="Oracle Corporation"/>
    <property name="java.version.date" value="2025-04-15"/>
    <property name="java.home" value="/usr/lib/jvm/java-17-openjdk-amd64"/>
    <property name="file.separator" value="/"/>
    <property name="basedir" value="/home/dam/Escritorio/Programacion/2doTrimestre/Actividad11"/>
    <property name="java.vm.compressedOopsMode" value="Zero based"/>
    <property name="line.separator" value="&#10;"/>
    <property name="java.specification.name" value="Java Platform API Specification"/>
    <property name="java.vm.specification.vendor" value="Oracle Corporation"/>
    <property name="surefire.real.class.path" value="/home/dam/Escritorio/Programacion/2doTrimestre/Actividad11/target/surefire/surefirebooter-20260119150807458_3.jar"/>
    <property name="sun.management.compiler" value="HotSpot 64-Bit Tiered Compilers"/>
    <property name="java.runtime.version" value="17.0.15+6-Ubuntu-0ubuntu124.04"/>
    <property name="user.name" value="dam"/>
    <property name="path.separator" value=":"/>
    <property name="os.version" value="6.8.0-60-generic"/>
    <property name="java.runtime.name" value="OpenJDK Runtime Environment"/>
    <property name="file.encoding" value="UTF-8"/>
    <property name="java.vm.name" value="OpenJDK 64-Bit Server VM"/>
    <property name="localRepository" value="/home/dam/.m2/repository"/>
    <property name="java.vendor.url.bug" value="https://bugs.launchpad.net/ubuntu/+source/openjdk-17"/>
    <property name="java.io.tmpdir" value="/tmp"/>
    <property name="java.version" value="17.0.15"/>
    <property name="user.dir" value="/home/dam/Escritorio/Programacion/2doTrimestre/Actividad11"/>
    <property name="os.arch" value="amd64"/>
    <property name="java.vm.specification.name" value="Java Virtual Machine Specification"/>
    <property name="native.encoding" value="UTF-8"/>
    <property name="java.library.path" value="/usr/java/packages/lib:/usr/lib/x86_64-linux-gnu/jni:/lib/x86_64-linux-gnu:/usr/lib/x86_64-linux-gnu:/usr/lib/jni:/lib:/usr/lib"/>
    <property name="java.vm.info" value="mixed mode, sharing"/>
    <property name="java.vendor" value="Ubuntu"/>
    <property name="java.vm.version" value="17.0.15+6-Ubuntu-0ubuntu124.04"/>
    <property name="java.specification.maintenance.version" value="1"/>
    <property name="sun.io.unicode.encoding" value="UnicodeLittle"/>
    <property name="java.class.version" value="61.0"/>
  </properties>
  <testcase name="modificarNullIdTest" classname="com.docencia.listas.ejercicio3.ListaEmpleadosTest" time="0.0">
    <error message="El metodo no esta implementado" type="java.lang.UnsupportedOperationException"><![CDATA[java.lang.UnsupportedOperationException: El metodo no esta implementado
	at com.docencia.herencia.ejercicio3.Desarrollador.<init>(Desarrollador.java:11)
	at com.docencia.listas.ejercicio3.ListaEmpleadosTest.nuevoA(ListaEmpleadosTest.java:19)
	at com.docencia.listas.ejercicio3.ListaEmpleadosTest.modificarNullIdTest(ListaEmpleadosTest.java:114)
	at java.base/java.lang.reflect.Method.invoke(Method.java:569)
	at java.base/java.util.ArrayList.forEach(ArrayList.java:1511)
	at java.base/java.util.ArrayList.forEach(ArrayList.java:1511)
]]></error>
  </testcase>
  <testcase name="buscarPorIdNoExisteTest" classname="com.docencia.listas.ejercicio3.ListaEmpleadosTest" time="0.0">
    <error message="El metodo no esta implementado" type="java.lang.UnsupportedOperationException"><![CDATA[java.lang.UnsupportedOperationException: El metodo no esta implementado
	at com.docencia.listas.ejercicio3.ListaEmpleados.buscarPorId(ListaEmpleados.java:28)
	at com.docencia.listas.ejercicio3.ListaEmpleadosTest.buscarPorIdNoExisteTest(ListaEmpleadosTest.java:76)
	at java.base/java.lang.reflect.Method.invoke(Method.java:569)
	at java.base/java.util.ArrayList.forEach(ArrayList.java:1511)
	at java.base/java.util.ArrayList.forEach(ArrayList.java:1511)
]]></error>
  </testcase>
  <testcase name="eliminarPorIdNullTest" classname="com.docencia.listas.ejercicio3.ListaEmpleadosTest" time="0.005">
    <failure message="Unexpected exception type thrown, expected: &lt;java.lang.IllegalArgumentException&gt; but was: &lt;java.lang.UnsupportedOperationException&gt;" type="org.opentest4j.AssertionFailedError"><![CDATA[org.opentest4j.AssertionFailedError: Unexpected exception type thrown, expected: <java.lang.IllegalArgumentException> but was: <java.lang.UnsupportedOperationException>
	at org.junit.jupiter.api.AssertionFailureBuilder.build(AssertionFailureBuilder.java:151)
	at org.junit.jupiter.api.AssertThrows.assertThrows(AssertThrows.java:67)
	at org.junit.jupiter.api.AssertThrows.assertThrows(AssertThrows.java:35)
	at org.junit.jupiter.api.Assertions.assertThrows(Assertions.java:3115)
	at com.docencia.listas.ejercicio3.ListaEmpleadosTest.eliminarPorIdNullTest(ListaEmpleadosTest.java:91)
	at java.base/java.lang.reflect.Method.invoke(Method.java:569)
	at java.base/java.util.ArrayList.forEach(ArrayList.java:1511)
	at java.base/java.util.ArrayList.forEach(ArrayList.java:1511)
Caused by: java.lang.UnsupportedOperationException: El metodo no esta implementado
	at com.docencia.listas.ejercicio3.ListaEmpleados.eliminarPorId(ListaEmpleados.java:32)
	at com.docencia.listas.ejercicio3.ListaEmpleadosTest.lambda$eliminarPorIdNullTest$4(ListaEmpleadosTest.java:91)
	at org.junit.jupiter.api.AssertThrows.assertThrows(AssertThrows.java:53)
	... 6 more
]]></failure>
  </testcase>
  <testcase name="modificarInvalidTest" classname="com.docencia.listas.ejercicio3.ListaEmpleadosTest" time="0.011">
    <error message="El metodo no esta implementado" type="java.lang.UnsupportedOperationException"><![CDATA[java.lang.UnsupportedOperationException: El metodo no esta implementado
	at com.docencia.herencia.ejercicio3.Desarrollador.<init>(Desarrollador.java:11)
	at com.docencia.listas.ejercicio3.ListaEmpleadosTest.nuevoA(ListaEmpleadosTest.java:19)
	at com.docencia.listas.ejercicio3.ListaEmpleadosTest.modificarInvalidTest(ListaEmpleadosTest.java:130)
	at java.base/java.lang.reflect.Method.invoke(Method.java:569)
	at java.base/java.util.ArrayList.forEach(ArrayList.java:1511)
	at java.base/java.util.ArrayList.forEach(ArrayList.java:1511)
]]></error>
  </testcase>
  <testcase name="buscarPorIdOkTest" classname="com.docencia.listas.ejercicio3.ListaEmpleadosTest" time="0.001">
    <error message="El metodo no esta implementado" type="java.lang.UnsupportedOperationException"><![CDATA[java.lang.UnsupportedOperationException: El metodo no esta implementado
	at com.docencia.herencia.ejercicio3.Desarrollador.<init>(Desarrollador.java:11)
	at com.docencia.listas.ejercicio3.ListaEmpleadosTest.nuevoA(ListaEmpleadosTest.java:19)
	at com.docencia.listas.ejercicio3.ListaEmpleadosTest.buscarPorIdOkTest(ListaEmpleadosTest.java:63)
	at java.base/java.lang.reflect.Method.invoke(Method.java:569)
	at java.base/java.util.ArrayList.forEach(ArrayList.java:1511)
	at java.base/java.util.ArrayList.forEach(ArrayList.java:1511)
]]></error>
  </testcase>
  <testcase name="modificarIdDistintoTest" classname="com.docencia.listas.ejercicio3.ListaEmpleadosTest" time="0.0">
    <error message="El metodo no esta implementado" type="java.lang.UnsupportedOperationException"><![CDATA[java.lang.UnsupportedOperationException: El metodo no esta implementado
	at com.docencia.herencia.ejercicio3.Desarrollador.<init>(Desarrollador.java:11)
	at com.docencia.listas.ejercicio3.ListaEmpleadosTest.nuevoA(ListaEmpleadosTest.java:19)
	at com.docencia.listas.ejercicio3.ListaEmpleadosTest.modificarIdDistintoTest(ListaEmpleadosTest.java:138)
	at java.base/java.lang.reflect.Method.invoke(Method.java:569)
	at java.base/java.util.ArrayList.forEach(ArrayList.java:1511)
	at java.base/java.util.ArrayList.forEach(ArrayList.java:1511)
]]></error>
  </testcase>
  <testcase name="modificarOkTest" classname="com.docencia.listas.ejercicio3.ListaEmpleadosTest" time="0.003">
    <error message="El metodo no esta implementado" type="java.lang.UnsupportedOperationException"><![CDATA[java.lang.UnsupportedOperationException: El metodo no esta implementado
	at com.docencia.herencia.ejercicio3.Desarrollador.<init>(Desarrollador.java:11)
	at com.docencia.listas.ejercicio3.ListaEmpleadosTest.nuevoA(ListaEmpleadosTest.java:19)
	at com.docencia.listas.ejercicio3.ListaEmpleadosTest.modificarOkTest(ListaEmpleadosTest.java:104)
	at java.base/java.lang.reflect.Method.invoke(Method.java:569)
	at java.base/java.util.ArrayList.forEach(ArrayList.java:1511)
	at java.base/java.util.ArrayList.forEach(ArrayList.java:1511)
]]></error>
  </testcase>
  <testcase name="claseDocumentadaTest" classname="com.docencia.listas.ejercicio3.ListaEmpleadosTest" time="0.001"/>
  <testcase name="anadirNullTest" classname="com.docencia.listas.ejercicio3.ListaEmpleadosTest" time="0.002">
    <failure message="Unexpected exception type thrown, expected: &lt;java.lang.IllegalArgumentException&gt; but was: &lt;java.lang.UnsupportedOperationException&gt;" type="org.opentest4j.AssertionFailedError"><![CDATA[org.opentest4j.AssertionFailedError: Unexpected exception type thrown, expected: <java.lang.IllegalArgumentException> but was: <java.lang.UnsupportedOperationException>
	at org.junit.jupiter.api.AssertionFailureBuilder.build(AssertionFailureBuilder.java:151)
	at org.junit.jupiter.api.AssertThrows.assertThrows(AssertThrows.java:67)
	at org.junit.jupiter.api.AssertThrows.assertThrows(AssertThrows.java:35)
	at org.junit.jupiter.api.Assertions.assertThrows(Assertions.java:3115)
	at com.docencia.listas.ejercicio3.ListaEmpleadosTest.anadirNullTest(ListaEmpleadosTest.java:42)
	at java.base/java.lang.reflect.Method.invoke(Method.java:569)
	at java.base/java.util.ArrayList.forEach(ArrayList.java:1511)
	at java.base/java.util.ArrayList.forEach(ArrayList.java:1511)
Caused by: java.lang.UnsupportedOperationException: El metodo no esta implementado
	at com.docencia.listas.ejercicio3.ListaEmpleados.anadir(ListaEmpleados.java:24)
	at com.docencia.listas.ejercicio3.ListaEmpleadosTest.lambda$anadirNullTest$0(ListaEmpleadosTest.java:42)
	at org.junit.jupiter.api.AssertThrows.assertThrows(AssertThrows.java:53)
	... 6 more
]]></failure>
  </testcase>
  <testcase name="anadirDuplicadoIdTest" classname="com.docencia.listas.ejercicio3.ListaEmpleadosTest" time="0.003">
    <error message="El metodo no esta implementado" type="java.lang.UnsupportedOperationException"><![CDATA[java.lang.UnsupportedOperationException: El metodo no esta implementado
	at com.docencia.herencia.ejercicio3.Desarrollador.<init>(Desarrollador.java:11)
	at com.docencia.listas.ejercicio3.ListaEmpleadosTest.nuevoA(ListaEmpleadosTest.java:19)
	at com.docencia.listas.ejercicio3.ListaEmpleadosTest.anadirDuplicadoIdTest(ListaEmpleadosTest.java:55)
	at java.base/java.lang.reflect.Method.invoke(Method.java:569)
	at java.base/java.util.ArrayList.forEach(ArrayList.java:1511)
	at java.base/java.util.ArrayList.forEach(ArrayList.java:1511)
]]></error>
  </testcase>
  <testcase name="buscarPorIdNullTest" classname="com.docencia.listas.ejercicio3.ListaEmpleadosTest" time="0.003">
    <failure message="Unexpected exception type thrown, expected: &lt;java.lang.IllegalArgumentException&gt; but was: &lt;java.lang.UnsupportedOperationException&gt;" type="org.opentest4j.AssertionFailedError"><![CDATA[org.opentest4j.AssertionFailedError: Unexpected exception type thrown, expected: <java.lang.IllegalArgumentException> but was: <java.lang.UnsupportedOperationException>
	at org.junit.jupiter.api.AssertionFailureBuilder.build(AssertionFailureBuilder.java:151)
	at org.junit.jupiter.api.AssertThrows.assertThrows(AssertThrows.java:67)
	at org.junit.jupiter.api.AssertThrows.assertThrows(AssertThrows.java:35)
	at org.junit.jupiter.api.Assertions.assertThrows(Assertions.java:3115)
	at com.docencia.listas.ejercicio3.ListaEmpleadosTest.buscarPorIdNullTest(ListaEmpleadosTest.java:70)
	at java.base/java.lang.reflect.Method.invoke(Method.java:569)
	at java.base/java.util.ArrayList.forEach(ArrayList.java:1511)
	at java.base/java.util.ArrayList.forEach(ArrayList.java:1511)
Caused by: java.lang.UnsupportedOperationException: El metodo no esta implementado
	at com.docencia.listas.ejercicio3.ListaEmpleados.buscarPorId(ListaEmpleados.java:28)
	at com.docencia.listas.ejercicio3.ListaEmpleadosTest.lambda$buscarPorIdNullTest$3(ListaEmpleadosTest.java:70)
	at org.junit.jupiter.api.AssertThrows.assertThrows(AssertThrows.java:53)
	... 6 more
]]></failure>
  </testcase>
  <testcase name="anadirOkTest" classname="com.docencia.listas.ejercicio3.ListaEmpleadosTest" time="0.002">
    <error message="El metodo no esta implementado" type="java.lang.UnsupportedOperationException"><![CDATA[java.lang.UnsupportedOperationException: El metodo no esta implementado
	at com.docencia.herencia.ejercicio3.Desarrollador.<init>(Desarrollador.java:11)
	at com.docencia.listas.ejercicio3.ListaEmpleadosTest.nuevoA(ListaEmpleadosTest.java:19)
	at com.docencia.listas.ejercicio3.ListaEmpleadosTest.anadirOkTest(ListaEmpleadosTest.java:34)
	at java.base/java.lang.reflect.Method.invoke(Method.java:569)
	at java.base/java.util.ArrayList.forEach(ArrayList.java:1511)
	at java.base/java.util.ArrayList.forEach(ArrayList.java:1511)
]]></error>
  </testcase>
  <testcase name="anadirInvalidTest" classname="com.docencia.listas.ejercicio3.ListaEmpleadosTest" time="0.001">
    <failure message="Unexpected exception type thrown, expected: &lt;java.lang.IllegalArgumentException&gt; but was: &lt;java.lang.UnsupportedOperationException&gt;" type="org.opentest4j.AssertionFailedError"><![CDATA[org.opentest4j.AssertionFailedError: Unexpected exception type thrown, expected: <java.lang.IllegalArgumentException> but was: <java.lang.UnsupportedOperationException>
	at org.junit.jupiter.api.AssertionFailureBuilder.build(AssertionFailureBuilder.java:151)
	at org.junit.jupiter.api.AssertThrows.assertThrows(AssertThrows.java:67)
	at org.junit.jupiter.api.AssertThrows.assertThrows(AssertThrows.java:35)
	at org.junit.jupiter.api.Assertions.assertThrows(Assertions.java:3115)
	at com.docencia.listas.ejercicio3.ListaEmpleadosTest.anadirInvalidTest(ListaEmpleadosTest.java:48)
	at java.base/java.lang.reflect.Method.invoke(Method.java:569)
	at java.base/java.util.ArrayList.forEach(ArrayList.java:1511)
	at java.base/java.util.ArrayList.forEach(ArrayList.java:1511)
Caused by: java.lang.UnsupportedOperationException: El metodo no esta implementado
	at com.docencia.herencia.ejercicio3.Desarrollador.<init>(Desarrollador.java:11)
	at com.docencia.listas.ejercicio3.ListaEmpleadosTest.invalido(ListaEmpleadosTest.java:27)
	at com.docencia.listas.ejercicio3.ListaEmpleadosTest.lambda$anadirInvalidTest$1(ListaEmpleadosTest.java:48)
	at org.junit.jupiter.api.AssertThrows.assertThrows(AssertThrows.java:53)
	... 6 more
]]></failure>
  </testcase>
  <testcase name="eliminarPorIdOkTest" classname="com.docencia.listas.ejercicio3.ListaEmpleadosTest" time="0.001">
    <error message="El metodo no esta implementado" type="java.lang.UnsupportedOperationException"><![CDATA[java.lang.UnsupportedOperationException: El metodo no esta implementado
	at com.docencia.herencia.ejercicio3.Desarrollador.<init>(Desarrollador.java:11)
	at com.docencia.listas.ejercicio3.ListaEmpleadosTest.nuevoA(ListaEmpleadosTest.java:19)
	at com.docencia.listas.ejercicio3.ListaEmpleadosTest.eliminarPorIdOkTest(ListaEmpleadosTest.java:83)
	at java.base/java.lang.reflect.Method.invoke(Method.java:569)
	at java.base/java.util.ArrayList.forEach(ArrayList.java:1511)
	at java.base/java.util.ArrayList.forEach(ArrayList.java:1511)
]]></error>
  </testcase>
  <testcase name="modificarNullElementoTest" classname="com.docencia.listas.ejercicio3.ListaEmpleadosTest" time="0.0">
    <error message="El metodo no esta implementado" type="java.lang.UnsupportedOperationException"><![CDATA[java.lang.UnsupportedOperationException: El metodo no esta implementado
	at com.docencia.herencia.ejercicio3.Desarrollador.<init>(Desarrollador.java:11)
	at com.docencia.listas.ejercicio3.ListaEmpleadosTest.nuevoA(ListaEmpleadosTest.java:19)
	at com.docencia.listas.ejercicio3.ListaEmpleadosTest.modificarNullElementoTest(ListaEmpleadosTest.java:122)
	at java.base/java.lang.reflect.Method.invoke(Method.java:569)
	at java.base/java.util.ArrayList.forEach(ArrayList.java:1511)
	at java.base/java.util.ArrayList.forEach(ArrayList.java:1511)
]]></error>
  </testcase>
  <testcase name="eliminarPorIdNoExisteTest" classname="com.docencia.listas.ejercicio3.ListaEmpleadosTest" time="0.001">
    <error message="El metodo no esta implementado" type="java.lang.UnsupportedOperationException"><![CDATA[java.lang.UnsupportedOperationException: El metodo no esta implementado
	at com.docencia.listas.ejercicio3.ListaEmpleados.eliminarPorId(ListaEmpleados.java:32)
	at com.docencia.listas.ejercicio3.ListaEmpleadosTest.eliminarPorIdNoExisteTest(ListaEmpleadosTest.java:97)
	at java.base/java.lang.reflect.Method.invoke(Method.java:569)
	at java.base/java.util.ArrayList.forEach(ArrayList.java:1511)
	at java.base/java.util.ArrayList.forEach(ArrayList.java:1511)
]]></error>
  </testcase>
  <testcase name="listarInmutableTest" classname="com.docencia.listas.ejercicio3.ListaEmpleadosTest" time="0.0">
    <error message="El metodo no esta implementado" type="java.lang.UnsupportedOperationException"><![CDATA[java.lang.UnsupportedOperationException: El metodo no esta implementado
	at com.docencia.herencia.ejercicio3.Desarrollador.<init>(Desarrollador.java:11)
	at com.docencia.listas.ejercicio3.ListaEmpleadosTest.nuevoA(ListaEmpleadosTest.java:19)
	at com.docencia.listas.ejercicio3.ListaEmpleadosTest.listarInmutableTest(ListaEmpleadosTest.java:152)
	at java.base/java.lang.reflect.Method.invoke(Method.java:569)
	at java.base/java.util.ArrayList.forEach(ArrayList.java:1511)
	at java.base/java.util.ArrayList.forEach(ArrayList.java:1511)
]]></error>
  </testcase>
  <testcase name="modificarNoExisteTest" classname="com.docencia.listas.ejercicio3.ListaEmpleadosTest" time="0.001">
    <failure message="Unexpected exception type thrown, expected: &lt;java.util.NoSuchElementException&gt; but was: &lt;java.lang.UnsupportedOperationException&gt;" type="org.opentest4j.AssertionFailedError"><![CDATA[org.opentest4j.AssertionFailedError: Unexpected exception type thrown, expected: <java.util.NoSuchElementException> but was: <java.lang.UnsupportedOperationException>
	at org.junit.jupiter.api.AssertionFailureBuilder.build(AssertionFailureBuilder.java:151)
	at org.junit.jupiter.api.AssertThrows.assertThrows(AssertThrows.java:67)
	at org.junit.jupiter.api.AssertThrows.assertThrows(AssertThrows.java:35)
	at org.junit.jupiter.api.Assertions.assertThrows(Assertions.java:3115)
	at com.docencia.listas.ejercicio3.ListaEmpleadosTest.modificarNoExisteTest(ListaEmpleadosTest.java:146)
	at java.base/java.lang.reflect.Method.invoke(Method.java:569)
	at java.base/java.util.ArrayList.forEach(ArrayList.java:1511)
	at java.base/java.util.ArrayList.forEach(ArrayList.java:1511)
Caused by: java.lang.UnsupportedOperationException: El metodo no esta implementado
	at com.docencia.herencia.ejercicio3.Desarrollador.<init>(Desarrollador.java:11)
	at com.docencia.listas.ejercicio3.ListaEmpleadosTest.nuevoA(ListaEmpleadosTest.java:19)
	at com.docencia.listas.ejercicio3.ListaEmpleadosTest.lambda$modificarNoExisteTest$9(ListaEmpleadosTest.java:146)
	at org.junit.jupiter.api.AssertThrows.assertThrows(AssertThrows.java:53)
	... 6 more
]]></failure>
  </testcase>
</testsuite>