-------------------------------------------------------------------------------
Test set: com.docencia.fechas.ejercicio5.Ejercicio5Test
-------------------------------------------------------------------------------
Tests run: 5, Failures: 1, Errors: 1, Skipped: 0, Time elapsed: 0.017 s <<< FAILURE! -- in com.docencia.fechas.ejercicio5.Ejercicio5Test
com.docencia.fechas.ejercicio5.Ejercicio5Test.ageYearsShouldComputeYears -- Time elapsed: 0.002 s <<< ERROR!
java.lang.IllegalArgumentException
	at com.docencia.fechas.ejercicio5.Ejercicio5.ageYears(Ejercicio5.java:14)
	at com.docencia.fechas.ejercicio5.Ejercicio5Test.ageYearsShouldComputeYears(Ejercicio5Test.java:16)
	at java.base/java.lang.reflect.Method.invoke(Method.java:565)
	at java.base/java.util.ArrayList.forEach(ArrayList.java:1604)
	at java.base/java.util.ArrayList.forEach(ArrayList.java:1604)

com.docencia.fechas.ejercicio5.Ejercicio5Test.ageYearsShouldThrowWhenTodayBeforeBirth -- Time elapsed: 0.002 s <<< FAILURE!
org.opentest4j.AssertionFailedError: Expected java.lang.IllegalArgumentException to be thrown, but nothing was thrown.
	at org.junit.jupiter.api.AssertionFailureBuilder.build(AssertionFailureBuilder.java:152)
	at org.junit.jupiter.api.AssertThrows.assertThrows(AssertThrows.java:73)
	at org.junit.jupiter.api.AssertThrows.assertThrows(AssertThrows.java:35)
	at org.junit.jupiter.api.Assertions.assertThrows(Assertions.java:3115)
	at com.docencia.fechas.ejercicio5.Ejercicio5Test.ageYearsShouldThrowWhenTodayBeforeBirth(Ejercicio5Test.java:31)
	at java.base/java.lang.reflect.Method.invoke(Method.java:565)
	at java.base/java.util.ArrayList.forEach(ArrayList.java:1604)
	at java.base/java.util.ArrayList.forEach(ArrayList.java:1604)

