-------------------------------------------------------------------------------
Test set: com.docencia.fechas.ejercicio12.Ejercicio12Test
-------------------------------------------------------------------------------
Tests run: 5, Failures: 2, Errors: 3, Skipped: 0, Time elapsed: 0.028 s <<< FAILURE! -- in com.docencia.fechas.ejercicio12.Ejercicio12Test
com.docencia.fechas.ejercicio12.Ejercicio12Test.compareEventsShouldReturnAbsoluteDifference -- Time elapsed: 0.002 s <<< ERROR!
java.lang.NullPointerException: Cannot invoke "com.docencia.fechas.EventComparison.absoluteDifference()" because the return value of "com.docencia.fechas.ejercicio12.Ejercicio12.compareEvents(java.time.ZonedDateTime, java.time.ZonedDateTime)" is null
	at com.docencia.fechas.ejercicio12.Ejercicio12Test.compareEventsShouldReturnAbsoluteDifference(Ejercicio12Test.java:37)
	at java.base/java.lang.reflect.Method.invoke(Method.java:565)
	at java.base/java.util.ArrayList.forEach(ArrayList.java:1604)
	at java.base/java.util.ArrayList.forEach(ArrayList.java:1604)

com.docencia.fechas.ejercicio12.Ejercicio12Test.compareEventsShouldThrowOnNullA -- Time elapsed: 0.005 s <<< FAILURE!
org.opentest4j.AssertionFailedError: Expected java.lang.NullPointerException to be thrown, but nothing was thrown.
	at org.junit.jupiter.api.AssertionFailureBuilder.build(AssertionFailureBuilder.java:152)
	at org.junit.jupiter.api.AssertThrows.assertThrows(AssertThrows.java:73)
	at org.junit.jupiter.api.AssertThrows.assertThrows(AssertThrows.java:35)
	at org.junit.jupiter.api.Assertions.assertThrows(Assertions.java:3115)
	at com.docencia.fechas.ejercicio12.Ejercicio12Test.compareEventsShouldThrowOnNullA(Ejercicio12Test.java:25)
	at java.base/java.lang.reflect.Method.invoke(Method.java:565)
	at java.base/java.util.ArrayList.forEach(ArrayList.java:1604)
	at java.base/java.util.ArrayList.forEach(ArrayList.java:1604)

com.docencia.fechas.ejercicio12.Ejercicio12Test.compareEventsShouldThrowOnNullB -- Time elapsed: 0.004 s <<< FAILURE!
org.opentest4j.AssertionFailedError: Expected java.lang.NullPointerException to be thrown, but nothing was thrown.
	at org.junit.jupiter.api.AssertionFailureBuilder.build(AssertionFailureBuilder.java:152)
	at org.junit.jupiter.api.AssertThrows.assertThrows(AssertThrows.java:73)
	at org.junit.jupiter.api.AssertThrows.assertThrows(AssertThrows.java:35)
	at org.junit.jupiter.api.Assertions.assertThrows(Assertions.java:3115)
	at com.docencia.fechas.ejercicio12.Ejercicio12Test.compareEventsShouldThrowOnNullB(Ejercicio12Test.java:30)
	at java.base/java.lang.reflect.Method.invoke(Method.java:565)
	at java.base/java.util.ArrayList.forEach(ArrayList.java:1604)
	at java.base/java.util.ArrayList.forEach(ArrayList.java:1604)

com.docencia.fechas.ejercicio12.Ejercicio12Test.compareEventsShouldIdentifyFirst -- Time elapsed: 0.002 s <<< ERROR!
java.lang.NullPointerException: Cannot invoke "com.docencia.fechas.EventComparison.first()" because the return value of "com.docencia.fechas.ejercicio12.Ejercicio12.compareEvents(java.time.ZonedDateTime, java.time.ZonedDateTime)" is null
	at com.docencia.fechas.ejercicio12.Ejercicio12Test.compareEventsShouldIdentifyFirst(Ejercicio12Test.java:14)
	at java.base/java.lang.reflect.Method.invoke(Method.java:565)
	at java.base/java.util.ArrayList.forEach(ArrayList.java:1604)
	at java.base/java.util.ArrayList.forEach(ArrayList.java:1604)

com.docencia.fechas.ejercicio12.Ejercicio12Test.compareEventsShouldHaveZeroWhenSameInstant -- Time elapsed: 0.001 s <<< ERROR!
java.lang.NullPointerException: Cannot invoke "com.docencia.fechas.EventComparison.absoluteDifference()" because the return value of "com.docencia.fechas.ejercicio12.Ejercicio12.compareEvents(java.time.ZonedDateTime, java.time.ZonedDateTime)" is null
	at com.docencia.fechas.ejercicio12.Ejercicio12Test.compareEventsShouldHaveZeroWhenSameInstant(Ejercicio12Test.java:20)
	at java.base/java.lang.reflect.Method.invoke(Method.java:565)
	at java.base/java.util.ArrayList.forEach(ArrayList.java:1604)
	at java.base/java.util.ArrayList.forEach(ArrayList.java:1604)

