-------------------------------------------------------------------------------
Test set: com.docencia.expresiones.ejercicio5.Ejercicio5Test
-------------------------------------------------------------------------------
Tests run: 5, Failures: 1, Errors: 0, Skipped: 0, Time elapsed: 0.102 s <<< FAILURE! -- in com.docencia.expresiones.ejercicio5.Ejercicio5Test
com.docencia.expresiones.ejercicio5.Ejercicio5Test.parseLogInstantShouldThrowOnUnparseableTimestamp -- Time elapsed: 0.013 s <<< FAILURE!
org.opentest4j.AssertionFailedError: Unexpected exception type thrown, expected: <java.time.DateTimeException> but was: <java.lang.IllegalArgumentException>
	at org.junit.jupiter.api.AssertionFailureBuilder.build(AssertionFailureBuilder.java:151)
	at org.junit.jupiter.api.AssertThrows.assertThrows(AssertThrows.java:67)
	at org.junit.jupiter.api.AssertThrows.assertThrows(AssertThrows.java:35)
	at org.junit.jupiter.api.Assertions.assertThrows(Assertions.java:3115)
	at com.docencia.expresiones.ejercicio5.Ejercicio5Test.parseLogInstantShouldThrowOnUnparseableTimestamp(Ejercicio5Test.java:32)
	at java.base/java.lang.reflect.Method.invoke(Method.java:565)
	at java.base/java.util.ArrayList.forEach(ArrayList.java:1604)
	at java.base/java.util.ArrayList.forEach(ArrayList.java:1604)
Caused by: java.lang.IllegalArgumentException
	at com.docencia.expresiones.ejercicio5.Ejercicio5.parseLogInstant(Ejercicio5.java:30)
	at com.docencia.expresiones.ejercicio5.Ejercicio5Test.lambda$parseLogInstantShouldThrowOnUnparseableTimestamp$0(Ejercicio5Test.java:32)
	at org.junit.jupiter.api.AssertThrows.assertThrows(AssertThrows.java:53)
	... 6 more

