<?xml version="1.0" encoding="UTF-8"?>
<testsuite xmlns:xsi="http://www.w3.org/2001/XMLSchema-instance" xsi:noNamespaceSchemaLocation="https://maven.apache.org/surefire/maven-surefire-plugin/xsd/surefire-test-report-3.0.xsd" version="3.0" name="com.docencia.fechas.ejercicio11.Ejercicio11Test" time="0.024" tests="5" errors="2" skipped="0" failures="3">
  <properties>
[...]
</properties>
  <testcase name="toUserZoneSameInstantShouldThrowOnNullOrigin" classname="com.docencia.fechas.ejercicio11.Ejercicio11Test" time="0.001">
    <failure message="Expected java.lang.NullPointerException to be thrown, but nothing was thrown." type="org.opentest4j.AssertionFailedError"><![CDATA[org.opentest4j.AssertionFailedError: Expected java.lang.NullPointerException to be thrown, but nothing was thrown.
	at org.junit.jupiter.api.AssertionFailureBuilder.build(AssertionFailureBuilder.java:152)
	at org.junit.jupiter.api.AssertThrows.assertThrows(AssertThrows.java:73)
	at org.junit.jupiter.api.AssertThrows.assertThrows(AssertThrows.java:35)
	at org.junit.jupiter.api.Assertions.assertThrows(Assertions.java:3115)
	at com.docencia.fechas.ejercicio11.Ejercicio11Test.toUserZoneSameInstantShouldThrowOnNullOrigin(Ejercicio11Test.java:25)
	at java.base/java.lang.reflect.Method.invoke(Method.java:569)
	at java.base/java.util.ArrayList.forEach(ArrayList.java:1511)
	at java.base/java.util.ArrayList.forEach(ArrayList.java:1511)
]]></failure>
  </testcase>
  <testcase name="toUserZoneSameInstantShouldThrowOnNullTarget" classname="com.docencia.fechas.ejercicio11.Ejercicio11Test" time="0.001">
    <failure message="Expected java.lang.NullPointerException to be thrown, but nothing was thrown." type="org.opentest4j.AssertionFailedError"><![CDATA[org.opentest4j.AssertionFailedError: Expected java.lang.NullPointerException to be thrown, but nothing was thrown.
	at org.junit.jupiter.api.AssertionFailureBuilder.build(AssertionFailureBuilder.java:152)
	at org.junit.jupiter.api.AssertThrows.assertThrows(AssertThrows.java:73)
	at org.junit.jupiter.api.AssertThrows.assertThrows(AssertThrows.java:35)
	at org.junit.jupiter.api.Assertions.assertThrows(Assertions.java:3115)
	at com.docencia.fechas.ejercicio11.Ejercicio11Test.toUserZoneSameInstantShouldThrowOnNullTarget(Ejercicio11Test.java:30)
	at java.base/java.lang.reflect.Method.invoke(Method.java:569)
	at java.base/java.util.ArrayList.forEach(ArrayList.java:1511)
	at java.base/java.util.ArrayList.forEach(ArrayList.java:1511)
]]></failure>
  </testcase>
  <testcase name="toUserZoneSameInstantShouldConvertAndKeepInstant" classname="com.docencia.fechas.ejercicio11.Ejercicio11Test" time="0.004">
    <error message="Cannot invoke &quot;java.time.ZonedDateTime.getZone()&quot; because &quot;z&quot; is null" type="java.lang.NullPointerException"><![CDATA[java.lang.NullPointerException: Cannot invoke "java.time.ZonedDateTime.getZone()" because "z" is null
	at com.docencia.fechas.ejercicio11.Ejercicio11Test.toUserZoneSameInstantShouldConvertAndKeepInstant(Ejercicio11Test.java:15)
	at java.base/java.lang.reflect.Method.invoke(Method.java:569)
	at java.base/java.util.ArrayList.forEach(ArrayList.java:1511)
	at java.base/java.util.ArrayList.forEach(ArrayList.java:1511)
]]></error>
  </testcase>
  <testcase name="toUserZoneSameInstantShouldProduceSameInstantAsOrigin" classname="com.docencia.fechas.ejercicio11.Ejercicio11Test" time="0.0">
    <error message="Cannot invoke &quot;java.time.ZonedDateTime.toInstant()&quot; because &quot;target&quot; is null" type="java.lang.NullPointerException"><![CDATA[java.lang.NullPointerException: Cannot invoke "java.time.ZonedDateTime.toInstant()" because "target" is null
	at com.docencia.fechas.ejercicio11.Ejercicio11Test.toUserZoneSameInstantShouldProduceSameInstantAsOrigin(Ejercicio11Test.java:38)
	at java.base/java.lang.reflect.Method.invoke(Method.java:569)
	at java.base/java.util.ArrayList.forEach(ArrayList.java:1511)
	at java.base/java.util.ArrayList.forEach(ArrayList.java:1511)
]]></error>
  </testcase>
  <testcase name="toUserZoneSameInstantShouldThrowOnNullMeeting" classname="com.docencia.fechas.ejercicio11.Ejercicio11Test" time="0.002">
    <failure message="Expected java.lang.NullPointerException to be thrown, but nothing was thrown." type="org.opentest4j.AssertionFailedError"><![CDATA[org.opentest4j.AssertionFailedError: Expected java.lang.NullPointerException to be thrown, but nothing was thrown.
	at org.junit.jupiter.api.AssertionFailureBuilder.build(AssertionFailureBuilder.java:152)
	at org.junit.jupiter.api.AssertThrows.assertThrows(AssertThrows.java:73)
	at org.junit.jupiter.api.AssertThrows.assertThrows(AssertThrows.java:35)
	at org.junit.jupiter.api.Assertions.assertThrows(Assertions.java:3115)
	at com.docencia.fechas.ejercicio11.Ejercicio11Test.toUserZoneSameInstantShouldThrowOnNullMeeting(Ejercicio11Test.java:20)
	at java.base/java.lang.reflect.Method.invoke(Method.java:569)
	at java.base/java.util.ArrayList.forEach(ArrayList.java:1511)
	at java.base/java.util.ArrayList.forEach(ArrayList.java:1511)
]]></failure>
  </testcase>
</testsuite>