<?xml version="1.0" encoding="UTF-8"?>
<testsuite xmlns:xsi="http://www.w3.org/2001/XMLSchema-instance" xsi:noNamespaceSchemaLocation="https://maven.apache.org/surefire/maven-surefire-plugin/xsd/surefire-test-report-3.0.xsd" version="3.0" name="org.example.unidad3.examen.ejercicio01.AlumnoTest" time="0.204" tests="21" errors="0" skipped="0" failures="0">
  <properties>
[...]
</properties>
  <testcase name="equalsDeberiaSerVerdaderoParaObjetosConMismoNombreYNota" classname="org.example.unidad3.examen.ejercicio01.AlumnoTest" time="0.037"/>
  <testcase name="setterNotaDeberiaLanzarExcepcionSiNotaMenorQueCero" classname="org.example.unidad3.examen.ejercicio01.AlumnoTest" time="0.005"/>
  <testcase name="setterNombreDeberiaActualizarElNombre" classname="org.example.unidad3.examen.ejercicio01.AlumnoTest" time="0.001"/>
  <testcase name="setterNotaDeberiaAceptarValorValido" classname="org.example.unidad3.examen.ejercicio01.AlumnoTest" time="0.001"/>
  <testcase name="constructorCompletoDeberiaAsignarNombreYNota" classname="org.example.unidad3.examen.ejercicio01.AlumnoTest" time="0.0"/>
  <testcase name="setterNotaDeberiaLanzarExcepcionSiNotaMayorQueDiez" classname="org.example.unidad3.examen.ejercicio01.AlumnoTest" time="0.001"/>
  <testcase name="toStringDeberiaIncluirNombreNotaYCalificacion" classname="org.example.unidad3.examen.ejercicio01.AlumnoTest" time="0.006"/>
  <testcase name="equalsDeberiaSerFalsoSiComparoConNullOuOtraClase" classname="org.example.unidad3.examen.ejercicio01.AlumnoTest" time="0.001"/>
  <testcase name="equalsDeberiaSerFalsoSiNombreODNotaSonDistintos" classname="org.example.unidad3.examen.ejercicio01.AlumnoTest" time="0.001"/>
  <testcase name="getCalificacionTextoDeberiaDevolverTextoCorrecto(int, String)[1]" classname="org.example.unidad3.examen.ejercicio01.AlumnoTest" time="0.028"/>
  <testcase name="getCalificacionTextoDeberiaDevolverTextoCorrecto(int, String)[2]" classname="org.example.unidad3.examen.ejercicio01.AlumnoTest" time="0.002"/>
  <testcase name="getCalificacionTextoDeberiaDevolverTextoCorrecto(int, String)[3]" classname="org.example.unidad3.examen.ejercicio01.AlumnoTest" time="0.0"/>
  <testcase name="getCalificacionTextoDeberiaDevolverTextoCorrecto(int, String)[4]" classname="org.example.unidad3.examen.ejercicio01.AlumnoTest" time="0.001"/>
  <testcase name="getCalificacionTextoDeberiaDevolverTextoCorrecto(int, String)[5]" classname="org.example.unidad3.examen.ejercicio01.AlumnoTest" time="0.002"/>
  <testcase name="getCalificacionTextoDeberiaDevolverTextoCorrecto(int, String)[6]" classname="org.example.unidad3.examen.ejercicio01.AlumnoTest" time="0.002"/>
  <testcase name="getCalificacionTextoDeberiaDevolverTextoCorrecto(int, String)[7]" classname="org.example.unidad3.examen.ejercicio01.AlumnoTest" time="0.001"/>
  <testcase name="getCalificacionTextoDeberiaDevolverTextoCorrecto(int, String)[8]" classname="org.example.unidad3.examen.ejercicio01.AlumnoTest" time="0.0"/>
  <testcase name="getCalificacionTextoDeberiaDevolverTextoCorrecto(int, String)[9]" classname="org.example.unidad3.examen.ejercicio01.AlumnoTest" time="0.001"/>
  <testcase name="constructorCompletoDeberiaLanzarExcepcionSiNotaMenorQueCero" classname="org.example.unidad3.examen.ejercicio01.AlumnoTest" time="0.001"/>
  <testcase name="constructorVacioDeberiaCrearAlumnoConValoresPorDefecto" classname="org.example.unidad3.examen.ejercicio01.AlumnoTest" time="0.002"/>
  <testcase name="constructorCompletoDeberiaLanzarExcepcionSiNotaMayorQueDiez" classname="org.example.unidad3.examen.ejercicio01.AlumnoTest" time="0.001"/>
</testsuite>