-------------------------------------------------------------------------------
Test set: com.docencia.listas.ejercicio09.Ejercicio09Test
-------------------------------------------------------------------------------
Tests run: 1, Failures: 0, Errors: 1, Skipped: 0, Time elapsed: 0.093 s <<< FAILURE! -- in com.docencia.listas.ejercicio09.Ejercicio09Test
com.docencia.listas.ejercicio09.Ejercicio09Test.paginacionBasica -- Time elapsed: 0.053 s <<< ERROR!
java.lang.UnsupportedOperationException: Por implementar
	at com.docencia.listas.ejercicio09.Ejercicio09.pagina(Ejercicio09.java:11)
	at com.docencia.listas.ejercicio09.Ejercicio09Test.paginacionBasica(Ejercicio09Test.java:21)
	at java.base/java.lang.reflect.Method.invoke(Method.java:565)
	at java.base/java.util.ArrayList.forEach(ArrayList.java:1604)
	at java.base/java.util.ArrayList.forEach(ArrayList.java:1604)

