-------------------------------------------------------------------------------
Test set: com.docencia.listas.ejercicio08.Ejercicio08Test
-------------------------------------------------------------------------------
Tests run: 1, Failures: 0, Errors: 1, Skipped: 0, Time elapsed: 0.109 s <<< FAILURE! -- in com.docencia.listas.ejercicio08.Ejercicio08Test
com.docencia.listas.ejercicio08.Ejercicio08Test.partirParesEImpares -- Time elapsed: 0.069 s <<< ERROR!
java.lang.UnsupportedOperationException: Por implementar
	at com.docencia.listas.ejercicio08.Ejercicio08.partir(Ejercicio08.java:29)
	at com.docencia.listas.ejercicio08.Ejercicio08Test.partirParesEImpares(Ejercicio08Test.java:17)
	at java.base/java.lang.reflect.Method.invoke(Method.java:565)
	at java.base/java.util.ArrayList.forEach(ArrayList.java:1604)
	at java.base/java.util.ArrayList.forEach(ArrayList.java:1604)

