<?xml version="1.0" encoding="UTF-8"?>
<testsuite xmlns:xsi="http://www.w3.org/2001/XMLSchema-instance" xsi:noNamespaceSchemaLocation="https://maven.apache.org/surefire/maven-surefire-plugin/xsd/surefire-test-report.xsd" version="3.0.2" name="com.ejemplo.model.ModelLayerTest" time="0.145" tests="12" errors="0" skipped="0" failures="0">
  <properties>
[...]
</properties>
  <testcase name="productoModelToStringContainsNombre" classname="com.ejemplo.model.ModelLayerTest" time="0.053"/>
  <testcase name="pedidoModelWorks" classname="com.ejemplo.model.ModelLayerTest" time="0.001"/>
  <testcase name="proveedorModelWorks" classname="com.ejemplo.model.ModelLayerTest" time="0.004"/>
  <testcase name="inventarioModelWorks" classname="com.ejemplo.model.ModelLayerTest" time="0.003"/>
  <testcase name="clienteModelWorks" classname="com.ejemplo.model.ModelLayerTest" time="0.002"/>
  <testcase name="inventarioModelAllowsChangingStock" classname="com.ejemplo.model.ModelLayerTest" time="0.001"/>
  <testcase name="lineaPedidoModelAllowsUpdatingCantidad" classname="com.ejemplo.model.ModelLayerTest" time="0.007"/>
  <testcase name="productoModelWorks" classname="com.ejemplo.model.ModelLayerTest" time="0.006"/>
  <testcase name="lineaPedidoModelWorks" classname="com.ejemplo.model.ModelLayerTest" time="0.004"/>
  <testcase name="clienteModelAllowsSetters" classname="com.ejemplo.model.ModelLayerTest" time="0.004"/>
  <testcase name="pedidoModelToStringContainsNumero" classname="com.ejemplo.model.ModelLayerTest" time="0.004"/>
  <testcase name="proveedorModelsWithSameIdAreEqual" classname="com.ejemplo.model.ModelLayerTest" time="0.001"/>
</testsuite>