<?xml version="1.0" encoding="UTF-8"?>
<testsuite xmlns:xsi="http://www.w3.org/2001/XMLSchema-instance" xsi:noNamespaceSchemaLocation="https://maven.apache.org/surefire/maven-surefire-plugin/xsd/surefire-test-report.xsd" version="3.0.2" name="com.ejemplo.repository.json.JsonRepositoriesTest" time="0.074" tests="8" errors="7" skipped="0" failures="1">
  <properties>
[...]
</properties>
  <testcase name="inventarioJsonCrudWorks" classname="com.ejemplo.repository.json.JsonRepositoriesTest" time="0.004">
    <error message="Unimplemented method &apos;create&apos;" type="java.lang.UnsupportedOperationException"><![CDATA[java.lang.UnsupportedOperationException: Unimplemented method 'create'
	at com.ejemplo.repository.json.InventarioJsonRepository.create(InventarioJsonRepository.java:25)
	at com.ejemplo.repository.json.JsonRepositoriesTest.inventarioJsonCrudWorks(JsonRepositoriesTest.java:73)
	at java.base/java.lang.reflect.Method.invoke(Method.java:569)
	at java.base/java.util.ArrayList.forEach(ArrayList.java:1511)
	at java.base/java.util.ArrayList.forEach(ArrayList.java:1511)
]]></error>
  </testcase>
  <testcase name="proveedorJsonCrudWorks" classname="com.ejemplo.repository.json.JsonRepositoriesTest" time="0.004">
    <error message="Unimplemented method &apos;create&apos;" type="java.lang.UnsupportedOperationException"><![CDATA[java.lang.UnsupportedOperationException: Unimplemented method 'create'
	at com.ejemplo.repository.json.ProveedorJsonRepository.create(ProveedorJsonRepository.java:25)
	at com.ejemplo.repository.json.JsonRepositoriesTest.proveedorJsonCrudWorks(JsonRepositoriesTest.java:58)
	at java.base/java.lang.reflect.Method.invoke(Method.java:569)
	at java.base/java.util.ArrayList.forEach(ArrayList.java:1511)
	at java.base/java.util.ArrayList.forEach(ArrayList.java:1511)
]]></error>
  </testcase>
  <testcase name="lineapedidoJsonCrudWorks" classname="com.ejemplo.repository.json.JsonRepositoriesTest" time="0.006">
    <error message="Unimplemented method &apos;create&apos;" type="java.lang.UnsupportedOperationException"><![CDATA[java.lang.UnsupportedOperationException: Unimplemented method 'create'
	at com.ejemplo.repository.json.LineaPedidoJsonRepository.create(LineaPedidoJsonRepository.java:25)
	at com.ejemplo.repository.json.JsonRepositoriesTest.lineapedidoJsonCrudWorks(JsonRepositoriesTest.java:103)
	at java.base/java.lang.reflect.Method.invoke(Method.java:569)
	at java.base/java.util.ArrayList.forEach(ArrayList.java:1511)
	at java.base/java.util.ArrayList.forEach(ArrayList.java:1511)
]]></error>
  </testcase>
  <testcase name="jsonRepositoryRejectsRepeatedId" classname="com.ejemplo.repository.json.JsonRepositoriesTest" time="0.006">
    <error message="Unimplemented method &apos;create&apos;" type="java.lang.UnsupportedOperationException"><![CDATA[java.lang.UnsupportedOperationException: Unimplemented method 'create'
	at com.ejemplo.repository.json.ClienteJsonRepository.create(ClienteJsonRepository.java:25)
	at com.ejemplo.repository.json.JsonRepositoriesTest.jsonRepositoryRejectsRepeatedId(JsonRepositoriesTest.java:127)
	at java.base/java.lang.reflect.Method.invoke(Method.java:569)
	at java.base/java.util.ArrayList.forEach(ArrayList.java:1511)
	at java.base/java.util.ArrayList.forEach(ArrayList.java:1511)
]]></error>
  </testcase>
  <testcase name="jsonRepositoryCreatesFileIfItDoesNotExist" classname="com.ejemplo.repository.json.JsonRepositoriesTest" time="0.005">
    <failure message="expected: &lt;true&gt; but was: &lt;false&gt;" type="org.opentest4j.AssertionFailedError"><![CDATA[org.opentest4j.AssertionFailedError: expected: <true> but was: <false>
	at org.junit.jupiter.api.AssertionFailureBuilder.build(AssertionFailureBuilder.java:151)
	at org.junit.jupiter.api.AssertionFailureBuilder.buildAndThrow(AssertionFailureBuilder.java:132)
	at org.junit.jupiter.api.AssertTrue.failNotTrue(AssertTrue.java:63)
	at org.junit.jupiter.api.AssertTrue.assertTrue(AssertTrue.java:36)
	at org.junit.jupiter.api.AssertTrue.assertTrue(AssertTrue.java:31)
	at org.junit.jupiter.api.Assertions.assertTrue(Assertions.java:183)
	at com.ejemplo.repository.json.JsonRepositoriesTest.jsonRepositoryCreatesFileIfItDoesNotExist(JsonRepositoriesTest.java:120)
	at java.base/java.lang.reflect.Method.invoke(Method.java:569)
	at java.base/java.util.ArrayList.forEach(ArrayList.java:1511)
	at java.base/java.util.ArrayList.forEach(ArrayList.java:1511)
]]></failure>
  </testcase>
  <testcase name="productoJsonCrudWorks" classname="com.ejemplo.repository.json.JsonRepositoriesTest" time="0.015">
    <error message="Unimplemented method &apos;create&apos;" type="java.lang.UnsupportedOperationException"><![CDATA[java.lang.UnsupportedOperationException: Unimplemented method 'create'
	at com.ejemplo.repository.json.ProductoJsonRepository.create(ProductoJsonRepository.java:25)
	at com.ejemplo.repository.json.JsonRepositoriesTest.productoJsonCrudWorks(JsonRepositoriesTest.java:43)
	at java.base/java.lang.reflect.Method.invoke(Method.java:569)
	at java.base/java.util.ArrayList.forEach(ArrayList.java:1511)
	at java.base/java.util.ArrayList.forEach(ArrayList.java:1511)
]]></error>
  </testcase>
  <testcase name="clienteJsonCrudWorks" classname="com.ejemplo.repository.json.JsonRepositoriesTest" time="0.015">
    <error message="Unimplemented method &apos;create&apos;" type="java.lang.UnsupportedOperationException"><![CDATA[java.lang.UnsupportedOperationException: Unimplemented method 'create'
	at com.ejemplo.repository.json.ClienteJsonRepository.create(ClienteJsonRepository.java:25)
	at com.ejemplo.repository.json.JsonRepositoriesTest.clienteJsonCrudWorks(JsonRepositoriesTest.java:28)
	at java.base/java.lang.reflect.Method.invoke(Method.java:569)
	at java.base/java.util.ArrayList.forEach(ArrayList.java:1511)
	at java.base/java.util.ArrayList.forEach(ArrayList.java:1511)
]]></error>
  </testcase>
  <testcase name="pedidoJsonCrudWorks" classname="com.ejemplo.repository.json.JsonRepositoriesTest" time="0.004">
    <error message="Unimplemented method &apos;create&apos;" type="java.lang.UnsupportedOperationException"><![CDATA[java.lang.UnsupportedOperationException: Unimplemented method 'create'
	at com.ejemplo.repository.json.PedidoJsonRepository.create(PedidoJsonRepository.java:25)
	at com.ejemplo.repository.json.JsonRepositoriesTest.pedidoJsonCrudWorks(JsonRepositoriesTest.java:88)
	at java.base/java.lang.reflect.Method.invoke(Method.java:569)
	at java.base/java.util.ArrayList.forEach(ArrayList.java:1511)
	at java.base/java.util.ArrayList.forEach(ArrayList.java:1511)
]]></error>
  </testcase>
</testsuite>