<?xml version="1.0" encoding="UTF-8"?>
<testsuite xmlns:xsi="http://www.w3.org/2001/XMLSchema-instance" xsi:noNamespaceSchemaLocation="https://maven.apache.org/surefire/maven-surefire-plugin/xsd/surefire-test-report-3.0.xsd" version="3.0" name="formacion.dam.SumaYConteoPositivosTest" time="0.036" tests="8" errors="0" skipped="0" failures="1">
  <properties>
[...]
</properties>
  <testcase name="unSoloElementoPositivo" classname="formacion.dam.SumaYConteoPositivosTest" time="0.001"/>
  <testcase name="valoresGrandes_SinOverflowInt" classname="formacion.dam.SumaYConteoPositivosTest" time="0.001"/>
  <testcase name="null_LanzaIllegalArgumentException" classname="formacion.dam.SumaYConteoPositivosTest" time="0.007">
    <failure message="Unexpected exception type thrown, expected: &lt;java.lang.IllegalArgumentException&gt; but was: &lt;java.lang.NullPointerException&gt;" type="org.opentest4j.AssertionFailedError"><![CDATA[org.opentest4j.AssertionFailedError: Unexpected exception type thrown, expected: <java.lang.IllegalArgumentException> but was: <java.lang.NullPointerException>
	at org.junit.jupiter.api.AssertionFailureBuilder.build(AssertionFailureBuilder.java:151)
	at org.junit.jupiter.api.AssertThrows.assertThrows(AssertThrows.java:67)
	at org.junit.jupiter.api.AssertThrows.assertThrows(AssertThrows.java:35)
	at org.junit.jupiter.api.Assertions.assertThrows(Assertions.java:3115)
	at formacion.dam.SumaYConteoPositivosTest.null_LanzaIllegalArgumentException(SumaYConteoPositivosTest.java:38)
	at java.base/java.lang.reflect.Method.invoke(Method.java:569)
	at java.base/java.util.ArrayList.forEach(ArrayList.java:1511)
	at java.base/java.util.ArrayList.forEach(ArrayList.java:1511)
Caused by: java.lang.NullPointerException: Cannot read the array length because "datos" is null
	at formacion.dam.SumaYConteoPositivos.calcular(SumaYConteoPositivos.java:15)
	at formacion.dam.SumaYConteoPositivosTest.lambda$null_LanzaIllegalArgumentException$0(SumaYConteoPositivosTest.java:39)
	at org.junit.jupiter.api.AssertThrows.assertThrows(AssertThrows.java:53)
	... 6 more
]]></failure>
  </testcase>
  <testcase name="arrayVacio_DevuelveCeros" classname="formacion.dam.SumaYConteoPositivosTest" time="0.004"/>
  <testcase name="mezcla_PosYNeg_YZeros" classname="formacion.dam.SumaYConteoPositivosTest" time="0.0"/>
  <testcase name="basico_SumaYConteo" classname="formacion.dam.SumaYConteoPositivosTest" time="0.002"/>
  <testcase name="noModificaElArrayOriginal_YDevuelveNuevaReferencia" classname="formacion.dam.SumaYConteoPositivosTest" time="0.002"/>
  <testcase name="soloNegativosYZeros_ResultadoCero" classname="formacion.dam.SumaYConteoPositivosTest" time="0.001"/>
</testsuite>