-------------------------------------------------------------------------------
Test set: com.docencia.fecha.ejercicio2.Ejercicio02Test
-------------------------------------------------------------------------------
Tests run: 18, Failures: 3, Errors: 15, Skipped: 0, Time elapsed: 0.084 s <<< FAILURE! -- in com.docencia.fecha.ejercicio2.Ejercicio02Test
com.docencia.fecha.ejercicio2.Ejercicio02Test.shouldReturnTrueWhenTimeEqualsInicioInCircularInterval -- Time elapsed: 0.012 s <<< ERROR!
java.lang.UnsupportedOperationException: TODO
	at com.docencia.fecha.ejercicio2.Ejercicio02.estaDentroCircular(Ejercicio02.java:28)
	at com.docencia.fecha.ejercicio2.Ejercicio02Test.shouldReturnTrueWhenTimeEqualsInicioInCircularInterval(Ejercicio02Test.java:69)
	at java.base/java.lang.reflect.Method.invoke(Method.java:569)
	at java.base/java.util.ArrayList.forEach(ArrayList.java:1511)
	at java.base/java.util.ArrayList.forEach(ArrayList.java:1511)

com.docencia.fecha.ejercicio2.Ejercicio02Test.shouldWorkWithSecondsPrecisionNearFinInCircularInterval -- Time elapsed: 0.004 s <<< ERROR!
java.lang.UnsupportedOperationException: TODO
	at com.docencia.fecha.ejercicio2.Ejercicio02.estaDentroCircular(Ejercicio02.java:28)
	at com.docencia.fecha.ejercicio2.Ejercicio02Test.shouldWorkWithSecondsPrecisionNearFinInCircularInterval(Ejercicio02Test.java:95)
	at java.base/java.lang.reflect.Method.invoke(Method.java:569)
	at java.base/java.util.ArrayList.forEach(ArrayList.java:1511)
	at java.base/java.util.ArrayList.forEach(ArrayList.java:1511)

com.docencia.fecha.ejercicio2.Ejercicio02Test.shouldReturnFalseWhenTimeIsBetweenFinAndInicioInCircularInterval -- Time elapsed: 0.001 s <<< ERROR!
java.lang.UnsupportedOperationException: TODO
	at com.docencia.fecha.ejercicio2.Ejercicio02.estaDentroCircular(Ejercicio02.java:28)
	at com.docencia.fecha.ejercicio2.Ejercicio02Test.shouldReturnFalseWhenTimeIsBetweenFinAndInicioInCircularInterval(Ejercicio02Test.java:90)
	at java.base/java.lang.reflect.Method.invoke(Method.java:569)
	at java.base/java.util.ArrayList.forEach(ArrayList.java:1511)
	at java.base/java.util.ArrayList.forEach(ArrayList.java:1511)

com.docencia.fecha.ejercicio2.Ejercicio02Test.shouldReturnTrueWhenTimeInsideNormalInterval -- Time elapsed: 0.004 s <<< ERROR!
java.lang.UnsupportedOperationException: TODO
	at com.docencia.fecha.ejercicio2.Ejercicio02.estaDentroCircular(Ejercicio02.java:28)
	at com.docencia.fecha.ejercicio2.Ejercicio02Test.shouldReturnTrueWhenTimeInsideNormalInterval(Ejercicio02Test.java:52)
	at java.base/java.lang.reflect.Method.invoke(Method.java:569)
	at java.base/java.util.ArrayList.forEach(ArrayList.java:1511)
	at java.base/java.util.ArrayList.forEach(ArrayList.java:1511)

com.docencia.fecha.ejercicio2.Ejercicio02Test.shouldReturnTrueWhenTimeEqualsInicioInNormalInterval -- Time elapsed: 0.004 s <<< ERROR!
java.lang.UnsupportedOperationException: TODO
	at com.docencia.fecha.ejercicio2.Ejercicio02.estaDentroCircular(Ejercicio02.java:28)
	at com.docencia.fecha.ejercicio2.Ejercicio02Test.shouldReturnTrueWhenTimeEqualsInicioInNormalInterval(Ejercicio02Test.java:42)
	at java.base/java.lang.reflect.Method.invoke(Method.java:569)
	at java.base/java.util.ArrayList.forEach(ArrayList.java:1511)
	at java.base/java.util.ArrayList.forEach(ArrayList.java:1511)

com.docencia.fecha.ejercicio2.Ejercicio02Test.shouldReturnFalseWhenTimeEqualsFinInCircularInterval -- Time elapsed: 0.002 s <<< ERROR!
java.lang.UnsupportedOperationException: TODO
	at com.docencia.fecha.ejercicio2.Ejercicio02.estaDentroCircular(Ejercicio02.java:28)
	at com.docencia.fecha.ejercicio2.Ejercicio02Test.shouldReturnFalseWhenTimeEqualsFinInCircularInterval(Ejercicio02Test.java:74)
	at java.base/java.lang.reflect.Method.invoke(Method.java:569)
	at java.base/java.util.ArrayList.forEach(ArrayList.java:1511)
	at java.base/java.util.ArrayList.forEach(ArrayList.java:1511)

com.docencia.fecha.ejercicio2.Ejercicio02Test.shouldReturnFalseWhenTimeEqualsFinInNormalInterval -- Time elapsed: 0.001 s <<< ERROR!
java.lang.UnsupportedOperationException: TODO
	at com.docencia.fecha.ejercicio2.Ejercicio02.estaDentroCircular(Ejercicio02.java:28)
	at com.docencia.fecha.ejercicio2.Ejercicio02Test.shouldReturnFalseWhenTimeEqualsFinInNormalInterval(Ejercicio02Test.java:47)
	at java.base/java.lang.reflect.Method.invoke(Method.java:569)
	at java.base/java.util.ArrayList.forEach(ArrayList.java:1511)
	at java.base/java.util.ArrayList.forEach(ArrayList.java:1511)

com.docencia.fecha.ejercicio2.Ejercicio02Test.shouldReturnFalseWhenTimeBeforeInicioInNormalInterval -- Time elapsed: 0.002 s <<< ERROR!
java.lang.UnsupportedOperationException: TODO
	at com.docencia.fecha.ejercicio2.Ejercicio02.estaDentroCircular(Ejercicio02.java:28)
	at com.docencia.fecha.ejercicio2.Ejercicio02Test.shouldReturnFalseWhenTimeBeforeInicioInNormalInterval(Ejercicio02Test.java:57)
	at java.base/java.lang.reflect.Method.invoke(Method.java:569)
	at java.base/java.util.ArrayList.forEach(ArrayList.java:1511)
	at java.base/java.util.ArrayList.forEach(ArrayList.java:1511)

com.docencia.fecha.ejercicio2.Ejercicio02Test.shouldThrowWhenInicioIsNull -- Time elapsed: 0.001 s <<< FAILURE!
org.opentest4j.AssertionFailedError: Unexpected exception type thrown, expected: <java.lang.IllegalArgumentException> but was: <java.lang.UnsupportedOperationException>
	at org.junit.jupiter.api.AssertionFailureBuilder.build(AssertionFailureBuilder.java:151)
	at org.junit.jupiter.api.AssertThrows.assertThrows(AssertThrows.java:67)
	at org.junit.jupiter.api.AssertThrows.assertThrows(AssertThrows.java:35)
	at org.junit.jupiter.api.Assertions.assertThrows(Assertions.java:3115)
	at com.docencia.fecha.ejercicio2.Ejercicio02Test.shouldThrowWhenInicioIsNull(Ejercicio02Test.java:21)
	at java.base/java.lang.reflect.Method.invoke(Method.java:569)
	at java.base/java.util.ArrayList.forEach(ArrayList.java:1511)
	at java.base/java.util.ArrayList.forEach(ArrayList.java:1511)
Caused by: java.lang.UnsupportedOperationException: TODO
	at com.docencia.fecha.ejercicio2.Ejercicio02.estaDentroCircular(Ejercicio02.java:28)
	at com.docencia.fecha.ejercicio2.Ejercicio02Test.lambda$shouldThrowWhenInicioIsNull$1(Ejercicio02Test.java:22)
	at org.junit.jupiter.api.AssertThrows.assertThrows(AssertThrows.java:53)
	... 6 more

com.docencia.fecha.ejercicio2.Ejercicio02Test.shouldReturnFalseWhenTimeIsExactlyAtFinNormalInterval -- Time elapsed: 0.004 s <<< ERROR!
java.lang.UnsupportedOperationException: TODO
	at com.docencia.fecha.ejercicio2.Ejercicio02.estaDentroCircular(Ejercicio02.java:28)
	at com.docencia.fecha.ejercicio2.Ejercicio02Test.shouldReturnFalseWhenTimeIsExactlyAtFinNormalInterval(Ejercicio02Test.java:109)
	at java.base/java.lang.reflect.Method.invoke(Method.java:569)
	at java.base/java.util.ArrayList.forEach(ArrayList.java:1511)
	at java.base/java.util.ArrayList.forEach(ArrayList.java:1511)

com.docencia.fecha.ejercicio2.Ejercicio02Test.shouldReturnFalseWhenTimeAfterFinInNormalInterval -- Time elapsed: 0.003 s <<< ERROR!
java.lang.UnsupportedOperationException: TODO
	at com.docencia.fecha.ejercicio2.Ejercicio02.estaDentroCircular(Ejercicio02.java:28)
	at com.docencia.fecha.ejercicio2.Ejercicio02Test.shouldReturnFalseWhenTimeAfterFinInNormalInterval(Ejercicio02Test.java:62)
	at java.base/java.lang.reflect.Method.invoke(Method.java:569)
	at java.base/java.util.ArrayList.forEach(ArrayList.java:1511)
	at java.base/java.util.ArrayList.forEach(ArrayList.java:1511)

com.docencia.fecha.ejercicio2.Ejercicio02Test.shouldReturnTrueWhenTimeIsEarlyMorningInCircularInterval -- Time elapsed: 0.001 s <<< ERROR!
java.lang.UnsupportedOperationException: TODO
	at com.docencia.fecha.ejercicio2.Ejercicio02.estaDentroCircular(Ejercicio02.java:28)
	at com.docencia.fecha.ejercicio2.Ejercicio02Test.shouldReturnTrueWhenTimeIsEarlyMorningInCircularInterval(Ejercicio02Test.java:84)
	at java.base/java.lang.reflect.Method.invoke(Method.java:569)
	at java.base/java.util.ArrayList.forEach(ArrayList.java:1511)
	at java.base/java.util.ArrayList.forEach(ArrayList.java:1511)

com.docencia.fecha.ejercicio2.Ejercicio02Test.shouldReturnTrueWhenTimeIsExactlyAtInicioNormalInterval -- Time elapsed: 0.001 s <<< ERROR!
java.lang.UnsupportedOperationException: TODO
	at com.docencia.fecha.ejercicio2.Ejercicio02.estaDentroCircular(Ejercicio02.java:28)
	at com.docencia.fecha.ejercicio2.Ejercicio02Test.shouldReturnTrueWhenTimeIsExactlyAtInicioNormalInterval(Ejercicio02Test.java:114)
	at java.base/java.lang.reflect.Method.invoke(Method.java:569)
	at java.base/java.util.ArrayList.forEach(ArrayList.java:1511)
	at java.base/java.util.ArrayList.forEach(ArrayList.java:1511)

com.docencia.fecha.ejercicio2.Ejercicio02Test.shouldThrowWhenTimeIsNull -- Time elapsed: 0.007 s <<< FAILURE!
org.opentest4j.AssertionFailedError: Unexpected exception type thrown, expected: <java.lang.IllegalArgumentException> but was: <java.lang.UnsupportedOperationException>
	at org.junit.jupiter.api.AssertionFailureBuilder.build(AssertionFailureBuilder.java:151)
	at org.junit.jupiter.api.AssertThrows.assertThrows(AssertThrows.java:67)
	at org.junit.jupiter.api.AssertThrows.assertThrows(AssertThrows.java:35)
	at org.junit.jupiter.api.Assertions.assertThrows(Assertions.java:3115)
	at com.docencia.fecha.ejercicio2.Ejercicio02Test.shouldThrowWhenTimeIsNull(Ejercicio02Test.java:15)
	at java.base/java.lang.reflect.Method.invoke(Method.java:569)
	at java.base/java.util.ArrayList.forEach(ArrayList.java:1511)
	at java.base/java.util.ArrayList.forEach(ArrayList.java:1511)
Caused by: java.lang.UnsupportedOperationException: TODO
	at com.docencia.fecha.ejercicio2.Ejercicio02.estaDentroCircular(Ejercicio02.java:28)
	at com.docencia.fecha.ejercicio2.Ejercicio02Test.lambda$shouldThrowWhenTimeIsNull$0(Ejercicio02Test.java:16)
	at org.junit.jupiter.api.AssertThrows.assertThrows(AssertThrows.java:53)
	... 6 more

com.docencia.fecha.ejercicio2.Ejercicio02Test.shouldReturnTrueWhenTimeIsLateNightInCircularInterval -- Time elapsed: 0.004 s <<< ERROR!
java.lang.UnsupportedOperationException: TODO
	at com.docencia.fecha.ejercicio2.Ejercicio02.estaDentroCircular(Ejercicio02.java:28)
	at com.docencia.fecha.ejercicio2.Ejercicio02Test.shouldReturnTrueWhenTimeIsLateNightInCircularInterval(Ejercicio02Test.java:79)
	at java.base/java.lang.reflect.Method.invoke(Method.java:569)
	at java.base/java.util.ArrayList.forEach(ArrayList.java:1511)
	at java.base/java.util.ArrayList.forEach(ArrayList.java:1511)

com.docencia.fecha.ejercicio2.Ejercicio02Test.shouldThrowWhenFinIsNull -- Time elapsed: 0.001 s <<< FAILURE!
org.opentest4j.AssertionFailedError: Unexpected exception type thrown, expected: <java.lang.IllegalArgumentException> but was: <java.lang.UnsupportedOperationException>
	at org.junit.jupiter.api.AssertionFailureBuilder.build(AssertionFailureBuilder.java:151)
	at org.junit.jupiter.api.AssertThrows.assertThrows(AssertThrows.java:67)
	at org.junit.jupiter.api.AssertThrows.assertThrows(AssertThrows.java:35)
	at org.junit.jupiter.api.Assertions.assertThrows(Assertions.java:3115)
	at com.docencia.fecha.ejercicio2.Ejercicio02Test.shouldThrowWhenFinIsNull(Ejercicio02Test.java:27)
	at java.base/java.lang.reflect.Method.invoke(Method.java:569)
	at java.base/java.util.ArrayList.forEach(ArrayList.java:1511)
	at java.base/java.util.ArrayList.forEach(ArrayList.java:1511)
Caused by: java.lang.UnsupportedOperationException: TODO
	at com.docencia.fecha.ejercicio2.Ejercicio02.estaDentroCircular(Ejercicio02.java:28)
	at com.docencia.fecha.ejercicio2.Ejercicio02Test.lambda$shouldThrowWhenFinIsNull$2(Ejercicio02Test.java:28)
	at org.junit.jupiter.api.AssertThrows.assertThrows(AssertThrows.java:53)
	... 6 more

com.docencia.fecha.ejercicio2.Ejercicio02Test.shouldIncludeLastNanoOfDayInCircularInterval -- Time elapsed: 0.002 s <<< ERROR!
java.lang.UnsupportedOperationException: TODO
	at com.docencia.fecha.ejercicio2.Ejercicio02.estaDentroCircular(Ejercicio02.java:28)
	at com.docencia.fecha.ejercicio2.Ejercicio02Test.shouldIncludeLastNanoOfDayInCircularInterval(Ejercicio02Test.java:101)
	at java.base/java.lang.reflect.Method.invoke(Method.java:569)
	at java.base/java.util.ArrayList.forEach(ArrayList.java:1511)
	at java.base/java.util.ArrayList.forEach(ArrayList.java:1511)

com.docencia.fecha.ejercicio2.Ejercicio02Test.shouldReturnFalseWhenInicioEqualsFinAtSameTime -- Time elapsed: 0 s <<< ERROR!
java.lang.UnsupportedOperationException: TODO
	at com.docencia.fecha.ejercicio2.Ejercicio02.estaDentroCircular(Ejercicio02.java:28)
	at com.docencia.fecha.ejercicio2.Ejercicio02Test.shouldReturnFalseWhenInicioEqualsFinAtSameTime(Ejercicio02Test.java:35)
	at java.base/java.lang.reflect.Method.invoke(Method.java:569)
	at java.base/java.util.ArrayList.forEach(ArrayList.java:1511)
	at java.base/java.util.ArrayList.forEach(ArrayList.java:1511)

