<?xml version="1.0" encoding="UTF-8"?>
<testsuite xmlns:xsi="http://www.w3.org/2001/XMLSchema-instance" xsi:noNamespaceSchemaLocation="https://maven.apache.org/surefire/maven-surefire-plugin/xsd/surefire-test-report-3.0.xsd" version="3.0" name="com.docencia.fecha.ejercicio7.Ejercicio07Test" time="0.051" tests="15" errors="7" skipped="0" failures="8">
  <properties>
[...]
</properties>
  <testcase name="shouldReturnFalseWhenIntervalsJustTouchAtEndStart" classname="com.docencia.fecha.ejercicio7.Ejercicio07Test" time="0.008">
    <error message="TODO" type="java.lang.UnsupportedOperationException"><![CDATA[java.lang.UnsupportedOperationException: TODO
	at com.docencia.fecha.ejercicio7.Ejercicio07.solapan(Ejercicio07.java:25)
	at com.docencia.fecha.ejercicio7.Ejercicio07Test.shouldReturnFalseWhenIntervalsJustTouchAtEndStart(Ejercicio07Test.java:69)
	at java.base/java.lang.reflect.Method.invoke(Method.java:565)
	at java.base/java.util.ArrayList.forEach(ArrayList.java:1604)
	at java.base/java.util.ArrayList.forEach(ArrayList.java:1604)
]]></error>
  </testcase>
  <testcase name="shouldThrowWhenIntervalBStartAfterEnd" classname="com.docencia.fecha.ejercicio7.Ejercicio07Test" time="0.002">
    <failure message="Unexpected exception type thrown, expected: &lt;java.lang.IllegalArgumentException&gt; but was: &lt;java.lang.UnsupportedOperationException&gt;" type="org.opentest4j.AssertionFailedError"><![CDATA[org.opentest4j.AssertionFailedError: Unexpected exception type thrown, expected: <java.lang.IllegalArgumentException> but was: <java.lang.UnsupportedOperationException>
	at org.junit.jupiter.api.AssertionFailureBuilder.build(AssertionFailureBuilder.java:151)
	at org.junit.jupiter.api.AssertThrows.assertThrows(AssertThrows.java:67)
	at org.junit.jupiter.api.AssertThrows.assertThrows(AssertThrows.java:35)
	at org.junit.jupiter.api.Assertions.assertThrows(Assertions.java:3115)
	at com.docencia.fecha.ejercicio7.Ejercicio07Test.shouldThrowWhenIntervalBStartAfterEnd(Ejercicio07Test.java:55)
	at java.base/java.lang.reflect.Method.invoke(Method.java:565)
	at java.base/java.util.ArrayList.forEach(ArrayList.java:1604)
	at java.base/java.util.ArrayList.forEach(ArrayList.java:1604)
Caused by: java.lang.UnsupportedOperationException: TODO
	at com.docencia.fecha.ejercicio7.Ejercicio07.solapan(Ejercicio07.java:25)
	at com.docencia.fecha.ejercicio7.Ejercicio07Test.lambda$shouldThrowWhenIntervalBStartAfterEnd$0(Ejercicio07Test.java:56)
	at org.junit.jupiter.api.AssertThrows.assertThrows(AssertThrows.java:53)
	... 6 more
]]></failure>
  </testcase>
  <testcase name="shouldReturnTrueWhenIntervalsOverlapPartially" classname="com.docencia.fecha.ejercicio7.Ejercicio07Test" time="0.001">
    <error message="TODO" type="java.lang.UnsupportedOperationException"><![CDATA[java.lang.UnsupportedOperationException: TODO
	at com.docencia.fecha.ejercicio7.Ejercicio07.solapan(Ejercicio07.java:25)
	at com.docencia.fecha.ejercicio7.Ejercicio07Test.shouldReturnTrueWhenIntervalsOverlapPartially(Ejercicio07Test.java:62)
	at java.base/java.lang.reflect.Method.invoke(Method.java:565)
	at java.base/java.util.ArrayList.forEach(ArrayList.java:1604)
	at java.base/java.util.ArrayList.forEach(ArrayList.java:1604)
]]></error>
  </testcase>
  <testcase name="shouldReturnFalseWhenIntervalsAreDisjoint" classname="com.docencia.fecha.ejercicio7.Ejercicio07Test" time="0.0">
    <error message="TODO" type="java.lang.UnsupportedOperationException"><![CDATA[java.lang.UnsupportedOperationException: TODO
	at com.docencia.fecha.ejercicio7.Ejercicio07.solapan(Ejercicio07.java:25)
	at com.docencia.fecha.ejercicio7.Ejercicio07Test.shouldReturnFalseWhenIntervalsAreDisjoint(Ejercicio07Test.java:83)
	at java.base/java.lang.reflect.Method.invoke(Method.java:565)
	at java.base/java.util.ArrayList.forEach(ArrayList.java:1604)
	at java.base/java.util.ArrayList.forEach(ArrayList.java:1604)
]]></error>
  </testcase>
  <testcase name="shouldReturnTrueWhenIntervalsOverlapByOneMinute" classname="com.docencia.fecha.ejercicio7.Ejercicio07Test" time="0.001">
    <error message="TODO" type="java.lang.UnsupportedOperationException"><![CDATA[java.lang.UnsupportedOperationException: TODO
	at com.docencia.fecha.ejercicio7.Ejercicio07.solapan(Ejercicio07.java:25)
	at com.docencia.fecha.ejercicio7.Ejercicio07Test.shouldReturnTrueWhenIntervalsOverlapByOneMinute(Ejercicio07Test.java:90)
	at java.base/java.lang.reflect.Method.invoke(Method.java:565)
	at java.base/java.util.ArrayList.forEach(ArrayList.java:1604)
	at java.base/java.util.ArrayList.forEach(ArrayList.java:1604)
]]></error>
  </testcase>
  <testcase name="shouldThrowWhenBIniIsNull" classname="com.docencia.fecha.ejercicio7.Ejercicio07Test" time="0.002">
    <failure message="Unexpected exception type thrown, expected: &lt;java.lang.IllegalArgumentException&gt; but was: &lt;java.lang.UnsupportedOperationException&gt;" type="org.opentest4j.AssertionFailedError"><![CDATA[org.opentest4j.AssertionFailedError: Unexpected exception type thrown, expected: <java.lang.IllegalArgumentException> but was: <java.lang.UnsupportedOperationException>
	at org.junit.jupiter.api.AssertionFailureBuilder.build(AssertionFailureBuilder.java:151)
	at org.junit.jupiter.api.AssertThrows.assertThrows(AssertThrows.java:67)
	at org.junit.jupiter.api.AssertThrows.assertThrows(AssertThrows.java:35)
	at org.junit.jupiter.api.Assertions.assertThrows(Assertions.java:3115)
	at com.docencia.fecha.ejercicio7.Ejercicio07Test.shouldThrowWhenBIniIsNull(Ejercicio07Test.java:25)
	at java.base/java.lang.reflect.Method.invoke(Method.java:565)
	at java.base/java.util.ArrayList.forEach(ArrayList.java:1604)
	at java.base/java.util.ArrayList.forEach(ArrayList.java:1604)
Caused by: java.lang.UnsupportedOperationException: TODO
	at com.docencia.fecha.ejercicio7.Ejercicio07.solapan(Ejercicio07.java:25)
	at com.docencia.fecha.ejercicio7.Ejercicio07Test.lambda$shouldThrowWhenBIniIsNull$0(Ejercicio07Test.java:26)
	at org.junit.jupiter.api.AssertThrows.assertThrows(AssertThrows.java:53)
	... 6 more
]]></failure>
  </testcase>
  <testcase name="shouldThrowWhenAIniIsNull" classname="com.docencia.fecha.ejercicio7.Ejercicio07Test" time="0.001">
    <failure message="Unexpected exception type thrown, expected: &lt;java.lang.IllegalArgumentException&gt; but was: &lt;java.lang.UnsupportedOperationException&gt;" type="org.opentest4j.AssertionFailedError"><![CDATA[org.opentest4j.AssertionFailedError: Unexpected exception type thrown, expected: <java.lang.IllegalArgumentException> but was: <java.lang.UnsupportedOperationException>
	at org.junit.jupiter.api.AssertionFailureBuilder.build(AssertionFailureBuilder.java:151)
	at org.junit.jupiter.api.AssertThrows.assertThrows(AssertThrows.java:67)
	at org.junit.jupiter.api.AssertThrows.assertThrows(AssertThrows.java:35)
	at org.junit.jupiter.api.Assertions.assertThrows(Assertions.java:3115)
	at com.docencia.fecha.ejercicio7.Ejercicio07Test.shouldThrowWhenAIniIsNull(Ejercicio07Test.java:13)
	at java.base/java.lang.reflect.Method.invoke(Method.java:565)
	at java.base/java.util.ArrayList.forEach(ArrayList.java:1604)
	at java.base/java.util.ArrayList.forEach(ArrayList.java:1604)
Caused by: java.lang.UnsupportedOperationException: TODO
	at com.docencia.fecha.ejercicio7.Ejercicio07.solapan(Ejercicio07.java:25)
	at com.docencia.fecha.ejercicio7.Ejercicio07Test.lambda$shouldThrowWhenAIniIsNull$0(Ejercicio07Test.java:14)
	at org.junit.jupiter.api.AssertThrows.assertThrows(AssertThrows.java:53)
	... 6 more
]]></failure>
  </testcase>
  <testcase name="shouldThrowWhenIntervalAStartAfterEnd" classname="com.docencia.fecha.ejercicio7.Ejercicio07Test" time="0.001">
    <failure message="Unexpected exception type thrown, expected: &lt;java.lang.IllegalArgumentException&gt; but was: &lt;java.lang.UnsupportedOperationException&gt;" type="org.opentest4j.AssertionFailedError"><![CDATA[org.opentest4j.AssertionFailedError: Unexpected exception type thrown, expected: <java.lang.IllegalArgumentException> but was: <java.lang.UnsupportedOperationException>
	at org.junit.jupiter.api.AssertionFailureBuilder.build(AssertionFailureBuilder.java:151)
	at org.junit.jupiter.api.AssertThrows.assertThrows(AssertThrows.java:67)
	at org.junit.jupiter.api.AssertThrows.assertThrows(AssertThrows.java:35)
	at org.junit.jupiter.api.Assertions.assertThrows(Assertions.java:3115)
	at com.docencia.fecha.ejercicio7.Ejercicio07Test.shouldThrowWhenIntervalAStartAfterEnd(Ejercicio07Test.java:43)
	at java.base/java.lang.reflect.Method.invoke(Method.java:565)
	at java.base/java.util.ArrayList.forEach(ArrayList.java:1604)
	at java.base/java.util.ArrayList.forEach(ArrayList.java:1604)
Caused by: java.lang.UnsupportedOperationException: TODO
	at com.docencia.fecha.ejercicio7.Ejercicio07.solapan(Ejercicio07.java:25)
	at com.docencia.fecha.ejercicio7.Ejercicio07Test.lambda$shouldThrowWhenIntervalAStartAfterEnd$0(Ejercicio07Test.java:44)
	at org.junit.jupiter.api.AssertThrows.assertThrows(AssertThrows.java:53)
	... 6 more
]]></failure>
  </testcase>
  <testcase name="shouldReturnTrueWhenOneIntervalInsideAnother" classname="com.docencia.fecha.ejercicio7.Ejercicio07Test" time="0.0">
    <error message="TODO" type="java.lang.UnsupportedOperationException"><![CDATA[java.lang.UnsupportedOperationException: TODO
	at com.docencia.fecha.ejercicio7.Ejercicio07.solapan(Ejercicio07.java:25)
	at com.docencia.fecha.ejercicio7.Ejercicio07Test.shouldReturnTrueWhenOneIntervalInsideAnother(Ejercicio07Test.java:76)
	at java.base/java.lang.reflect.Method.invoke(Method.java:565)
	at java.base/java.util.ArrayList.forEach(ArrayList.java:1604)
	at java.base/java.util.ArrayList.forEach(ArrayList.java:1604)
]]></error>
  </testcase>
  <testcase name="shouldReturnTrueWhenAStartsBeforeBEndsAndBStartsBeforeAEnds" classname="com.docencia.fecha.ejercicio7.Ejercicio07Test" time="0.001">
    <error message="TODO" type="java.lang.UnsupportedOperationException"><![CDATA[java.lang.UnsupportedOperationException: TODO
	at com.docencia.fecha.ejercicio7.Ejercicio07.solapan(Ejercicio07.java:25)
	at com.docencia.fecha.ejercicio7.Ejercicio07Test.shouldReturnTrueWhenAStartsBeforeBEndsAndBStartsBeforeAEnds(Ejercicio07Test.java:104)
	at java.base/java.lang.reflect.Method.invoke(Method.java:565)
	at java.base/java.util.ArrayList.forEach(ArrayList.java:1604)
	at java.base/java.util.ArrayList.forEach(ArrayList.java:1604)
]]></error>
  </testcase>
  <testcase name="shouldThrowWhenBFinIsNull" classname="com.docencia.fecha.ejercicio7.Ejercicio07Test" time="0.002">
    <failure message="Unexpected exception type thrown, expected: &lt;java.lang.IllegalArgumentException&gt; but was: &lt;java.lang.UnsupportedOperationException&gt;" type="org.opentest4j.AssertionFailedError"><![CDATA[org.opentest4j.AssertionFailedError: Unexpected exception type thrown, expected: <java.lang.IllegalArgumentException> but was: <java.lang.UnsupportedOperationException>
	at org.junit.jupiter.api.AssertionFailureBuilder.build(AssertionFailureBuilder.java:151)
	at org.junit.jupiter.api.AssertThrows.assertThrows(AssertThrows.java:67)
	at org.junit.jupiter.api.AssertThrows.assertThrows(AssertThrows.java:35)
	at org.junit.jupiter.api.Assertions.assertThrows(Assertions.java:3115)
	at com.docencia.fecha.ejercicio7.Ejercicio07Test.shouldThrowWhenBFinIsNull(Ejercicio07Test.java:31)
	at java.base/java.lang.reflect.Method.invoke(Method.java:565)
	at java.base/java.util.ArrayList.forEach(ArrayList.java:1604)
	at java.base/java.util.ArrayList.forEach(ArrayList.java:1604)
Caused by: java.lang.UnsupportedOperationException: TODO
	at com.docencia.fecha.ejercicio7.Ejercicio07.solapan(Ejercicio07.java:25)
	at com.docencia.fecha.ejercicio7.Ejercicio07Test.lambda$shouldThrowWhenBFinIsNull$0(Ejercicio07Test.java:32)
	at org.junit.jupiter.api.AssertThrows.assertThrows(AssertThrows.java:53)
	... 6 more
]]></failure>
  </testcase>
  <testcase name="shouldReturnFalseWhenBEndsExactlyAtAStart" classname="com.docencia.fecha.ejercicio7.Ejercicio07Test" time="0.001">
    <error message="TODO" type="java.lang.UnsupportedOperationException"><![CDATA[java.lang.UnsupportedOperationException: TODO
	at com.docencia.fecha.ejercicio7.Ejercicio07.solapan(Ejercicio07.java:25)
	at com.docencia.fecha.ejercicio7.Ejercicio07Test.shouldReturnFalseWhenBEndsExactlyAtAStart(Ejercicio07Test.java:97)
	at java.base/java.lang.reflect.Method.invoke(Method.java:565)
	at java.base/java.util.ArrayList.forEach(ArrayList.java:1604)
	at java.base/java.util.ArrayList.forEach(ArrayList.java:1604)
]]></error>
  </testcase>
  <testcase name="shouldThrowWhenAFinIsNull" classname="com.docencia.fecha.ejercicio7.Ejercicio07Test" time="0.002">
    <failure message="Unexpected exception type thrown, expected: &lt;java.lang.IllegalArgumentException&gt; but was: &lt;java.lang.UnsupportedOperationException&gt;" type="org.opentest4j.AssertionFailedError"><![CDATA[org.opentest4j.AssertionFailedError: Unexpected exception type thrown, expected: <java.lang.IllegalArgumentException> but was: <java.lang.UnsupportedOperationException>
	at org.junit.jupiter.api.AssertionFailureBuilder.build(AssertionFailureBuilder.java:151)
	at org.junit.jupiter.api.AssertThrows.assertThrows(AssertThrows.java:67)
	at org.junit.jupiter.api.AssertThrows.assertThrows(AssertThrows.java:35)
	at org.junit.jupiter.api.Assertions.assertThrows(Assertions.java:3115)
	at com.docencia.fecha.ejercicio7.Ejercicio07Test.shouldThrowWhenAFinIsNull(Ejercicio07Test.java:19)
	at java.base/java.lang.reflect.Method.invoke(Method.java:565)
	at java.base/java.util.ArrayList.forEach(ArrayList.java:1604)
	at java.base/java.util.ArrayList.forEach(ArrayList.java:1604)
Caused by: java.lang.UnsupportedOperationException: TODO
	at com.docencia.fecha.ejercicio7.Ejercicio07.solapan(Ejercicio07.java:25)
	at com.docencia.fecha.ejercicio7.Ejercicio07Test.lambda$shouldThrowWhenAFinIsNull$0(Ejercicio07Test.java:20)
	at org.junit.jupiter.api.AssertThrows.assertThrows(AssertThrows.java:53)
	... 6 more
]]></failure>
  </testcase>
  <testcase name="shouldThrowWhenIntervalBHasEqualStartAndEnd" classname="com.docencia.fecha.ejercicio7.Ejercicio07Test" time="0.001">
    <failure message="Unexpected exception type thrown, expected: &lt;java.lang.IllegalArgumentException&gt; but was: &lt;java.lang.UnsupportedOperationException&gt;" type="org.opentest4j.AssertionFailedError"><![CDATA[org.opentest4j.AssertionFailedError: Unexpected exception type thrown, expected: <java.lang.IllegalArgumentException> but was: <java.lang.UnsupportedOperationException>
	at org.junit.jupiter.api.AssertionFailureBuilder.build(AssertionFailureBuilder.java:151)
	at org.junit.jupiter.api.AssertThrows.assertThrows(AssertThrows.java:67)
	at org.junit.jupiter.api.AssertThrows.assertThrows(AssertThrows.java:35)
	at org.junit.jupiter.api.Assertions.assertThrows(Assertions.java:3115)
	at com.docencia.fecha.ejercicio7.Ejercicio07Test.shouldThrowWhenIntervalBHasEqualStartAndEnd(Ejercicio07Test.java:49)
	at java.base/java.lang.reflect.Method.invoke(Method.java:565)
	at java.base/java.util.ArrayList.forEach(ArrayList.java:1604)
	at java.base/java.util.ArrayList.forEach(ArrayList.java:1604)
Caused by: java.lang.UnsupportedOperationException: TODO
	at com.docencia.fecha.ejercicio7.Ejercicio07.solapan(Ejercicio07.java:25)
	at com.docencia.fecha.ejercicio7.Ejercicio07Test.lambda$shouldThrowWhenIntervalBHasEqualStartAndEnd$0(Ejercicio07Test.java:50)
	at org.junit.jupiter.api.AssertThrows.assertThrows(AssertThrows.java:53)
	... 6 more
]]></failure>
  </testcase>
  <testcase name="shouldThrowWhenIntervalAHasEqualStartAndEnd" classname="com.docencia.fecha.ejercicio7.Ejercicio07Test" time="0.001">
    <failure message="Unexpected exception type thrown, expected: &lt;java.lang.IllegalArgumentException&gt; but was: &lt;java.lang.UnsupportedOperationException&gt;" type="org.opentest4j.AssertionFailedError"><![CDATA[org.opentest4j.AssertionFailedError: Unexpected exception type thrown, expected: <java.lang.IllegalArgumentException> but was: <java.lang.UnsupportedOperationException>
	at org.junit.jupiter.api.AssertionFailureBuilder.build(AssertionFailureBuilder.java:151)
	at org.junit.jupiter.api.AssertThrows.assertThrows(AssertThrows.java:67)
	at org.junit.jupiter.api.AssertThrows.assertThrows(AssertThrows.java:35)
	at org.junit.jupiter.api.Assertions.assertThrows(Assertions.java:3115)
	at com.docencia.fecha.ejercicio7.Ejercicio07Test.shouldThrowWhenIntervalAHasEqualStartAndEnd(Ejercicio07Test.java:37)
	at java.base/java.lang.reflect.Method.invoke(Method.java:565)
	at java.base/java.util.ArrayList.forEach(ArrayList.java:1604)
	at java.base/java.util.ArrayList.forEach(ArrayList.java:1604)
Caused by: java.lang.UnsupportedOperationException: TODO
	at com.docencia.fecha.ejercicio7.Ejercicio07.solapan(Ejercicio07.java:25)
	at com.docencia.fecha.ejercicio7.Ejercicio07Test.lambda$shouldThrowWhenIntervalAHasEqualStartAndEnd$0(Ejercicio07Test.java:38)
	at org.junit.jupiter.api.AssertThrows.assertThrows(AssertThrows.java:53)
	... 6 more
]]></failure>
  </testcase>
</testsuite>