<?xml version="1.0" encoding="UTF-8"?>
<testsuite xmlns:xsi="http://www.w3.org/2001/XMLSchema-instance" xsi:noNamespaceSchemaLocation="https://maven.apache.org/surefire/maven-surefire-plugin/xsd/surefire-test-report-3.0.xsd" version="3.0" name="com.docencia.expresiones.ejercicio8.Ejercicio08Test" time="0.024" tests="15" errors="15" skipped="0" failures="0">
  <properties>
[...]
</properties>
  <testcase name="shouldRejectOctetOutOfRange256Test" classname="com.docencia.expresiones.ejercicio8.Ejercicio08Test" time="0.002">
    <error message="TODO" type="java.lang.UnsupportedOperationException"><![CDATA[java.lang.UnsupportedOperationException: TODO
	at com.docencia.expresiones.ejercicio8.Ejercicio08.isValidIPv4(Ejercicio08.java:16)
	at com.docencia.expresiones.ejercicio8.Ejercicio08Test.shouldRejectOctetOutOfRange256Test(Ejercicio08Test.java:42)
	at java.base/java.lang.reflect.Method.invoke(Method.java:569)
	at java.base/java.util.ArrayList.forEach(ArrayList.java:1511)
	at java.base/java.util.ArrayList.forEach(ArrayList.java:1511)
]]></error>
  </testcase>
  <testcase name="shouldRejectNullTest" classname="com.docencia.expresiones.ejercicio8.Ejercicio08Test" time="0.0">
    <error message="TODO" type="java.lang.UnsupportedOperationException"><![CDATA[java.lang.UnsupportedOperationException: TODO
	at com.docencia.expresiones.ejercicio8.Ejercicio08.isValidIPv4(Ejercicio08.java:16)
	at com.docencia.expresiones.ejercicio8.Ejercicio08Test.shouldRejectNullTest(Ejercicio08Test.java:106)
	at java.base/java.lang.reflect.Method.invoke(Method.java:569)
	at java.base/java.util.ArrayList.forEach(ArrayList.java:1511)
	at java.base/java.util.ArrayList.forEach(ArrayList.java:1511)
]]></error>
  </testcase>
  <testcase name="shouldRejectLeadingZeroInOctetTest" classname="com.docencia.expresiones.ejercicio8.Ejercicio08Test" time="0.001">
    <error message="TODO" type="java.lang.UnsupportedOperationException"><![CDATA[java.lang.UnsupportedOperationException: TODO
	at com.docencia.expresiones.ejercicio8.Ejercicio08.isValidIPv4(Ejercicio08.java:16)
	at com.docencia.expresiones.ejercicio8.Ejercicio08Test.shouldRejectLeadingZeroInOctetTest(Ejercicio08Test.java:70)
	at java.base/java.lang.reflect.Method.invoke(Method.java:569)
	at java.base/java.util.ArrayList.forEach(ArrayList.java:1511)
	at java.base/java.util.ArrayList.forEach(ArrayList.java:1511)
]]></error>
  </testcase>
  <testcase name="shouldAcceptValidBoundaryValuesTest" classname="com.docencia.expresiones.ejercicio8.Ejercicio08Test" time="0.001">
    <error message="TODO" type="java.lang.UnsupportedOperationException"><![CDATA[java.lang.UnsupportedOperationException: TODO
	at com.docencia.expresiones.ejercicio8.Ejercicio08.isValidIPv4(Ejercicio08.java:16)
	at com.docencia.expresiones.ejercicio8.Ejercicio08Test.shouldAcceptValidBoundaryValuesTest(Ejercicio08Test.java:32)
	at java.base/java.lang.reflect.Method.invoke(Method.java:569)
	at java.base/java.util.ArrayList.forEach(ArrayList.java:1511)
	at java.base/java.util.ArrayList.forEach(ArrayList.java:1511)
]]></error>
  </testcase>
  <testcase name="shouldRejectSpacesTest" classname="com.docencia.expresiones.ejercicio8.Ejercicio08Test" time="0.001">
    <error message="TODO" type="java.lang.UnsupportedOperationException"><![CDATA[java.lang.UnsupportedOperationException: TODO
	at com.docencia.expresiones.ejercicio8.Ejercicio08.isValidIPv4(Ejercicio08.java:16)
	at com.docencia.expresiones.ejercicio8.Ejercicio08Test.shouldRejectSpacesTest(Ejercicio08Test.java:96)
	at java.base/java.lang.reflect.Method.invoke(Method.java:569)
	at java.base/java.util.ArrayList.forEach(ArrayList.java:1511)
	at java.base/java.util.ArrayList.forEach(ArrayList.java:1511)
]]></error>
  </testcase>
  <testcase name="shouldRejectNonNumericTest" classname="com.docencia.expresiones.ejercicio8.Ejercicio08Test" time="0.001">
    <error message="TODO" type="java.lang.UnsupportedOperationException"><![CDATA[java.lang.UnsupportedOperationException: TODO
	at com.docencia.expresiones.ejercicio8.Ejercicio08.isValidIPv4(Ejercicio08.java:16)
	at com.docencia.expresiones.ejercicio8.Ejercicio08Test.shouldRejectNonNumericTest(Ejercicio08Test.java:84)
	at java.base/java.lang.reflect.Method.invoke(Method.java:569)
	at java.base/java.util.ArrayList.forEach(ArrayList.java:1511)
	at java.base/java.util.ArrayList.forEach(ArrayList.java:1511)
]]></error>
  </testcase>
  <testcase name="shouldAcceptValidIp255_255_255_255Test" classname="com.docencia.expresiones.ejercicio8.Ejercicio08Test" time="0.001">
    <error message="TODO" type="java.lang.UnsupportedOperationException"><![CDATA[java.lang.UnsupportedOperationException: TODO
	at com.docencia.expresiones.ejercicio8.Ejercicio08.isValidIPv4(Ejercicio08.java:16)
	at com.docencia.expresiones.ejercicio8.Ejercicio08Test.shouldAcceptValidIp255_255_255_255Test(Ejercicio08Test.java:20)
	at java.base/java.lang.reflect.Method.invoke(Method.java:569)
	at java.base/java.util.ArrayList.forEach(ArrayList.java:1511)
	at java.base/java.util.ArrayList.forEach(ArrayList.java:1511)
]]></error>
  </testcase>
  <testcase name="shouldRejectMissingOctetTest" classname="com.docencia.expresiones.ejercicio8.Ejercicio08Test" time="0.0">
    <error message="TODO" type="java.lang.UnsupportedOperationException"><![CDATA[java.lang.UnsupportedOperationException: TODO
	at com.docencia.expresiones.ejercicio8.Ejercicio08.isValidIPv4(Ejercicio08.java:16)
	at com.docencia.expresiones.ejercicio8.Ejercicio08Test.shouldRejectMissingOctetTest(Ejercicio08Test.java:56)
	at java.base/java.lang.reflect.Method.invoke(Method.java:569)
	at java.base/java.util.ArrayList.forEach(ArrayList.java:1511)
	at java.base/java.util.ArrayList.forEach(ArrayList.java:1511)
]]></error>
  </testcase>
  <testcase name="shouldRejectOctetOutOfRange999Test" classname="com.docencia.expresiones.ejercicio8.Ejercicio08Test" time="0.001">
    <error message="TODO" type="java.lang.UnsupportedOperationException"><![CDATA[java.lang.UnsupportedOperationException: TODO
	at com.docencia.expresiones.ejercicio8.Ejercicio08.isValidIPv4(Ejercicio08.java:16)
	at com.docencia.expresiones.ejercicio8.Ejercicio08Test.shouldRejectOctetOutOfRange999Test(Ejercicio08Test.java:48)
	at java.base/java.lang.reflect.Method.invoke(Method.java:569)
	at java.base/java.util.ArrayList.forEach(ArrayList.java:1511)
	at java.base/java.util.ArrayList.forEach(ArrayList.java:1511)
]]></error>
  </testcase>
  <testcase name="shouldRejectMultipleLeadingZerosTest" classname="com.docencia.expresiones.ejercicio8.Ejercicio08Test" time="0.001">
    <error message="TODO" type="java.lang.UnsupportedOperationException"><![CDATA[java.lang.UnsupportedOperationException: TODO
	at com.docencia.expresiones.ejercicio8.Ejercicio08.isValidIPv4(Ejercicio08.java:16)
	at com.docencia.expresiones.ejercicio8.Ejercicio08Test.shouldRejectMultipleLeadingZerosTest(Ejercicio08Test.java:76)
	at java.base/java.lang.reflect.Method.invoke(Method.java:569)
	at java.base/java.util.ArrayList.forEach(ArrayList.java:1511)
	at java.base/java.util.ArrayList.forEach(ArrayList.java:1511)
]]></error>
  </testcase>
  <testcase name="shouldAcceptValidIp0_0_0_0Test" classname="com.docencia.expresiones.ejercicio8.Ejercicio08Test" time="0.001">
    <error message="TODO" type="java.lang.UnsupportedOperationException"><![CDATA[java.lang.UnsupportedOperationException: TODO
	at com.docencia.expresiones.ejercicio8.Ejercicio08.isValidIPv4(Ejercicio08.java:16)
	at com.docencia.expresiones.ejercicio8.Ejercicio08Test.shouldAcceptValidIp0_0_0_0Test(Ejercicio08Test.java:14)
	at java.base/java.lang.reflect.Method.invoke(Method.java:569)
	at java.base/java.util.ArrayList.forEach(ArrayList.java:1511)
	at java.base/java.util.ArrayList.forEach(ArrayList.java:1511)
]]></error>
  </testcase>
  <testcase name="shouldRejectTooManyOctetsTest" classname="com.docencia.expresiones.ejercicio8.Ejercicio08Test" time="0.001">
    <error message="TODO" type="java.lang.UnsupportedOperationException"><![CDATA[java.lang.UnsupportedOperationException: TODO
	at com.docencia.expresiones.ejercicio8.Ejercicio08.isValidIPv4(Ejercicio08.java:16)
	at com.docencia.expresiones.ejercicio8.Ejercicio08Test.shouldRejectTooManyOctetsTest(Ejercicio08Test.java:62)
	at java.base/java.lang.reflect.Method.invoke(Method.java:569)
	at java.base/java.util.ArrayList.forEach(ArrayList.java:1511)
	at java.base/java.util.ArrayList.forEach(ArrayList.java:1511)
]]></error>
  </testcase>
  <testcase name="shouldRejectEmptyStringTest" classname="com.docencia.expresiones.ejercicio8.Ejercicio08Test" time="0.001">
    <error message="TODO" type="java.lang.UnsupportedOperationException"><![CDATA[java.lang.UnsupportedOperationException: TODO
	at com.docencia.expresiones.ejercicio8.Ejercicio08.isValidIPv4(Ejercicio08.java:16)
	at com.docencia.expresiones.ejercicio8.Ejercicio08Test.shouldRejectEmptyStringTest(Ejercicio08Test.java:112)
	at java.base/java.lang.reflect.Method.invoke(Method.java:569)
	at java.base/java.util.ArrayList.forEach(ArrayList.java:1511)
	at java.base/java.util.ArrayList.forEach(ArrayList.java:1511)
]]></error>
  </testcase>
  <testcase name="shouldRejectTrailingDotTest" classname="com.docencia.expresiones.ejercicio8.Ejercicio08Test" time="0.001">
    <error message="TODO" type="java.lang.UnsupportedOperationException"><![CDATA[java.lang.UnsupportedOperationException: TODO
	at com.docencia.expresiones.ejercicio8.Ejercicio08.isValidIPv4(Ejercicio08.java:16)
	at com.docencia.expresiones.ejercicio8.Ejercicio08Test.shouldRejectTrailingDotTest(Ejercicio08Test.java:90)
	at java.base/java.lang.reflect.Method.invoke(Method.java:569)
	at java.base/java.util.ArrayList.forEach(ArrayList.java:1511)
	at java.base/java.util.ArrayList.forEach(ArrayList.java:1511)
]]></error>
  </testcase>
  <testcase name="shouldAcceptValidIp192_168_1_10Test" classname="com.docencia.expresiones.ejercicio8.Ejercicio08Test" time="0.0">
    <error message="TODO" type="java.lang.UnsupportedOperationException"><![CDATA[java.lang.UnsupportedOperationException: TODO
	at com.docencia.expresiones.ejercicio8.Ejercicio08.isValidIPv4(Ejercicio08.java:16)
	at com.docencia.expresiones.ejercicio8.Ejercicio08Test.shouldAcceptValidIp192_168_1_10Test(Ejercicio08Test.java:26)
	at java.base/java.lang.reflect.Method.invoke(Method.java:569)
	at java.base/java.util.ArrayList.forEach(ArrayList.java:1511)
	at java.base/java.util.ArrayList.forEach(ArrayList.java:1511)
]]></error>
  </testcase>
</testsuite>