<?xml version="1.0" encoding="UTF-8"?>
<testsuite xmlns:xsi="http://www.w3.org/2001/XMLSchema-instance" xsi:noNamespaceSchemaLocation="https://maven.apache.org/surefire/maven-surefire-plugin/xsd/surefire-test-report-3.0.xsd" version="3.0" name="com.docencia.fecha.ejercicio10.Ejercicio10Test" time="0.026" tests="12" errors="8" skipped="0" failures="4">
  <properties>
[...]
</properties>
  <testcase name="shouldGenerateAlarmsWithCorrectStepWithinSameDay" classname="com.docencia.fecha.ejercicio10.Ejercicio10Test" time="0.004">
    <error message="TODO" type="java.lang.UnsupportedOperationException"><![CDATA[java.lang.UnsupportedOperationException: TODO
	at com.docencia.fecha.ejercicio10.Ejercicio10.generarAlarmas(Ejercicio10.java:25)
	at com.docencia.fecha.ejercicio10.Ejercicio10Test.shouldGenerateAlarmsWithCorrectStepWithinSameDay(Ejercicio10Test.java:52)
	at java.base/java.lang.reflect.Method.invoke(Method.java:565)
	at java.base/java.util.ArrayList.forEach(ArrayList.java:1604)
	at java.base/java.util.ArrayList.forEach(ArrayList.java:1604)
]]></error>
  </testcase>
  <testcase name="shouldIncludeInicioAsFirstAlarm" classname="com.docencia.fecha.ejercicio10.Ejercicio10Test" time="0.001">
    <error message="TODO" type="java.lang.UnsupportedOperationException"><![CDATA[java.lang.UnsupportedOperationException: TODO
	at com.docencia.fecha.ejercicio10.Ejercicio10.generarAlarmas(Ejercicio10.java:25)
	at com.docencia.fecha.ejercicio10.Ejercicio10Test.shouldIncludeInicioAsFirstAlarm(Ejercicio10Test.java:46)
	at java.base/java.lang.reflect.Method.invoke(Method.java:565)
	at java.base/java.util.ArrayList.forEach(ArrayList.java:1604)
	at java.base/java.util.ArrayList.forEach(ArrayList.java:1604)
]]></error>
  </testcase>
  <testcase name="shouldReturnEmptyListWhenNIsZero" classname="com.docencia.fecha.ejercicio10.Ejercicio10Test" time="0.001">
    <error message="TODO" type="java.lang.UnsupportedOperationException"><![CDATA[java.lang.UnsupportedOperationException: TODO
	at com.docencia.fecha.ejercicio10.Ejercicio10.generarAlarmas(Ejercicio10.java:25)
	at com.docencia.fecha.ejercicio10.Ejercicio10Test.shouldReturnEmptyListWhenNIsZero(Ejercicio10Test.java:39)
	at java.base/java.lang.reflect.Method.invoke(Method.java:565)
	at java.base/java.util.ArrayList.forEach(ArrayList.java:1604)
	at java.base/java.util.ArrayList.forEach(ArrayList.java:1604)
]]></error>
  </testcase>
  <testcase name="shouldWrapToNextDayWhenCrossingMidnight" classname="com.docencia.fecha.ejercicio10.Ejercicio10Test" time="0.001">
    <error message="TODO" type="java.lang.UnsupportedOperationException"><![CDATA[java.lang.UnsupportedOperationException: TODO
	at com.docencia.fecha.ejercicio10.Ejercicio10.generarAlarmas(Ejercicio10.java:25)
	at com.docencia.fecha.ejercicio10.Ejercicio10Test.shouldWrapToNextDayWhenCrossingMidnight(Ejercicio10Test.java:63)
	at java.base/java.lang.reflect.Method.invoke(Method.java:565)
	at java.base/java.util.ArrayList.forEach(ArrayList.java:1604)
	at java.base/java.util.ArrayList.forEach(ArrayList.java:1604)
]]></error>
  </testcase>
  <testcase name="shouldHandleLargeStepValues" classname="com.docencia.fecha.ejercicio10.Ejercicio10Test" time="0.0">
    <error message="TODO" type="java.lang.UnsupportedOperationException"><![CDATA[java.lang.UnsupportedOperationException: TODO
	at com.docencia.fecha.ejercicio10.Ejercicio10.generarAlarmas(Ejercicio10.java:25)
	at com.docencia.fecha.ejercicio10.Ejercicio10Test.shouldHandleLargeStepValues(Ejercicio10Test.java:75)
	at java.base/java.lang.reflect.Method.invoke(Method.java:565)
	at java.base/java.util.ArrayList.forEach(ArrayList.java:1604)
	at java.base/java.util.ArrayList.forEach(ArrayList.java:1604)
]]></error>
  </testcase>
  <testcase name="shouldPreserveSecondsAndNanosFromInicio" classname="com.docencia.fecha.ejercicio10.Ejercicio10Test" time="0.0">
    <error message="TODO" type="java.lang.UnsupportedOperationException"><![CDATA[java.lang.UnsupportedOperationException: TODO
	at com.docencia.fecha.ejercicio10.Ejercicio10.generarAlarmas(Ejercicio10.java:25)
	at com.docencia.fecha.ejercicio10.Ejercicio10Test.shouldPreserveSecondsAndNanosFromInicio(Ejercicio10Test.java:87)
	at java.base/java.lang.reflect.Method.invoke(Method.java:565)
	at java.base/java.util.ArrayList.forEach(ArrayList.java:1604)
	at java.base/java.util.ArrayList.forEach(ArrayList.java:1604)
]]></error>
  </testcase>
  <testcase name="shouldThrowWhenNIsNegative" classname="com.docencia.fecha.ejercicio10.Ejercicio10Test" time="0.002">
    <failure message="Unexpected exception type thrown, expected: &lt;java.lang.IllegalArgumentException&gt; but was: &lt;java.lang.UnsupportedOperationException&gt;" type="org.opentest4j.AssertionFailedError"><![CDATA[org.opentest4j.AssertionFailedError: Unexpected exception type thrown, expected: <java.lang.IllegalArgumentException> but was: <java.lang.UnsupportedOperationException>
	at org.junit.jupiter.api.AssertionFailureBuilder.build(AssertionFailureBuilder.java:151)
	at org.junit.jupiter.api.AssertThrows.assertThrows(AssertThrows.java:67)
	at org.junit.jupiter.api.AssertThrows.assertThrows(AssertThrows.java:35)
	at org.junit.jupiter.api.Assertions.assertThrows(Assertions.java:3115)
	at com.docencia.fecha.ejercicio10.Ejercicio10Test.shouldThrowWhenNIsNegative(Ejercicio10Test.java:33)
	at java.base/java.lang.reflect.Method.invoke(Method.java:565)
	at java.base/java.util.ArrayList.forEach(ArrayList.java:1604)
	at java.base/java.util.ArrayList.forEach(ArrayList.java:1604)
Caused by: java.lang.UnsupportedOperationException: TODO
	at com.docencia.fecha.ejercicio10.Ejercicio10.generarAlarmas(Ejercicio10.java:25)
	at com.docencia.fecha.ejercicio10.Ejercicio10Test.lambda$shouldThrowWhenNIsNegative$0(Ejercicio10Test.java:34)
	at org.junit.jupiter.api.AssertThrows.assertThrows(AssertThrows.java:53)
	... 6 more
]]></failure>
  </testcase>
  <testcase name="shouldThrowWhenInicioIsNull" classname="com.docencia.fecha.ejercicio10.Ejercicio10Test" time="0.001">
    <failure message="Unexpected exception type thrown, expected: &lt;java.lang.IllegalArgumentException&gt; but was: &lt;java.lang.UnsupportedOperationException&gt;" type="org.opentest4j.AssertionFailedError"><![CDATA[org.opentest4j.AssertionFailedError: Unexpected exception type thrown, expected: <java.lang.IllegalArgumentException> but was: <java.lang.UnsupportedOperationException>
	at org.junit.jupiter.api.AssertionFailureBuilder.build(AssertionFailureBuilder.java:151)
	at org.junit.jupiter.api.AssertThrows.assertThrows(AssertThrows.java:67)
	at org.junit.jupiter.api.AssertThrows.assertThrows(AssertThrows.java:35)
	at org.junit.jupiter.api.Assertions.assertThrows(Assertions.java:3115)
	at com.docencia.fecha.ejercicio10.Ejercicio10Test.shouldThrowWhenInicioIsNull(Ejercicio10Test.java:15)
	at java.base/java.lang.reflect.Method.invoke(Method.java:565)
	at java.base/java.util.ArrayList.forEach(ArrayList.java:1604)
	at java.base/java.util.ArrayList.forEach(ArrayList.java:1604)
Caused by: java.lang.UnsupportedOperationException: TODO
	at com.docencia.fecha.ejercicio10.Ejercicio10.generarAlarmas(Ejercicio10.java:25)
	at com.docencia.fecha.ejercicio10.Ejercicio10Test.lambda$shouldThrowWhenInicioIsNull$0(Ejercicio10Test.java:16)
	at org.junit.jupiter.api.AssertThrows.assertThrows(AssertThrows.java:53)
	... 6 more
]]></failure>
  </testcase>
  <testcase name="shouldReturnListWithRequestedSize" classname="com.docencia.fecha.ejercicio10.Ejercicio10Test" time="0.001">
    <error message="TODO" type="java.lang.UnsupportedOperationException"><![CDATA[java.lang.UnsupportedOperationException: TODO
	at com.docencia.fecha.ejercicio10.Ejercicio10.generarAlarmas(Ejercicio10.java:25)
	at com.docencia.fecha.ejercicio10.Ejercicio10Test.shouldReturnListWithRequestedSize(Ejercicio10Test.java:110)
	at java.base/java.lang.reflect.Method.invoke(Method.java:565)
	at java.base/java.util.ArrayList.forEach(ArrayList.java:1604)
	at java.base/java.util.ArrayList.forEach(ArrayList.java:1604)
]]></error>
  </testcase>
  <testcase name="shouldThrowWhenPasoMinIsZero" classname="com.docencia.fecha.ejercicio10.Ejercicio10Test" time="0.002">
    <failure message="Unexpected exception type thrown, expected: &lt;java.lang.IllegalArgumentException&gt; but was: &lt;java.lang.UnsupportedOperationException&gt;" type="org.opentest4j.AssertionFailedError"><![CDATA[org.opentest4j.AssertionFailedError: Unexpected exception type thrown, expected: <java.lang.IllegalArgumentException> but was: <java.lang.UnsupportedOperationException>
	at org.junit.jupiter.api.AssertionFailureBuilder.build(AssertionFailureBuilder.java:151)
	at org.junit.jupiter.api.AssertThrows.assertThrows(AssertThrows.java:67)
	at org.junit.jupiter.api.AssertThrows.assertThrows(AssertThrows.java:35)
	at org.junit.jupiter.api.Assertions.assertThrows(Assertions.java:3115)
	at com.docencia.fecha.ejercicio10.Ejercicio10Test.shouldThrowWhenPasoMinIsZero(Ejercicio10Test.java:21)
	at java.base/java.lang.reflect.Method.invoke(Method.java:565)
	at java.base/java.util.ArrayList.forEach(ArrayList.java:1604)
	at java.base/java.util.ArrayList.forEach(ArrayList.java:1604)
Caused by: java.lang.UnsupportedOperationException: TODO
	at com.docencia.fecha.ejercicio10.Ejercicio10.generarAlarmas(Ejercicio10.java:25)
	at com.docencia.fecha.ejercicio10.Ejercicio10Test.lambda$shouldThrowWhenPasoMinIsZero$0(Ejercicio10Test.java:22)
	at org.junit.jupiter.api.AssertThrows.assertThrows(AssertThrows.java:53)
	... 6 more
]]></failure>
  </testcase>
  <testcase name="shouldPreserveSecondsAndNanosWhenWrappingMidnight" classname="com.docencia.fecha.ejercicio10.Ejercicio10Test" time="0.002">
    <error message="TODO" type="java.lang.UnsupportedOperationException"><![CDATA[java.lang.UnsupportedOperationException: TODO
	at com.docencia.fecha.ejercicio10.Ejercicio10.generarAlarmas(Ejercicio10.java:25)
	at com.docencia.fecha.ejercicio10.Ejercicio10Test.shouldPreserveSecondsAndNanosWhenWrappingMidnight(Ejercicio10Test.java:99)
	at java.base/java.lang.reflect.Method.invoke(Method.java:565)
	at java.base/java.util.ArrayList.forEach(ArrayList.java:1604)
	at java.base/java.util.ArrayList.forEach(ArrayList.java:1604)
]]></error>
  </testcase>
  <testcase name="shouldThrowWhenPasoMinIsNegative" classname="com.docencia.fecha.ejercicio10.Ejercicio10Test" time="0.001">
    <failure message="Unexpected exception type thrown, expected: &lt;java.lang.IllegalArgumentException&gt; but was: &lt;java.lang.UnsupportedOperationException&gt;" type="org.opentest4j.AssertionFailedError"><![CDATA[org.opentest4j.AssertionFailedError: Unexpected exception type thrown, expected: <java.lang.IllegalArgumentException> but was: <java.lang.UnsupportedOperationException>
	at org.junit.jupiter.api.AssertionFailureBuilder.build(AssertionFailureBuilder.java:151)
	at org.junit.jupiter.api.AssertThrows.assertThrows(AssertThrows.java:67)
	at org.junit.jupiter.api.AssertThrows.assertThrows(AssertThrows.java:35)
	at org.junit.jupiter.api.Assertions.assertThrows(Assertions.java:3115)
	at com.docencia.fecha.ejercicio10.Ejercicio10Test.shouldThrowWhenPasoMinIsNegative(Ejercicio10Test.java:27)
	at java.base/java.lang.reflect.Method.invoke(Method.java:565)
	at java.base/java.util.ArrayList.forEach(ArrayList.java:1604)
	at java.base/java.util.ArrayList.forEach(ArrayList.java:1604)
Caused by: java.lang.UnsupportedOperationException: TODO
	at com.docencia.fecha.ejercicio10.Ejercicio10.generarAlarmas(Ejercicio10.java:25)
	at com.docencia.fecha.ejercicio10.Ejercicio10Test.lambda$shouldThrowWhenPasoMinIsNegative$0(Ejercicio10Test.java:28)
	at org.junit.jupiter.api.AssertThrows.assertThrows(AssertThrows.java:53)
	... 6 more
]]></failure>
  </testcase>
</testsuite>