<?xml version="1.0" encoding="UTF-8"?>
<testsuite xmlns:xsi="http://www.w3.org/2001/XMLSchema-instance" xsi:noNamespaceSchemaLocation="https://maven.apache.org/surefire/maven-surefire-plugin/xsd/surefire-test-report-3.0.xsd" version="3.0" name="com.docencia.expresiones.ejercicio3.Ejercicio03Test" time="0.159" tests="11" errors="0" skipped="0" failures="3">
  <properties>
[...]
</properties>
  <testcase name="shouldRejectNullTest" classname="com.docencia.expresiones.ejercicio3.Ejercicio03Test" time="0.045"/>
  <testcase name="shouldRejectDoubleAtTest" classname="com.docencia.expresiones.ejercicio3.Ejercicio03Test" time="0.002"/>
  <testcase name="shouldRejectDoubleDotTest" classname="com.docencia.expresiones.ejercicio3.Ejercicio03Test" time="0.01">
    <failure message="expected: &lt;false&gt; but was: &lt;true&gt;" type="org.opentest4j.AssertionFailedError"><![CDATA[org.opentest4j.AssertionFailedError: expected: <false> but was: <true>
	at org.junit.jupiter.api.AssertionFailureBuilder.build(AssertionFailureBuilder.java:151)
	at org.junit.jupiter.api.AssertionFailureBuilder.buildAndThrow(AssertionFailureBuilder.java:132)
	at org.junit.jupiter.api.AssertFalse.failNotFalse(AssertFalse.java:63)
	at org.junit.jupiter.api.AssertFalse.assertFalse(AssertFalse.java:36)
	at org.junit.jupiter.api.AssertFalse.assertFalse(AssertFalse.java:31)
	at org.junit.jupiter.api.Assertions.assertFalse(Assertions.java:231)
	at com.docencia.expresiones.ejercicio3.Ejercicio03Test.shouldRejectDoubleDotTest(Ejercicio03Test.java:69)
	at java.base/java.lang.reflect.Method.invoke(Method.java:580)
	at java.base/java.util.ArrayList.forEach(ArrayList.java:1596)
	at java.base/java.util.ArrayList.forEach(ArrayList.java:1596)
]]></failure>
  </testcase>
  <testcase name="shouldAcceptValidEmailWithDotsAndPlusTest" classname="com.docencia.expresiones.ejercicio3.Ejercicio03Test" time="0.007">
    <failure message="expected: &lt;true&gt; but was: &lt;false&gt;" type="org.opentest4j.AssertionFailedError"><![CDATA[org.opentest4j.AssertionFailedError: expected: <true> but was: <false>
	at org.junit.jupiter.api.AssertionFailureBuilder.build(AssertionFailureBuilder.java:151)
	at org.junit.jupiter.api.AssertionFailureBuilder.buildAndThrow(AssertionFailureBuilder.java:132)
	at org.junit.jupiter.api.AssertTrue.failNotTrue(AssertTrue.java:63)
	at org.junit.jupiter.api.AssertTrue.assertTrue(AssertTrue.java:36)
	at org.junit.jupiter.api.AssertTrue.assertTrue(AssertTrue.java:31)
	at org.junit.jupiter.api.Assertions.assertTrue(Assertions.java:183)
	at com.docencia.expresiones.ejercicio3.Ejercicio03Test.shouldAcceptValidEmailWithDotsAndPlusTest(Ejercicio03Test.java:21)
	at java.base/java.lang.reflect.Method.invoke(Method.java:580)
	at java.base/java.util.ArrayList.forEach(ArrayList.java:1596)
	at java.base/java.util.ArrayList.forEach(ArrayList.java:1596)
]]></failure>
  </testcase>
  <testcase name="shouldRejectEmptyStringTest" classname="com.docencia.expresiones.ejercicio3.Ejercicio03Test" time="0.004"/>
  <testcase name="shouldRejectLeadingOrTrailingSpacesTest" classname="com.docencia.expresiones.ejercicio3.Ejercicio03Test" time="0.004"/>
  <testcase name="shouldRejectDomainWithoutDotTest" classname="com.docencia.expresiones.ejercicio3.Ejercicio03Test" time="0.002"/>
  <testcase name="shouldRejectEmptyLocalPartTest" classname="com.docencia.expresiones.ejercicio3.Ejercicio03Test" time="0.001"/>
  <testcase name="shouldAcceptValidEmailAAtBDotComTest" classname="com.docencia.expresiones.ejercicio3.Ejercicio03Test" time="0.002">
    <failure message="expected: &lt;true&gt; but was: &lt;false&gt;" type="org.opentest4j.AssertionFailedError"><![CDATA[org.opentest4j.AssertionFailedError: expected: <true> but was: <false>
	at org.junit.jupiter.api.AssertionFailureBuilder.build(AssertionFailureBuilder.java:151)
	at org.junit.jupiter.api.AssertionFailureBuilder.buildAndThrow(AssertionFailureBuilder.java:132)
	at org.junit.jupiter.api.AssertTrue.failNotTrue(AssertTrue.java:63)
	at org.junit.jupiter.api.AssertTrue.assertTrue(AssertTrue.java:36)
	at org.junit.jupiter.api.AssertTrue.assertTrue(AssertTrue.java:31)
	at org.junit.jupiter.api.Assertions.assertTrue(Assertions.java:183)
	at com.docencia.expresiones.ejercicio3.Ejercicio03Test.shouldAcceptValidEmailAAtBDotComTest(Ejercicio03Test.java:15)
	at java.base/java.lang.reflect.Method.invoke(Method.java:580)
	at java.base/java.util.ArrayList.forEach(ArrayList.java:1596)
	at java.base/java.util.ArrayList.forEach(ArrayList.java:1596)
]]></failure>
  </testcase>
  <testcase name="shouldRejectEmailWithSpacesTest" classname="com.docencia.expresiones.ejercicio3.Ejercicio03Test" time="0.001"/>
  <testcase name="shouldRejectDomainStartingWithDotTest" classname="com.docencia.expresiones.ejercicio3.Ejercicio03Test" time="0.002"/>
</testsuite>