<?xml version="1.0" encoding="UTF-8"?>
<testsuite xmlns:xsi="http://www.w3.org/2001/XMLSchema-instance" xsi:noNamespaceSchemaLocation="https://maven.apache.org/surefire/maven-surefire-plugin/xsd/surefire-test-report-3.0.xsd" version="3.0" name="com.docencia.fecha.ejercicio4.Ejercicio04Test" time="0.071" tests="13" errors="8" skipped="0" failures="5">
  <properties>
[...]
</properties>
  <testcase name="shouldThrowWhenPasoMinIsGreaterThan60" classname="com.docencia.fecha.ejercicio4.Ejercicio04Test" time="0.006">
    <failure message="Unexpected exception type thrown, expected: &lt;java.lang.IllegalArgumentException&gt; but was: &lt;java.lang.UnsupportedOperationException&gt;" type="org.opentest4j.AssertionFailedError"><![CDATA[org.opentest4j.AssertionFailedError: Unexpected exception type thrown, expected: <java.lang.IllegalArgumentException> but was: <java.lang.UnsupportedOperationException>
	at org.junit.jupiter.api.AssertionFailureBuilder.build(AssertionFailureBuilder.java:151)
	at org.junit.jupiter.api.AssertThrows.assertThrows(AssertThrows.java:67)
	at org.junit.jupiter.api.AssertThrows.assertThrows(AssertThrows.java:35)
	at org.junit.jupiter.api.Assertions.assertThrows(Assertions.java:3115)
	at com.docencia.fecha.ejercicio4.Ejercicio04Test.shouldThrowWhenPasoMinIsGreaterThan60(Ejercicio04Test.java:31)
	at java.base/java.lang.reflect.Method.invoke(Method.java:565)
	at java.base/java.util.ArrayList.forEach(ArrayList.java:1604)
	at java.base/java.util.ArrayList.forEach(ArrayList.java:1604)
Caused by: java.lang.UnsupportedOperationException: TODO
	at com.docencia.fecha.ejercicio4.Ejercicio04.redondearArriba(Ejercicio04.java:25)
	at com.docencia.fecha.ejercicio4.Ejercicio04Test.lambda$shouldThrowWhenPasoMinIsGreaterThan60$0(Ejercicio04Test.java:32)
	at org.junit.jupiter.api.AssertThrows.assertThrows(AssertThrows.java:53)
	... 6 more
]]></failure>
  </testcase>
  <testcase name="shouldRoundUpToNextBlockWhenMinuteNotMultiple" classname="com.docencia.fecha.ejercicio4.Ejercicio04Test" time="0.002">
    <error message="TODO" type="java.lang.UnsupportedOperationException"><![CDATA[java.lang.UnsupportedOperationException: TODO
	at com.docencia.fecha.ejercicio4.Ejercicio04.redondearArriba(Ejercicio04.java:25)
	at com.docencia.fecha.ejercicio4.Ejercicio04Test.shouldRoundUpToNextBlockWhenMinuteNotMultiple(Ejercicio04Test.java:50)
	at java.base/java.lang.reflect.Method.invoke(Method.java:565)
	at java.base/java.util.ArrayList.forEach(ArrayList.java:1604)
	at java.base/java.util.ArrayList.forEach(ArrayList.java:1604)
]]></error>
  </testcase>
  <testcase name="shouldWrapToNextDayWhenRoundingPast2359" classname="com.docencia.fecha.ejercicio4.Ejercicio04Test" time="0.001">
    <error message="TODO" type="java.lang.UnsupportedOperationException"><![CDATA[java.lang.UnsupportedOperationException: TODO
	at com.docencia.fecha.ejercicio4.Ejercicio04.redondearArriba(Ejercicio04.java:25)
	at com.docencia.fecha.ejercicio4.Ejercicio04Test.shouldWrapToNextDayWhenRoundingPast2359(Ejercicio04Test.java:77)
	at java.base/java.lang.reflect.Method.invoke(Method.java:565)
	at java.base/java.util.ArrayList.forEach(ArrayList.java:1604)
	at java.base/java.util.ArrayList.forEach(ArrayList.java:1604)
]]></error>
  </testcase>
  <testcase name="shouldReturnSameTimeWhenAlreadyExactMultipleWithoutSeconds" classname="com.docencia.fecha.ejercicio4.Ejercicio04Test" time="0.008">
    <error message="TODO" type="java.lang.UnsupportedOperationException"><![CDATA[java.lang.UnsupportedOperationException: TODO
	at com.docencia.fecha.ejercicio4.Ejercicio04.redondearArriba(Ejercicio04.java:25)
	at com.docencia.fecha.ejercicio4.Ejercicio04Test.shouldReturnSameTimeWhenAlreadyExactMultipleWithoutSeconds(Ejercicio04Test.java:44)
	at java.base/java.lang.reflect.Method.invoke(Method.java:565)
	at java.base/java.util.ArrayList.forEach(ArrayList.java:1604)
	at java.base/java.util.ArrayList.forEach(ArrayList.java:1604)
]]></error>
  </testcase>
  <testcase name="shouldWrapToNextDayWithStep30" classname="com.docencia.fecha.ejercicio4.Ejercicio04Test" time="0.013">
    <error message="TODO" type="java.lang.UnsupportedOperationException"><![CDATA[java.lang.UnsupportedOperationException: TODO
	at com.docencia.fecha.ejercicio4.Ejercicio04.redondearArriba(Ejercicio04.java:25)
	at com.docencia.fecha.ejercicio4.Ejercicio04Test.shouldWrapToNextDayWithStep30(Ejercicio04Test.java:91)
	at java.base/java.lang.reflect.Method.invoke(Method.java:565)
	at java.base/java.util.ArrayList.forEach(ArrayList.java:1604)
	at java.base/java.util.ArrayList.forEach(ArrayList.java:1604)
]]></error>
  </testcase>
  <testcase name="shouldRoundUpWhenExactMinuteMultipleButHasNanos" classname="com.docencia.fecha.ejercicio4.Ejercicio04Test" time="0.003">
    <error message="TODO" type="java.lang.UnsupportedOperationException"><![CDATA[java.lang.UnsupportedOperationException: TODO
	at com.docencia.fecha.ejercicio4.Ejercicio04.redondearArriba(Ejercicio04.java:25)
	at com.docencia.fecha.ejercicio4.Ejercicio04Test.shouldRoundUpWhenExactMinuteMultipleButHasNanos(Ejercicio04Test.java:64)
	at java.base/java.lang.reflect.Method.invoke(Method.java:565)
	at java.base/java.util.ArrayList.forEach(ArrayList.java:1604)
	at java.base/java.util.ArrayList.forEach(ArrayList.java:1604)
]]></error>
  </testcase>
  <testcase name="shouldThrowWhenPasoMinIsZero" classname="com.docencia.fecha.ejercicio4.Ejercicio04Test" time="0.002">
    <failure message="Unexpected exception type thrown, expected: &lt;java.lang.IllegalArgumentException&gt; but was: &lt;java.lang.UnsupportedOperationException&gt;" type="org.opentest4j.AssertionFailedError"><![CDATA[org.opentest4j.AssertionFailedError: Unexpected exception type thrown, expected: <java.lang.IllegalArgumentException> but was: <java.lang.UnsupportedOperationException>
	at org.junit.jupiter.api.AssertionFailureBuilder.build(AssertionFailureBuilder.java:151)
	at org.junit.jupiter.api.AssertThrows.assertThrows(AssertThrows.java:67)
	at org.junit.jupiter.api.AssertThrows.assertThrows(AssertThrows.java:35)
	at org.junit.jupiter.api.Assertions.assertThrows(Assertions.java:3115)
	at com.docencia.fecha.ejercicio4.Ejercicio04Test.shouldThrowWhenPasoMinIsZero(Ejercicio04Test.java:19)
	at java.base/java.lang.reflect.Method.invoke(Method.java:565)
	at java.base/java.util.ArrayList.forEach(ArrayList.java:1604)
	at java.base/java.util.ArrayList.forEach(ArrayList.java:1604)
Caused by: java.lang.UnsupportedOperationException: TODO
	at com.docencia.fecha.ejercicio4.Ejercicio04.redondearArriba(Ejercicio04.java:25)
	at com.docencia.fecha.ejercicio4.Ejercicio04Test.lambda$shouldThrowWhenPasoMinIsZero$0(Ejercicio04Test.java:20)
	at org.junit.jupiter.api.AssertThrows.assertThrows(AssertThrows.java:53)
	... 6 more
]]></failure>
  </testcase>
  <testcase name="shouldThrowWhenPasoMinDoesNotDivide60" classname="com.docencia.fecha.ejercicio4.Ejercicio04Test" time="0.003">
    <failure message="Unexpected exception type thrown, expected: &lt;java.lang.IllegalArgumentException&gt; but was: &lt;java.lang.UnsupportedOperationException&gt;" type="org.opentest4j.AssertionFailedError"><![CDATA[org.opentest4j.AssertionFailedError: Unexpected exception type thrown, expected: <java.lang.IllegalArgumentException> but was: <java.lang.UnsupportedOperationException>
	at org.junit.jupiter.api.AssertionFailureBuilder.build(AssertionFailureBuilder.java:151)
	at org.junit.jupiter.api.AssertThrows.assertThrows(AssertThrows.java:67)
	at org.junit.jupiter.api.AssertThrows.assertThrows(AssertThrows.java:35)
	at org.junit.jupiter.api.Assertions.assertThrows(Assertions.java:3115)
	at com.docencia.fecha.ejercicio4.Ejercicio04Test.shouldThrowWhenPasoMinDoesNotDivide60(Ejercicio04Test.java:37)
	at java.base/java.lang.reflect.Method.invoke(Method.java:565)
	at java.base/java.util.ArrayList.forEach(ArrayList.java:1604)
	at java.base/java.util.ArrayList.forEach(ArrayList.java:1604)
Caused by: java.lang.UnsupportedOperationException: TODO
	at com.docencia.fecha.ejercicio4.Ejercicio04.redondearArriba(Ejercicio04.java:25)
	at com.docencia.fecha.ejercicio4.Ejercicio04Test.lambda$shouldThrowWhenPasoMinDoesNotDivide60$0(Ejercicio04Test.java:38)
	at org.junit.jupiter.api.AssertThrows.assertThrows(AssertThrows.java:53)
	... 6 more
]]></failure>
  </testcase>
  <testcase name="shouldRoundUpWhenExactMinuteMultipleButHasSeconds" classname="com.docencia.fecha.ejercicio4.Ejercicio04Test" time="0.001">
    <error message="TODO" type="java.lang.UnsupportedOperationException"><![CDATA[java.lang.UnsupportedOperationException: TODO
	at com.docencia.fecha.ejercicio4.Ejercicio04.redondearArriba(Ejercicio04.java:25)
	at com.docencia.fecha.ejercicio4.Ejercicio04Test.shouldRoundUpWhenExactMinuteMultipleButHasSeconds(Ejercicio04Test.java:57)
	at java.base/java.lang.reflect.Method.invoke(Method.java:565)
	at java.base/java.util.ArrayList.forEach(ArrayList.java:1604)
	at java.base/java.util.ArrayList.forEach(ArrayList.java:1604)
]]></error>
  </testcase>
  <testcase name="shouldThrowWhenTimeIsNull" classname="com.docencia.fecha.ejercicio4.Ejercicio04Test" time="0.004">
    <failure message="Unexpected exception type thrown, expected: &lt;java.lang.IllegalArgumentException&gt; but was: &lt;java.lang.UnsupportedOperationException&gt;" type="org.opentest4j.AssertionFailedError"><![CDATA[org.opentest4j.AssertionFailedError: Unexpected exception type thrown, expected: <java.lang.IllegalArgumentException> but was: <java.lang.UnsupportedOperationException>
	at org.junit.jupiter.api.AssertionFailureBuilder.build(AssertionFailureBuilder.java:151)
	at org.junit.jupiter.api.AssertThrows.assertThrows(AssertThrows.java:67)
	at org.junit.jupiter.api.AssertThrows.assertThrows(AssertThrows.java:35)
	at org.junit.jupiter.api.Assertions.assertThrows(Assertions.java:3115)
	at com.docencia.fecha.ejercicio4.Ejercicio04Test.shouldThrowWhenTimeIsNull(Ejercicio04Test.java:13)
	at java.base/java.lang.reflect.Method.invoke(Method.java:565)
	at java.base/java.util.ArrayList.forEach(ArrayList.java:1604)
	at java.base/java.util.ArrayList.forEach(ArrayList.java:1604)
Caused by: java.lang.UnsupportedOperationException: TODO
	at com.docencia.fecha.ejercicio4.Ejercicio04.redondearArriba(Ejercicio04.java:25)
	at com.docencia.fecha.ejercicio4.Ejercicio04Test.lambda$shouldThrowWhenTimeIsNull$0(Ejercicio04Test.java:14)
	at org.junit.jupiter.api.AssertThrows.assertThrows(AssertThrows.java:53)
	... 6 more
]]></failure>
  </testcase>
  <testcase name="shouldRoundUpCorrectlyWithStep5" classname="com.docencia.fecha.ejercicio4.Ejercicio04Test" time="0.002">
    <error message="TODO" type="java.lang.UnsupportedOperationException"><![CDATA[java.lang.UnsupportedOperationException: TODO
	at com.docencia.fecha.ejercicio4.Ejercicio04.redondearArriba(Ejercicio04.java:25)
	at com.docencia.fecha.ejercicio4.Ejercicio04Test.shouldRoundUpCorrectlyWithStep5(Ejercicio04Test.java:84)
	at java.base/java.lang.reflect.Method.invoke(Method.java:565)
	at java.base/java.util.ArrayList.forEach(ArrayList.java:1604)
	at java.base/java.util.ArrayList.forEach(ArrayList.java:1604)
]]></error>
  </testcase>
  <testcase name="shouldThrowWhenPasoMinIsNegative" classname="com.docencia.fecha.ejercicio4.Ejercicio04Test" time="0.002">
    <failure message="Unexpected exception type thrown, expected: &lt;java.lang.IllegalArgumentException&gt; but was: &lt;java.lang.UnsupportedOperationException&gt;" type="org.opentest4j.AssertionFailedError"><![CDATA[org.opentest4j.AssertionFailedError: Unexpected exception type thrown, expected: <java.lang.IllegalArgumentException> but was: <java.lang.UnsupportedOperationException>
	at org.junit.jupiter.api.AssertionFailureBuilder.build(AssertionFailureBuilder.java:151)
	at org.junit.jupiter.api.AssertThrows.assertThrows(AssertThrows.java:67)
	at org.junit.jupiter.api.AssertThrows.assertThrows(AssertThrows.java:35)
	at org.junit.jupiter.api.Assertions.assertThrows(Assertions.java:3115)
	at com.docencia.fecha.ejercicio4.Ejercicio04Test.shouldThrowWhenPasoMinIsNegative(Ejercicio04Test.java:25)
	at java.base/java.lang.reflect.Method.invoke(Method.java:565)
	at java.base/java.util.ArrayList.forEach(ArrayList.java:1604)
	at java.base/java.util.ArrayList.forEach(ArrayList.java:1604)
Caused by: java.lang.UnsupportedOperationException: TODO
	at com.docencia.fecha.ejercicio4.Ejercicio04.redondearArriba(Ejercicio04.java:25)
	at com.docencia.fecha.ejercicio4.Ejercicio04Test.lambda$shouldThrowWhenPasoMinIsNegative$0(Ejercicio04Test.java:26)
	at org.junit.jupiter.api.AssertThrows.assertThrows(AssertThrows.java:53)
	... 6 more
]]></failure>
  </testcase>
  <testcase name="shouldRoundUpFrom1059To1100WithStep15" classname="com.docencia.fecha.ejercicio4.Ejercicio04Test" time="0.001">
    <error message="TODO" type="java.lang.UnsupportedOperationException"><![CDATA[java.lang.UnsupportedOperationException: TODO
	at com.docencia.fecha.ejercicio4.Ejercicio04.redondearArriba(Ejercicio04.java:25)
	at com.docencia.fecha.ejercicio4.Ejercicio04Test.shouldRoundUpFrom1059To1100WithStep15(Ejercicio04Test.java:70)
	at java.base/java.lang.reflect.Method.invoke(Method.java:565)
	at java.base/java.util.ArrayList.forEach(ArrayList.java:1604)
	at java.base/java.util.ArrayList.forEach(ArrayList.java:1604)
]]></error>
  </testcase>
</testsuite>