<?xml version="1.0" encoding="UTF-8"?>
<testsuite xmlns:xsi="http://www.w3.org/2001/XMLSchema-instance" xsi:noNamespaceSchemaLocation="https://maven.apache.org/surefire/maven-surefire-plugin/xsd/surefire-test-report-3.0.xsd" version="3.0" name="com.docencia.fecha.ejercicio1.Ejercicio01Test" time="0.106" tests="12" errors="8" skipped="0" failures="4">
  <properties>
[...]
</properties>
  <testcase name="shouldReturnFalseWhenInicioEqualsFin" classname="com.docencia.fecha.ejercicio1.Ejercicio01Test" time="0.014">
    <error message="TODO" type="java.lang.UnsupportedOperationException"><![CDATA[java.lang.UnsupportedOperationException: TODO
	at com.docencia.fecha.ejercicio1.Ejercicio01.estaDentro(Ejercicio01.java:30)
	at com.docencia.fecha.ejercicio1.Ejercicio01Test.shouldReturnFalseWhenInicioEqualsFin(Ejercicio01Test.java:32)
	at java.base/java.lang.reflect.Method.invoke(Method.java:569)
	at java.base/java.util.ArrayList.forEach(ArrayList.java:1511)
	at java.base/java.util.ArrayList.forEach(ArrayList.java:1511)
]]></error>
  </testcase>
  <testcase name="shouldReturnFalseWhenTimeIsAfterFin" classname="com.docencia.fecha.ejercicio1.Ejercicio01Test" time="0.01">
    <error message="TODO" type="java.lang.UnsupportedOperationException"><![CDATA[java.lang.UnsupportedOperationException: TODO
	at com.docencia.fecha.ejercicio1.Ejercicio01.estaDentro(Ejercicio01.java:30)
	at com.docencia.fecha.ejercicio1.Ejercicio01Test.shouldReturnFalseWhenTimeIsAfterFin(Ejercicio01Test.java:63)
	at java.base/java.lang.reflect.Method.invoke(Method.java:569)
	at java.base/java.util.ArrayList.forEach(ArrayList.java:1511)
	at java.base/java.util.ArrayList.forEach(ArrayList.java:1511)
]]></error>
  </testcase>
  <testcase name="shouldReturnTrueWhenTimeIsInsideInterval" classname="com.docencia.fecha.ejercicio1.Ejercicio01Test" time="0.001">
    <error message="TODO" type="java.lang.UnsupportedOperationException"><![CDATA[java.lang.UnsupportedOperationException: TODO
	at com.docencia.fecha.ejercicio1.Ejercicio01.estaDentro(Ejercicio01.java:30)
	at com.docencia.fecha.ejercicio1.Ejercicio01Test.shouldReturnTrueWhenTimeIsInsideInterval(Ejercicio01Test.java:53)
	at java.base/java.lang.reflect.Method.invoke(Method.java:569)
	at java.base/java.util.ArrayList.forEach(ArrayList.java:1511)
	at java.base/java.util.ArrayList.forEach(ArrayList.java:1511)
]]></error>
  </testcase>
  <testcase name="shouldReturnTrueWhenTimeEqualsInicio" classname="com.docencia.fecha.ejercicio1.Ejercicio01Test" time="0.001">
    <error message="TODO" type="java.lang.UnsupportedOperationException"><![CDATA[java.lang.UnsupportedOperationException: TODO
	at com.docencia.fecha.ejercicio1.Ejercicio01.estaDentro(Ejercicio01.java:30)
	at com.docencia.fecha.ejercicio1.Ejercicio01Test.shouldReturnTrueWhenTimeEqualsInicio(Ejercicio01Test.java:43)
	at java.base/java.lang.reflect.Method.invoke(Method.java:569)
	at java.base/java.util.ArrayList.forEach(ArrayList.java:1511)
	at java.base/java.util.ArrayList.forEach(ArrayList.java:1511)
]]></error>
  </testcase>
  <testcase name="shouldThrowWhenInicioIsNull" classname="com.docencia.fecha.ejercicio1.Ejercicio01Test" time="0.011">
    <failure message="Unexpected exception type thrown, expected: &lt;java.lang.IllegalArgumentException&gt; but was: &lt;java.lang.UnsupportedOperationException&gt;" type="org.opentest4j.AssertionFailedError"><![CDATA[org.opentest4j.AssertionFailedError: Unexpected exception type thrown, expected: <java.lang.IllegalArgumentException> but was: <java.lang.UnsupportedOperationException>
	at org.junit.jupiter.api.AssertionFailureBuilder.build(AssertionFailureBuilder.java:151)
	at org.junit.jupiter.api.AssertThrows.assertThrows(AssertThrows.java:67)
	at org.junit.jupiter.api.AssertThrows.assertThrows(AssertThrows.java:35)
	at org.junit.jupiter.api.Assertions.assertThrows(Assertions.java:3115)
	at com.docencia.fecha.ejercicio1.Ejercicio01Test.shouldThrowWhenInicioIsNull(Ejercicio01Test.java:20)
	at java.base/java.lang.reflect.Method.invoke(Method.java:569)
	at java.base/java.util.ArrayList.forEach(ArrayList.java:1511)
	at java.base/java.util.ArrayList.forEach(ArrayList.java:1511)
Caused by: java.lang.UnsupportedOperationException: TODO
	at com.docencia.fecha.ejercicio1.Ejercicio01.estaDentro(Ejercicio01.java:30)
	at com.docencia.fecha.ejercicio1.Ejercicio01Test.lambda$shouldThrowWhenInicioIsNull$1(Ejercicio01Test.java:21)
	at org.junit.jupiter.api.AssertThrows.assertThrows(AssertThrows.java:53)
	... 6 more
]]></failure>
  </testcase>
  <testcase name="shouldReturnFalseWhenTimeIsBeforeInicio" classname="com.docencia.fecha.ejercicio1.Ejercicio01Test" time="0.001">
    <error message="TODO" type="java.lang.UnsupportedOperationException"><![CDATA[java.lang.UnsupportedOperationException: TODO
	at com.docencia.fecha.ejercicio1.Ejercicio01.estaDentro(Ejercicio01.java:30)
	at com.docencia.fecha.ejercicio1.Ejercicio01Test.shouldReturnFalseWhenTimeIsBeforeInicio(Ejercicio01Test.java:58)
	at java.base/java.lang.reflect.Method.invoke(Method.java:569)
	at java.base/java.util.ArrayList.forEach(ArrayList.java:1511)
	at java.base/java.util.ArrayList.forEach(ArrayList.java:1511)
]]></error>
  </testcase>
  <testcase name="shouldThrowWhenTimeIsNull" classname="com.docencia.fecha.ejercicio1.Ejercicio01Test" time="0.01">
    <failure message="Unexpected exception type thrown, expected: &lt;java.lang.IllegalArgumentException&gt; but was: &lt;java.lang.UnsupportedOperationException&gt;" type="org.opentest4j.AssertionFailedError"><![CDATA[org.opentest4j.AssertionFailedError: Unexpected exception type thrown, expected: <java.lang.IllegalArgumentException> but was: <java.lang.UnsupportedOperationException>
	at org.junit.jupiter.api.AssertionFailureBuilder.build(AssertionFailureBuilder.java:151)
	at org.junit.jupiter.api.AssertThrows.assertThrows(AssertThrows.java:67)
	at org.junit.jupiter.api.AssertThrows.assertThrows(AssertThrows.java:35)
	at org.junit.jupiter.api.Assertions.assertThrows(Assertions.java:3115)
	at com.docencia.fecha.ejercicio1.Ejercicio01Test.shouldThrowWhenTimeIsNull(Ejercicio01Test.java:14)
	at java.base/java.lang.reflect.Method.invoke(Method.java:569)
	at java.base/java.util.ArrayList.forEach(ArrayList.java:1511)
	at java.base/java.util.ArrayList.forEach(ArrayList.java:1511)
Caused by: java.lang.UnsupportedOperationException: TODO
	at com.docencia.fecha.ejercicio1.Ejercicio01.estaDentro(Ejercicio01.java:30)
	at com.docencia.fecha.ejercicio1.Ejercicio01Test.lambda$shouldThrowWhenTimeIsNull$0(Ejercicio01Test.java:15)
	at org.junit.jupiter.api.AssertThrows.assertThrows(AssertThrows.java:53)
	... 6 more
]]></failure>
  </testcase>
  <testcase name="shouldWorkWithSecondPrecisionInsideInterval" classname="com.docencia.fecha.ejercicio1.Ejercicio01Test" time="0.002">
    <error message="TODO" type="java.lang.UnsupportedOperationException"><![CDATA[java.lang.UnsupportedOperationException: TODO
	at com.docencia.fecha.ejercicio1.Ejercicio01.estaDentro(Ejercicio01.java:30)
	at com.docencia.fecha.ejercicio1.Ejercicio01Test.shouldWorkWithSecondPrecisionInsideInterval(Ejercicio01Test.java:68)
	at java.base/java.lang.reflect.Method.invoke(Method.java:569)
	at java.base/java.util.ArrayList.forEach(ArrayList.java:1511)
	at java.base/java.util.ArrayList.forEach(ArrayList.java:1511)
]]></error>
  </testcase>
  <testcase name="shouldReturnFalseWhenTimeEqualsFin" classname="com.docencia.fecha.ejercicio1.Ejercicio01Test" time="0.001">
    <error message="TODO" type="java.lang.UnsupportedOperationException"><![CDATA[java.lang.UnsupportedOperationException: TODO
	at com.docencia.fecha.ejercicio1.Ejercicio01.estaDentro(Ejercicio01.java:30)
	at com.docencia.fecha.ejercicio1.Ejercicio01Test.shouldReturnFalseWhenTimeEqualsFin(Ejercicio01Test.java:48)
	at java.base/java.lang.reflect.Method.invoke(Method.java:569)
	at java.base/java.util.ArrayList.forEach(ArrayList.java:1511)
	at java.base/java.util.ArrayList.forEach(ArrayList.java:1511)
]]></error>
  </testcase>
  <testcase name="shouldReturnFalseForLastNanoAtFin" classname="com.docencia.fecha.ejercicio1.Ejercicio01Test" time="0.0">
    <error message="TODO" type="java.lang.UnsupportedOperationException"><![CDATA[java.lang.UnsupportedOperationException: TODO
	at com.docencia.fecha.ejercicio1.Ejercicio01.estaDentro(Ejercicio01.java:30)
	at com.docencia.fecha.ejercicio1.Ejercicio01Test.shouldReturnFalseForLastNanoAtFin(Ejercicio01Test.java:74)
	at java.base/java.lang.reflect.Method.invoke(Method.java:569)
	at java.base/java.util.ArrayList.forEach(ArrayList.java:1511)
	at java.base/java.util.ArrayList.forEach(ArrayList.java:1511)
]]></error>
  </testcase>
  <testcase name="shouldThrowWhenFinIsNull" classname="com.docencia.fecha.ejercicio1.Ejercicio01Test" time="0.01">
    <failure message="Unexpected exception type thrown, expected: &lt;java.lang.IllegalArgumentException&gt; but was: &lt;java.lang.UnsupportedOperationException&gt;" type="org.opentest4j.AssertionFailedError"><![CDATA[org.opentest4j.AssertionFailedError: Unexpected exception type thrown, expected: <java.lang.IllegalArgumentException> but was: <java.lang.UnsupportedOperationException>
	at org.junit.jupiter.api.AssertionFailureBuilder.build(AssertionFailureBuilder.java:151)
	at org.junit.jupiter.api.AssertThrows.assertThrows(AssertThrows.java:67)
	at org.junit.jupiter.api.AssertThrows.assertThrows(AssertThrows.java:35)
	at org.junit.jupiter.api.Assertions.assertThrows(Assertions.java:3115)
	at com.docencia.fecha.ejercicio1.Ejercicio01Test.shouldThrowWhenFinIsNull(Ejercicio01Test.java:26)
	at java.base/java.lang.reflect.Method.invoke(Method.java:569)
	at java.base/java.util.ArrayList.forEach(ArrayList.java:1511)
	at java.base/java.util.ArrayList.forEach(ArrayList.java:1511)
Caused by: java.lang.UnsupportedOperationException: TODO
	at com.docencia.fecha.ejercicio1.Ejercicio01.estaDentro(Ejercicio01.java:30)
	at com.docencia.fecha.ejercicio1.Ejercicio01Test.lambda$shouldThrowWhenFinIsNull$2(Ejercicio01Test.java:27)
	at org.junit.jupiter.api.AssertThrows.assertThrows(AssertThrows.java:53)
	... 6 more
]]></failure>
  </testcase>
  <testcase name="shouldThrowWhenInicioAfterFin" classname="com.docencia.fecha.ejercicio1.Ejercicio01Test" time="0.003">
    <failure message="Unexpected exception type thrown, expected: &lt;java.lang.IllegalArgumentException&gt; but was: &lt;java.lang.UnsupportedOperationException&gt;" type="org.opentest4j.AssertionFailedError"><![CDATA[org.opentest4j.AssertionFailedError: Unexpected exception type thrown, expected: <java.lang.IllegalArgumentException> but was: <java.lang.UnsupportedOperationException>
	at org.junit.jupiter.api.AssertionFailureBuilder.build(AssertionFailureBuilder.java:151)
	at org.junit.jupiter.api.AssertThrows.assertThrows(AssertThrows.java:67)
	at org.junit.jupiter.api.AssertThrows.assertThrows(AssertThrows.java:35)
	at org.junit.jupiter.api.Assertions.assertThrows(Assertions.java:3115)
	at com.docencia.fecha.ejercicio1.Ejercicio01Test.shouldThrowWhenInicioAfterFin(Ejercicio01Test.java:37)
	at java.base/java.lang.reflect.Method.invoke(Method.java:569)
	at java.base/java.util.ArrayList.forEach(ArrayList.java:1511)
	at java.base/java.util.ArrayList.forEach(ArrayList.java:1511)
Caused by: java.lang.UnsupportedOperationException: TODO
	at com.docencia.fecha.ejercicio1.Ejercicio01.estaDentro(Ejercicio01.java:30)
	at com.docencia.fecha.ejercicio1.Ejercicio01Test.lambda$shouldThrowWhenInicioAfterFin$3(Ejercicio01Test.java:38)
	at org.junit.jupiter.api.AssertThrows.assertThrows(AssertThrows.java:53)
	... 6 more
]]></failure>
  </testcase>
</testsuite>