<?xml version="1.0" encoding="UTF-8"?>
<testsuite xmlns:xsi="http://www.w3.org/2001/XMLSchema-instance" xsi:noNamespaceSchemaLocation="https://maven.apache.org/surefire/maven-surefire-plugin/xsd/surefire-test-report-3.0.xsd" version="3.0" name="com.docencia.fecha.ejercicio6.Ejercicio06Test" time="0.053" tests="14" errors="9" skipped="0" failures="5">
  <properties>
[...]
</properties>
  <testcase name="shouldReturnFalseWhenStartEqualsEndAndRequirementIsPositive" classname="com.docencia.fecha.ejercicio6.Ejercicio06Test" time="0.007">
    <error message="TODO" type="java.lang.UnsupportedOperationException"><![CDATA[java.lang.UnsupportedOperationException: TODO
	at com.docencia.fecha.ejercicio6.Ejercicio06.cumpleDescanso(Ejercicio06.java:28)
	at com.docencia.fecha.ejercicio6.Ejercicio06Test.shouldReturnFalseWhenStartEqualsEndAndRequirementIsPositive(Ejercicio06Test.java:80)
	at java.base/java.lang.reflect.Method.invoke(Method.java:565)
	at java.base/java.util.ArrayList.forEach(ArrayList.java:1604)
	at java.base/java.util.ArrayList.forEach(ArrayList.java:1604)
]]></error>
  </testcase>
  <testcase name="shouldThrowWhenFinTurnoIsNull" classname="com.docencia.fecha.ejercicio6.Ejercicio06Test" time="0.002">
    <failure message="Unexpected exception type thrown, expected: &lt;java.lang.IllegalArgumentException&gt; but was: &lt;java.lang.UnsupportedOperationException&gt;" type="org.opentest4j.AssertionFailedError"><![CDATA[org.opentest4j.AssertionFailedError: Unexpected exception type thrown, expected: <java.lang.IllegalArgumentException> but was: <java.lang.UnsupportedOperationException>
	at org.junit.jupiter.api.AssertionFailureBuilder.build(AssertionFailureBuilder.java:151)
	at org.junit.jupiter.api.AssertThrows.assertThrows(AssertThrows.java:67)
	at org.junit.jupiter.api.AssertThrows.assertThrows(AssertThrows.java:35)
	at org.junit.jupiter.api.Assertions.assertThrows(Assertions.java:3115)
	at com.docencia.fecha.ejercicio6.Ejercicio06Test.shouldThrowWhenFinTurnoIsNull(Ejercicio06Test.java:13)
	at java.base/java.lang.reflect.Method.invoke(Method.java:565)
	at java.base/java.util.ArrayList.forEach(ArrayList.java:1604)
	at java.base/java.util.ArrayList.forEach(ArrayList.java:1604)
Caused by: java.lang.UnsupportedOperationException: TODO
	at com.docencia.fecha.ejercicio6.Ejercicio06.cumpleDescanso(Ejercicio06.java:28)
	at com.docencia.fecha.ejercicio6.Ejercicio06Test.lambda$shouldThrowWhenFinTurnoIsNull$0(Ejercicio06Test.java:14)
	at org.junit.jupiter.api.AssertThrows.assertThrows(AssertThrows.java:53)
	... 6 more
]]></failure>
  </testcase>
  <testcase name="shouldThrowWhenMinDescansoHorasIsGreaterThan24" classname="com.docencia.fecha.ejercicio6.Ejercicio06Test" time="0.001">
    <failure message="Unexpected exception type thrown, expected: &lt;java.lang.IllegalArgumentException&gt; but was: &lt;java.lang.UnsupportedOperationException&gt;" type="org.opentest4j.AssertionFailedError"><![CDATA[org.opentest4j.AssertionFailedError: Unexpected exception type thrown, expected: <java.lang.IllegalArgumentException> but was: <java.lang.UnsupportedOperationException>
	at org.junit.jupiter.api.AssertionFailureBuilder.build(AssertionFailureBuilder.java:151)
	at org.junit.jupiter.api.AssertThrows.assertThrows(AssertThrows.java:67)
	at org.junit.jupiter.api.AssertThrows.assertThrows(AssertThrows.java:35)
	at org.junit.jupiter.api.Assertions.assertThrows(Assertions.java:3115)
	at com.docencia.fecha.ejercicio6.Ejercicio06Test.shouldThrowWhenMinDescansoHorasIsGreaterThan24(Ejercicio06Test.java:37)
	at java.base/java.lang.reflect.Method.invoke(Method.java:565)
	at java.base/java.util.ArrayList.forEach(ArrayList.java:1604)
	at java.base/java.util.ArrayList.forEach(ArrayList.java:1604)
Caused by: java.lang.UnsupportedOperationException: TODO
	at com.docencia.fecha.ejercicio6.Ejercicio06.cumpleDescanso(Ejercicio06.java:28)
	at com.docencia.fecha.ejercicio6.Ejercicio06Test.lambda$shouldThrowWhenMinDescansoHorasIsGreaterThan24$0(Ejercicio06Test.java:38)
	at org.junit.jupiter.api.AssertThrows.assertThrows(AssertThrows.java:53)
	... 6 more
]]></failure>
  </testcase>
  <testcase name="shouldReturnTrueWhenRequirementIs1AndRestIsOneHourNextDay" classname="com.docencia.fecha.ejercicio6.Ejercicio06Test" time="0.001">
    <error message="TODO" type="java.lang.UnsupportedOperationException"><![CDATA[java.lang.UnsupportedOperationException: TODO
	at com.docencia.fecha.ejercicio6.Ejercicio06.cumpleDescanso(Ejercicio06.java:28)
	at com.docencia.fecha.ejercicio6.Ejercicio06Test.shouldReturnTrueWhenRequirementIs1AndRestIsOneHourNextDay(Ejercicio06Test.java:94)
	at java.base/java.lang.reflect.Method.invoke(Method.java:565)
	at java.base/java.util.ArrayList.forEach(ArrayList.java:1604)
	at java.base/java.util.ArrayList.forEach(ArrayList.java:1604)
]]></error>
  </testcase>
  <testcase name="shouldThrowWhenMinDescansoHorasIsZero" classname="com.docencia.fecha.ejercicio6.Ejercicio06Test" time="0.001">
    <failure message="Unexpected exception type thrown, expected: &lt;java.lang.IllegalArgumentException&gt; but was: &lt;java.lang.UnsupportedOperationException&gt;" type="org.opentest4j.AssertionFailedError"><![CDATA[org.opentest4j.AssertionFailedError: Unexpected exception type thrown, expected: <java.lang.IllegalArgumentException> but was: <java.lang.UnsupportedOperationException>
	at org.junit.jupiter.api.AssertionFailureBuilder.build(AssertionFailureBuilder.java:151)
	at org.junit.jupiter.api.AssertThrows.assertThrows(AssertThrows.java:67)
	at org.junit.jupiter.api.AssertThrows.assertThrows(AssertThrows.java:35)
	at org.junit.jupiter.api.Assertions.assertThrows(Assertions.java:3115)
	at com.docencia.fecha.ejercicio6.Ejercicio06Test.shouldThrowWhenMinDescansoHorasIsZero(Ejercicio06Test.java:25)
	at java.base/java.lang.reflect.Method.invoke(Method.java:565)
	at java.base/java.util.ArrayList.forEach(ArrayList.java:1604)
	at java.base/java.util.ArrayList.forEach(ArrayList.java:1604)
Caused by: java.lang.UnsupportedOperationException: TODO
	at com.docencia.fecha.ejercicio6.Ejercicio06.cumpleDescanso(Ejercicio06.java:28)
	at com.docencia.fecha.ejercicio6.Ejercicio06Test.lambda$shouldThrowWhenMinDescansoHorasIsZero$0(Ejercicio06Test.java:26)
	at org.junit.jupiter.api.AssertThrows.assertThrows(AssertThrows.java:53)
	... 6 more
]]></failure>
  </testcase>
  <testcase name="shouldReturnTrueWhenRequirementIs24AndRestIs24Exactly" classname="com.docencia.fecha.ejercicio6.Ejercicio06Test" time="0.001">
    <error message="TODO" type="java.lang.UnsupportedOperationException"><![CDATA[java.lang.UnsupportedOperationException: TODO
	at com.docencia.fecha.ejercicio6.Ejercicio06.cumpleDescanso(Ejercicio06.java:28)
	at com.docencia.fecha.ejercicio6.Ejercicio06Test.shouldReturnTrueWhenRequirementIs24AndRestIs24Exactly(Ejercicio06Test.java:88)
	at java.base/java.lang.reflect.Method.invoke(Method.java:565)
	at java.base/java.util.ArrayList.forEach(ArrayList.java:1604)
	at java.base/java.util.ArrayList.forEach(ArrayList.java:1604)
]]></error>
  </testcase>
  <testcase name="shouldReturnTrueWhenRestIsExactlyRequiredNextDay" classname="com.docencia.fecha.ejercicio6.Ejercicio06Test" time="0.001">
    <error message="TODO" type="java.lang.UnsupportedOperationException"><![CDATA[java.lang.UnsupportedOperationException: TODO
	at com.docencia.fecha.ejercicio6.Ejercicio06.cumpleDescanso(Ejercicio06.java:28)
	at com.docencia.fecha.ejercicio6.Ejercicio06Test.shouldReturnTrueWhenRestIsExactlyRequiredNextDay(Ejercicio06Test.java:62)
	at java.base/java.lang.reflect.Method.invoke(Method.java:565)
	at java.base/java.util.ArrayList.forEach(ArrayList.java:1604)
	at java.base/java.util.ArrayList.forEach(ArrayList.java:1604)
]]></error>
  </testcase>
  <testcase name="shouldReturnTrueWhenRestIsExactlyRequiredSameDay" classname="com.docencia.fecha.ejercicio6.Ejercicio06Test" time="0.001">
    <error message="TODO" type="java.lang.UnsupportedOperationException"><![CDATA[java.lang.UnsupportedOperationException: TODO
	at com.docencia.fecha.ejercicio6.Ejercicio06.cumpleDescanso(Ejercicio06.java:28)
	at com.docencia.fecha.ejercicio6.Ejercicio06Test.shouldReturnTrueWhenRestIsExactlyRequiredSameDay(Ejercicio06Test.java:44)
	at java.base/java.lang.reflect.Method.invoke(Method.java:565)
	at java.base/java.util.ArrayList.forEach(ArrayList.java:1604)
	at java.base/java.util.ArrayList.forEach(ArrayList.java:1604)
]]></error>
  </testcase>
  <testcase name="shouldThrowWhenMinDescansoHorasIsNegative" classname="com.docencia.fecha.ejercicio6.Ejercicio06Test" time="0.001">
    <failure message="Unexpected exception type thrown, expected: &lt;java.lang.IllegalArgumentException&gt; but was: &lt;java.lang.UnsupportedOperationException&gt;" type="org.opentest4j.AssertionFailedError"><![CDATA[org.opentest4j.AssertionFailedError: Unexpected exception type thrown, expected: <java.lang.IllegalArgumentException> but was: <java.lang.UnsupportedOperationException>
	at org.junit.jupiter.api.AssertionFailureBuilder.build(AssertionFailureBuilder.java:151)
	at org.junit.jupiter.api.AssertThrows.assertThrows(AssertThrows.java:67)
	at org.junit.jupiter.api.AssertThrows.assertThrows(AssertThrows.java:35)
	at org.junit.jupiter.api.Assertions.assertThrows(Assertions.java:3115)
	at com.docencia.fecha.ejercicio6.Ejercicio06Test.shouldThrowWhenMinDescansoHorasIsNegative(Ejercicio06Test.java:31)
	at java.base/java.lang.reflect.Method.invoke(Method.java:565)
	at java.base/java.util.ArrayList.forEach(ArrayList.java:1604)
	at java.base/java.util.ArrayList.forEach(ArrayList.java:1604)
Caused by: java.lang.UnsupportedOperationException: TODO
	at com.docencia.fecha.ejercicio6.Ejercicio06.cumpleDescanso(Ejercicio06.java:28)
	at com.docencia.fecha.ejercicio6.Ejercicio06Test.lambda$shouldThrowWhenMinDescansoHorasIsNegative$0(Ejercicio06Test.java:32)
	at org.junit.jupiter.api.AssertThrows.assertThrows(AssertThrows.java:53)
	... 6 more
]]></failure>
  </testcase>
  <testcase name="shouldReturnTrueWhenRestIsMoreThanRequiredNextDay" classname="com.docencia.fecha.ejercicio6.Ejercicio06Test" time="0.004">
    <error message="TODO" type="java.lang.UnsupportedOperationException"><![CDATA[java.lang.UnsupportedOperationException: TODO
	at com.docencia.fecha.ejercicio6.Ejercicio06.cumpleDescanso(Ejercicio06.java:28)
	at com.docencia.fecha.ejercicio6.Ejercicio06Test.shouldReturnTrueWhenRestIsMoreThanRequiredNextDay(Ejercicio06Test.java:74)
	at java.base/java.lang.reflect.Method.invoke(Method.java:565)
	at java.base/java.util.ArrayList.forEach(ArrayList.java:1604)
	at java.base/java.util.ArrayList.forEach(ArrayList.java:1604)
]]></error>
  </testcase>
  <testcase name="shouldReturnTrueWhenRestIsMoreThanRequiredSameDay" classname="com.docencia.fecha.ejercicio6.Ejercicio06Test" time="0.001">
    <error message="TODO" type="java.lang.UnsupportedOperationException"><![CDATA[java.lang.UnsupportedOperationException: TODO
	at com.docencia.fecha.ejercicio6.Ejercicio06.cumpleDescanso(Ejercicio06.java:28)
	at com.docencia.fecha.ejercicio6.Ejercicio06Test.shouldReturnTrueWhenRestIsMoreThanRequiredSameDay(Ejercicio06Test.java:56)
	at java.base/java.lang.reflect.Method.invoke(Method.java:565)
	at java.base/java.util.ArrayList.forEach(ArrayList.java:1604)
	at java.base/java.util.ArrayList.forEach(ArrayList.java:1604)
]]></error>
  </testcase>
  <testcase name="shouldThrowWhenInicioSiguienteIsNull" classname="com.docencia.fecha.ejercicio6.Ejercicio06Test" time="0.005">
    <failure message="Unexpected exception type thrown, expected: &lt;java.lang.IllegalArgumentException&gt; but was: &lt;java.lang.UnsupportedOperationException&gt;" type="org.opentest4j.AssertionFailedError"><![CDATA[org.opentest4j.AssertionFailedError: Unexpected exception type thrown, expected: <java.lang.IllegalArgumentException> but was: <java.lang.UnsupportedOperationException>
	at org.junit.jupiter.api.AssertionFailureBuilder.build(AssertionFailureBuilder.java:151)
	at org.junit.jupiter.api.AssertThrows.assertThrows(AssertThrows.java:67)
	at org.junit.jupiter.api.AssertThrows.assertThrows(AssertThrows.java:35)
	at org.junit.jupiter.api.Assertions.assertThrows(Assertions.java:3115)
	at com.docencia.fecha.ejercicio6.Ejercicio06Test.shouldThrowWhenInicioSiguienteIsNull(Ejercicio06Test.java:19)
	at java.base/java.lang.reflect.Method.invoke(Method.java:565)
	at java.base/java.util.ArrayList.forEach(ArrayList.java:1604)
	at java.base/java.util.ArrayList.forEach(ArrayList.java:1604)
Caused by: java.lang.UnsupportedOperationException: TODO
	at com.docencia.fecha.ejercicio6.Ejercicio06.cumpleDescanso(Ejercicio06.java:28)
	at com.docencia.fecha.ejercicio6.Ejercicio06Test.lambda$shouldThrowWhenInicioSiguienteIsNull$0(Ejercicio06Test.java:20)
	at org.junit.jupiter.api.AssertThrows.assertThrows(AssertThrows.java:53)
	... 6 more
]]></failure>
  </testcase>
  <testcase name="shouldReturnFalseWhenRestIsLessThanRequiredNextDay" classname="com.docencia.fecha.ejercicio6.Ejercicio06Test" time="0.001">
    <error message="TODO" type="java.lang.UnsupportedOperationException"><![CDATA[java.lang.UnsupportedOperationException: TODO
	at com.docencia.fecha.ejercicio6.Ejercicio06.cumpleDescanso(Ejercicio06.java:28)
	at com.docencia.fecha.ejercicio6.Ejercicio06Test.shouldReturnFalseWhenRestIsLessThanRequiredNextDay(Ejercicio06Test.java:68)
	at java.base/java.lang.reflect.Method.invoke(Method.java:565)
	at java.base/java.util.ArrayList.forEach(ArrayList.java:1604)
	at java.base/java.util.ArrayList.forEach(ArrayList.java:1604)
]]></error>
  </testcase>
  <testcase name="shouldReturnFalseWhenRestIsLessThanRequiredSameDay" classname="com.docencia.fecha.ejercicio6.Ejercicio06Test" time="0.001">
    <error message="TODO" type="java.lang.UnsupportedOperationException"><![CDATA[java.lang.UnsupportedOperationException: TODO
	at com.docencia.fecha.ejercicio6.Ejercicio06.cumpleDescanso(Ejercicio06.java:28)
	at com.docencia.fecha.ejercicio6.Ejercicio06Test.shouldReturnFalseWhenRestIsLessThanRequiredSameDay(Ejercicio06Test.java:50)
	at java.base/java.lang.reflect.Method.invoke(Method.java:565)
	at java.base/java.util.ArrayList.forEach(ArrayList.java:1604)
	at java.base/java.util.ArrayList.forEach(ArrayList.java:1604)
]]></error>
  </testcase>
</testsuite>