<?xml version="1.0" encoding="UTF-8"?>
<testsuite xmlns:xsi="http://www.w3.org/2001/XMLSchema-instance" xsi:noNamespaceSchemaLocation="https://maven.apache.org/surefire/maven-surefire-plugin/xsd/surefire-test-report-3.0.xsd" version="3.0" name="com.docencia.expresiones.ejercicio9.Ejercicio9Test" time="0.104" tests="16" errors="16" skipped="0" failures="0">
  <properties>
    <property name="java.specification.version" value="17"/>
    <property name="sun.jnu.encoding" value="UTF-8"/>
    <property name="java.class.path" value="/home/dam/Escritorio/Programacion/2doTrimestre/Actividad13/target/test-classes:/home/dam/Escritorio/Programacion/2doTrimestre/Actividad13/target/classes:/home/dam/.m2/repository/org/junit/jupiter/junit-jupiter/5.10.2/junit-jupiter-5.10.2.jar:/home/dam/.m2/repository/org/junit/jupiter/junit-jupiter-api/5.10.2/junit-jupiter-api-5.10.2.jar:/home/dam/.m2/repository/org/opentest4j/opentest4j/1.3.0/opentest4j-1.3.0.jar:/home/dam/.m2/repository/org/junit/platform/junit-platform-commons/1.10.2/junit-platform-commons-1.10.2.jar:/home/dam/.m2/repository/org/apiguardian/apiguardian-api/1.1.2/apiguardian-api-1.1.2.jar:/home/dam/.m2/repository/org/junit/jupiter/junit-jupiter-params/5.10.2/junit-jupiter-params-5.10.2.jar:/home/dam/.m2/repository/org/junit/jupiter/junit-jupiter-engine/5.10.2/junit-jupiter-engine-5.10.2.jar:/home/dam/.m2/repository/org/junit/platform/junit-platform-engine/1.10.2/junit-platform-engine-1.10.2.jar:"/>
    <property name="java.vm.vendor" value="Ubuntu"/>
    <property name="sun.arch.data.model" value="64"/>
    <property name="java.vendor.url" value="https://ubuntu.com/"/>
    <property name="os.name" value="Linux"/>
    <property name="java.vm.specification.version" value="17"/>
    <property name="sun.java.launcher" value="SUN_STANDARD"/>
    <property name="user.country" value="ES"/>
    <property name="sun.boot.library.path" value="/usr/lib/jvm/java-17-openjdk-amd64/lib"/>
    <property name="sun.java.command" value="/home/dam/Escritorio/Programacion/2doTrimestre/Actividad13/target/surefire/surefirebooter-20260204184831011_3.jar /home/dam/Escritorio/Programacion/2doTrimestre/Actividad13/target/surefire 2026-02-04T18-48-30_524-jvmRun1 surefire-20260204184831011_1tmp surefire_0-20260204184831011_2tmp"/>
    <property name="jdk.debug" value="release"/>
    <property name="surefire.test.class.path" value="/home/dam/Escritorio/Programacion/2doTrimestre/Actividad13/target/test-classes:/home/dam/Escritorio/Programacion/2doTrimestre/Actividad13/target/classes:/home/dam/.m2/repository/org/junit/jupiter/junit-jupiter/5.10.2/junit-jupiter-5.10.2.jar:/home/dam/.m2/repository/org/junit/jupiter/junit-jupiter-api/5.10.2/junit-jupiter-api-5.10.2.jar:/home/dam/.m2/repository/org/opentest4j/opentest4j/1.3.0/opentest4j-1.3.0.jar:/home/dam/.m2/repository/org/junit/platform/junit-platform-commons/1.10.2/junit-platform-commons-1.10.2.jar:/home/dam/.m2/repository/org/apiguardian/apiguardian-api/1.1.2/apiguardian-api-1.1.2.jar:/home/dam/.m2/repository/org/junit/jupiter/junit-jupiter-params/5.10.2/junit-jupiter-params-5.10.2.jar:/home/dam/.m2/repository/org/junit/jupiter/junit-jupiter-engine/5.10.2/junit-jupiter-engine-5.10.2.jar:/home/dam/.m2/repository/org/junit/platform/junit-platform-engine/1.10.2/junit-platform-engine-1.10.2.jar:"/>
    <property name="sun.cpu.endian" value="little"/>
    <property name="user.home" value="/home/dam"/>
    <property name="user.language" value="es"/>
    <property name="java.specification.vendor" value="Oracle Corporation"/>
    <property name="java.version.date" value="2025-04-15"/>
    <property name="java.home" value="/usr/lib/jvm/java-17-openjdk-amd64"/>
    <property name="file.separator" value="/"/>
    <property name="basedir" value="/home/dam/Escritorio/Programacion/2doTrimestre/Actividad13"/>
    <property name="java.vm.compressedOopsMode" value="Zero based"/>
    <property name="line.separator" value="&#10;"/>
    <property name="java.specification.name" value="Java Platform API Specification"/>
    <property name="java.vm.specification.vendor" value="Oracle Corporation"/>
    <property name="surefire.real.class.path" value="/home/dam/Escritorio/Programacion/2doTrimestre/Actividad13/target/surefire/surefirebooter-20260204184831011_3.jar"/>
    <property name="sun.management.compiler" value="HotSpot 64-Bit Tiered Compilers"/>
    <property name="java.runtime.version" value="17.0.15+6-Ubuntu-0ubuntu124.04"/>
    <property name="user.name" value="dam"/>
    <property name="path.separator" value=":"/>
    <property name="os.version" value="6.8.0-60-generic"/>
    <property name="java.runtime.name" value="OpenJDK Runtime Environment"/>
    <property name="file.encoding" value="UTF-8"/>
    <property name="java.vm.name" value="OpenJDK 64-Bit Server VM"/>
    <property name="localRepository" value="/home/dam/.m2/repository"/>
    <property name="java.vendor.url.bug" value="https://bugs.launchpad.net/ubuntu/+source/openjdk-17"/>
    <property name="java.io.tmpdir" value="/tmp"/>
    <property name="java.version" value="17.0.15"/>
    <property name="user.dir" value="/home/dam/Escritorio/Programacion/2doTrimestre/Actividad13"/>
    <property name="os.arch" value="amd64"/>
    <property name="java.vm.specification.name" value="Java Virtual Machine Specification"/>
    <property name="native.encoding" value="UTF-8"/>
    <property name="java.library.path" value="/usr/java/packages/lib:/usr/lib/x86_64-linux-gnu/jni:/lib/x86_64-linux-gnu:/usr/lib/x86_64-linux-gnu:/usr/lib/jni:/lib:/usr/lib"/>
    <property name="java.vm.info" value="mixed mode, sharing"/>
    <property name="java.vendor" value="Ubuntu"/>
    <property name="java.vm.version" value="17.0.15+6-Ubuntu-0ubuntu124.04"/>
    <property name="java.specification.maintenance.version" value="1"/>
    <property name="sun.io.unicode.encoding" value="UnicodeLittle"/>
    <property name="java.class.version" value="61.0"/>
  </properties>
  <testcase name="shouldRejectMissingZoneTest" classname="com.docencia.expresiones.ejercicio9.Ejercicio9Test" time="0.001">
    <error message="TODO" type="java.lang.UnsupportedOperationException"><![CDATA[java.lang.UnsupportedOperationException: TODO
	at com.docencia.expresiones.ejercicio9.Ejercicio09.isValidIsoDateTimeWithZone(Ejercicio09.java:20)
	at com.docencia.expresiones.ejercicio9.Ejercicio9Test.shouldRejectMissingZoneTest(Ejercicio9Test.java:56)
	at java.base/java.lang.reflect.Method.invoke(Method.java:569)
	at java.base/java.util.ArrayList.forEach(ArrayList.java:1511)
	at java.base/java.util.ArrayList.forEach(ArrayList.java:1511)
]]></error>
  </testcase>
  <testcase name="shouldRejectNullTest" classname="com.docencia.expresiones.ejercicio9.Ejercicio9Test" time="0.002">
    <error message="TODO" type="java.lang.UnsupportedOperationException"><![CDATA[java.lang.UnsupportedOperationException: TODO
	at com.docencia.expresiones.ejercicio9.Ejercicio09.isValidIsoDateTimeWithZone(Ejercicio09.java:20)
	at com.docencia.expresiones.ejercicio9.Ejercicio9Test.shouldRejectNullTest(Ejercicio9Test.java:115)
	at java.base/java.lang.reflect.Method.invoke(Method.java:569)
	at java.base/java.util.ArrayList.forEach(ArrayList.java:1511)
	at java.base/java.util.ArrayList.forEach(ArrayList.java:1511)
]]></error>
  </testcase>
  <testcase name="shouldAcceptBoundaryTimesAndOffsetsTest" classname="com.docencia.expresiones.ejercicio9.Ejercicio9Test" time="0.003">
    <error message="TODO" type="java.lang.UnsupportedOperationException"><![CDATA[java.lang.UnsupportedOperationException: TODO
	at com.docencia.expresiones.ejercicio9.Ejercicio09.isValidIsoDateTimeWithZone(Ejercicio09.java:20)
	at com.docencia.expresiones.ejercicio9.Ejercicio9Test.shouldAcceptBoundaryTimesAndOffsetsTest(Ejercicio9Test.java:39)
	at java.base/java.lang.reflect.Method.invoke(Method.java:569)
	at java.base/java.util.ArrayList.forEach(ArrayList.java:1511)
	at java.base/java.util.ArrayList.forEach(ArrayList.java:1511)
]]></error>
  </testcase>
  <testcase name="shouldAcceptValidIsoWithMillisAndOffsetTest" classname="com.docencia.expresiones.ejercicio9.Ejercicio9Test" time="0.008">
    <error message="TODO" type="java.lang.UnsupportedOperationException"><![CDATA[java.lang.UnsupportedOperationException: TODO
	at com.docencia.expresiones.ejercicio9.Ejercicio09.isValidIsoDateTimeWithZone(Ejercicio09.java:20)
	at com.docencia.expresiones.ejercicio9.Ejercicio9Test.shouldAcceptValidIsoWithMillisAndOffsetTest(Ejercicio9Test.java:20)
	at java.base/java.lang.reflect.Method.invoke(Method.java:569)
	at java.base/java.util.ArrayList.forEach(ArrayList.java:1511)
	at java.base/java.util.ArrayList.forEach(ArrayList.java:1511)
]]></error>
  </testcase>
  <testcase name="shouldRejectMonthOrDayOutOfRangeTest" classname="com.docencia.expresiones.ejercicio9.Ejercicio9Test" time="0.001">
    <error message="TODO" type="java.lang.UnsupportedOperationException"><![CDATA[java.lang.UnsupportedOperationException: TODO
	at com.docencia.expresiones.ejercicio9.Ejercicio09.isValidIsoDateTimeWithZone(Ejercicio09.java:20)
	at com.docencia.expresiones.ejercicio9.Ejercicio9Test.shouldRejectMonthOrDayOutOfRangeTest(Ejercicio9Test.java:105)
	at java.base/java.lang.reflect.Method.invoke(Method.java:569)
	at java.base/java.util.ArrayList.forEach(ArrayList.java:1511)
	at java.base/java.util.ArrayList.forEach(ArrayList.java:1511)
]]></error>
  </testcase>
  <testcase name="shouldRejectSpaceInsteadOfTTest" classname="com.docencia.expresiones.ejercicio9.Ejercicio9Test" time="0.0">
    <error message="TODO" type="java.lang.UnsupportedOperationException"><![CDATA[java.lang.UnsupportedOperationException: TODO
	at com.docencia.expresiones.ejercicio9.Ejercicio09.isValidIsoDateTimeWithZone(Ejercicio09.java:20)
	at com.docencia.expresiones.ejercicio9.Ejercicio9Test.shouldRejectSpaceInsteadOfTTest(Ejercicio9Test.java:48)
	at java.base/java.lang.reflect.Method.invoke(Method.java:569)
	at java.base/java.util.ArrayList.forEach(ArrayList.java:1511)
	at java.base/java.util.ArrayList.forEach(ArrayList.java:1511)
]]></error>
  </testcase>
  <testcase name="shouldAcceptValidIsoWithoutMillisWithPositiveOffsetTest" classname="com.docencia.expresiones.ejercicio9.Ejercicio9Test" time="0.003">
    <error message="TODO" type="java.lang.UnsupportedOperationException"><![CDATA[java.lang.UnsupportedOperationException: TODO
	at com.docencia.expresiones.ejercicio9.Ejercicio09.isValidIsoDateTimeWithZone(Ejercicio09.java:20)
	at com.docencia.expresiones.ejercicio9.Ejercicio9Test.shouldAcceptValidIsoWithoutMillisWithPositiveOffsetTest(Ejercicio9Test.java:32)
	at java.base/java.lang.reflect.Method.invoke(Method.java:569)
	at java.base/java.util.ArrayList.forEach(ArrayList.java:1511)
	at java.base/java.util.ArrayList.forEach(ArrayList.java:1511)
]]></error>
  </testcase>
  <testcase name="shouldRejectTooManyMillisDigitsTest" classname="com.docencia.expresiones.ejercicio9.Ejercicio9Test" time="0.002">
    <error message="TODO" type="java.lang.UnsupportedOperationException"><![CDATA[java.lang.UnsupportedOperationException: TODO
	at com.docencia.expresiones.ejercicio9.Ejercicio09.isValidIsoDateTimeWithZone(Ejercicio09.java:20)
	at com.docencia.expresiones.ejercicio9.Ejercicio9Test.shouldRejectTooManyMillisDigitsTest(Ejercicio9Test.java:91)
	at java.base/java.lang.reflect.Method.invoke(Method.java:569)
	at java.base/java.util.ArrayList.forEach(ArrayList.java:1511)
	at java.base/java.util.ArrayList.forEach(ArrayList.java:1511)
]]></error>
  </testcase>
  <testcase name="shouldRejectDotWithoutMillisDigitsTest" classname="com.docencia.expresiones.ejercicio9.Ejercicio9Test" time="0.001">
    <error message="TODO" type="java.lang.UnsupportedOperationException"><![CDATA[java.lang.UnsupportedOperationException: TODO
	at com.docencia.expresiones.ejercicio9.Ejercicio09.isValidIsoDateTimeWithZone(Ejercicio09.java:20)
	at com.docencia.expresiones.ejercicio9.Ejercicio9Test.shouldRejectDotWithoutMillisDigitsTest(Ejercicio9Test.java:97)
	at java.base/java.lang.reflect.Method.invoke(Method.java:569)
	at java.base/java.util.ArrayList.forEach(ArrayList.java:1511)
	at java.base/java.util.ArrayList.forEach(ArrayList.java:1511)
]]></error>
  </testcase>
  <testcase name="shouldRejectEmptyStringTest" classname="com.docencia.expresiones.ejercicio9.Ejercicio9Test" time="0.007">
    <error message="TODO" type="java.lang.UnsupportedOperationException"><![CDATA[java.lang.UnsupportedOperationException: TODO
	at com.docencia.expresiones.ejercicio9.Ejercicio09.isValidIsoDateTimeWithZone(Ejercicio09.java:20)
	at com.docencia.expresiones.ejercicio9.Ejercicio9Test.shouldRejectEmptyStringTest(Ejercicio9Test.java:121)
	at java.base/java.lang.reflect.Method.invoke(Method.java:569)
	at java.base/java.util.ArrayList.forEach(ArrayList.java:1511)
	at java.base/java.util.ArrayList.forEach(ArrayList.java:1511)
]]></error>
  </testcase>
  <testcase name="shouldRejectOffsetWithoutLeadingZeroTest" classname="com.docencia.expresiones.ejercicio9.Ejercicio9Test" time="0.007">
    <error message="TODO" type="java.lang.UnsupportedOperationException"><![CDATA[java.lang.UnsupportedOperationException: TODO
	at com.docencia.expresiones.ejercicio9.Ejercicio09.isValidIsoDateTimeWithZone(Ejercicio09.java:20)
	at com.docencia.expresiones.ejercicio9.Ejercicio9Test.shouldRejectOffsetWithoutLeadingZeroTest(Ejercicio9Test.java:64)
	at java.base/java.lang.reflect.Method.invoke(Method.java:569)
	at java.base/java.util.ArrayList.forEach(ArrayList.java:1511)
	at java.base/java.util.ArrayList.forEach(ArrayList.java:1511)
]]></error>
  </testcase>
  <testcase name="shouldRejectLeadingOrTrailingSpacesTest" classname="com.docencia.expresiones.ejercicio9.Ejercicio9Test" time="0.004">
    <error message="TODO" type="java.lang.UnsupportedOperationException"><![CDATA[java.lang.UnsupportedOperationException: TODO
	at com.docencia.expresiones.ejercicio9.Ejercicio09.isValidIsoDateTimeWithZone(Ejercicio09.java:20)
	at com.docencia.expresiones.ejercicio9.Ejercicio9Test.shouldRejectLeadingOrTrailingSpacesTest(Ejercicio9Test.java:127)
	at java.base/java.lang.reflect.Method.invoke(Method.java:569)
	at java.base/java.util.ArrayList.forEach(ArrayList.java:1511)
	at java.base/java.util.ArrayList.forEach(ArrayList.java:1511)
]]></error>
  </testcase>
  <testcase name="shouldRejectOffsetOutOfRangeTest" classname="com.docencia.expresiones.ejercicio9.Ejercicio9Test" time="0.002">
    <error message="TODO" type="java.lang.UnsupportedOperationException"><![CDATA[java.lang.UnsupportedOperationException: TODO
	at com.docencia.expresiones.ejercicio9.Ejercicio09.isValidIsoDateTimeWithZone(Ejercicio09.java:20)
	at com.docencia.expresiones.ejercicio9.Ejercicio9Test.shouldRejectOffsetOutOfRangeTest(Ejercicio9Test.java:70)
	at java.base/java.lang.reflect.Method.invoke(Method.java:569)
	at java.base/java.util.ArrayList.forEach(ArrayList.java:1511)
	at java.base/java.util.ArrayList.forEach(ArrayList.java:1511)
]]></error>
  </testcase>
  <testcase name="shouldRejectTimeOutOfRangeTest" classname="com.docencia.expresiones.ejercicio9.Ejercicio9Test" time="0.001">
    <error message="TODO" type="java.lang.UnsupportedOperationException"><![CDATA[java.lang.UnsupportedOperationException: TODO
	at com.docencia.expresiones.ejercicio9.Ejercicio09.isValidIsoDateTimeWithZone(Ejercicio09.java:20)
	at com.docencia.expresiones.ejercicio9.Ejercicio9Test.shouldRejectTimeOutOfRangeTest(Ejercicio9Test.java:79)
	at java.base/java.lang.reflect.Method.invoke(Method.java:569)
	at java.base/java.util.ArrayList.forEach(ArrayList.java:1511)
	at java.base/java.util.ArrayList.forEach(ArrayList.java:1511)
]]></error>
  </testcase>
  <testcase name="shouldAcceptValidIsoWithZTest" classname="com.docencia.expresiones.ejercicio9.Ejercicio9Test" time="0.003">
    <error message="TODO" type="java.lang.UnsupportedOperationException"><![CDATA[java.lang.UnsupportedOperationException: TODO
	at com.docencia.expresiones.ejercicio9.Ejercicio09.isValidIsoDateTimeWithZone(Ejercicio09.java:20)
	at com.docencia.expresiones.ejercicio9.Ejercicio9Test.shouldAcceptValidIsoWithZTest(Ejercicio9Test.java:14)
	at java.base/java.lang.reflect.Method.invoke(Method.java:569)
	at java.base/java.util.ArrayList.forEach(ArrayList.java:1511)
	at java.base/java.util.ArrayList.forEach(ArrayList.java:1511)
]]></error>
  </testcase>
  <testcase name="shouldAcceptValidIsoWith1DigitMillisAndNegativeOffsetTest" classname="com.docencia.expresiones.ejercicio9.Ejercicio9Test" time="0.001">
    <error message="TODO" type="java.lang.UnsupportedOperationException"><![CDATA[java.lang.UnsupportedOperationException: TODO
	at com.docencia.expresiones.ejercicio9.Ejercicio09.isValidIsoDateTimeWithZone(Ejercicio09.java:20)
	at com.docencia.expresiones.ejercicio9.Ejercicio9Test.shouldAcceptValidIsoWith1DigitMillisAndNegativeOffsetTest(Ejercicio9Test.java:26)
	at java.base/java.lang.reflect.Method.invoke(Method.java:569)
	at java.base/java.util.ArrayList.forEach(ArrayList.java:1511)
	at java.base/java.util.ArrayList.forEach(ArrayList.java:1511)
]]></error>
  </testcase>
</testsuite>