<?xml version="1.0" encoding="UTF-8"?>
<testsuite xmlns:xsi="http://www.w3.org/2001/XMLSchema-instance" xsi:noNamespaceSchemaLocation="https://maven.apache.org/surefire/maven-surefire-plugin/xsd/surefire-test-report-3.0.xsd" version="3.0" name="com.docencia.expresiones.ejercicio9.Ejercicio9Test" time="0.104" tests="16" errors="16" skipped="0" failures="0">
  <properties>
[...]
</properties>
  <testcase name="shouldRejectMissingZoneTest" classname="com.docencia.expresiones.ejercicio9.Ejercicio9Test" time="0.001">
    <error message="TODO" type="java.lang.UnsupportedOperationException"><![CDATA[java.lang.UnsupportedOperationException: TODO
	at com.docencia.expresiones.ejercicio9.Ejercicio09.isValidIsoDateTimeWithZone(Ejercicio09.java:20)
	at com.docencia.expresiones.ejercicio9.Ejercicio9Test.shouldRejectMissingZoneTest(Ejercicio9Test.java:56)
	at java.base/java.lang.reflect.Method.invoke(Method.java:569)
	at java.base/java.util.ArrayList.forEach(ArrayList.java:1511)
	at java.base/java.util.ArrayList.forEach(ArrayList.java:1511)
]]></error>
  </testcase>
  <testcase name="shouldRejectNullTest" classname="com.docencia.expresiones.ejercicio9.Ejercicio9Test" time="0.002">
    <error message="TODO" type="java.lang.UnsupportedOperationException"><![CDATA[java.lang.UnsupportedOperationException: TODO
	at com.docencia.expresiones.ejercicio9.Ejercicio09.isValidIsoDateTimeWithZone(Ejercicio09.java:20)
	at com.docencia.expresiones.ejercicio9.Ejercicio9Test.shouldRejectNullTest(Ejercicio9Test.java:115)
	at java.base/java.lang.reflect.Method.invoke(Method.java:569)
	at java.base/java.util.ArrayList.forEach(ArrayList.java:1511)
	at java.base/java.util.ArrayList.forEach(ArrayList.java:1511)
]]></error>
  </testcase>
  <testcase name="shouldAcceptBoundaryTimesAndOffsetsTest" classname="com.docencia.expresiones.ejercicio9.Ejercicio9Test" time="0.003">
    <error message="TODO" type="java.lang.UnsupportedOperationException"><![CDATA[java.lang.UnsupportedOperationException: TODO
	at com.docencia.expresiones.ejercicio9.Ejercicio09.isValidIsoDateTimeWithZone(Ejercicio09.java:20)
	at com.docencia.expresiones.ejercicio9.Ejercicio9Test.shouldAcceptBoundaryTimesAndOffsetsTest(Ejercicio9Test.java:39)
	at java.base/java.lang.reflect.Method.invoke(Method.java:569)
	at java.base/java.util.ArrayList.forEach(ArrayList.java:1511)
	at java.base/java.util.ArrayList.forEach(ArrayList.java:1511)
]]></error>
  </testcase>
  <testcase name="shouldAcceptValidIsoWithMillisAndOffsetTest" classname="com.docencia.expresiones.ejercicio9.Ejercicio9Test" time="0.008">
    <error message="TODO" type="java.lang.UnsupportedOperationException"><![CDATA[java.lang.UnsupportedOperationException: TODO
	at com.docencia.expresiones.ejercicio9.Ejercicio09.isValidIsoDateTimeWithZone(Ejercicio09.java:20)
	at com.docencia.expresiones.ejercicio9.Ejercicio9Test.shouldAcceptValidIsoWithMillisAndOffsetTest(Ejercicio9Test.java:20)
	at java.base/java.lang.reflect.Method.invoke(Method.java:569)
	at java.base/java.util.ArrayList.forEach(ArrayList.java:1511)
	at java.base/java.util.ArrayList.forEach(ArrayList.java:1511)
]]></error>
  </testcase>
  <testcase name="shouldRejectMonthOrDayOutOfRangeTest" classname="com.docencia.expresiones.ejercicio9.Ejercicio9Test" time="0.001">
    <error message="TODO" type="java.lang.UnsupportedOperationException"><![CDATA[java.lang.UnsupportedOperationException: TODO
	at com.docencia.expresiones.ejercicio9.Ejercicio09.isValidIsoDateTimeWithZone(Ejercicio09.java:20)
	at com.docencia.expresiones.ejercicio9.Ejercicio9Test.shouldRejectMonthOrDayOutOfRangeTest(Ejercicio9Test.java:105)
	at java.base/java.lang.reflect.Method.invoke(Method.java:569)
	at java.base/java.util.ArrayList.forEach(ArrayList.java:1511)
	at java.base/java.util.ArrayList.forEach(ArrayList.java:1511)
]]></error>
  </testcase>
  <testcase name="shouldRejectSpaceInsteadOfTTest" classname="com.docencia.expresiones.ejercicio9.Ejercicio9Test" time="0.0">
    <error message="TODO" type="java.lang.UnsupportedOperationException"><![CDATA[java.lang.UnsupportedOperationException: TODO
	at com.docencia.expresiones.ejercicio9.Ejercicio09.isValidIsoDateTimeWithZone(Ejercicio09.java:20)
	at com.docencia.expresiones.ejercicio9.Ejercicio9Test.shouldRejectSpaceInsteadOfTTest(Ejercicio9Test.java:48)
	at java.base/java.lang.reflect.Method.invoke(Method.java:569)
	at java.base/java.util.ArrayList.forEach(ArrayList.java:1511)
	at java.base/java.util.ArrayList.forEach(ArrayList.java:1511)
]]></error>
  </testcase>
  <testcase name="shouldAcceptValidIsoWithoutMillisWithPositiveOffsetTest" classname="com.docencia.expresiones.ejercicio9.Ejercicio9Test" time="0.003">
    <error message="TODO" type="java.lang.UnsupportedOperationException"><![CDATA[java.lang.UnsupportedOperationException: TODO
	at com.docencia.expresiones.ejercicio9.Ejercicio09.isValidIsoDateTimeWithZone(Ejercicio09.java:20)
	at com.docencia.expresiones.ejercicio9.Ejercicio9Test.shouldAcceptValidIsoWithoutMillisWithPositiveOffsetTest(Ejercicio9Test.java:32)
	at java.base/java.lang.reflect.Method.invoke(Method.java:569)
	at java.base/java.util.ArrayList.forEach(ArrayList.java:1511)
	at java.base/java.util.ArrayList.forEach(ArrayList.java:1511)
]]></error>
  </testcase>
  <testcase name="shouldRejectTooManyMillisDigitsTest" classname="com.docencia.expresiones.ejercicio9.Ejercicio9Test" time="0.002">
    <error message="TODO" type="java.lang.UnsupportedOperationException"><![CDATA[java.lang.UnsupportedOperationException: TODO
	at com.docencia.expresiones.ejercicio9.Ejercicio09.isValidIsoDateTimeWithZone(Ejercicio09.java:20)
	at com.docencia.expresiones.ejercicio9.Ejercicio9Test.shouldRejectTooManyMillisDigitsTest(Ejercicio9Test.java:91)
	at java.base/java.lang.reflect.Method.invoke(Method.java:569)
	at java.base/java.util.ArrayList.forEach(ArrayList.java:1511)
	at java.base/java.util.ArrayList.forEach(ArrayList.java:1511)
]]></error>
  </testcase>
  <testcase name="shouldRejectDotWithoutMillisDigitsTest" classname="com.docencia.expresiones.ejercicio9.Ejercicio9Test" time="0.001">
    <error message="TODO" type="java.lang.UnsupportedOperationException"><![CDATA[java.lang.UnsupportedOperationException: TODO
	at com.docencia.expresiones.ejercicio9.Ejercicio09.isValidIsoDateTimeWithZone(Ejercicio09.java:20)
	at com.docencia.expresiones.ejercicio9.Ejercicio9Test.shouldRejectDotWithoutMillisDigitsTest(Ejercicio9Test.java:97)
	at java.base/java.lang.reflect.Method.invoke(Method.java:569)
	at java.base/java.util.ArrayList.forEach(ArrayList.java:1511)
	at java.base/java.util.ArrayList.forEach(ArrayList.java:1511)
]]></error>
  </testcase>
  <testcase name="shouldRejectEmptyStringTest" classname="com.docencia.expresiones.ejercicio9.Ejercicio9Test" time="0.007">
    <error message="TODO" type="java.lang.UnsupportedOperationException"><![CDATA[java.lang.UnsupportedOperationException: TODO
	at com.docencia.expresiones.ejercicio9.Ejercicio09.isValidIsoDateTimeWithZone(Ejercicio09.java:20)
	at com.docencia.expresiones.ejercicio9.Ejercicio9Test.shouldRejectEmptyStringTest(Ejercicio9Test.java:121)
	at java.base/java.lang.reflect.Method.invoke(Method.java:569)
	at java.base/java.util.ArrayList.forEach(ArrayList.java:1511)
	at java.base/java.util.ArrayList.forEach(ArrayList.java:1511)
]]></error>
  </testcase>
  <testcase name="shouldRejectOffsetWithoutLeadingZeroTest" classname="com.docencia.expresiones.ejercicio9.Ejercicio9Test" time="0.007">
    <error message="TODO" type="java.lang.UnsupportedOperationException"><![CDATA[java.lang.UnsupportedOperationException: TODO
	at com.docencia.expresiones.ejercicio9.Ejercicio09.isValidIsoDateTimeWithZone(Ejercicio09.java:20)
	at com.docencia.expresiones.ejercicio9.Ejercicio9Test.shouldRejectOffsetWithoutLeadingZeroTest(Ejercicio9Test.java:64)
	at java.base/java.lang.reflect.Method.invoke(Method.java:569)
	at java.base/java.util.ArrayList.forEach(ArrayList.java:1511)
	at java.base/java.util.ArrayList.forEach(ArrayList.java:1511)
]]></error>
  </testcase>
  <testcase name="shouldRejectLeadingOrTrailingSpacesTest" classname="com.docencia.expresiones.ejercicio9.Ejercicio9Test" time="0.004">
    <error message="TODO" type="java.lang.UnsupportedOperationException"><![CDATA[java.lang.UnsupportedOperationException: TODO
	at com.docencia.expresiones.ejercicio9.Ejercicio09.isValidIsoDateTimeWithZone(Ejercicio09.java:20)
	at com.docencia.expresiones.ejercicio9.Ejercicio9Test.shouldRejectLeadingOrTrailingSpacesTest(Ejercicio9Test.java:127)
	at java.base/java.lang.reflect.Method.invoke(Method.java:569)
	at java.base/java.util.ArrayList.forEach(ArrayList.java:1511)
	at java.base/java.util.ArrayList.forEach(ArrayList.java:1511)
]]></error>
  </testcase>
  <testcase name="shouldRejectOffsetOutOfRangeTest" classname="com.docencia.expresiones.ejercicio9.Ejercicio9Test" time="0.002">
    <error message="TODO" type="java.lang.UnsupportedOperationException"><![CDATA[java.lang.UnsupportedOperationException: TODO
	at com.docencia.expresiones.ejercicio9.Ejercicio09.isValidIsoDateTimeWithZone(Ejercicio09.java:20)
	at com.docencia.expresiones.ejercicio9.Ejercicio9Test.shouldRejectOffsetOutOfRangeTest(Ejercicio9Test.java:70)
	at java.base/java.lang.reflect.Method.invoke(Method.java:569)
	at java.base/java.util.ArrayList.forEach(ArrayList.java:1511)
	at java.base/java.util.ArrayList.forEach(ArrayList.java:1511)
]]></error>
  </testcase>
  <testcase name="shouldRejectTimeOutOfRangeTest" classname="com.docencia.expresiones.ejercicio9.Ejercicio9Test" time="0.001">
    <error message="TODO" type="java.lang.UnsupportedOperationException"><![CDATA[java.lang.UnsupportedOperationException: TODO
	at com.docencia.expresiones.ejercicio9.Ejercicio09.isValidIsoDateTimeWithZone(Ejercicio09.java:20)
	at com.docencia.expresiones.ejercicio9.Ejercicio9Test.shouldRejectTimeOutOfRangeTest(Ejercicio9Test.java:79)
	at java.base/java.lang.reflect.Method.invoke(Method.java:569)
	at java.base/java.util.ArrayList.forEach(ArrayList.java:1511)
	at java.base/java.util.ArrayList.forEach(ArrayList.java:1511)
]]></error>
  </testcase>
  <testcase name="shouldAcceptValidIsoWithZTest" classname="com.docencia.expresiones.ejercicio9.Ejercicio9Test" time="0.003">
    <error message="TODO" type="java.lang.UnsupportedOperationException"><![CDATA[java.lang.UnsupportedOperationException: TODO
	at com.docencia.expresiones.ejercicio9.Ejercicio09.isValidIsoDateTimeWithZone(Ejercicio09.java:20)
	at com.docencia.expresiones.ejercicio9.Ejercicio9Test.shouldAcceptValidIsoWithZTest(Ejercicio9Test.java:14)
	at java.base/java.lang.reflect.Method.invoke(Method.java:569)
	at java.base/java.util.ArrayList.forEach(ArrayList.java:1511)
	at java.base/java.util.ArrayList.forEach(ArrayList.java:1511)
]]></error>
  </testcase>
  <testcase name="shouldAcceptValidIsoWith1DigitMillisAndNegativeOffsetTest" classname="com.docencia.expresiones.ejercicio9.Ejercicio9Test" time="0.001">
    <error message="TODO" type="java.lang.UnsupportedOperationException"><![CDATA[java.lang.UnsupportedOperationException: TODO
	at com.docencia.expresiones.ejercicio9.Ejercicio09.isValidIsoDateTimeWithZone(Ejercicio09.java:20)
	at com.docencia.expresiones.ejercicio9.Ejercicio9Test.shouldAcceptValidIsoWith1DigitMillisAndNegativeOffsetTest(Ejercicio9Test.java:26)
	at java.base/java.lang.reflect.Method.invoke(Method.java:569)
	at java.base/java.util.ArrayList.forEach(ArrayList.java:1511)
	at java.base/java.util.ArrayList.forEach(ArrayList.java:1511)
]]></error>
  </testcase>
</testsuite>