<?xml version="1.0" encoding="UTF-8"?>
<testsuite xmlns:xsi="http://www.w3.org/2001/XMLSchema-instance" xsi:noNamespaceSchemaLocation="https://maven.apache.org/surefire/maven-surefire-plugin/xsd/surefire-test-report-3.0.xsd" version="3.0" name="com.docencia.clases.ejercicio4.TarjetaEmbarqueTest" time="0.037" tests="11" errors="6" skipped="0" failures="5">
  <properties>
[...]
</properties>
  <testcase name="shouldHandleCrossMidnightWindow" classname="com.docencia.clases.ejercicio4.TarjetaEmbarqueTest" time="0.002">
    <error message="TODO" type="java.lang.UnsupportedOperationException"><![CDATA[java.lang.UnsupportedOperationException: TODO
	at com.docencia.clases.ejercicio4.TarjetaEmbarque.puedeEmbarcar(TarjetaEmbarque.java:23)
	at com.docencia.clases.ejercicio4.TarjetaEmbarqueTest.shouldHandleCrossMidnightWindow(TarjetaEmbarqueTest.java:86)
	at java.base/java.lang.reflect.Method.invoke(Method.java:565)
	at java.base/java.util.ArrayList.forEach(ArrayList.java:1604)
	at java.base/java.util.ArrayList.forEach(ArrayList.java:1604)
]]></error>
  </testcase>
  <testcase name="shouldNotAllowBoardingAtClosingTimeExclusive" classname="com.docencia.clases.ejercicio4.TarjetaEmbarqueTest" time="0.002">
    <error message="TODO" type="java.lang.UnsupportedOperationException"><![CDATA[java.lang.UnsupportedOperationException: TODO
	at com.docencia.clases.ejercicio4.TarjetaEmbarque.puedeEmbarcar(TarjetaEmbarque.java:23)
	at com.docencia.clases.ejercicio4.TarjetaEmbarqueTest.shouldNotAllowBoardingAtClosingTimeExclusive(TarjetaEmbarqueTest.java:59)
	at java.base/java.lang.reflect.Method.invoke(Method.java:565)
	at java.base/java.util.ArrayList.forEach(ArrayList.java:1604)
	at java.base/java.util.ArrayList.forEach(ArrayList.java:1604)
]]></error>
  </testcase>
  <testcase name="shouldReturnFalseWhenVueloIsInFuture" classname="com.docencia.clases.ejercicio4.TarjetaEmbarqueTest" time="0.001">
    <error message="TODO" type="java.lang.UnsupportedOperationException"><![CDATA[java.lang.UnsupportedOperationException: TODO
	at com.docencia.clases.ejercicio4.TarjetaEmbarque.puedeEmbarcar(TarjetaEmbarque.java:23)
	at com.docencia.clases.ejercicio4.TarjetaEmbarqueTest.shouldReturnFalseWhenVueloIsInFuture(TarjetaEmbarqueTest.java:41)
	at java.base/java.lang.reflect.Method.invoke(Method.java:565)
	at java.base/java.util.ArrayList.forEach(ArrayList.java:1604)
	at java.base/java.util.ArrayList.forEach(ArrayList.java:1604)
]]></error>
  </testcase>
  <testcase name="shouldAllowBoardingInsideWindow" classname="com.docencia.clases.ejercicio4.TarjetaEmbarqueTest" time="0.0">
    <error message="TODO" type="java.lang.UnsupportedOperationException"><![CDATA[java.lang.UnsupportedOperationException: TODO
	at com.docencia.clases.ejercicio4.TarjetaEmbarque.puedeEmbarcar(TarjetaEmbarque.java:23)
	at com.docencia.clases.ejercicio4.TarjetaEmbarqueTest.shouldAllowBoardingInsideWindow(TarjetaEmbarqueTest.java:67)
	at java.base/java.lang.reflect.Method.invoke(Method.java:565)
	at java.base/java.util.ArrayList.forEach(ArrayList.java:1604)
	at java.base/java.util.ArrayList.forEach(ArrayList.java:1604)
]]></error>
  </testcase>
  <testcase name="shouldThrowWhenAnyFieldIsNull" classname="com.docencia.clases.ejercicio4.TarjetaEmbarqueTest" time="0.003">
    <failure message="Unexpected exception type thrown, expected: &lt;java.lang.IllegalArgumentException&gt; but was: &lt;java.lang.UnsupportedOperationException&gt;" type="org.opentest4j.AssertionFailedError"><![CDATA[org.opentest4j.AssertionFailedError: Unexpected exception type thrown, expected: <java.lang.IllegalArgumentException> but was: <java.lang.UnsupportedOperationException>
	at org.junit.jupiter.api.AssertionFailureBuilder.build(AssertionFailureBuilder.java:151)
	at org.junit.jupiter.api.AssertThrows.assertThrows(AssertThrows.java:67)
	at org.junit.jupiter.api.AssertThrows.assertThrows(AssertThrows.java:35)
	at org.junit.jupiter.api.Assertions.assertThrows(Assertions.java:3115)
	at com.docencia.clases.ejercicio4.TarjetaEmbarqueTest.shouldThrowWhenAnyFieldIsNull(TarjetaEmbarqueTest.java:21)
	at java.base/java.lang.reflect.Method.invoke(Method.java:565)
	at java.base/java.util.ArrayList.forEach(ArrayList.java:1604)
	at java.base/java.util.ArrayList.forEach(ArrayList.java:1604)
Caused by: java.lang.UnsupportedOperationException: TODO
	at com.docencia.clases.ejercicio4.TarjetaEmbarque.validate(TarjetaEmbarque.java:19)
	at com.docencia.clases.ejercicio4.TarjetaEmbarqueTest.lambda$shouldThrowWhenAnyFieldIsNull$0(TarjetaEmbarqueTest.java:21)
	at org.junit.jupiter.api.AssertThrows.assertThrows(AssertThrows.java:53)
	... 6 more
]]></failure>
  </testcase>
  <testcase name="shouldThrowWhenFechaVueloIsInPast" classname="com.docencia.clases.ejercicio4.TarjetaEmbarqueTest" time="0.002">
    <failure message="Unexpected exception type thrown, expected: &lt;java.lang.IllegalArgumentException&gt; but was: &lt;java.lang.UnsupportedOperationException&gt;" type="org.opentest4j.AssertionFailedError"><![CDATA[org.opentest4j.AssertionFailedError: Unexpected exception type thrown, expected: <java.lang.IllegalArgumentException> but was: <java.lang.UnsupportedOperationException>
	at org.junit.jupiter.api.AssertionFailureBuilder.build(AssertionFailureBuilder.java:151)
	at org.junit.jupiter.api.AssertThrows.assertThrows(AssertThrows.java:67)
	at org.junit.jupiter.api.AssertThrows.assertThrows(AssertThrows.java:35)
	at org.junit.jupiter.api.Assertions.assertThrows(Assertions.java:3115)
	at com.docencia.clases.ejercicio4.TarjetaEmbarqueTest.shouldThrowWhenFechaVueloIsInPast(TarjetaEmbarqueTest.java:33)
	at java.base/java.lang.reflect.Method.invoke(Method.java:565)
	at java.base/java.util.ArrayList.forEach(ArrayList.java:1604)
	at java.base/java.util.ArrayList.forEach(ArrayList.java:1604)
Caused by: java.lang.UnsupportedOperationException: TODO
	at com.docencia.clases.ejercicio4.TarjetaEmbarque.validate(TarjetaEmbarque.java:19)
	at com.docencia.clases.ejercicio4.TarjetaEmbarqueTest.lambda$shouldThrowWhenFechaVueloIsInPast$0(TarjetaEmbarqueTest.java:33)
	at org.junit.jupiter.api.AssertThrows.assertThrows(AssertThrows.java:53)
	... 6 more
]]></failure>
  </testcase>
  <testcase name="shouldThrowWhenHoyIsNullOnValidate" classname="com.docencia.clases.ejercicio4.TarjetaEmbarqueTest" time="0.003">
    <failure message="Unexpected exception type thrown, expected: &lt;java.lang.IllegalArgumentException&gt; but was: &lt;java.lang.UnsupportedOperationException&gt;" type="org.opentest4j.AssertionFailedError"><![CDATA[org.opentest4j.AssertionFailedError: Unexpected exception type thrown, expected: <java.lang.IllegalArgumentException> but was: <java.lang.UnsupportedOperationException>
	at org.junit.jupiter.api.AssertionFailureBuilder.build(AssertionFailureBuilder.java:151)
	at org.junit.jupiter.api.AssertThrows.assertThrows(AssertThrows.java:67)
	at org.junit.jupiter.api.AssertThrows.assertThrows(AssertThrows.java:35)
	at org.junit.jupiter.api.Assertions.assertThrows(Assertions.java:3115)
	at com.docencia.clases.ejercicio4.TarjetaEmbarqueTest.shouldThrowWhenHoyIsNullOnValidate(TarjetaEmbarqueTest.java:15)
	at java.base/java.lang.reflect.Method.invoke(Method.java:565)
	at java.base/java.util.ArrayList.forEach(ArrayList.java:1604)
	at java.base/java.util.ArrayList.forEach(ArrayList.java:1604)
Caused by: java.lang.UnsupportedOperationException: TODO
	at com.docencia.clases.ejercicio4.TarjetaEmbarque.validate(TarjetaEmbarque.java:19)
	at com.docencia.clases.ejercicio4.TarjetaEmbarqueTest.lambda$shouldThrowWhenHoyIsNullOnValidate$0(TarjetaEmbarqueTest.java:15)
	at org.junit.jupiter.api.AssertThrows.assertThrows(AssertThrows.java:53)
	... 6 more
]]></failure>
  </testcase>
  <testcase name="shouldThrowWhenAhoraIsNull" classname="com.docencia.clases.ejercicio4.TarjetaEmbarqueTest" time="0.002">
    <failure message="Unexpected exception type thrown, expected: &lt;java.lang.IllegalArgumentException&gt; but was: &lt;java.lang.UnsupportedOperationException&gt;" type="org.opentest4j.AssertionFailedError"><![CDATA[org.opentest4j.AssertionFailedError: Unexpected exception type thrown, expected: <java.lang.IllegalArgumentException> but was: <java.lang.UnsupportedOperationException>
	at org.junit.jupiter.api.AssertionFailureBuilder.build(AssertionFailureBuilder.java:151)
	at org.junit.jupiter.api.AssertThrows.assertThrows(AssertThrows.java:67)
	at org.junit.jupiter.api.AssertThrows.assertThrows(AssertThrows.java:35)
	at org.junit.jupiter.api.Assertions.assertThrows(Assertions.java:3115)
	at com.docencia.clases.ejercicio4.TarjetaEmbarqueTest.shouldThrowWhenAhoraIsNull(TarjetaEmbarqueTest.java:100)
	at java.base/java.lang.reflect.Method.invoke(Method.java:565)
	at java.base/java.util.ArrayList.forEach(ArrayList.java:1604)
	at java.base/java.util.ArrayList.forEach(ArrayList.java:1604)
Caused by: java.lang.UnsupportedOperationException: TODO
	at com.docencia.clases.ejercicio4.TarjetaEmbarque.puedeEmbarcar(TarjetaEmbarque.java:23)
	at com.docencia.clases.ejercicio4.TarjetaEmbarqueTest.lambda$shouldThrowWhenAhoraIsNull$0(TarjetaEmbarqueTest.java:100)
	at org.junit.jupiter.api.AssertThrows.assertThrows(AssertThrows.java:53)
	... 6 more
]]></failure>
  </testcase>
  <testcase name="shouldThrowWhenCodigoDoesNotMatchRegex" classname="com.docencia.clases.ejercicio4.TarjetaEmbarqueTest" time="0.003">
    <failure message="Unexpected exception type thrown, expected: &lt;java.lang.IllegalArgumentException&gt; but was: &lt;java.lang.UnsupportedOperationException&gt;" type="org.opentest4j.AssertionFailedError"><![CDATA[org.opentest4j.AssertionFailedError: Unexpected exception type thrown, expected: <java.lang.IllegalArgumentException> but was: <java.lang.UnsupportedOperationException>
	at org.junit.jupiter.api.AssertionFailureBuilder.build(AssertionFailureBuilder.java:151)
	at org.junit.jupiter.api.AssertThrows.assertThrows(AssertThrows.java:67)
	at org.junit.jupiter.api.AssertThrows.assertThrows(AssertThrows.java:35)
	at org.junit.jupiter.api.Assertions.assertThrows(Assertions.java:3115)
	at com.docencia.clases.ejercicio4.TarjetaEmbarqueTest.shouldThrowWhenCodigoDoesNotMatchRegex(TarjetaEmbarqueTest.java:27)
	at java.base/java.lang.reflect.Method.invoke(Method.java:565)
	at java.base/java.util.ArrayList.forEach(ArrayList.java:1604)
	at java.base/java.util.ArrayList.forEach(ArrayList.java:1604)
Caused by: java.lang.UnsupportedOperationException: TODO
	at com.docencia.clases.ejercicio4.TarjetaEmbarque.validate(TarjetaEmbarque.java:19)
	at com.docencia.clases.ejercicio4.TarjetaEmbarqueTest.lambda$shouldThrowWhenCodigoDoesNotMatchRegex$0(TarjetaEmbarqueTest.java:27)
	at org.junit.jupiter.api.AssertThrows.assertThrows(AssertThrows.java:53)
	... 6 more
]]></failure>
  </testcase>
  <testcase name="shouldNotAllowBoardingBeforeWindow" classname="com.docencia.clases.ejercicio4.TarjetaEmbarqueTest" time="0.004">
    <error message="TODO" type="java.lang.UnsupportedOperationException"><![CDATA[java.lang.UnsupportedOperationException: TODO
	at com.docencia.clases.ejercicio4.TarjetaEmbarque.puedeEmbarcar(TarjetaEmbarque.java:23)
	at com.docencia.clases.ejercicio4.TarjetaEmbarqueTest.shouldNotAllowBoardingBeforeWindow(TarjetaEmbarqueTest.java:76)
	at java.base/java.lang.reflect.Method.invoke(Method.java:565)
	at java.base/java.util.ArrayList.forEach(ArrayList.java:1604)
	at java.base/java.util.ArrayList.forEach(ArrayList.java:1604)
]]></error>
  </testcase>
  <testcase name="shouldAllowBoardingAtOpeningTimeInclusive" classname="com.docencia.clases.ejercicio4.TarjetaEmbarqueTest" time="0.001">
    <error message="TODO" type="java.lang.UnsupportedOperationException"><![CDATA[java.lang.UnsupportedOperationException: TODO
	at com.docencia.clases.ejercicio4.TarjetaEmbarque.puedeEmbarcar(TarjetaEmbarque.java:23)
	at com.docencia.clases.ejercicio4.TarjetaEmbarqueTest.shouldAllowBoardingAtOpeningTimeInclusive(TarjetaEmbarqueTest.java:50)
	at java.base/java.lang.reflect.Method.invoke(Method.java:565)
	at java.base/java.util.ArrayList.forEach(ArrayList.java:1604)
	at java.base/java.util.ArrayList.forEach(ArrayList.java:1604)
]]></error>
  </testcase>
</testsuite>