<?xml version="1.0" encoding="UTF-8"?>
<testsuite xmlns:xsi="http://www.w3.org/2001/XMLSchema-instance" xsi:noNamespaceSchemaLocation="https://maven.apache.org/surefire/maven-surefire-plugin/xsd/surefire-test-report-3.0.xsd" version="3.0" name="com.ejemplo.service.SkillServiceSqliteTest" time="16.59" tests="13" errors="13" skipped="0" failures="0">
  <properties>
[...]
</properties>
  <testcase name="noPermiteCrearSkillDuplicada" classname="com.ejemplo.service.SkillServiceSqliteTest" time="1.146">
    <error message="Unimplemented method &apos;crear&apos;" type="java.lang.UnsupportedOperationException"><![CDATA[java.lang.UnsupportedOperationException: Unimplemented method 'crear'
	at com.ejemplo.service.SkillService.crear(SkillService.java:26)
	at com.ejemplo.service.SkillServiceSqliteTest.noPermiteCrearSkillDuplicada(SkillServiceSqliteTest.java:50)
	at java.base/java.lang.reflect.Method.invoke(Method.java:569)
	at java.base/java.util.ArrayList.forEach(ArrayList.java:1511)
	at java.base/java.util.ArrayList.forEach(ArrayList.java:1511)
]]></error>
  </testcase>
  <testcase name="listarSinAsignarIncluyeSkillsSinUso" classname="com.ejemplo.service.SkillServiceSqliteTest" time="1.568">
    <error message="Unimplemented method &apos;crear&apos;" type="java.lang.UnsupportedOperationException"><![CDATA[java.lang.UnsupportedOperationException: Unimplemented method 'crear'
	at com.ejemplo.service.SkillService.crear(SkillService.java:26)
	at com.ejemplo.service.SkillServiceSqliteTest.listarSinAsignarIncluyeSkillsSinUso(SkillServiceSqliteTest.java:123)
	at java.base/java.lang.reflect.Method.invoke(Method.java:569)
	at java.base/java.util.ArrayList.forEach(ArrayList.java:1511)
	at java.base/java.util.ArrayList.forEach(ArrayList.java:1511)
]]></error>
  </testcase>
  <testcase name="actualizarSkillExistenteFunciona" classname="com.ejemplo.service.SkillServiceSqliteTest" time="1.105">
    <error message="Unimplemented method &apos;crear&apos;" type="java.lang.UnsupportedOperationException"><![CDATA[java.lang.UnsupportedOperationException: Unimplemented method 'crear'
	at com.ejemplo.service.SkillService.crear(SkillService.java:26)
	at com.ejemplo.service.SkillServiceSqliteTest.actualizarSkillExistenteFunciona(SkillServiceSqliteTest.java:68)
	at java.base/java.lang.reflect.Method.invoke(Method.java:569)
	at java.base/java.util.ArrayList.forEach(ArrayList.java:1511)
	at java.base/java.util.ArrayList.forEach(ArrayList.java:1511)
]]></error>
  </testcase>
  <testcase name="noPermiteCrearSkillConNombreVacio" classname="com.ejemplo.service.SkillServiceSqliteTest" time="1.404">
    <error message="Unimplemented method &apos;crear&apos;" type="java.lang.UnsupportedOperationException"><![CDATA[java.lang.UnsupportedOperationException: Unimplemented method 'crear'
	at com.ejemplo.service.SkillService.crear(SkillService.java:26)
	at com.ejemplo.service.SkillServiceSqliteTest.noPermiteCrearSkillConNombreVacio(SkillServiceSqliteTest.java:45)
	at java.base/java.lang.reflect.Method.invoke(Method.java:569)
	at java.base/java.util.ArrayList.forEach(ArrayList.java:1511)
	at java.base/java.util.ArrayList.forEach(ArrayList.java:1511)
]]></error>
  </testcase>
  <testcase name="listarTodasEmpiezaVacio" classname="com.ejemplo.service.SkillServiceSqliteTest" time="1.136">
    <error message="Unimplemented method &apos;listarTodas&apos;" type="java.lang.UnsupportedOperationException"><![CDATA[java.lang.UnsupportedOperationException: Unimplemented method 'listarTodas'
	at com.ejemplo.service.SkillService.listarTodas(SkillService.java:38)
	at com.ejemplo.service.SkillServiceSqliteTest.listarTodasEmpiezaVacio(SkillServiceSqliteTest.java:63)
	at java.base/java.lang.reflect.Method.invoke(Method.java:569)
	at java.base/java.util.ArrayList.forEach(ArrayList.java:1511)
	at java.base/java.util.ArrayList.forEach(ArrayList.java:1511)
]]></error>
  </testcase>
  <testcase name="restauracionDeBackupAislaLosTests" classname="com.ejemplo.service.SkillServiceSqliteTest" time="1.194">
    <error message="Unimplemented method &apos;crear&apos;" type="java.lang.UnsupportedOperationException"><![CDATA[java.lang.UnsupportedOperationException: Unimplemented method 'crear'
	at com.ejemplo.service.SkillService.crear(SkillService.java:26)
	at com.ejemplo.service.SkillServiceSqliteTest.restauracionDeBackupAislaLosTests(SkillServiceSqliteTest.java:131)
	at java.base/java.lang.reflect.Method.invoke(Method.java:569)
	at java.base/java.util.ArrayList.forEach(ArrayList.java:1511)
	at java.base/java.util.ArrayList.forEach(ArrayList.java:1511)
]]></error>
  </testcase>
  <testcase name="noPermiteCrearSkillConCategoriaInexistente" classname="com.ejemplo.service.SkillServiceSqliteTest" time="1.095">
    <error message="Unimplemented method &apos;crear&apos;" type="java.lang.UnsupportedOperationException"><![CDATA[java.lang.UnsupportedOperationException: Unimplemented method 'crear'
	at com.ejemplo.service.SkillService.crear(SkillService.java:26)
	at com.ejemplo.service.SkillServiceSqliteTest.noPermiteCrearSkillConCategoriaInexistente(SkillServiceSqliteTest.java:58)
	at java.base/java.lang.reflect.Method.invoke(Method.java:569)
	at java.base/java.util.ArrayList.forEach(ArrayList.java:1511)
	at java.base/java.util.ArrayList.forEach(ArrayList.java:1511)
]]></error>
  </testcase>
  <testcase name="eliminarSkillExistenteFunciona" classname="com.ejemplo.service.SkillServiceSqliteTest" time="1.047">
    <error message="Unimplemented method &apos;crear&apos;" type="java.lang.UnsupportedOperationException"><![CDATA[java.lang.UnsupportedOperationException: Unimplemented method 'crear'
	at com.ejemplo.service.SkillService.crear(SkillService.java:26)
	at com.ejemplo.service.SkillServiceSqliteTest.eliminarSkillExistenteFunciona(SkillServiceSqliteTest.java:77)
	at java.base/java.lang.reflect.Method.invoke(Method.java:569)
	at java.base/java.util.ArrayList.forEach(ArrayList.java:1511)
	at java.base/java.util.ArrayList.forEach(ArrayList.java:1511)
]]></error>
  </testcase>
  <testcase name="crearSkillValidaFunciona" classname="com.ejemplo.service.SkillServiceSqliteTest" time="1.002">
    <error message="Unimplemented method &apos;crear&apos;" type="java.lang.UnsupportedOperationException"><![CDATA[java.lang.UnsupportedOperationException: Unimplemented method 'crear'
	at com.ejemplo.service.SkillService.crear(SkillService.java:26)
	at com.ejemplo.service.SkillServiceSqliteTest.crearSkillValidaFunciona(SkillServiceSqliteTest.java:37)
	at java.base/java.lang.reflect.Method.invoke(Method.java:569)
	at java.base/java.util.ArrayList.forEach(ArrayList.java:1511)
	at java.base/java.util.ArrayList.forEach(ArrayList.java:1511)
]]></error>
  </testcase>
  <testcase name="contarEmpleadosConSkillFunciona" classname="com.ejemplo.service.SkillServiceSqliteTest" time="1.579">
    <error message="Unimplemented method &apos;crear&apos;" type="java.lang.UnsupportedOperationException"><![CDATA[java.lang.UnsupportedOperationException: Unimplemented method 'crear'
	at com.ejemplo.service.SkillService.crear(SkillService.java:26)
	at com.ejemplo.service.SkillServiceSqliteTest.contarEmpleadosConSkillFunciona(SkillServiceSqliteTest.java:113)
	at java.base/java.lang.reflect.Method.invoke(Method.java:569)
	at java.base/java.util.ArrayList.forEach(ArrayList.java:1511)
	at java.base/java.util.ArrayList.forEach(ArrayList.java:1511)
]]></error>
  </testcase>
  <testcase name="noPermiteAsignarSkillDuplicadaAlMismoEmpleado" classname="com.ejemplo.service.SkillServiceSqliteTest" time="1.67">
    <error message="Unimplemented method &apos;crear&apos;" type="java.lang.UnsupportedOperationException"><![CDATA[java.lang.UnsupportedOperationException: Unimplemented method 'crear'
	at com.ejemplo.service.SkillService.crear(SkillService.java:26)
	at com.ejemplo.service.SkillServiceSqliteTest.noPermiteAsignarSkillDuplicadaAlMismoEmpleado(SkillServiceSqliteTest.java:103)
	at java.base/java.lang.reflect.Method.invoke(Method.java:569)
	at java.base/java.util.ArrayList.forEach(ArrayList.java:1511)
	at java.base/java.util.ArrayList.forEach(ArrayList.java:1511)
]]></error>
  </testcase>
  <testcase name="listarPorCategoriaDevuelveCoincidencias" classname="com.ejemplo.service.SkillServiceSqliteTest" time="1.152">
    <error message="Unimplemented method &apos;crear&apos;" type="java.lang.UnsupportedOperationException"><![CDATA[java.lang.UnsupportedOperationException: Unimplemented method 'crear'
	at com.ejemplo.service.SkillService.crear(SkillService.java:26)
	at com.ejemplo.service.SkillServiceSqliteTest.listarPorCategoriaDevuelveCoincidencias(SkillServiceSqliteTest.java:84)
	at java.base/java.lang.reflect.Method.invoke(Method.java:569)
	at java.base/java.util.ArrayList.forEach(ArrayList.java:1511)
	at java.base/java.util.ArrayList.forEach(ArrayList.java:1511)
]]></error>
  </testcase>
  <testcase name="asignarEmpleadoFuncionaSiEmployeeYSkillExisten" classname="com.ejemplo.service.SkillServiceSqliteTest" time="1.477">
    <error message="Unimplemented method &apos;crear&apos;" type="java.lang.UnsupportedOperationException"><![CDATA[java.lang.UnsupportedOperationException: Unimplemented method 'crear'
	at com.ejemplo.service.SkillService.crear(SkillService.java:26)
	at com.ejemplo.service.SkillServiceSqliteTest.asignarEmpleadoFuncionaSiEmployeeYSkillExisten(SkillServiceSqliteTest.java:94)
	at java.base/java.lang.reflect.Method.invoke(Method.java:569)
	at java.base/java.util.ArrayList.forEach(ArrayList.java:1511)
	at java.base/java.util.ArrayList.forEach(ArrayList.java:1511)
]]></error>
  </testcase>
</testsuite>