<?xml version="1.0" encoding="UTF-8"?>
<testsuite xmlns:xsi="http://www.w3.org/2001/XMLSchema-instance" xsi:noNamespaceSchemaLocation="https://maven.apache.org/surefire/maven-surefire-plugin/xsd/surefire-test-report-3.0.xsd" version="3.0" name="com.ejemplo.service.EmployeeServiceRobustnessSqliteTest" time="77.395" tests="50" errors="17" skipped="0" failures="4">
  <properties>
[...]
</properties>
  <testcase name="listarTodosTrasCrearVariosMantieneOrdenPorId" classname="com.ejemplo.service.EmployeeServiceRobustnessSqliteTest" time="1.597"/>
  <testcase name="noPermiteActualizarEmpleadoConRolInexistente" classname="com.ejemplo.service.EmployeeServiceRobustnessSqliteTest" time="1.64">
    <system-err><![CDATA[Error actualizando empleado
]]></system-err>
  </testcase>
  <testcase name="crearEmpleadoNullDevuelveFalse" classname="com.ejemplo.service.EmployeeServiceRobustnessSqliteTest" time="1.161">
    <error message="Cannot invoke &quot;com.ejemplo.model.Employee.getId()&quot; because &quot;employee&quot; is null" type="java.lang.NullPointerException"><![CDATA[java.lang.NullPointerException: Cannot invoke "com.ejemplo.model.Employee.getId()" because "employee" is null
	at com.ejemplo.service.EmployeeService.crear(EmployeeService.java:25)
	at com.ejemplo.service.EmployeeServiceRobustnessSqliteTest.crearEmpleadoNullDevuelveFalse(EmployeeServiceRobustnessSqliteTest.java:50)
	at java.base/java.lang.reflect.Method.invoke(Method.java:569)
	at java.base/java.util.ArrayList.forEach(ArrayList.java:1511)
	at java.base/java.util.ArrayList.forEach(ArrayList.java:1511)
]]></error>
  </testcase>
  <testcase name="noPermiteActualizarEmpleadoConIdNulo" classname="com.ejemplo.service.EmployeeServiceRobustnessSqliteTest" time="1.083"/>
  <testcase name="crearEmpleadoHaceTrimDeCamposTexto" classname="com.ejemplo.service.EmployeeServiceRobustnessSqliteTest" time="1.431">
    <failure message="expected: &lt;Carlos&gt; but was: &lt;  Carlos  &gt;" type="org.opentest4j.AssertionFailedError"><![CDATA[org.opentest4j.AssertionFailedError: expected: <Carlos> but was: <  Carlos  >
	at org.junit.jupiter.api.AssertionFailureBuilder.build(AssertionFailureBuilder.java:151)
	at org.junit.jupiter.api.AssertionFailureBuilder.buildAndThrow(AssertionFailureBuilder.java:132)
	at org.junit.jupiter.api.AssertEquals.failNotEqual(AssertEquals.java:197)
	at org.junit.jupiter.api.AssertEquals.assertEquals(AssertEquals.java:182)
	at org.junit.jupiter.api.AssertEquals.assertEquals(AssertEquals.java:177)
	at org.junit.jupiter.api.Assertions.assertEquals(Assertions.java:1145)
	at com.ejemplo.service.EmployeeServiceRobustnessSqliteTest.crearEmpleadoHaceTrimDeCamposTexto(EmployeeServiceRobustnessSqliteTest.java:97)
	at java.base/java.lang.reflect.Method.invoke(Method.java:569)
	at java.base/java.util.ArrayList.forEach(ArrayList.java:1511)
	at java.base/java.util.ArrayList.forEach(ArrayList.java:1511)
]]></failure>
  </testcase>
  <testcase name="cambiarManagerConManagerInexistenteFalla" classname="com.ejemplo.service.EmployeeServiceRobustnessSqliteTest" time="1.812">
    <error message="Unimplemented method &apos;cambiarManager&apos;" type="java.lang.UnsupportedOperationException"><![CDATA[java.lang.UnsupportedOperationException: Unimplemented method 'cambiarManager'
	at com.ejemplo.service.EmployeeService.cambiarManager(EmployeeService.java:76)
	at com.ejemplo.service.EmployeeServiceRobustnessSqliteTest.cambiarManagerConManagerInexistenteFalla(EmployeeServiceRobustnessSqliteTest.java:244)
	at java.base/java.lang.reflect.Method.invoke(Method.java:569)
	at java.base/java.util.ArrayList.forEach(ArrayList.java:1511)
	at java.base/java.util.ArrayList.forEach(ArrayList.java:1511)
]]></error>
  </testcase>
  <testcase name="noPermiteCrearEmpleadoComoSuPropioManager" classname="com.ejemplo.service.EmployeeServiceRobustnessSqliteTest" time="1.338">
    <failure message="expected: &lt;false&gt; but was: &lt;true&gt;" type="org.opentest4j.AssertionFailedError"><![CDATA[org.opentest4j.AssertionFailedError: expected: <false> but was: <true>
	at org.junit.jupiter.api.AssertionFailureBuilder.build(AssertionFailureBuilder.java:151)
	at org.junit.jupiter.api.AssertionFailureBuilder.buildAndThrow(AssertionFailureBuilder.java:132)
	at org.junit.jupiter.api.AssertFalse.failNotFalse(AssertFalse.java:63)
	at org.junit.jupiter.api.AssertFalse.assertFalse(AssertFalse.java:36)
	at org.junit.jupiter.api.AssertFalse.assertFalse(AssertFalse.java:31)
	at org.junit.jupiter.api.Assertions.assertFalse(Assertions.java:231)
	at com.ejemplo.service.EmployeeServiceRobustnessSqliteTest.noPermiteCrearEmpleadoComoSuPropioManager(EmployeeServiceRobustnessSqliteTest.java:292)
	at java.base/java.lang.reflect.Method.invoke(Method.java:569)
	at java.base/java.util.ArrayList.forEach(ArrayList.java:1511)
	at java.base/java.util.ArrayList.forEach(ArrayList.java:1511)
]]></failure>
  </testcase>
  <testcase name="cambiarManagerConEmpleadoNullFalla" classname="com.ejemplo.service.EmployeeServiceRobustnessSqliteTest" time="1.152">
    <error message="Unimplemented method &apos;cambiarManager&apos;" type="java.lang.UnsupportedOperationException"><![CDATA[java.lang.UnsupportedOperationException: Unimplemented method 'cambiarManager'
	at com.ejemplo.service.EmployeeService.cambiarManager(EmployeeService.java:76)
	at com.ejemplo.service.EmployeeServiceRobustnessSqliteTest.cambiarManagerConEmpleadoNullFalla(EmployeeServiceRobustnessSqliteTest.java:222)
	at java.base/java.lang.reflect.Method.invoke(Method.java:569)
	at java.base/java.util.ArrayList.forEach(ArrayList.java:1511)
	at java.base/java.util.ArrayList.forEach(ArrayList.java:1511)
]]></error>
  </testcase>
  <testcase name="listarPorRolSinCoincidenciasDevuelveVacio" classname="com.ejemplo.service.EmployeeServiceRobustnessSqliteTest" time="1.722"/>
  <testcase name="cambiarManagerActualizaNumeroDeSubordinados" classname="com.ejemplo.service.EmployeeServiceRobustnessSqliteTest" time="1.954">
    <error message="Unimplemented method &apos;cambiarManager&apos;" type="java.lang.UnsupportedOperationException"><![CDATA[java.lang.UnsupportedOperationException: Unimplemented method 'cambiarManager'
	at com.ejemplo.service.EmployeeService.cambiarManager(EmployeeService.java:76)
	at com.ejemplo.service.EmployeeServiceRobustnessSqliteTest.cambiarManagerActualizaNumeroDeSubordinados(EmployeeServiceRobustnessSqliteTest.java:250)
	at java.base/java.lang.reflect.Method.invoke(Method.java:569)
	at java.base/java.util.ArrayList.forEach(ArrayList.java:1511)
	at java.base/java.util.ArrayList.forEach(ArrayList.java:1511)
]]></error>
  </testcase>
  <testcase name="noPermiteCrearEmpleadoConIdDuplicado" classname="com.ejemplo.service.EmployeeServiceRobustnessSqliteTest" time="1.386">
    <system-err><![CDATA[Error creando empleado
]]></system-err>
  </testcase>
  <testcase name="buscarPorApellidoHaceTrim" classname="com.ejemplo.service.EmployeeServiceRobustnessSqliteTest" time="1.863">
    <error message="Unimplemented method &apos;buscarPorApellido&apos;" type="java.lang.UnsupportedOperationException"><![CDATA[java.lang.UnsupportedOperationException: Unimplemented method 'buscarPorApellido'
	at com.ejemplo.service.EmployeeService.buscarPorApellido(EmployeeService.java:88)
	at com.ejemplo.service.EmployeeServiceRobustnessSqliteTest.buscarPorApellidoHaceTrim(EmployeeServiceRobustnessSqliteTest.java:280)
	at java.base/java.lang.reflect.Method.invoke(Method.java:569)
	at java.base/java.util.ArrayList.forEach(ArrayList.java:1511)
	at java.base/java.util.ArrayList.forEach(ArrayList.java:1511)
]]></error>
  </testcase>
  <testcase name="eliminarEmpleadoConResumeFallaPorIntegridadReferencial" classname="com.ejemplo.service.EmployeeServiceRobustnessSqliteTest" time="1.568">
    <system-err><![CDATA[Error borrando el empleadoorg.sqlite.SQLiteException: [SQLITE_CONSTRAINT_FOREIGNKEY] A foreign key constraint failed (FOREIGN KEY constraint failed)
]]></system-err>
  </testcase>
  <testcase name="cambiarManagerConManagerNullFalla" classname="com.ejemplo.service.EmployeeServiceRobustnessSqliteTest" time="1.662">
    <error message="Unimplemented method &apos;cambiarManager&apos;" type="java.lang.UnsupportedOperationException"><![CDATA[java.lang.UnsupportedOperationException: Unimplemented method 'cambiarManager'
	at com.ejemplo.service.EmployeeService.cambiarManager(EmployeeService.java:76)
	at com.ejemplo.service.EmployeeServiceRobustnessSqliteTest.cambiarManagerConManagerNullFalla(EmployeeServiceRobustnessSqliteTest.java:227)
	at java.base/java.lang.reflect.Method.invoke(Method.java:569)
	at java.base/java.util.ArrayList.forEach(ArrayList.java:1511)
	at java.base/java.util.ArrayList.forEach(ArrayList.java:1511)
]]></error>
  </testcase>
  <testcase name="noPermiteCrearEmpleadoConStartDateVaciaEnVariantes(String)[1]" classname="com.ejemplo.service.EmployeeServiceRobustnessSqliteTest" time="2.035">
    <system-err><![CDATA[Error creando empleado
]]></system-err>
  </testcase>
  <testcase name="noPermiteCrearEmpleadoConStartDateVaciaEnVariantes(String)[2]" classname="com.ejemplo.service.EmployeeServiceRobustnessSqliteTest" time="1.258">
    <system-err><![CDATA[Error creando empleado
]]></system-err>
  </testcase>
  <testcase name="noPermiteCrearEmpleadoConStartDateVaciaEnVariantes(String)[3]" classname="com.ejemplo.service.EmployeeServiceRobustnessSqliteTest" time="1.267">
    <system-err><![CDATA[Error creando empleado
]]></system-err>
  </testcase>
  <testcase name="noPermiteCrearEmpleadoConStartDateVaciaEnVariantes(String)[4]" classname="com.ejemplo.service.EmployeeServiceRobustnessSqliteTest" time="1.003">
    <system-err><![CDATA[Error creando empleado
]]></system-err>
  </testcase>
  <testcase name="noPermiteCrearEmpleadoConApellidoVacioEnVariantes(String)[1]" classname="com.ejemplo.service.EmployeeServiceRobustnessSqliteTest" time="1.323"/>
  <testcase name="noPermiteCrearEmpleadoConApellidoVacioEnVariantes(String)[2]" classname="com.ejemplo.service.EmployeeServiceRobustnessSqliteTest" time="1.269"/>
  <testcase name="noPermiteCrearEmpleadoConApellidoVacioEnVariantes(String)[3]" classname="com.ejemplo.service.EmployeeServiceRobustnessSqliteTest" time="2.022"/>
  <testcase name="noPermiteCrearEmpleadoConApellidoVacioEnVariantes(String)[4]" classname="com.ejemplo.service.EmployeeServiceRobustnessSqliteTest" time="1.733"/>
  <testcase name="buscarPorApellidoVacioDevuelveVacio(String)[1]" classname="com.ejemplo.service.EmployeeServiceRobustnessSqliteTest" time="1.786">
    <error message="Unimplemented method &apos;buscarPorApellido&apos;" type="java.lang.UnsupportedOperationException"><![CDATA[java.lang.UnsupportedOperationException: Unimplemented method 'buscarPorApellido'
	at com.ejemplo.service.EmployeeService.buscarPorApellido(EmployeeService.java:88)
	at com.ejemplo.service.EmployeeServiceRobustnessSqliteTest.buscarPorApellidoVacioDevuelveVacio(EmployeeServiceRobustnessSqliteTest.java:274)
	at java.base/java.lang.reflect.Method.invoke(Method.java:569)
	at java.base/java.util.stream.ForEachOps$ForEachOp$OfRef.accept(ForEachOps.java:183)
	at java.base/java.util.stream.ReferencePipeline$3$1.accept(ReferencePipeline.java:197)
	at java.base/java.util.stream.ReferencePipeline$2$1.accept(ReferencePipeline.java:179)
	at java.base/java.util.stream.ReferencePipeline$3$1.accept(ReferencePipeline.java:197)
	at java.base/java.util.stream.ForEachOps$ForEachOp$OfRef.accept(ForEachOps.java:183)
	at java.base/java.util.stream.ReferencePipeline$3$1.accept(ReferencePipeline.java:197)
	at java.base/java.util.stream.ReferencePipeline$3$1.accept(ReferencePipeline.java:197)
	at java.base/java.util.stream.ReferencePipeline$3$1.accept(ReferencePipeline.java:197)
	at java.base/java.util.stream.ForEachOps$ForEachOp$OfRef.accept(ForEachOps.java:183)
	at java.base/java.util.stream.ReferencePipeline$3$1.accept(ReferencePipeline.java:197)
	at java.base/java.util.Spliterators$ArraySpliterator.forEachRemaining(Spliterators.java:992)
	at java.base/java.util.stream.AbstractPipeline.copyInto(AbstractPipeline.java:509)
	at java.base/java.util.stream.AbstractPipeline.wrapAndCopyInto(AbstractPipeline.java:499)
	at java.base/java.util.stream.ForEachOps$ForEachOp.evaluateSequential(ForEachOps.java:150)
	at java.base/java.util.stream.ForEachOps$ForEachOp$OfRef.evaluateSequential(ForEachOps.java:173)
	at java.base/java.util.stream.AbstractPipeline.evaluate(AbstractPipeline.java:234)
	at java.base/java.util.stream.ReferencePipeline.forEach(ReferencePipeline.java:596)
	at java.base/java.util.stream.ReferencePipeline$7$1.accept(ReferencePipeline.java:276)
	at java.base/java.util.stream.ReferencePipeline$3$1.accept(ReferencePipeline.java:197)
	at java.base/java.util.stream.ReferencePipeline$3$1.accept(ReferencePipeline.java:197)
	at java.base/java.util.stream.ReferencePipeline$3$1.accept(ReferencePipeline.java:197)
	at java.base/java.util.ArrayList$ArrayListSpliterator.forEachRemaining(ArrayList.java:1625)
	at java.base/java.util.stream.AbstractPipeline.copyInto(AbstractPipeline.java:509)
	at java.base/java.util.stream.AbstractPipeline.wrapAndCopyInto(AbstractPipeline.java:499)
	at java.base/java.util.stream.ForEachOps$ForEachOp.evaluateSequential(ForEachOps.java:150)
	at java.base/java.util.stream.ForEachOps$ForEachOp$OfRef.evaluateSequential(ForEachOps.java:173)
	at java.base/java.util.stream.AbstractPipeline.evaluate(AbstractPipeline.java:234)
	at java.base/java.util.stream.ReferencePipeline.forEach(ReferencePipeline.java:596)
	at java.base/java.util.stream.ReferencePipeline$7$1.accept(ReferencePipeline.java:276)
	at java.base/java.util.ArrayList$ArrayListSpliterator.forEachRemaining(ArrayList.java:1625)
	at java.base/java.util.stream.AbstractPipeline.copyInto(AbstractPipeline.java:509)
	at java.base/java.util.stream.AbstractPipeline.wrapAndCopyInto(AbstractPipeline.java:499)
	at java.base/java.util.stream.ForEachOps$ForEachOp.evaluateSequential(ForEachOps.java:150)
	at java.base/java.util.stream.ForEachOps$ForEachOp$OfRef.evaluateSequential(ForEachOps.java:173)
	at java.base/java.util.stream.AbstractPipeline.evaluate(AbstractPipeline.java:234)
	at java.base/java.util.stream.ReferencePipeline.forEach(ReferencePipeline.java:596)
	at java.base/java.util.ArrayList.forEach(ArrayList.java:1511)
	at java.base/java.util.ArrayList.forEach(ArrayList.java:1511)
]]></error>
  </testcase>
  <testcase name="buscarPorApellidoVacioDevuelveVacio(String)[2]" classname="com.ejemplo.service.EmployeeServiceRobustnessSqliteTest" time="1.277">
    <error message="Unimplemented method &apos;buscarPorApellido&apos;" type="java.lang.UnsupportedOperationException"><![CDATA[java.lang.UnsupportedOperationException: Unimplemented method 'buscarPorApellido'
	at com.ejemplo.service.EmployeeService.buscarPorApellido(EmployeeService.java:88)
	at com.ejemplo.service.EmployeeServiceRobustnessSqliteTest.buscarPorApellidoVacioDevuelveVacio(EmployeeServiceRobustnessSqliteTest.java:274)
	at java.base/java.lang.reflect.Method.invoke(Method.java:569)
	at java.base/java.util.stream.ForEachOps$ForEachOp$OfRef.accept(ForEachOps.java:183)
	at java.base/java.util.stream.ReferencePipeline$3$1.accept(ReferencePipeline.java:197)
	at java.base/java.util.stream.ReferencePipeline$2$1.accept(ReferencePipeline.java:179)
	at java.base/java.util.stream.ReferencePipeline$3$1.accept(ReferencePipeline.java:197)
	at java.base/java.util.stream.ForEachOps$ForEachOp$OfRef.accept(ForEachOps.java:183)
	at java.base/java.util.stream.ReferencePipeline$3$1.accept(ReferencePipeline.java:197)
	at java.base/java.util.stream.ReferencePipeline$3$1.accept(ReferencePipeline.java:197)
	at java.base/java.util.stream.ReferencePipeline$3$1.accept(ReferencePipeline.java:197)
	at java.base/java.util.stream.ForEachOps$ForEachOp$OfRef.accept(ForEachOps.java:183)
	at java.base/java.util.stream.ReferencePipeline$3$1.accept(ReferencePipeline.java:197)
	at java.base/java.util.Spliterators$ArraySpliterator.forEachRemaining(Spliterators.java:992)
	at java.base/java.util.stream.AbstractPipeline.copyInto(AbstractPipeline.java:509)
	at java.base/java.util.stream.AbstractPipeline.wrapAndCopyInto(AbstractPipeline.java:499)
	at java.base/java.util.stream.ForEachOps$ForEachOp.evaluateSequential(ForEachOps.java:150)
	at java.base/java.util.stream.ForEachOps$ForEachOp$OfRef.evaluateSequential(ForEachOps.java:173)
	at java.base/java.util.stream.AbstractPipeline.evaluate(AbstractPipeline.java:234)
	at java.base/java.util.stream.ReferencePipeline.forEach(ReferencePipeline.java:596)
	at java.base/java.util.stream.ReferencePipeline$7$1.accept(ReferencePipeline.java:276)
	at java.base/java.util.stream.ReferencePipeline$3$1.accept(ReferencePipeline.java:197)
	at java.base/java.util.stream.ReferencePipeline$3$1.accept(ReferencePipeline.java:197)
	at java.base/java.util.stream.ReferencePipeline$3$1.accept(ReferencePipeline.java:197)
	at java.base/java.util.ArrayList$ArrayListSpliterator.forEachRemaining(ArrayList.java:1625)
	at java.base/java.util.stream.AbstractPipeline.copyInto(AbstractPipeline.java:509)
	at java.base/java.util.stream.AbstractPipeline.wrapAndCopyInto(AbstractPipeline.java:499)
	at java.base/java.util.stream.ForEachOps$ForEachOp.evaluateSequential(ForEachOps.java:150)
	at java.base/java.util.stream.ForEachOps$ForEachOp$OfRef.evaluateSequential(ForEachOps.java:173)
	at java.base/java.util.stream.AbstractPipeline.evaluate(AbstractPipeline.java:234)
	at java.base/java.util.stream.ReferencePipeline.forEach(ReferencePipeline.java:596)
	at java.base/java.util.stream.ReferencePipeline$7$1.accept(ReferencePipeline.java:276)
	at java.base/java.util.ArrayList$ArrayListSpliterator.forEachRemaining(ArrayList.java:1625)
	at java.base/java.util.stream.AbstractPipeline.copyInto(AbstractPipeline.java:509)
	at java.base/java.util.stream.AbstractPipeline.wrapAndCopyInto(AbstractPipeline.java:499)
	at java.base/java.util.stream.ForEachOps$ForEachOp.evaluateSequential(ForEachOps.java:150)
	at java.base/java.util.stream.ForEachOps$ForEachOp$OfRef.evaluateSequential(ForEachOps.java:173)
	at java.base/java.util.stream.AbstractPipeline.evaluate(AbstractPipeline.java:234)
	at java.base/java.util.stream.ReferencePipeline.forEach(ReferencePipeline.java:596)
	at java.base/java.util.ArrayList.forEach(ArrayList.java:1511)
	at java.base/java.util.ArrayList.forEach(ArrayList.java:1511)
]]></error>
  </testcase>
  <testcase name="buscarPorApellidoVacioDevuelveVacio(String)[3]" classname="com.ejemplo.service.EmployeeServiceRobustnessSqliteTest" time="1.051">
    <error message="Unimplemented method &apos;buscarPorApellido&apos;" type="java.lang.UnsupportedOperationException"><![CDATA[java.lang.UnsupportedOperationException: Unimplemented method 'buscarPorApellido'
	at com.ejemplo.service.EmployeeService.buscarPorApellido(EmployeeService.java:88)
	at com.ejemplo.service.EmployeeServiceRobustnessSqliteTest.buscarPorApellidoVacioDevuelveVacio(EmployeeServiceRobustnessSqliteTest.java:274)
	at java.base/java.lang.reflect.Method.invoke(Method.java:569)
	at java.base/java.util.stream.ForEachOps$ForEachOp$OfRef.accept(ForEachOps.java:183)
	at java.base/java.util.stream.ReferencePipeline$3$1.accept(ReferencePipeline.java:197)
	at java.base/java.util.stream.ReferencePipeline$2$1.accept(ReferencePipeline.java:179)
	at java.base/java.util.stream.ReferencePipeline$3$1.accept(ReferencePipeline.java:197)
	at java.base/java.util.stream.ForEachOps$ForEachOp$OfRef.accept(ForEachOps.java:183)
	at java.base/java.util.stream.ReferencePipeline$3$1.accept(ReferencePipeline.java:197)
	at java.base/java.util.stream.ReferencePipeline$3$1.accept(ReferencePipeline.java:197)
	at java.base/java.util.stream.ReferencePipeline$3$1.accept(ReferencePipeline.java:197)
	at java.base/java.util.stream.ForEachOps$ForEachOp$OfRef.accept(ForEachOps.java:183)
	at java.base/java.util.stream.ReferencePipeline$3$1.accept(ReferencePipeline.java:197)
	at java.base/java.util.Spliterators$ArraySpliterator.forEachRemaining(Spliterators.java:992)
	at java.base/java.util.stream.AbstractPipeline.copyInto(AbstractPipeline.java:509)
	at java.base/java.util.stream.AbstractPipeline.wrapAndCopyInto(AbstractPipeline.java:499)
	at java.base/java.util.stream.ForEachOps$ForEachOp.evaluateSequential(ForEachOps.java:150)
	at java.base/java.util.stream.ForEachOps$ForEachOp$OfRef.evaluateSequential(ForEachOps.java:173)
	at java.base/java.util.stream.AbstractPipeline.evaluate(AbstractPipeline.java:234)
	at java.base/java.util.stream.ReferencePipeline.forEach(ReferencePipeline.java:596)
	at java.base/java.util.stream.ReferencePipeline$7$1.accept(ReferencePipeline.java:276)
	at java.base/java.util.stream.ReferencePipeline$3$1.accept(ReferencePipeline.java:197)
	at java.base/java.util.stream.ReferencePipeline$3$1.accept(ReferencePipeline.java:197)
	at java.base/java.util.stream.ReferencePipeline$3$1.accept(ReferencePipeline.java:197)
	at java.base/java.util.ArrayList$ArrayListSpliterator.forEachRemaining(ArrayList.java:1625)
	at java.base/java.util.stream.AbstractPipeline.copyInto(AbstractPipeline.java:509)
	at java.base/java.util.stream.AbstractPipeline.wrapAndCopyInto(AbstractPipeline.java:499)
	at java.base/java.util.stream.ForEachOps$ForEachOp.evaluateSequential(ForEachOps.java:150)
	at java.base/java.util.stream.ForEachOps$ForEachOp$OfRef.evaluateSequential(ForEachOps.java:173)
	at java.base/java.util.stream.AbstractPipeline.evaluate(AbstractPipeline.java:234)
	at java.base/java.util.stream.ReferencePipeline.forEach(ReferencePipeline.java:596)
	at java.base/java.util.stream.ReferencePipeline$7$1.accept(ReferencePipeline.java:276)
	at java.base/java.util.ArrayList$ArrayListSpliterator.forEachRemaining(ArrayList.java:1625)
	at java.base/java.util.stream.AbstractPipeline.copyInto(AbstractPipeline.java:509)
	at java.base/java.util.stream.AbstractPipeline.wrapAndCopyInto(AbstractPipeline.java:499)
	at java.base/java.util.stream.ForEachOps$ForEachOp.evaluateSequential(ForEachOps.java:150)
	at java.base/java.util.stream.ForEachOps$ForEachOp$OfRef.evaluateSequential(ForEachOps.java:173)
	at java.base/java.util.stream.AbstractPipeline.evaluate(AbstractPipeline.java:234)
	at java.base/java.util.stream.ReferencePipeline.forEach(ReferencePipeline.java:596)
	at java.base/java.util.ArrayList.forEach(ArrayList.java:1511)
	at java.base/java.util.ArrayList.forEach(ArrayList.java:1511)
]]></error>
  </testcase>
  <testcase name="buscarPorIdInexistenteDevuelveNull" classname="com.ejemplo.service.EmployeeServiceRobustnessSqliteTest" time="1.03"/>
  <testcase name="listarManagersIncluyeManagersIntermedios" classname="com.ejemplo.service.EmployeeServiceRobustnessSqliteTest" time="2.332">
    <error message="Unimplemented method &apos;listarManagers&apos;" type="java.lang.UnsupportedOperationException"><![CDATA[java.lang.UnsupportedOperationException: Unimplemented method 'listarManagers'
	at com.ejemplo.service.EmployeeService.listarManagers(EmployeeService.java:70)
	at com.ejemplo.service.EmployeeServiceRobustnessSqliteTest.listarManagersIncluyeManagersIntermedios(EmployeeServiceRobustnessSqliteTest.java:216)
	at java.base/java.lang.reflect.Method.invoke(Method.java:569)
	at java.base/java.util.ArrayList.forEach(ArrayList.java:1511)
	at java.base/java.util.ArrayList.forEach(ArrayList.java:1511)
]]></error>
  </testcase>
  <testcase name="noPermiteCrearEmpleadoConNombreVacioEnVariantes(String)[1]" classname="com.ejemplo.service.EmployeeServiceRobustnessSqliteTest" time="1.512"/>
  <testcase name="noPermiteCrearEmpleadoConNombreVacioEnVariantes(String)[2]" classname="com.ejemplo.service.EmployeeServiceRobustnessSqliteTest" time="1.239"/>
  <testcase name="noPermiteCrearEmpleadoConNombreVacioEnVariantes(String)[3]" classname="com.ejemplo.service.EmployeeServiceRobustnessSqliteTest" time="1.184"/>
  <testcase name="noPermiteCrearEmpleadoConNombreVacioEnVariantes(String)[4]" classname="com.ejemplo.service.EmployeeServiceRobustnessSqliteTest" time="1.273"/>
  <testcase name="eliminarManagerConSubordinadosFallaPorIntegridadReferencial" classname="com.ejemplo.service.EmployeeServiceRobustnessSqliteTest" time="2.551">
    <system-err><![CDATA[Error borrando el empleadoorg.sqlite.SQLiteException: [SQLITE_CONSTRAINT_FOREIGNKEY] A foreign key constraint failed (FOREIGN KEY constraint failed)
]]></system-err>
  </testcase>
  <testcase name="buscarPorApellidoSinCoincidenciasDevuelveVacio" classname="com.ejemplo.service.EmployeeServiceRobustnessSqliteTest" time="2.024">
    <error message="Unimplemented method &apos;buscarPorApellido&apos;" type="java.lang.UnsupportedOperationException"><![CDATA[java.lang.UnsupportedOperationException: Unimplemented method 'buscarPorApellido'
	at com.ejemplo.service.EmployeeService.buscarPorApellido(EmployeeService.java:88)
	at com.ejemplo.service.EmployeeServiceRobustnessSqliteTest.buscarPorApellidoSinCoincidenciasDevuelveVacio(EmployeeServiceRobustnessSqliteTest.java:286)
	at java.base/java.lang.reflect.Method.invoke(Method.java:569)
	at java.base/java.util.ArrayList.forEach(ArrayList.java:1511)
	at java.base/java.util.ArrayList.forEach(ArrayList.java:1511)
]]></error>
  </testcase>
  <testcase name="buscarPorIdNullDevuelveNull" classname="com.ejemplo.service.EmployeeServiceRobustnessSqliteTest" time="1.447"/>
  <testcase name="cambiarManagerConEmpleadoInexistenteFalla" classname="com.ejemplo.service.EmployeeServiceRobustnessSqliteTest" time="2.495">
    <error message="Unimplemented method &apos;cambiarManager&apos;" type="java.lang.UnsupportedOperationException"><![CDATA[java.lang.UnsupportedOperationException: Unimplemented method 'cambiarManager'
	at com.ejemplo.service.EmployeeService.cambiarManager(EmployeeService.java:76)
	at com.ejemplo.service.EmployeeServiceRobustnessSqliteTest.cambiarManagerConEmpleadoInexistenteFalla(EmployeeServiceRobustnessSqliteTest.java:238)
	at java.base/java.lang.reflect.Method.invoke(Method.java:569)
	at java.base/java.util.ArrayList.forEach(ArrayList.java:1511)
	at java.base/java.util.ArrayList.forEach(ArrayList.java:1511)
]]></error>
  </testcase>
  <testcase name="eliminarInexistenteDevuelveFalse" classname="com.ejemplo.service.EmployeeServiceRobustnessSqliteTest" time="1.064">
    <failure message="expected: &lt;false&gt; but was: &lt;true&gt;" type="org.opentest4j.AssertionFailedError"><![CDATA[org.opentest4j.AssertionFailedError: expected: <false> but was: <true>
	at org.junit.jupiter.api.AssertionFailureBuilder.build(AssertionFailureBuilder.java:151)
	at org.junit.jupiter.api.AssertionFailureBuilder.buildAndThrow(AssertionFailureBuilder.java:132)
	at org.junit.jupiter.api.AssertFalse.failNotFalse(AssertFalse.java:63)
	at org.junit.jupiter.api.AssertFalse.assertFalse(AssertFalse.java:36)
	at org.junit.jupiter.api.AssertFalse.assertFalse(AssertFalse.java:31)
	at org.junit.jupiter.api.Assertions.assertFalse(Assertions.java:231)
	at com.ejemplo.service.EmployeeServiceRobustnessSqliteTest.eliminarInexistenteDevuelveFalse(EmployeeServiceRobustnessSqliteTest.java:170)
	at java.base/java.lang.reflect.Method.invoke(Method.java:569)
	at java.base/java.util.ArrayList.forEach(ArrayList.java:1511)
	at java.base/java.util.ArrayList.forEach(ArrayList.java:1511)
]]></failure>
  </testcase>
  <testcase name="actualizarEmpleadoHaceTrimDeCampos" classname="com.ejemplo.service.EmployeeServiceRobustnessSqliteTest" time="1.343">
    <failure message="expected: &lt;true&gt; but was: &lt;false&gt;" type="org.opentest4j.AssertionFailedError"><![CDATA[org.opentest4j.AssertionFailedError: expected: <true> but was: <false>
	at org.junit.jupiter.api.AssertionFailureBuilder.build(AssertionFailureBuilder.java:151)
	at org.junit.jupiter.api.AssertionFailureBuilder.buildAndThrow(AssertionFailureBuilder.java:132)
	at org.junit.jupiter.api.AssertTrue.failNotTrue(AssertTrue.java:63)
	at org.junit.jupiter.api.AssertTrue.assertTrue(AssertTrue.java:36)
	at org.junit.jupiter.api.AssertTrue.assertTrue(AssertTrue.java:31)
	at org.junit.jupiter.api.Assertions.assertTrue(Assertions.java:183)
	at com.ejemplo.service.EmployeeServiceRobustnessSqliteTest.actualizarEmpleadoHaceTrimDeCampos(EmployeeServiceRobustnessSqliteTest.java:156)
	at java.base/java.lang.reflect.Method.invoke(Method.java:569)
	at java.base/java.util.ArrayList.forEach(ArrayList.java:1511)
	at java.base/java.util.ArrayList.forEach(ArrayList.java:1511)
]]></failure>
    <system-err><![CDATA[Error actualizando empleado
]]></system-err>
  </testcase>
  <testcase name="noPermiteActualizarEmpleadoConManagerInexistente" classname="com.ejemplo.service.EmployeeServiceRobustnessSqliteTest" time="1.994">
    <system-err><![CDATA[Error actualizando empleado
]]></system-err>
  </testcase>
  <testcase name="eliminarNullDevuelveFalse" classname="com.ejemplo.service.EmployeeServiceRobustnessSqliteTest" time="1.016"/>
  <testcase name="contarSubordinadosInexistenteEsCero" classname="com.ejemplo.service.EmployeeServiceRobustnessSqliteTest" time="2.41">
    <error message="Unimplemented method &apos;contarSubordinados&apos;" type="java.lang.UnsupportedOperationException"><![CDATA[java.lang.UnsupportedOperationException: Unimplemented method 'contarSubordinados'
	at com.ejemplo.service.EmployeeService.contarSubordinados(EmployeeService.java:82)
	at com.ejemplo.service.EmployeeServiceRobustnessSqliteTest.contarSubordinadosInexistenteEsCero(EmployeeServiceRobustnessSqliteTest.java:263)
	at java.base/java.lang.reflect.Method.invoke(Method.java:569)
	at java.base/java.util.ArrayList.forEach(ArrayList.java:1511)
	at java.base/java.util.ArrayList.forEach(ArrayList.java:1511)
]]></error>
  </testcase>
  <testcase name="noPermiteActualizarEmpleadoComoSuPropioManager" classname="com.ejemplo.service.EmployeeServiceRobustnessSqliteTest" time="2.064">
    <system-err><![CDATA[Error actualizando empleado
]]></system-err>
  </testcase>
  <testcase name="actualizarNullDevuelveFalse" classname="com.ejemplo.service.EmployeeServiceRobustnessSqliteTest" time="1.292"/>
  <testcase name="listarTodosTrasEliminarReduceCantidad" classname="com.ejemplo.service.EmployeeServiceRobustnessSqliteTest" time="2.892"/>
  <testcase name="contarSubordinadosNullEsCero" classname="com.ejemplo.service.EmployeeServiceRobustnessSqliteTest" time="1.332">
    <error message="Unimplemented method &apos;contarSubordinados&apos;" type="java.lang.UnsupportedOperationException"><![CDATA[java.lang.UnsupportedOperationException: Unimplemented method 'contarSubordinados'
	at com.ejemplo.service.EmployeeService.contarSubordinados(EmployeeService.java:82)
	at com.ejemplo.service.EmployeeServiceRobustnessSqliteTest.contarSubordinadosNullEsCero(EmployeeServiceRobustnessSqliteTest.java:257)
	at java.base/java.lang.reflect.Method.invoke(Method.java:569)
	at java.base/java.util.ArrayList.forEach(ArrayList.java:1511)
	at java.base/java.util.ArrayList.forEach(ArrayList.java:1511)
]]></error>
  </testcase>
  <testcase name="cambiarManagerASiMismoFalla" classname="com.ejemplo.service.EmployeeServiceRobustnessSqliteTest" time="1.633">
    <error message="Unimplemented method &apos;cambiarManager&apos;" type="java.lang.UnsupportedOperationException"><![CDATA[java.lang.UnsupportedOperationException: Unimplemented method 'cambiarManager'
	at com.ejemplo.service.EmployeeService.cambiarManager(EmployeeService.java:76)
	at com.ejemplo.service.EmployeeServiceRobustnessSqliteTest.cambiarManagerASiMismoFalla(EmployeeServiceRobustnessSqliteTest.java:232)
	at java.base/java.lang.reflect.Method.invoke(Method.java:569)
	at java.base/java.util.ArrayList.forEach(ArrayList.java:1511)
	at java.base/java.util.ArrayList.forEach(ArrayList.java:1511)
]]></error>
  </testcase>
  <testcase name="buscarPorApellidoNullDevuelveVacio" classname="com.ejemplo.service.EmployeeServiceRobustnessSqliteTest" time="1.04">
    <error message="Unimplemented method &apos;buscarPorApellido&apos;" type="java.lang.UnsupportedOperationException"><![CDATA[java.lang.UnsupportedOperationException: Unimplemented method 'buscarPorApellido'
	at com.ejemplo.service.EmployeeService.buscarPorApellido(EmployeeService.java:88)
	at com.ejemplo.service.EmployeeServiceRobustnessSqliteTest.buscarPorApellidoNullDevuelveVacio(EmployeeServiceRobustnessSqliteTest.java:268)
	at java.base/java.lang.reflect.Method.invoke(Method.java:569)
	at java.base/java.util.ArrayList.forEach(ArrayList.java:1511)
	at java.base/java.util.ArrayList.forEach(ArrayList.java:1511)
]]></error>
  </testcase>
  <testcase name="noPermiteCrearEmpleadoConIdNulo" classname="com.ejemplo.service.EmployeeServiceRobustnessSqliteTest" time="1.029">
    <system-err><![CDATA[Error buscando empleados
]]></system-err>
  </testcase>
  <testcase name="listarPorRolNullDevuelveVacio" classname="com.ejemplo.service.EmployeeServiceRobustnessSqliteTest" time="0.912"/>
  <testcase name="listarPorRolMantieneTodosLosDelRol" classname="com.ejemplo.service.EmployeeServiceRobustnessSqliteTest" time="1.622"/>
  <testcase name="listarManagersVacioSiNoHayJerarquia" classname="com.ejemplo.service.EmployeeServiceRobustnessSqliteTest" time="1.175">
    <error message="Unimplemented method &apos;listarManagers&apos;" type="java.lang.UnsupportedOperationException"><![CDATA[java.lang.UnsupportedOperationException: Unimplemented method 'listarManagers'
	at com.ejemplo.service.EmployeeService.listarManagers(EmployeeService.java:70)
	at com.ejemplo.service.EmployeeServiceRobustnessSqliteTest.listarManagersVacioSiNoHayJerarquia(EmployeeServiceRobustnessSqliteTest.java:209)
	at java.base/java.lang.reflect.Method.invoke(Method.java:569)
	at java.base/java.util.ArrayList.forEach(ArrayList.java:1511)
	at java.base/java.util.ArrayList.forEach(ArrayList.java:1511)
]]></error>
  </testcase>
</testsuite>