<?xml version="1.0" encoding="UTF-8"?>
<testsuite xmlns:xsi="http://www.w3.org/2001/XMLSchema-instance" xsi:noNamespaceSchemaLocation="https://maven.apache.org/surefire/maven-surefire-plugin/xsd/surefire-test-report-3.0.xsd" version="3.0" name="com.ejemplo.repository.sqlite.EmployeeSqliteRepositoryTest" time="0.067" tests="20" errors="20" skipped="0" failures="0">
  <properties>
[...]
</properties>
  <testcase name="createConManagerExistentePersisteRelacion" classname="com.ejemplo.repository.sqlite.EmployeeSqliteRepositoryTest" time="0.003">
    <error message="Unimplemented method &apos;create&apos;" type="java.lang.UnsupportedOperationException"><![CDATA[java.lang.UnsupportedOperationException: Unimplemented method 'create'
	at com.ejemplo.repository.sqlite.EmployeeSqliteRepository.create(EmployeeSqliteRepository.java:21)
	at com.ejemplo.repository.sqlite.EmployeeSqliteRepositoryTest.createConManagerExistentePersisteRelacion(EmployeeSqliteRepositoryTest.java:57)
	at java.base/java.lang.reflect.Method.invoke(Method.java:569)
	at java.base/java.util.ArrayList.forEach(ArrayList.java:1511)
	at java.base/java.util.ArrayList.forEach(ArrayList.java:1511)
]]></error>
  </testcase>
  <testcase name="updateConManagerInexistenteDevuelveFalse" classname="com.ejemplo.repository.sqlite.EmployeeSqliteRepositoryTest" time="0.003">
    <error message="Unimplemented method &apos;create&apos;" type="java.lang.UnsupportedOperationException"><![CDATA[java.lang.UnsupportedOperationException: Unimplemented method 'create'
	at com.ejemplo.repository.sqlite.EmployeeSqliteRepository.create(EmployeeSqliteRepository.java:21)
	at com.ejemplo.repository.sqlite.EmployeeSqliteRepositoryTest.updateConManagerInexistenteDevuelveFalse(EmployeeSqliteRepositoryTest.java:132)
	at java.base/java.lang.reflect.Method.invoke(Method.java:569)
	at java.base/java.util.ArrayList.forEach(ArrayList.java:1511)
	at java.base/java.util.ArrayList.forEach(ArrayList.java:1511)
]]></error>
  </testcase>
  <testcase name="findAllDevuelveTodosOrdenadosPorId" classname="com.ejemplo.repository.sqlite.EmployeeSqliteRepositoryTest" time="0.005">
    <error message="Unimplemented method &apos;create&apos;" type="java.lang.UnsupportedOperationException"><![CDATA[java.lang.UnsupportedOperationException: Unimplemented method 'create'
	at com.ejemplo.repository.sqlite.EmployeeSqliteRepository.create(EmployeeSqliteRepository.java:21)
	at com.ejemplo.repository.sqlite.EmployeeSqliteRepositoryTest.crearBase(EmployeeSqliteRepositoryTest.java:36)
	at com.ejemplo.repository.sqlite.EmployeeSqliteRepositoryTest.findAllDevuelveTodosOrdenadosPorId(EmployeeSqliteRepositoryTest.java:93)
	at java.base/java.lang.reflect.Method.invoke(Method.java:569)
	at java.base/java.util.ArrayList.forEach(ArrayList.java:1511)
	at java.base/java.util.ArrayList.forEach(ArrayList.java:1511)
]]></error>
  </testcase>
  <testcase name="deleteEmpleadoInexistenteDevuelveFalse" classname="com.ejemplo.repository.sqlite.EmployeeSqliteRepositoryTest" time="0.003">
    <error message="Unimplemented method &apos;deleteById&apos;" type="java.lang.UnsupportedOperationException"><![CDATA[java.lang.UnsupportedOperationException: Unimplemented method 'deleteById'
	at com.ejemplo.repository.sqlite.EmployeeSqliteRepository.deleteById(EmployeeSqliteRepository.java:45)
	at com.ejemplo.repository.sqlite.EmployeeSqliteRepositoryTest.deleteEmpleadoInexistenteDevuelveFalse(EmployeeSqliteRepositoryTest.java:147)
	at java.base/java.lang.reflect.Method.invoke(Method.java:569)
	at java.base/java.util.ArrayList.forEach(ArrayList.java:1511)
	at java.base/java.util.ArrayList.forEach(ArrayList.java:1511)
]]></error>
  </testcase>
  <testcase name="updateEmpleadoInexistenteDevuelveFalse" classname="com.ejemplo.repository.sqlite.EmployeeSqliteRepositoryTest" time="0.005">
    <error message="Unimplemented method &apos;update&apos;" type="java.lang.UnsupportedOperationException"><![CDATA[java.lang.UnsupportedOperationException: Unimplemented method 'update'
	at com.ejemplo.repository.sqlite.EmployeeSqliteRepository.update(EmployeeSqliteRepository.java:39)
	at com.ejemplo.repository.sqlite.EmployeeSqliteRepositoryTest.updateEmpleadoInexistenteDevuelveFalse(EmployeeSqliteRepositoryTest.java:119)
	at java.base/java.lang.reflect.Method.invoke(Method.java:569)
	at java.base/java.util.ArrayList.forEach(ArrayList.java:1511)
	at java.base/java.util.ArrayList.forEach(ArrayList.java:1511)
]]></error>
  </testcase>
  <testcase name="findByIdMapeaCorrectamenteTodosLosCampos" classname="com.ejemplo.repository.sqlite.EmployeeSqliteRepositoryTest" time="0.004">
    <error message="Unimplemented method &apos;create&apos;" type="java.lang.UnsupportedOperationException"><![CDATA[java.lang.UnsupportedOperationException: Unimplemented method 'create'
	at com.ejemplo.repository.sqlite.EmployeeSqliteRepository.create(EmployeeSqliteRepository.java:21)
	at com.ejemplo.repository.sqlite.EmployeeSqliteRepositoryTest.crearBase(EmployeeSqliteRepositoryTest.java:36)
	at com.ejemplo.repository.sqlite.EmployeeSqliteRepositoryTest.findByIdMapeaCorrectamenteTodosLosCampos(EmployeeSqliteRepositoryTest.java:166)
	at java.base/java.lang.reflect.Method.invoke(Method.java:569)
	at java.base/java.util.ArrayList.forEach(ArrayList.java:1511)
	at java.base/java.util.ArrayList.forEach(ArrayList.java:1511)
]]></error>
  </testcase>
  <testcase name="updateEmpleadoExistenteModificaDatos" classname="com.ejemplo.repository.sqlite.EmployeeSqliteRepositoryTest" time="0.003">
    <error message="Unimplemented method &apos;create&apos;" type="java.lang.UnsupportedOperationException"><![CDATA[java.lang.UnsupportedOperationException: Unimplemented method 'create'
	at com.ejemplo.repository.sqlite.EmployeeSqliteRepository.create(EmployeeSqliteRepository.java:21)
	at com.ejemplo.repository.sqlite.EmployeeSqliteRepositoryTest.updateEmpleadoExistenteModificaDatos(EmployeeSqliteRepositoryTest.java:100)
	at java.base/java.lang.reflect.Method.invoke(Method.java:569)
	at java.base/java.util.ArrayList.forEach(ArrayList.java:1511)
	at java.base/java.util.ArrayList.forEach(ArrayList.java:1511)
]]></error>
  </testcase>
  <testcase name="deleteEmpleadoExistenteDevuelveTrue" classname="com.ejemplo.repository.sqlite.EmployeeSqliteRepositoryTest" time="0.004">
    <error message="Unimplemented method &apos;create&apos;" type="java.lang.UnsupportedOperationException"><![CDATA[java.lang.UnsupportedOperationException: Unimplemented method 'create'
	at com.ejemplo.repository.sqlite.EmployeeSqliteRepository.create(EmployeeSqliteRepository.java:21)
	at com.ejemplo.repository.sqlite.EmployeeSqliteRepositoryTest.deleteEmpleadoExistenteDevuelveTrue(EmployeeSqliteRepositoryTest.java:140)
	at java.base/java.lang.reflect.Method.invoke(Method.java:569)
	at java.base/java.util.ArrayList.forEach(ArrayList.java:1511)
	at java.base/java.util.ArrayList.forEach(ArrayList.java:1511)
]]></error>
  </testcase>
  <testcase name="updatePermiteCambiarManagerANull" classname="com.ejemplo.repository.sqlite.EmployeeSqliteRepositoryTest" time="0.003">
    <error message="Unimplemented method &apos;create&apos;" type="java.lang.UnsupportedOperationException"><![CDATA[java.lang.UnsupportedOperationException: Unimplemented method 'create'
	at com.ejemplo.repository.sqlite.EmployeeSqliteRepository.create(EmployeeSqliteRepository.java:21)
	at com.ejemplo.repository.sqlite.EmployeeSqliteRepositoryTest.updatePermiteCambiarManagerANull(EmployeeSqliteRepositoryTest.java:109)
	at java.base/java.lang.reflect.Method.invoke(Method.java:569)
	at java.base/java.util.ArrayList.forEach(ArrayList.java:1511)
	at java.base/java.util.ArrayList.forEach(ArrayList.java:1511)
]]></error>
  </testcase>
  <testcase name="deleteManagerConSubordinadosFallaPorIntegridad" classname="com.ejemplo.repository.sqlite.EmployeeSqliteRepositoryTest" time="0.003">
    <error message="Unimplemented method &apos;create&apos;" type="java.lang.UnsupportedOperationException"><![CDATA[java.lang.UnsupportedOperationException: Unimplemented method 'create'
	at com.ejemplo.repository.sqlite.EmployeeSqliteRepository.create(EmployeeSqliteRepository.java:21)
	at com.ejemplo.repository.sqlite.EmployeeSqliteRepositoryTest.crearBase(EmployeeSqliteRepositoryTest.java:36)
	at com.ejemplo.repository.sqlite.EmployeeSqliteRepositoryTest.deleteManagerConSubordinadosFallaPorIntegridad(EmployeeSqliteRepositoryTest.java:152)
	at java.base/java.lang.reflect.Method.invoke(Method.java:569)
	at java.base/java.util.ArrayList.forEach(ArrayList.java:1511)
	at java.base/java.util.ArrayList.forEach(ArrayList.java:1511)
]]></error>
  </testcase>
  <testcase name="updatePuedeCambiarRol" classname="com.ejemplo.repository.sqlite.EmployeeSqliteRepositoryTest" time="0.003">
    <error message="Unimplemented method &apos;create&apos;" type="java.lang.UnsupportedOperationException"><![CDATA[java.lang.UnsupportedOperationException: Unimplemented method 'create'
	at com.ejemplo.repository.sqlite.EmployeeSqliteRepository.create(EmployeeSqliteRepository.java:21)
	at com.ejemplo.repository.sqlite.EmployeeSqliteRepositoryTest.updatePuedeCambiarRol(EmployeeSqliteRepositoryTest.java:180)
	at java.base/java.lang.reflect.Method.invoke(Method.java:569)
	at java.base/java.util.ArrayList.forEach(ArrayList.java:1511)
	at java.base/java.util.ArrayList.forEach(ArrayList.java:1511)
]]></error>
  </testcase>
  <testcase name="createConManagerInexistenteFallaPorIntegridad" classname="com.ejemplo.repository.sqlite.EmployeeSqliteRepositoryTest" time="0.003">
    <error message="Unimplemented method &apos;create&apos;" type="java.lang.UnsupportedOperationException"><![CDATA[java.lang.UnsupportedOperationException: Unimplemented method 'create'
	at com.ejemplo.repository.sqlite.EmployeeSqliteRepository.create(EmployeeSqliteRepository.java:21)
	at com.ejemplo.repository.sqlite.EmployeeSqliteRepositoryTest.createConManagerInexistenteFallaPorIntegridad(EmployeeSqliteRepositoryTest.java:78)
	at java.base/java.lang.reflect.Method.invoke(Method.java:569)
	at java.base/java.util.ArrayList.forEach(ArrayList.java:1511)
	at java.base/java.util.ArrayList.forEach(ArrayList.java:1511)
]]></error>
  </testcase>
  <testcase name="updateConRolInexistenteDevuelveFalse" classname="com.ejemplo.repository.sqlite.EmployeeSqliteRepositoryTest" time="0.002">
    <error message="Unimplemented method &apos;create&apos;" type="java.lang.UnsupportedOperationException"><![CDATA[java.lang.UnsupportedOperationException: Unimplemented method 'create'
	at com.ejemplo.repository.sqlite.EmployeeSqliteRepository.create(EmployeeSqliteRepository.java:21)
	at com.ejemplo.repository.sqlite.EmployeeSqliteRepositoryTest.updateConRolInexistenteDevuelveFalse(EmployeeSqliteRepositoryTest.java:124)
	at java.base/java.lang.reflect.Method.invoke(Method.java:569)
	at java.base/java.util.ArrayList.forEach(ArrayList.java:1511)
	at java.base/java.util.ArrayList.forEach(ArrayList.java:1511)
]]></error>
  </testcase>
  <testcase name="createConIdDuplicadoDevuelveFalse" classname="com.ejemplo.repository.sqlite.EmployeeSqliteRepositoryTest" time="0.002">
    <error message="Unimplemented method &apos;create&apos;" type="java.lang.UnsupportedOperationException"><![CDATA[java.lang.UnsupportedOperationException: Unimplemented method 'create'
	at com.ejemplo.repository.sqlite.EmployeeSqliteRepository.create(EmployeeSqliteRepository.java:21)
	at com.ejemplo.repository.sqlite.EmployeeSqliteRepositoryTest.createConIdDuplicadoDevuelveFalse(EmployeeSqliteRepositoryTest.java:64)
	at java.base/java.lang.reflect.Method.invoke(Method.java:569)
	at java.base/java.util.ArrayList.forEach(ArrayList.java:1511)
	at java.base/java.util.ArrayList.forEach(ArrayList.java:1511)
]]></error>
  </testcase>
  <testcase name="findAllEmpiezaVacio" classname="com.ejemplo.repository.sqlite.EmployeeSqliteRepositoryTest" time="0.002">
    <error message="Unimplemented method &apos;findAll&apos;" type="java.lang.UnsupportedOperationException"><![CDATA[java.lang.UnsupportedOperationException: Unimplemented method 'findAll'
	at com.ejemplo.repository.sqlite.EmployeeSqliteRepository.findAll(EmployeeSqliteRepository.java:33)
	at com.ejemplo.repository.sqlite.EmployeeSqliteRepositoryTest.findAllEmpiezaVacio(EmployeeSqliteRepositoryTest.java:88)
	at java.base/java.lang.reflect.Method.invoke(Method.java:569)
	at java.base/java.util.ArrayList.forEach(ArrayList.java:1511)
	at java.base/java.util.ArrayList.forEach(ArrayList.java:1511)
]]></error>
  </testcase>
  <testcase name="createConRolInexistenteFallaPorIntegridad" classname="com.ejemplo.repository.sqlite.EmployeeSqliteRepositoryTest" time="0.002">
    <error message="Unimplemented method &apos;create&apos;" type="java.lang.UnsupportedOperationException"><![CDATA[java.lang.UnsupportedOperationException: Unimplemented method 'create'
	at com.ejemplo.repository.sqlite.EmployeeSqliteRepository.create(EmployeeSqliteRepository.java:21)
	at com.ejemplo.repository.sqlite.EmployeeSqliteRepositoryTest.createConRolInexistenteFallaPorIntegridad(EmployeeSqliteRepositoryTest.java:73)
	at java.base/java.lang.reflect.Method.invoke(Method.java:569)
	at java.base/java.util.ArrayList.forEach(ArrayList.java:1511)
	at java.base/java.util.ArrayList.forEach(ArrayList.java:1511)
]]></error>
  </testcase>
  <testcase name="findByIdInexistenteDevuelveNull" classname="com.ejemplo.repository.sqlite.EmployeeSqliteRepositoryTest" time="0.003">
    <error message="Unimplemented method &apos;findById&apos;" type="java.lang.UnsupportedOperationException"><![CDATA[java.lang.UnsupportedOperationException: Unimplemented method 'findById'
	at com.ejemplo.repository.sqlite.EmployeeSqliteRepository.findById(EmployeeSqliteRepository.java:27)
	at com.ejemplo.repository.sqlite.EmployeeSqliteRepositoryTest.findByIdInexistenteDevuelveNull(EmployeeSqliteRepositoryTest.java:83)
	at java.base/java.lang.reflect.Method.invoke(Method.java:569)
	at java.base/java.util.ArrayList.forEach(ArrayList.java:1511)
	at java.base/java.util.ArrayList.forEach(ArrayList.java:1511)
]]></error>
  </testcase>
  <testcase name="createConReportsToNullSeMapeaComoNull" classname="com.ejemplo.repository.sqlite.EmployeeSqliteRepositoryTest" time="0.003">
    <error message="Unimplemented method &apos;create&apos;" type="java.lang.UnsupportedOperationException"><![CDATA[java.lang.UnsupportedOperationException: Unimplemented method 'create'
	at com.ejemplo.repository.sqlite.EmployeeSqliteRepository.create(EmployeeSqliteRepository.java:21)
	at com.ejemplo.repository.sqlite.EmployeeSqliteRepositoryTest.createConReportsToNullSeMapeaComoNull(EmployeeSqliteRepositoryTest.java:51)
	at java.base/java.lang.reflect.Method.invoke(Method.java:569)
	at java.base/java.util.ArrayList.forEach(ArrayList.java:1511)
	at java.base/java.util.ArrayList.forEach(ArrayList.java:1511)
]]></error>
  </testcase>
  <testcase name="deleteEmpleadoConResumeFallaPorIntegridad" classname="com.ejemplo.repository.sqlite.EmployeeSqliteRepositoryTest" time="0.003">
    <error message="Unimplemented method &apos;create&apos;" type="java.lang.UnsupportedOperationException"><![CDATA[java.lang.UnsupportedOperationException: Unimplemented method 'create'
	at com.ejemplo.repository.sqlite.EmployeeSqliteRepository.create(EmployeeSqliteRepository.java:21)
	at com.ejemplo.repository.sqlite.EmployeeSqliteRepositoryTest.deleteEmpleadoConResumeFallaPorIntegridad(EmployeeSqliteRepositoryTest.java:159)
	at java.base/java.lang.reflect.Method.invoke(Method.java:569)
	at java.base/java.util.ArrayList.forEach(ArrayList.java:1511)
	at java.base/java.util.ArrayList.forEach(ArrayList.java:1511)
]]></error>
  </testcase>
  <testcase name="createEmpleadoValidoPersisteCorrectamente" classname="com.ejemplo.repository.sqlite.EmployeeSqliteRepositoryTest" time="0.003">
    <error message="Unimplemented method &apos;create&apos;" type="java.lang.UnsupportedOperationException"><![CDATA[java.lang.UnsupportedOperationException: Unimplemented method 'create'
	at com.ejemplo.repository.sqlite.EmployeeSqliteRepository.create(EmployeeSqliteRepository.java:21)
	at com.ejemplo.repository.sqlite.EmployeeSqliteRepositoryTest.createEmpleadoValidoPersisteCorrectamente(EmployeeSqliteRepositoryTest.java:43)
	at java.base/java.lang.reflect.Method.invoke(Method.java:569)
	at java.base/java.util.ArrayList.forEach(ArrayList.java:1511)
	at java.base/java.util.ArrayList.forEach(ArrayList.java:1511)
]]></error>
  </testcase>
</testsuite>