-------------------------------------------------------------------------------
Test set: com.docencia.clases.ejercicio9.Ejercicio9Test
-------------------------------------------------------------------------------
Tests run: 5, Failures: 4, Errors: 0, Skipped: 0, Time elapsed: 0.014 s <<< FAILURE! -- in com.docencia.clases.ejercicio9.Ejercicio9Test
com.docencia.clases.ejercicio9.Ejercicio9Test.toStringDebeContenerElIdentificador -- Time elapsed: 0.001 s <<< FAILURE!
org.opentest4j.AssertionFailedError: toString debe incluir el identificador único ==> expected: <true> but was: <false>
	at org.junit.jupiter.api.AssertionFailureBuilder.build(AssertionFailureBuilder.java:151)
	at org.junit.jupiter.api.AssertionFailureBuilder.buildAndThrow(AssertionFailureBuilder.java:132)
	at org.junit.jupiter.api.AssertTrue.failNotTrue(AssertTrue.java:63)
	at org.junit.jupiter.api.AssertTrue.assertTrue(AssertTrue.java:36)
	at org.junit.jupiter.api.Assertions.assertTrue(Assertions.java:214)
	at com.docencia.clases.ejercicio9.Ejercicio9Test.toStringDebeContenerElIdentificador(Ejercicio9Test.java:41)
	at java.base/java.lang.reflect.Method.invoke(Method.java:569)
	at java.base/java.util.ArrayList.forEach(ArrayList.java:1511)
	at java.base/java.util.ArrayList.forEach(ArrayList.java:1511)

com.docencia.clases.ejercicio9.Ejercicio9Test.equalsDebeCompararPorIdentificador -- Time elapsed: 0.001 s <<< FAILURE!
org.opentest4j.AssertionFailedError: Dos objetos con el mismo id deben ser iguales ==> expected: <com.docencia.clases.ejercicio9.Curso@6e9175d8> but was: <com.docencia.clases.ejercicio9.Curso@7d0b7e3c>
	at org.junit.jupiter.api.AssertionFailureBuilder.build(AssertionFailureBuilder.java:151)
	at org.junit.jupiter.api.AssertionFailureBuilder.buildAndThrow(AssertionFailureBuilder.java:132)
	at org.junit.jupiter.api.AssertEquals.failNotEqual(AssertEquals.java:197)
	at org.junit.jupiter.api.AssertEquals.assertEquals(AssertEquals.java:182)
	at org.junit.jupiter.api.Assertions.assertEquals(Assertions.java:1156)
	at com.docencia.clases.ejercicio9.Ejercicio9Test.equalsDebeCompararPorIdentificador(Ejercicio9Test.java:25)
	at java.base/java.lang.reflect.Method.invoke(Method.java:569)
	at java.base/java.util.ArrayList.forEach(ArrayList.java:1511)
	at java.base/java.util.ArrayList.forEach(ArrayList.java:1511)

com.docencia.clases.ejercicio9.Ejercicio9Test.hashCodeDebeSerConsistenteConEquals -- Time elapsed: 0 s <<< FAILURE!
org.opentest4j.AssertionFailedError: Si equals es true, hashCode debe coincidir ==> expected: <1265900909> but was: <783191662>
	at org.junit.jupiter.api.AssertionFailureBuilder.build(AssertionFailureBuilder.java:151)
	at org.junit.jupiter.api.AssertionFailureBuilder.buildAndThrow(AssertionFailureBuilder.java:132)
	at org.junit.jupiter.api.AssertEquals.failNotEqual(AssertEquals.java:197)
	at org.junit.jupiter.api.AssertEquals.assertEquals(AssertEquals.java:150)
	at org.junit.jupiter.api.Assertions.assertEquals(Assertions.java:563)
	at com.docencia.clases.ejercicio9.Ejercicio9Test.hashCodeDebeSerConsistenteConEquals(Ejercicio9Test.java:33)
	at java.base/java.lang.reflect.Method.invoke(Method.java:569)
	at java.base/java.util.ArrayList.forEach(ArrayList.java:1511)
	at java.base/java.util.ArrayList.forEach(ArrayList.java:1511)

com.docencia.clases.ejercicio9.Ejercicio9Test.constructorConIdDebeAsignarIdentificador -- Time elapsed: 0.006 s <<< FAILURE!
org.opentest4j.AssertionFailedError: expected: <CODIGO-123> but was: <null>
	at org.junit.jupiter.api.AssertionFailureBuilder.build(AssertionFailureBuilder.java:151)
	at org.junit.jupiter.api.AssertionFailureBuilder.buildAndThrow(AssertionFailureBuilder.java:132)
	at org.junit.jupiter.api.AssertEquals.failNotEqual(AssertEquals.java:197)
	at org.junit.jupiter.api.AssertEquals.assertEquals(AssertEquals.java:182)
	at org.junit.jupiter.api.AssertEquals.assertEquals(AssertEquals.java:177)
	at org.junit.jupiter.api.Assertions.assertEquals(Assertions.java:1145)
	at com.docencia.clases.ejercicio9.Ejercicio9Test.constructorConIdDebeAsignarIdentificador(Ejercicio9Test.java:16)
	at java.base/java.lang.reflect.Method.invoke(Method.java:569)
	at java.base/java.util.ArrayList.forEach(ArrayList.java:1511)
	at java.base/java.util.ArrayList.forEach(ArrayList.java:1511)

