-------------------------------------------------------------------------------
Test set: com.docencia.condiciones.ejercicio7.Ejercicio7Test
-------------------------------------------------------------------------------
Tests run: 3, Failures: 0, Errors: 3, Skipped: 0, Time elapsed: 0.017 s <<< FAILURE! -- in com.docencia.condiciones.ejercicio7.Ejercicio7Test
com.docencia.condiciones.ejercicio7.Ejercicio7Test.caso1 -- Time elapsed: 0.004 s <<< ERROR!
java.lang.UnsupportedOperationException: No implementado
	at com.docencia.condiciones.ejercicio7.Ejercicio7.esVocal(Ejercicio7.java:9)
	at com.docencia.condiciones.ejercicio7.Ejercicio7Test.caso1(Ejercicio7Test.java:9)
	at java.base/java.lang.reflect.Method.invoke(Method.java:565)
	at java.base/java.util.ArrayList.forEach(ArrayList.java:1604)
	at java.base/java.util.ArrayList.forEach(ArrayList.java:1604)

com.docencia.condiciones.ejercicio7.Ejercicio7Test.caso2 -- Time elapsed: 0.004 s <<< ERROR!
java.lang.UnsupportedOperationException: No implementado
	at com.docencia.condiciones.ejercicio7.Ejercicio7.esVocal(Ejercicio7.java:9)
	at com.docencia.condiciones.ejercicio7.Ejercicio7Test.caso2(Ejercicio7Test.java:14)
	at java.base/java.lang.reflect.Method.invoke(Method.java:565)
	at java.base/java.util.ArrayList.forEach(ArrayList.java:1604)
	at java.base/java.util.ArrayList.forEach(ArrayList.java:1604)

com.docencia.condiciones.ejercicio7.Ejercicio7Test.caso3 -- Time elapsed: 0.002 s <<< ERROR!
java.lang.UnsupportedOperationException: No implementado
	at com.docencia.condiciones.ejercicio7.Ejercicio7.esVocal(Ejercicio7.java:9)
	at com.docencia.condiciones.ejercicio7.Ejercicio7Test.caso3(Ejercicio7Test.java:19)
	at java.base/java.lang.reflect.Method.invoke(Method.java:565)
	at java.base/java.util.ArrayList.forEach(ArrayList.java:1604)
	at java.base/java.util.ArrayList.forEach(ArrayList.java:1604)

