-------------------------------------------------------------------------------
Test set: com.docencia.condiciones.ejercicio5.Ejercicio5Test
-------------------------------------------------------------------------------
Tests run: 4, Failures: 0, Errors: 4, Skipped: 0, Time elapsed: 0.009 s <<< FAILURE! -- in com.docencia.condiciones.ejercicio5.Ejercicio5Test
com.docencia.condiciones.ejercicio5.Ejercicio5Test.caso1 -- Time elapsed: 0.001 s <<< ERROR!
java.lang.UnsupportedOperationException: No implementado
	at com.docencia.condiciones.ejercicio5.Ejercicio5.esBisiesto(Ejercicio5.java:9)
	at com.docencia.condiciones.ejercicio5.Ejercicio5Test.caso1(Ejercicio5Test.java:9)
	at java.base/java.lang.reflect.Method.invoke(Method.java:569)
	at java.base/java.util.ArrayList.forEach(ArrayList.java:1511)
	at java.base/java.util.ArrayList.forEach(ArrayList.java:1511)

com.docencia.condiciones.ejercicio5.Ejercicio5Test.caso2 -- Time elapsed: 0.003 s <<< ERROR!
java.lang.UnsupportedOperationException: No implementado
	at com.docencia.condiciones.ejercicio5.Ejercicio5.esBisiesto(Ejercicio5.java:9)
	at com.docencia.condiciones.ejercicio5.Ejercicio5Test.caso2(Ejercicio5Test.java:14)
	at java.base/java.lang.reflect.Method.invoke(Method.java:569)
	at java.base/java.util.ArrayList.forEach(ArrayList.java:1511)
	at java.base/java.util.ArrayList.forEach(ArrayList.java:1511)

com.docencia.condiciones.ejercicio5.Ejercicio5Test.caso3 -- Time elapsed: 0 s <<< ERROR!
java.lang.UnsupportedOperationException: No implementado
	at com.docencia.condiciones.ejercicio5.Ejercicio5.esBisiesto(Ejercicio5.java:9)
	at com.docencia.condiciones.ejercicio5.Ejercicio5Test.caso3(Ejercicio5Test.java:19)
	at java.base/java.lang.reflect.Method.invoke(Method.java:569)
	at java.base/java.util.ArrayList.forEach(ArrayList.java:1511)
	at java.base/java.util.ArrayList.forEach(ArrayList.java:1511)

com.docencia.condiciones.ejercicio5.Ejercicio5Test.caso4 -- Time elapsed: 0 s <<< ERROR!
java.lang.UnsupportedOperationException: No implementado
	at com.docencia.condiciones.ejercicio5.Ejercicio5.esBisiesto(Ejercicio5.java:9)
	at com.docencia.condiciones.ejercicio5.Ejercicio5Test.caso4(Ejercicio5Test.java:24)
	at java.base/java.lang.reflect.Method.invoke(Method.java:569)
	at java.base/java.util.ArrayList.forEach(ArrayList.java:1511)
	at java.base/java.util.ArrayList.forEach(ArrayList.java:1511)

