-------------------------------------------------------------------------------
Test set: com.docencia.listas.ejercicio8.Ejercicio8Test
-------------------------------------------------------------------------------
Tests run: 2, Failures: 0, Errors: 2, Skipped: 0, Time elapsed: 0.140 s <<< FAILURE! -- in com.docencia.listas.ejercicio8.Ejercicio8Test
com.docencia.listas.ejercicio8.Ejercicio8Test.maximoSeguro_basico -- Time elapsed: 0.078 s <<< ERROR!
java.lang.UnsupportedOperationException
	at java.base/java.util.AbstractList.remove(AbstractList.java:169)
	at com.docencia.listas.ejercicio8.Ejercicio8.maximoSeguro(Ejercicio8.java:32)
	at com.docencia.listas.ejercicio8.Ejercicio8Test.maximoSeguro_basico(Ejercicio8Test.java:14)
	at java.base/java.lang.reflect.Method.invoke(Method.java:565)
	at java.base/java.util.ArrayList.forEach(ArrayList.java:1604)
	at java.base/java.util.ArrayList.forEach(ArrayList.java:1604)

com.docencia.listas.ejercicio8.Ejercicio8Test.maximoSeguro_soloNullsOListaInvalida -- Time elapsed: 0.005 s <<< ERROR!
java.lang.UnsupportedOperationException
	at java.base/java.util.AbstractList.remove(AbstractList.java:169)
	at com.docencia.listas.ejercicio8.Ejercicio8.maximoSeguro(Ejercicio8.java:32)
	at com.docencia.listas.ejercicio8.Ejercicio8Test.maximoSeguro_soloNullsOListaInvalida(Ejercicio8Test.java:20)
	at java.base/java.lang.reflect.Method.invoke(Method.java:565)
	at java.base/java.util.ArrayList.forEach(ArrayList.java:1604)
	at java.base/java.util.ArrayList.forEach(ArrayList.java:1604)

