-------------------------------------------------------------------------------
Test set: com.docencia.condiciones.ejercicio2.Ejercicio2Test
-------------------------------------------------------------------------------
Tests run: 3, Failures: 0, Errors: 3, Skipped: 0, Time elapsed: 0.012 s <<< FAILURE! -- in com.docencia.condiciones.ejercicio2.Ejercicio2Test
com.docencia.condiciones.ejercicio2.Ejercicio2Test.caso1 -- Time elapsed: 0.005 s <<< ERROR!
java.lang.UnsupportedOperationException: No implementado
	at com.docencia.condiciones.ejercicio2.Ejercicio2.nombreDia(Ejercicio2.java:9)
	at com.docencia.condiciones.ejercicio2.Ejercicio2Test.caso1(Ejercicio2Test.java:9)
	at java.base/java.lang.reflect.Method.invoke(Method.java:565)
	at java.base/java.util.ArrayList.forEach(ArrayList.java:1604)
	at java.base/java.util.ArrayList.forEach(ArrayList.java:1604)

com.docencia.condiciones.ejercicio2.Ejercicio2Test.caso2 -- Time elapsed: 0.002 s <<< ERROR!
java.lang.UnsupportedOperationException: No implementado
	at com.docencia.condiciones.ejercicio2.Ejercicio2.nombreDia(Ejercicio2.java:9)
	at com.docencia.condiciones.ejercicio2.Ejercicio2Test.caso2(Ejercicio2Test.java:14)
	at java.base/java.lang.reflect.Method.invoke(Method.java:565)
	at java.base/java.util.ArrayList.forEach(ArrayList.java:1604)
	at java.base/java.util.ArrayList.forEach(ArrayList.java:1604)

com.docencia.condiciones.ejercicio2.Ejercicio2Test.caso3 -- Time elapsed: 0.001 s <<< ERROR!
java.lang.UnsupportedOperationException: No implementado
	at com.docencia.condiciones.ejercicio2.Ejercicio2.nombreDia(Ejercicio2.java:9)
	at com.docencia.condiciones.ejercicio2.Ejercicio2Test.caso3(Ejercicio2Test.java:19)
	at java.base/java.lang.reflect.Method.invoke(Method.java:565)
	at java.base/java.util.ArrayList.forEach(ArrayList.java:1604)
	at java.base/java.util.ArrayList.forEach(ArrayList.java:1604)

