-------------------------------------------------------------------------------
Test set: com.docencia.condiciones.ejercicio8.Ejercicio8Test
-------------------------------------------------------------------------------
Tests run: 3, Failures: 1, Errors: 2, Skipped: 0, Time elapsed: 0.036 s <<< FAILURE! -- in com.docencia.condiciones.ejercicio8.Ejercicio8Test
com.docencia.condiciones.ejercicio8.Ejercicio8Test.caso1 -- Time elapsed: 0.010 s <<< ERROR!
java.lang.UnsupportedOperationException: No implementado
	at com.docencia.condiciones.ejercicio8.Ejercicio8.costeEnvio(Ejercicio8.java:9)
	at com.docencia.condiciones.ejercicio8.Ejercicio8Test.caso1(Ejercicio8Test.java:9)
	at java.base/java.lang.reflect.Method.invoke(Method.java:569)
	at java.base/java.util.ArrayList.forEach(ArrayList.java:1511)
	at java.base/java.util.ArrayList.forEach(ArrayList.java:1511)

com.docencia.condiciones.ejercicio8.Ejercicio8Test.caso2 -- Time elapsed: 0.005 s <<< ERROR!
java.lang.UnsupportedOperationException: No implementado
	at com.docencia.condiciones.ejercicio8.Ejercicio8.costeEnvio(Ejercicio8.java:9)
	at com.docencia.condiciones.ejercicio8.Ejercicio8Test.caso2(Ejercicio8Test.java:14)
	at java.base/java.lang.reflect.Method.invoke(Method.java:569)
	at java.base/java.util.ArrayList.forEach(ArrayList.java:1511)
	at java.base/java.util.ArrayList.forEach(ArrayList.java:1511)

com.docencia.condiciones.ejercicio8.Ejercicio8Test.zonaInvalidaDebeLanzarExcepcion -- Time elapsed: 0.007 s <<< FAILURE!
org.opentest4j.AssertionFailedError: Unexpected exception type thrown, expected: <java.lang.IllegalArgumentException> but was: <java.lang.UnsupportedOperationException>
	at org.junit.jupiter.api.AssertionFailureBuilder.build(AssertionFailureBuilder.java:151)
	at org.junit.jupiter.api.AssertThrows.assertThrows(AssertThrows.java:67)
	at org.junit.jupiter.api.AssertThrows.assertThrows(AssertThrows.java:35)
	at org.junit.jupiter.api.Assertions.assertThrows(Assertions.java:3115)
	at com.docencia.condiciones.ejercicio8.Ejercicio8Test.zonaInvalidaDebeLanzarExcepcion(Ejercicio8Test.java:19)
	at java.base/java.lang.reflect.Method.invoke(Method.java:569)
	at java.base/java.util.ArrayList.forEach(ArrayList.java:1511)
	at java.base/java.util.ArrayList.forEach(ArrayList.java:1511)
Caused by: java.lang.UnsupportedOperationException: No implementado
	at com.docencia.condiciones.ejercicio8.Ejercicio8.costeEnvio(Ejercicio8.java:9)
	at com.docencia.condiciones.ejercicio8.Ejercicio8Test.lambda$zonaInvalidaDebeLanzarExcepcion$0(Ejercicio8Test.java:19)
	at org.junit.jupiter.api.AssertThrows.assertThrows(AssertThrows.java:53)
	... 6 more

