-------------------------------------------------------------------------------
Test set: com.docencia.composicion.ejercicio16.Ejercicio16Test
-------------------------------------------------------------------------------
Tests run: 2, Failures: 0, Errors: 1, Skipped: 0, Time elapsed: 0.010 s <<< FAILURE! -- in com.docencia.composicion.ejercicio16.Ejercicio16Test
com.docencia.composicion.ejercicio16.Ejercicio16Test.estacionMeteorologica_basico -- Time elapsed: 0.001 s <<< ERROR!
java.lang.NullPointerException: Cannot invoke "java.lang.Double.doubleValue()" because the return value of "com.docencia.composicion.ejercicio16.EstacionMeteorologica.maximaTemperatura()" is null
	at com.docencia.composicion.ejercicio16.Ejercicio16Test.estacionMeteorologica_basico(Ejercicio16Test.java:17)
	at java.base/java.lang.reflect.Method.invoke(Method.java:569)
	at java.base/java.util.ArrayList.forEach(ArrayList.java:1511)
	at java.base/java.util.ArrayList.forEach(ArrayList.java:1511)

