-------------------------------------------------------------------------------
Test set: com.docencia.condiciones.ejercicio3.Ejercicio3Test
-------------------------------------------------------------------------------
Tests run: 5, Failures: 1, Errors: 4, Skipped: 0, Time elapsed: 0.014 s <<< FAILURE! -- in com.docencia.condiciones.ejercicio3.Ejercicio3Test
com.docencia.condiciones.ejercicio3.Ejercicio3Test.caso1 -- Time elapsed: 0.003 s <<< ERROR!
java.lang.UnsupportedOperationException: No implementado
	at com.docencia.condiciones.ejercicio3.Ejercicio3.calculadora(Ejercicio3.java:9)
	at com.docencia.condiciones.ejercicio3.Ejercicio3Test.caso1(Ejercicio3Test.java:9)
	at java.base/java.lang.reflect.Method.invoke(Method.java:565)
	at java.base/java.util.ArrayList.forEach(ArrayList.java:1604)
	at java.base/java.util.ArrayList.forEach(ArrayList.java:1604)

com.docencia.condiciones.ejercicio3.Ejercicio3Test.caso2 -- Time elapsed: 0.001 s <<< ERROR!
java.lang.UnsupportedOperationException: No implementado
	at com.docencia.condiciones.ejercicio3.Ejercicio3.calculadora(Ejercicio3.java:9)
	at com.docencia.condiciones.ejercicio3.Ejercicio3Test.caso2(Ejercicio3Test.java:14)
	at java.base/java.lang.reflect.Method.invoke(Method.java:565)
	at java.base/java.util.ArrayList.forEach(ArrayList.java:1604)
	at java.base/java.util.ArrayList.forEach(ArrayList.java:1604)

com.docencia.condiciones.ejercicio3.Ejercicio3Test.caso3 -- Time elapsed: 0.004 s <<< ERROR!
java.lang.UnsupportedOperationException: No implementado
	at com.docencia.condiciones.ejercicio3.Ejercicio3.calculadora(Ejercicio3.java:9)
	at com.docencia.condiciones.ejercicio3.Ejercicio3Test.caso3(Ejercicio3Test.java:19)
	at java.base/java.lang.reflect.Method.invoke(Method.java:565)
	at java.base/java.util.ArrayList.forEach(ArrayList.java:1604)
	at java.base/java.util.ArrayList.forEach(ArrayList.java:1604)

com.docencia.condiciones.ejercicio3.Ejercicio3Test.caso4 -- Time elapsed: 0.001 s <<< ERROR!
java.lang.UnsupportedOperationException: No implementado
	at com.docencia.condiciones.ejercicio3.Ejercicio3.calculadora(Ejercicio3.java:9)
	at com.docencia.condiciones.ejercicio3.Ejercicio3Test.caso4(Ejercicio3Test.java:24)
	at java.base/java.lang.reflect.Method.invoke(Method.java:565)
	at java.base/java.util.ArrayList.forEach(ArrayList.java:1604)
	at java.base/java.util.ArrayList.forEach(ArrayList.java:1604)

com.docencia.condiciones.ejercicio3.Ejercicio3Test.opInvalidoDebeLanzarExcepcion -- Time elapsed: 0.002 s <<< FAILURE!
org.opentest4j.AssertionFailedError: Unexpected exception type thrown, expected: <java.lang.IllegalArgumentException> but was: <java.lang.UnsupportedOperationException>
	at org.junit.jupiter.api.AssertionFailureBuilder.build(AssertionFailureBuilder.java:151)
	at org.junit.jupiter.api.AssertThrows.assertThrows(AssertThrows.java:67)
	at org.junit.jupiter.api.AssertThrows.assertThrows(AssertThrows.java:35)
	at org.junit.jupiter.api.Assertions.assertThrows(Assertions.java:3115)
	at com.docencia.condiciones.ejercicio3.Ejercicio3Test.opInvalidoDebeLanzarExcepcion(Ejercicio3Test.java:29)
	at java.base/java.lang.reflect.Method.invoke(Method.java:565)
	at java.base/java.util.ArrayList.forEach(ArrayList.java:1604)
	at java.base/java.util.ArrayList.forEach(ArrayList.java:1604)
Caused by: java.lang.UnsupportedOperationException: No implementado
	at com.docencia.condiciones.ejercicio3.Ejercicio3.calculadora(Ejercicio3.java:9)
	at com.docencia.condiciones.ejercicio3.Ejercicio3Test.lambda$0(Ejercicio3Test.java:29)
	at org.junit.jupiter.api.AssertThrows.assertThrows(AssertThrows.java:53)
	... 6 more

