-------------------------------------------------------------------------------
Test set: com.docencia.listas.ejercicio5.Ejercicio5Test
-------------------------------------------------------------------------------
Tests run: 2, Failures: 1, Errors: 0, Skipped: 0, Time elapsed: 0.011 s <<< FAILURE! -- in com.docencia.listas.ejercicio5.Ejercicio5Test
com.docencia.listas.ejercicio5.Ejercicio5Test.normalizarNombres_basico -- Time elapsed: 0 s <<< FAILURE!
org.opentest4j.AssertionFailedError: expected: <[Ana, Pedro, Luis]> but was: <[]>
	at org.junit.jupiter.api.AssertionFailureBuilder.build(AssertionFailureBuilder.java:151)
	at org.junit.jupiter.api.AssertionFailureBuilder.buildAndThrow(AssertionFailureBuilder.java:132)
	at org.junit.jupiter.api.AssertEquals.failNotEqual(AssertEquals.java:197)
	at org.junit.jupiter.api.AssertEquals.assertEquals(AssertEquals.java:182)
	at org.junit.jupiter.api.AssertEquals.assertEquals(AssertEquals.java:177)
	at org.junit.jupiter.api.Assertions.assertEquals(Assertions.java:1145)
	at com.docencia.listas.ejercicio5.Ejercicio5Test.normalizarNombres_basico(Ejercicio5Test.java:16)
	at java.base/java.lang.reflect.Method.invoke(Method.java:569)
	at java.base/java.util.ArrayList.forEach(ArrayList.java:1511)
	at java.base/java.util.ArrayList.forEach(ArrayList.java:1511)

