-------------------------------------------------------------------------------
Test set: com.docencia.arrays.ejercicio9.Ejercicio9Test
-------------------------------------------------------------------------------
Tests run: 3, Failures: 0, Errors: 3, Skipped: 0, Time elapsed: 0.006 s <<< FAILURE! -- in com.docencia.arrays.ejercicio9.Ejercicio9Test
com.docencia.arrays.ejercicio9.Ejercicio9Test.nullDebeDevolverVacio -- Time elapsed: 0.001 s <<< ERROR!
java.lang.UnsupportedOperationException: No implementado
	at com.docencia.arrays.ejercicio9.Ejercicio9.concatenarConGuion(Ejercicio9.java:9)
	at com.docencia.arrays.ejercicio9.Ejercicio9Test.nullDebeDevolverVacio(Ejercicio9Test.java:19)
	at java.base/java.lang.reflect.Method.invoke(Method.java:569)
	at java.base/java.util.ArrayList.forEach(ArrayList.java:1511)
	at java.base/java.util.ArrayList.forEach(ArrayList.java:1511)

com.docencia.arrays.ejercicio9.Ejercicio9Test.caso1 -- Time elapsed: 0.001 s <<< ERROR!
java.lang.UnsupportedOperationException: No implementado
	at com.docencia.arrays.ejercicio9.Ejercicio9.concatenarConGuion(Ejercicio9.java:9)
	at com.docencia.arrays.ejercicio9.Ejercicio9Test.caso1(Ejercicio9Test.java:9)
	at java.base/java.lang.reflect.Method.invoke(Method.java:569)
	at java.base/java.util.ArrayList.forEach(ArrayList.java:1511)
	at java.base/java.util.ArrayList.forEach(ArrayList.java:1511)

com.docencia.arrays.ejercicio9.Ejercicio9Test.caso2 -- Time elapsed: 0.004 s <<< ERROR!
java.lang.UnsupportedOperationException: No implementado
	at com.docencia.arrays.ejercicio9.Ejercicio9.concatenarConGuion(Ejercicio9.java:9)
	at com.docencia.arrays.ejercicio9.Ejercicio9Test.caso2(Ejercicio9Test.java:14)
	at java.base/java.lang.reflect.Method.invoke(Method.java:569)
	at java.base/java.util.ArrayList.forEach(ArrayList.java:1511)
	at java.base/java.util.ArrayList.forEach(ArrayList.java:1511)

