<?xml version="1.0" encoding="UTF-8"?>
<testsuite xmlns:xsi="http://www.w3.org/2001/XMLSchema-instance" xsi:noNamespaceSchemaLocation="https://maven.apache.org/surefire/maven-surefire-plugin/xsd/surefire-test-report-3.0.xsd" version="3.0" name="com.docencia.mixto.ejercicio1.Ejercicio1Test" time="0.004" tests="3" errors="1" skipped="0" failures="2">
  <properties>
[...]
</properties>
  <testcase name="toStringDebeContenerElIdentificador" classname="com.docencia.mixto.ejercicio1.Ejercicio1Test" time="0.001">
    <failure message="expected: &lt;true&gt; but was: &lt;false&gt;" type="org.opentest4j.AssertionFailedError"><![CDATA[org.opentest4j.AssertionFailedError: expected: <true> but was: <false>
	at org.junit.jupiter.api.AssertionFailureBuilder.build(AssertionFailureBuilder.java:151)
	at org.junit.jupiter.api.AssertionFailureBuilder.buildAndThrow(AssertionFailureBuilder.java:132)
	at org.junit.jupiter.api.AssertTrue.failNotTrue(AssertTrue.java:63)
	at org.junit.jupiter.api.AssertTrue.assertTrue(AssertTrue.java:36)
	at org.junit.jupiter.api.AssertTrue.assertTrue(AssertTrue.java:31)
	at org.junit.jupiter.api.Assertions.assertTrue(Assertions.java:183)
	at com.docencia.mixto.ejercicio1.Ejercicio1Test.toStringDebeContenerElIdentificador(Ejercicio1Test.java:19)
	at java.base/java.lang.reflect.Method.invoke(Method.java:569)
	at java.base/java.util.ArrayList.forEach(ArrayList.java:1511)
	at java.base/java.util.ArrayList.forEach(ArrayList.java:1511)
]]></failure>
  </testcase>
  <testcase name="debeResolverElEjercicio" classname="com.docencia.mixto.ejercicio1.Ejercicio1Test" time="0.001">
    <error message="No implementado" type="java.lang.UnsupportedOperationException"><![CDATA[java.lang.UnsupportedOperationException: No implementado
	at com.docencia.mixto.ejercicio1.Ejercicio1.totalConDescuentoPorCategoria(Ejercicio1.java:12)
	at com.docencia.mixto.ejercicio1.Ejercicio1Test.debeResolverElEjercicio(Ejercicio1Test.java:24)
	at java.base/java.lang.reflect.Method.invoke(Method.java:569)
	at java.base/java.util.ArrayList.forEach(ArrayList.java:1511)
	at java.base/java.util.ArrayList.forEach(ArrayList.java:1511)
]]></error>
  </testcase>
  <testcase name="equalsDebeCompararPorIdentificador" classname="com.docencia.mixto.ejercicio1.Ejercicio1Test" time="0.001">
    <failure message="expected: &lt;com.docencia.mixto.ejercicio1.Producto@37d4349f&gt; but was: &lt;com.docencia.mixto.ejercicio1.Producto@434a63ab&gt;" type="org.opentest4j.AssertionFailedError"><![CDATA[org.opentest4j.AssertionFailedError: expected: <com.docencia.mixto.ejercicio1.Producto@37d4349f> but was: <com.docencia.mixto.ejercicio1.Producto@434a63ab>
	at org.junit.jupiter.api.AssertionFailureBuilder.build(AssertionFailureBuilder.java:151)
	at org.junit.jupiter.api.AssertionFailureBuilder.buildAndThrow(AssertionFailureBuilder.java:132)
	at org.junit.jupiter.api.AssertEquals.failNotEqual(AssertEquals.java:197)
	at org.junit.jupiter.api.AssertEquals.assertEquals(AssertEquals.java:182)
	at org.junit.jupiter.api.AssertEquals.assertEquals(AssertEquals.java:177)
	at org.junit.jupiter.api.Assertions.assertEquals(Assertions.java:1145)
	at com.docencia.mixto.ejercicio1.Ejercicio1Test.equalsDebeCompararPorIdentificador(Ejercicio1Test.java:12)
	at java.base/java.lang.reflect.Method.invoke(Method.java:569)
	at java.base/java.util.ArrayList.forEach(ArrayList.java:1511)
	at java.base/java.util.ArrayList.forEach(ArrayList.java:1511)
]]></failure>
  </testcase>
</testsuite>